#
# There is insufficient memory for the Java Runtime Environment to continue.
# Native memory allocation (malloc) failed to allocate 174432 bytes for Chunk::new
# Possible reasons:
#   The system is out of physical RAM or swap space
#   The process is running with CompressedOops enabled, and the Java Heap may be blocking the growth of the native heap
# Possible solutions:
#   Reduce memory load on the system
#   Increase physical memory or swap space
#   Check if swap backing store is full
#   Decrease Java heap size (-Xmx/-Xms)
#   Decrease number of Java threads
#   Decrease Java thread stack sizes (-Xss)
#   Set larger code cache with -XX:ReservedCodeCacheSize=
#   JVM is running with Unscaled Compressed Oops mode in which the Java heap is
#     placed in the first 4GB address space. The Java Heap base address is the
#     maximum limit for the native heap growth. Please use -XX:HeapBaseMinAddress
#     to set the Java Heap base and to place the Java Heap above 4GB virtual address.
# This output file may be truncated or incomplete.
#
#  Out of Memory Error (arena.cpp:189), pid=8024, tid=7664
#
# JRE version: Java(TM) SE Runtime Environment (17.0.7+8) (build 17.0.7+8-LTS-224)
# Java VM: Java HotSpot(TM) 64-Bit Server VM (17.0.7+8-LTS-224, mixed mode, sharing, tiered, compressed oops, compressed class ptrs, g1 gc, windows-amd64)
# No core dump will be written. Minidumps are not enabled by default on client versions of Windows
#

---------------  S U M M A R Y ------------

Command Line: -Dnet.bytebuddy.agent.attacher.dump= net.bytebuddy.agent.Attacher com.sun.tools.attach.VirtualMachine 12056 C:\Users\carin\.m2\repository\net\bytebuddy\byte-buddy-agent\1.14.5\byte-buddy-agent-1.14.5.jar false 

Host: AMD Athlon Silver 3050U with Radeon Graphics   , 2 cores, 3G,  Windows 10 , 64 bit Build 19041 (10.0.19041.3155)
Time: Wed Aug  2 00:19:02 2023 Hora estándar de Argentina elapsed time: 0.333917 seconds (0d 0h 0m 0s)

---------------  T H R E A D  ---------------

Current thread (0x000001d87de35790):  JavaThread "C2 CompilerThread0" daemon [_thread_in_native, id=7664, stack(0x0000001ce3500000,0x0000001ce3600000)]


Current CompileTask:
C2:    334  308       4       java.io.StreamTokenizer::nextToken (1266 bytes)

Stack: [0x0000001ce3500000,0x0000001ce3600000]
Native frames: (J=compiled Java code, j=interpreted, Vv=VM code, C=native code)
V  [jvm.dll+0x676a4a]
V  [jvm.dll+0x7d74f4]
V  [jvm.dll+0x7d8c9e]
V  [jvm.dll+0x7d9303]
V  [jvm.dll+0x2452c5]
V  [jvm.dll+0xaaa2b]
V  [jvm.dll+0xaafcc]
V  [jvm.dll+0x36141e]
V  [jvm.dll+0x1bb1e5]
V  [jvm.dll+0x217c27]
V  [jvm.dll+0x216f01]
V  [jvm.dll+0x1a35e0]
V  [jvm.dll+0x226a6e]
V  [jvm.dll+0x224e15]
V  [jvm.dll+0x78d05c]
V  [jvm.dll+0x78759a]
V  [jvm.dll+0x675875]
C  [ucrtbase.dll+0x21bb2]
C  [KERNEL32.DLL+0x17614]
C  [ntdll.dll+0x526b1]


---------------  P R O C E S S  ---------------

Threads class SMR info:
_java_thread_list=0x000001d87e969600, length=12, elements={
0x000001d8725311c0, 0x000001d87de21740, 0x000001d87de225b0, 0x000001d87de2fbd0,
0x000001d87de32690, 0x000001d87de33040, 0x000001d87de339f0, 0x000001d87de35790,
0x000001d87de3e240, 0x000001d87de44140, 0x000001d87e990170, 0x000001d87e9952b0
}

Java Threads: ( => current thread )
  0x000001d8725311c0 JavaThread "main" [_thread_in_native, id=1832, stack(0x0000001ce2800000,0x0000001ce2900000)]
  0x000001d87de21740 JavaThread "Reference Handler" daemon [_thread_blocked, id=8760, stack(0x0000001ce2f00000,0x0000001ce3000000)]
  0x000001d87de225b0 JavaThread "Finalizer" daemon [_thread_blocked, id=16368, stack(0x0000001ce3000000,0x0000001ce3100000)]
  0x000001d87de2fbd0 JavaThread "Signal Dispatcher" daemon [_thread_blocked, id=9512, stack(0x0000001ce3100000,0x0000001ce3200000)]
  0x000001d87de32690 JavaThread "Attach Listener" daemon [_thread_blocked, id=17108, stack(0x0000001ce3200000,0x0000001ce3300000)]
  0x000001d87de33040 JavaThread "Service Thread" daemon [_thread_blocked, id=1276, stack(0x0000001ce3300000,0x0000001ce3400000)]
  0x000001d87de339f0 JavaThread "Monitor Deflation Thread" daemon [_thread_blocked, id=13792, stack(0x0000001ce3400000,0x0000001ce3500000)]
=>0x000001d87de35790 JavaThread "C2 CompilerThread0" daemon [_thread_in_native, id=7664, stack(0x0000001ce3500000,0x0000001ce3600000)]
  0x000001d87de3e240 JavaThread "C1 CompilerThread0" daemon [_thread_blocked, id=896, stack(0x0000001ce3600000,0x0000001ce3700000)]
  0x000001d87de44140 JavaThread "Sweeper thread" daemon [_thread_blocked, id=16464, stack(0x0000001ce3700000,0x0000001ce3800000)]
  0x000001d87e990170 JavaThread "Notification Thread" daemon [_thread_blocked, id=13844, stack(0x0000001ce3800000,0x0000001ce3900000)]
  0x000001d87e9952b0 JavaThread "Common-Cleaner" daemon [_thread_blocked, id=15136, stack(0x0000001ce3a00000,0x0000001ce3b00000)]

Other Threads:
  0x000001d872605390 VMThread "VM Thread" [stack: 0x0000001ce2e00000,0x0000001ce2f00000] [id=13540]
  0x000001d87e992650 WatcherThread [stack: 0x0000001ce3900000,0x0000001ce3a00000] [id=8560]
  0x000001d8725689f0 GCTaskThread "GC Thread#0" [stack: 0x0000001ce2900000,0x0000001ce2a00000] [id=9392]
  0x000001d8725706b0 ConcurrentGCThread "G1 Main Marker" [stack: 0x0000001ce2a00000,0x0000001ce2b00000] [id=13380]
  0x000001d8725710c0 ConcurrentGCThread "G1 Conc#0" [stack: 0x0000001ce2b00000,0x0000001ce2c00000] [id=4760]
  0x000001d8725e6d10 ConcurrentGCThread "G1 Refine#0" [stack: 0x0000001ce2c00000,0x0000001ce2d00000] [id=1804]
  0x000001d8725e7730 ConcurrentGCThread "G1 Service" [stack: 0x0000001ce2d00000,0x0000001ce2e00000] [id=14568]

Threads with active compile tasks:
C2 CompilerThread0      362  308       4       java.io.StreamTokenizer::nextToken (1266 bytes)

VM state: not at safepoint (normal execution)

VM Mutex/Monitor currently owned by a thread: None

Heap address: 0x00000000c9400000, size: 876 MB, Compressed Oops mode: 32-bit

CDS archive(s) mapped at: [0x0000000800000000-0x0000000800bd0000-0x0000000800bd0000), size 12386304, SharedBaseAddress: 0x0000000800000000, ArchiveRelocationMode: 0.
Compressed class space mapped at: 0x0000000800c00000-0x0000000840c00000, reserved size: 1073741824
Narrow klass base: 0x0000000800000000, Narrow klass shift: 0, Narrow klass range: 0x100000000

GC Precious Log:
 CPUs: 2 total, 2 available
 Memory: 3500M
 Large Page Support: Disabled
 NUMA Support: Disabled
 Compressed Oops: Enabled (32-bit)
 Heap Region Size: 1M
 Heap Min Capacity: 8M
 Heap Initial Capacity: 56M
 Heap Max Capacity: 876M
 Pre-touch: Disabled
 Parallel Workers: 2
 Concurrent Workers: 1
 Concurrent Refinement Workers: 2
 Periodic GC: Disabled

Heap:
 garbage-first heap   total 57344K, used 1024K [0x00000000c9400000, 0x0000000100000000)
  region size 1024K, 2 young (2048K), 0 survivors (0K)
 Metaspace       used 1059K, committed 1280K, reserved 1056768K
  class space    used 98K, committed 192K, reserved 1048576K

Heap Regions: E=young(eden), S=young(survivor), O=old, HS=humongous(starts), HC=humongous(continues), CS=collection set, F=free, OA=open archive, CA=closed archive, TAMS=top-at-mark-start (previous, next)
|   0|0x00000000c9400000, 0x00000000c9400000, 0x00000000c9500000|  0%| F|  |TAMS 0x00000000c9400000, 0x00000000c9400000| Untracked 
|   1|0x00000000c9500000, 0x00000000c9500000, 0x00000000c9600000|  0%| F|  |TAMS 0x00000000c9500000, 0x00000000c9500000| Untracked 
|   2|0x00000000c9600000, 0x00000000c9600000, 0x00000000c9700000|  0%| F|  |TAMS 0x00000000c9600000, 0x00000000c9600000| Untracked 
|   3|0x00000000c9700000, 0x00000000c9700000, 0x00000000c9800000|  0%| F|  |TAMS 0x00000000c9700000, 0x00000000c9700000| Untracked 
|   4|0x00000000c9800000, 0x00000000c9800000, 0x00000000c9900000|  0%| F|  |TAMS 0x00000000c9800000, 0x00000000c9800000| Untracked 
|   5|0x00000000c9900000, 0x00000000c9900000, 0x00000000c9a00000|  0%| F|  |TAMS 0x00000000c9900000, 0x00000000c9900000| Untracked 
|   6|0x00000000c9a00000, 0x00000000c9a00000, 0x00000000c9b00000|  0%| F|  |TAMS 0x00000000c9a00000, 0x00000000c9a00000| Untracked 
|   7|0x00000000c9b00000, 0x00000000c9b00000, 0x00000000c9c00000|  0%| F|  |TAMS 0x00000000c9b00000, 0x00000000c9b00000| Untracked 
|   8|0x00000000c9c00000, 0x00000000c9c00000, 0x00000000c9d00000|  0%| F|  |TAMS 0x00000000c9c00000, 0x00000000c9c00000| Untracked 
|   9|0x00000000c9d00000, 0x00000000c9d00000, 0x00000000c9e00000|  0%| F|  |TAMS 0x00000000c9d00000, 0x00000000c9d00000| Untracked 
|  10|0x00000000c9e00000, 0x00000000c9e00000, 0x00000000c9f00000|  0%| F|  |TAMS 0x00000000c9e00000, 0x00000000c9e00000| Untracked 
|  11|0x00000000c9f00000, 0x00000000c9f00000, 0x00000000ca000000|  0%| F|  |TAMS 0x00000000c9f00000, 0x00000000c9f00000| Untracked 
|  12|0x00000000ca000000, 0x00000000ca000000, 0x00000000ca100000|  0%| F|  |TAMS 0x00000000ca000000, 0x00000000ca000000| Untracked 
|  13|0x00000000ca100000, 0x00000000ca100000, 0x00000000ca200000|  0%| F|  |TAMS 0x00000000ca100000, 0x00000000ca100000| Untracked 
|  14|0x00000000ca200000, 0x00000000ca200000, 0x00000000ca300000|  0%| F|  |TAMS 0x00000000ca200000, 0x00000000ca200000| Untracked 
|  15|0x00000000ca300000, 0x00000000ca300000, 0x00000000ca400000|  0%| F|  |TAMS 0x00000000ca300000, 0x00000000ca300000| Untracked 
|  16|0x00000000ca400000, 0x00000000ca400000, 0x00000000ca500000|  0%| F|  |TAMS 0x00000000ca400000, 0x00000000ca400000| Untracked 
|  17|0x00000000ca500000, 0x00000000ca500000, 0x00000000ca600000|  0%| F|  |TAMS 0x00000000ca500000, 0x00000000ca500000| Untracked 
|  18|0x00000000ca600000, 0x00000000ca600000, 0x00000000ca700000|  0%| F|  |TAMS 0x00000000ca600000, 0x00000000ca600000| Untracked 
|  19|0x00000000ca700000, 0x00000000ca700000, 0x00000000ca800000|  0%| F|  |TAMS 0x00000000ca700000, 0x00000000ca700000| Untracked 
|  20|0x00000000ca800000, 0x00000000ca800000, 0x00000000ca900000|  0%| F|  |TAMS 0x00000000ca800000, 0x00000000ca800000| Untracked 
|  21|0x00000000ca900000, 0x00000000ca900000, 0x00000000caa00000|  0%| F|  |TAMS 0x00000000ca900000, 0x00000000ca900000| Untracked 
|  22|0x00000000caa00000, 0x00000000caa00000, 0x00000000cab00000|  0%| F|  |TAMS 0x00000000caa00000, 0x00000000caa00000| Untracked 
|  23|0x00000000cab00000, 0x00000000cab00000, 0x00000000cac00000|  0%| F|  |TAMS 0x00000000cab00000, 0x00000000cab00000| Untracked 
|  24|0x00000000cac00000, 0x00000000cac00000, 0x00000000cad00000|  0%| F|  |TAMS 0x00000000cac00000, 0x00000000cac00000| Untracked 
|  25|0x00000000cad00000, 0x00000000cad00000, 0x00000000cae00000|  0%| F|  |TAMS 0x00000000cad00000, 0x00000000cad00000| Untracked 
|  26|0x00000000cae00000, 0x00000000cae00000, 0x00000000caf00000|  0%| F|  |TAMS 0x00000000cae00000, 0x00000000cae00000| Untracked 
|  27|0x00000000caf00000, 0x00000000caf00000, 0x00000000cb000000|  0%| F|  |TAMS 0x00000000caf00000, 0x00000000caf00000| Untracked 
|  28|0x00000000cb000000, 0x00000000cb000000, 0x00000000cb100000|  0%| F|  |TAMS 0x00000000cb000000, 0x00000000cb000000| Untracked 
|  29|0x00000000cb100000, 0x00000000cb100000, 0x00000000cb200000|  0%| F|  |TAMS 0x00000000cb100000, 0x00000000cb100000| Untracked 
|  30|0x00000000cb200000, 0x00000000cb200000, 0x00000000cb300000|  0%| F|  |TAMS 0x00000000cb200000, 0x00000000cb200000| Untracked 
|  31|0x00000000cb300000, 0x00000000cb300000, 0x00000000cb400000|  0%| F|  |TAMS 0x00000000cb300000, 0x00000000cb300000| Untracked 
|  32|0x00000000cb400000, 0x00000000cb400000, 0x00000000cb500000|  0%| F|  |TAMS 0x00000000cb400000, 0x00000000cb400000| Untracked 
|  33|0x00000000cb500000, 0x00000000cb500000, 0x00000000cb600000|  0%| F|  |TAMS 0x00000000cb500000, 0x00000000cb500000| Untracked 
|  34|0x00000000cb600000, 0x00000000cb600000, 0x00000000cb700000|  0%| F|  |TAMS 0x00000000cb600000, 0x00000000cb600000| Untracked 
|  35|0x00000000cb700000, 0x00000000cb700000, 0x00000000cb800000|  0%| F|  |TAMS 0x00000000cb700000, 0x00000000cb700000| Untracked 
|  36|0x00000000cb800000, 0x00000000cb800000, 0x00000000cb900000|  0%| F|  |TAMS 0x00000000cb800000, 0x00000000cb800000| Untracked 
|  37|0x00000000cb900000, 0x00000000cb900000, 0x00000000cba00000|  0%| F|  |TAMS 0x00000000cb900000, 0x00000000cb900000| Untracked 
|  38|0x00000000cba00000, 0x00000000cba00000, 0x00000000cbb00000|  0%| F|  |TAMS 0x00000000cba00000, 0x00000000cba00000| Untracked 
|  39|0x00000000cbb00000, 0x00000000cbb00000, 0x00000000cbc00000|  0%| F|  |TAMS 0x00000000cbb00000, 0x00000000cbb00000| Untracked 
|  40|0x00000000cbc00000, 0x00000000cbc00000, 0x00000000cbd00000|  0%| F|  |TAMS 0x00000000cbc00000, 0x00000000cbc00000| Untracked 
|  41|0x00000000cbd00000, 0x00000000cbd00000, 0x00000000cbe00000|  0%| F|  |TAMS 0x00000000cbd00000, 0x00000000cbd00000| Untracked 
|  42|0x00000000cbe00000, 0x00000000cbe00000, 0x00000000cbf00000|  0%| F|  |TAMS 0x00000000cbe00000, 0x00000000cbe00000| Untracked 
|  43|0x00000000cbf00000, 0x00000000cbf00000, 0x00000000cc000000|  0%| F|  |TAMS 0x00000000cbf00000, 0x00000000cbf00000| Untracked 
|  44|0x00000000cc000000, 0x00000000cc000000, 0x00000000cc100000|  0%| F|  |TAMS 0x00000000cc000000, 0x00000000cc000000| Untracked 
|  45|0x00000000cc100000, 0x00000000cc100000, 0x00000000cc200000|  0%| F|  |TAMS 0x00000000cc100000, 0x00000000cc100000| Untracked 
|  46|0x00000000cc200000, 0x00000000cc200000, 0x00000000cc300000|  0%| F|  |TAMS 0x00000000cc200000, 0x00000000cc200000| Untracked 
|  47|0x00000000cc300000, 0x00000000cc300000, 0x00000000cc400000|  0%| F|  |TAMS 0x00000000cc300000, 0x00000000cc300000| Untracked 
|  48|0x00000000cc400000, 0x00000000cc400000, 0x00000000cc500000|  0%| F|  |TAMS 0x00000000cc400000, 0x00000000cc400000| Untracked 
|  49|0x00000000cc500000, 0x00000000cc500000, 0x00000000cc600000|  0%| F|  |TAMS 0x00000000cc500000, 0x00000000cc500000| Untracked 
|  50|0x00000000cc600000, 0x00000000cc600000, 0x00000000cc700000|  0%| F|  |TAMS 0x00000000cc600000, 0x00000000cc600000| Untracked 
|  51|0x00000000cc700000, 0x00000000cc700000, 0x00000000cc800000|  0%| F|  |TAMS 0x00000000cc700000, 0x00000000cc700000| Untracked 
|  52|0x00000000cc800000, 0x00000000cc800000, 0x00000000cc900000|  0%| F|  |TAMS 0x00000000cc800000, 0x00000000cc800000| Untracked 
|  53|0x00000000cc900000, 0x00000000cc900000, 0x00000000cca00000|  0%| F|  |TAMS 0x00000000cc900000, 0x00000000cc900000| Untracked 
|  54|0x00000000cca00000, 0x00000000ccaf6d30, 0x00000000ccb00000| 96%| E|  |TAMS 0x00000000cca00000, 0x00000000cca00000| Complete 
|  55|0x00000000ccb00000, 0x00000000ccc00000, 0x00000000ccc00000|100%| E|CS|TAMS 0x00000000ccb00000, 0x00000000ccb00000| Complete 

Card table byte_map: [0x000001d8722f0000,0x000001d8724b0000] _byte_map_base: 0x000001d871ca6000

Marking Bits (Prev, Next): (CMBitMap*) 0x000001d872569000, (CMBitMap*) 0x000001d872569040
 Prev Bits: [0x000001d879f80000, 0x000001d87ad30000)
 Next Bits: [0x000001d87ad30000, 0x000001d87bae0000)

Polling page: 0x000001d870550000

Metaspace:

Usage:
  Non-class:    960.08 KB used.
      Class:     98.95 KB used.
       Both:      1.03 MB used.

Virtual space:
  Non-class space:        8.00 MB reserved,       1.06 MB ( 13%) committed,  1 nodes.
      Class space:        1.00 GB reserved,     192.00 KB ( <1%) committed,  1 nodes.
             Both:        1.01 GB reserved,       1.25 MB ( <1%) committed. 

Chunk freelists:
   Non-Class:  3.74 MB
       Class:  3.68 MB
        Both:  7.42 MB

MaxMetaspaceSize: unlimited
CompressedClassSpaceSize: 1.00 GB
Initial GC threshold: 21.00 MB
Current GC threshold: 21.00 MB
CDS: on
MetaspaceReclaimPolicy: balanced
 - commit_granule_bytes: 65536.
 - commit_granule_words: 8192.
 - virtual_space_node_default_size: 1048576.
 - enlarge_chunks_in_place: 1.
 - new_chunks_are_fully_committed: 0.
 - uncommit_free_chunks: 1.
 - use_allocation_guard: 0.
 - handle_deallocations: 1.


Internal statistics:

num_allocs_failed_limit: 0.
num_arena_births: 52.
num_arena_deaths: 0.
num_vsnodes_births: 2.
num_vsnodes_deaths: 0.
num_space_committed: 20.
num_space_uncommitted: 0.
num_chunks_returned_to_freelist: 0.
num_chunks_taken_from_freelist: 78.
num_chunk_merges: 0.
num_chunk_splits: 46.
num_chunks_enlarged: 31.
num_purges: 0.
num_inconsistent_stats: 0.

CodeHeap 'non-profiled nmethods': size=120064Kb used=109Kb max_used=109Kb free=119955Kb
 bounds [0x000001d807ac0000, 0x000001d807d30000, 0x000001d80f000000]
CodeHeap 'profiled nmethods': size=120000Kb used=556Kb max_used=556Kb free=119443Kb
 bounds [0x000001d800000000, 0x000001d800270000, 0x000001d807530000]
CodeHeap 'non-nmethods': size=5696Kb used=1126Kb max_used=1126Kb free=4569Kb
 bounds [0x000001d807530000, 0x000001d8077a0000, 0x000001d807ac0000]
 total_blobs=776 nmethods=369 adapters=320
 compilation: enabled
              stopped_count=0, restarted_count=0
 full_count=0

Compilation events (20 events):
Event: 0.306 Thread 0x000001d87de35790 nmethod 310 0x000001d807ad6d90 code [0x000001d807ad6f20, 0x000001d807ad73e8]
Event: 0.306 Thread 0x000001d87de35790  308       4       java.io.StreamTokenizer::nextToken (1266 bytes)
Event: 0.307 Thread 0x000001d87de3e240  317       3       java.lang.StringLatin1::replace (198 bytes)
Event: 0.308 Thread 0x000001d87de3e240 nmethod 317 0x000001d800073410 code [0x000001d8000736a0, 0x000001d800074428]
Event: 0.308 Thread 0x000001d87de3e240  318       3       jdk.internal.misc.Unsafe::allocateUninitializedArray0 (90 bytes)
Event: 0.308 Thread 0x000001d87de3e240 nmethod 318 0x000001d800074910 code [0x000001d800074b20, 0x000001d800075498]
Event: 0.309 Thread 0x000001d87de3e240  319       1       sun.invoke.util.Wrapper::basicTypeChar (5 bytes)
Event: 0.309 Thread 0x000001d87de3e240 nmethod 319 0x000001d807ad7610 code [0x000001d807ad77a0, 0x000001d807ad7878]
Event: 0.310 Thread 0x000001d87de3e240  320       3       jdk.internal.org.objectweb.asm.ByteVector::put12 (64 bytes)
Event: 0.310 Thread 0x000001d87de3e240 nmethod 320 0x000001d800075610 code [0x000001d8000757c0, 0x000001d8000759e8]
Event: 0.312 Thread 0x000001d87de3e240  322       3       java.lang.invoke.LambdaForm$Name::<init> (54 bytes)
Event: 0.312 Thread 0x000001d87de3e240 nmethod 322 0x000001d800075b90 code [0x000001d800075d40, 0x000001d800075ff8]
Event: 0.314 Thread 0x000001d87de3e240  326       3       java.lang.invoke.LambdaForm$NamedFunction::methodType (23 bytes)
Event: 0.314 Thread 0x000001d87de3e240 nmethod 326 0x000001d800076090 code [0x000001d800076240, 0x000001d800076488]
Event: 0.314 Thread 0x000001d87de3e240  327       3       java.lang.invoke.MemberName::getMethodOrFieldType (72 bytes)
Event: 0.315 Thread 0x000001d87de3e240 nmethod 327 0x000001d800076590 code [0x000001d8000768c0, 0x000001d8000777a8]
Event: 0.315 Thread 0x000001d87de3e240  328       3       java.lang.invoke.LambdaForm::parameter (38 bytes)
Event: 0.315 Thread 0x000001d87de3e240 nmethod 328 0x000001d800077d10 code [0x000001d800077ea0, 0x000001d800077fd8]
Event: 0.315 Thread 0x000001d87de3e240  329       3       java.util.Arrays::copyOf (19 bytes)
Event: 0.316 Thread 0x000001d87de3e240 nmethod 329 0x000001d800078090 code [0x000001d800078240, 0x000001d800078528]

GC Heap History (0 events):
No events

Deoptimization events (4 events):
Event: 0.300 Thread 0x000001d8725311c0 Uncommon trap: trap_request=0xffffff45 fr.pc=0x000001d807ad5efc relative=0x000000000000025c
Event: 0.300 Thread 0x000001d8725311c0 Uncommon trap: reason=unstable_if action=reinterpret pc=0x000001d807ad5efc method=java.io.BufferedReader.read()I @ 19 c2
Event: 0.300 Thread 0x000001d8725311c0 DEOPT PACKING pc=0x000001d807ad5efc sp=0x0000001ce28fe500
Event: 0.300 Thread 0x000001d8725311c0 DEOPT UNPACKING pc=0x000001d8075823a3 sp=0x0000001ce28fe440 mode 2

Classes unloaded (0 events):
No events

Classes redefined (0 events):
No events

Internal exceptions (4 events):
Event: 0.305 Thread 0x000001d8725311c0 Exception <a 'java/lang/NoSuchMethodError'{0x00000000ccaacd00}: 'java.lang.Object java.lang.invoke.DirectMethodHandle$Holder.invokeStaticInit(java.lang.Object)'> (0x00000000ccaacd00) 
thrown [s\open\src\hotspot\share\interpreter\linkResolver.cpp, line 759]
Event: 0.312 Thread 0x000001d8725311c0 Exception <a 'java/lang/NoSuchMethodError'{0x00000000ccab9b38}: 'java.lang.Object java.lang.invoke.DirectMethodHandle$Holder.invokeStaticInit(java.lang.Object, java.lang.Object, long, java.lang.Object)'> (0x00000000ccab9b38) 
thrown [s\open\src\hotspot\share\interpreter\linkResolver.cpp, line 759]
Event: 0.313 Thread 0x000001d8725311c0 Exception <a 'java/lang/NoSuchMethodError'{0x00000000ccabfff8}: 'java.lang.Object java.lang.invoke.DirectMethodHandle$Holder.newInvokeSpecial(java.lang.Object, java.lang.Object, long)'> (0x00000000ccabfff8) 
thrown [s\open\src\hotspot\share\interpreter\linkResolver.cpp, line 759]
Event: 0.315 Thread 0x000001d8725311c0 Exception <a 'java/lang/NoSuchMethodError'{0x00000000ccac3b68}: 'java.lang.Object java.lang.invoke.Invokers$Holder.linkToTargetMethod(java.lang.Object, long, java.lang.Object)'> (0x00000000ccac3b68) 
thrown [s\open\src\hotspot\share\interpreter\linkResolver.cpp, line 759]

VM Operations (2 events):
Event: 0.073 Executing VM operation: HandshakeAllThreads
Event: 0.073 Executing VM operation: HandshakeAllThreads done

Events (20 events):
Event: 0.318 loading class java/util/concurrent/RejectedExecutionHandler done
Event: 0.318 loading class java/util/concurrent/ThreadPoolExecutor$AbortPolicy done
Event: 0.318 loading class java/util/concurrent/SynchronousQueue
Event: 0.318 loading class java/util/concurrent/BlockingQueue
Event: 0.319 loading class java/util/concurrent/BlockingQueue done
Event: 0.319 loading class java/util/AbstractQueue
Event: 0.319 loading class java/util/AbstractQueue done
Event: 0.319 loading class java/util/concurrent/SynchronousQueue done
Event: 0.319 loading class java/util/concurrent/SynchronousQueue$TransferStack
Event: 0.319 loading class java/util/concurrent/SynchronousQueue$Transferer
Event: 0.319 loading class java/util/concurrent/SynchronousQueue$Transferer done
Event: 0.319 loading class java/util/concurrent/SynchronousQueue$TransferStack done
Event: 0.319 loading class java/util/concurrent/SynchronousQueue$TransferStack$SNode
Event: 0.319 loading class java/util/concurrent/ForkJoinPool$ManagedBlocker
Event: 0.320 loading class java/util/concurrent/ForkJoinPool$ManagedBlocker done
Event: 0.320 loading class java/util/concurrent/SynchronousQueue$TransferStack$SNode done
Event: 0.320 loading class java/util/concurrent/locks/AbstractQueuedSynchronizer$ConditionObject
Event: 0.320 loading class java/util/concurrent/locks/Condition
Event: 0.320 loading class java/util/concurrent/locks/Condition done
Event: 0.320 loading class java/util/concurrent/locks/AbstractQueuedSynchronizer$ConditionObject done


Dynamic libraries:
0x00007ff6bba50000 - 0x00007ff6bba60000 	C:\Program Files\Java\jdk-17\bin\java.exe
0x00007ff9c7390000 - 0x00007ff9c7588000 	C:\windows\SYSTEM32\ntdll.dll
0x00007ff9c64b0000 - 0x00007ff9c656f000 	C:\windows\System32\KERNEL32.DLL
0x00007ff9c4c50000 - 0x00007ff9c4f46000 	C:\windows\System32\KERNELBASE.dll
0x00007ff9c4f50000 - 0x00007ff9c5050000 	C:\windows\System32\ucrtbase.dll
0x00007ff9a7540000 - 0x00007ff9a7559000 	C:\Program Files\Java\jdk-17\bin\jli.dll
0x00007ff9c58a0000 - 0x00007ff9c594f000 	C:\windows\System32\ADVAPI32.dll
0x00007ff9c5970000 - 0x00007ff9c5a0e000 	C:\windows\System32\msvcrt.dll
0x00007ff9c6b50000 - 0x00007ff9c6bec000 	C:\windows\System32\sechost.dll
0x00007ff9c6650000 - 0x00007ff9c6776000 	C:\windows\System32\RPCRT4.dll
0x00007ff9c5480000 - 0x00007ff9c561d000 	C:\windows\System32\USER32.dll
0x00007ff9c4c20000 - 0x00007ff9c4c42000 	C:\windows\System32\win32u.dll
0x00007ff9c57b0000 - 0x00007ff9c57dc000 	C:\windows\System32\GDI32.dll
0x00007ff9c5220000 - 0x00007ff9c5335000 	C:\windows\System32\gdi32full.dll
0x00007ff9c4ac0000 - 0x00007ff9c4b5d000 	C:\windows\System32\msvcp_win.dll
0x00007ff99e540000 - 0x00007ff99e55b000 	C:\Program Files\Java\jdk-17\bin\VCRUNTIME140.dll
0x00007ff9adc60000 - 0x00007ff9adefa000 	C:\windows\WinSxS\amd64_microsoft.windows.common-controls_6595b64144ccf1df_6.0.19041.1110_none_60b5254171f9507e\COMCTL32.dll
0x00007ff9bc710000 - 0x00007ff9bc71a000 	C:\windows\SYSTEM32\VERSION.dll
0x00007ff9c6620000 - 0x00007ff9c6650000 	C:\windows\System32\IMM32.DLL
0x00007ff9ad960000 - 0x00007ff9ad96c000 	C:\Program Files\Java\jdk-17\bin\vcruntime140_1.dll
0x00007ff980ff0000 - 0x00007ff98107e000 	C:\Program Files\Java\jdk-17\bin\msvcp140.dll
0x00007ff956a30000 - 0x00007ff95760d000 	C:\Program Files\Java\jdk-17\bin\server\jvm.dll
0x00007ff9c7340000 - 0x00007ff9c7348000 	C:\windows\System32\PSAPI.DLL
0x00007ff999790000 - 0x00007ff999799000 	C:\windows\SYSTEM32\WSOCK32.dll
0x00007ff9c6a50000 - 0x00007ff9c6abb000 	C:\windows\System32\WS2_32.dll
0x00007ff9bc6e0000 - 0x00007ff9bc707000 	C:\windows\SYSTEM32\WINMM.dll
0x00007ff9c2920000 - 0x00007ff9c2932000 	C:\windows\SYSTEM32\kernel.appcore.dll
0x00007ff99e530000 - 0x00007ff99e53a000 	C:\Program Files\Java\jdk-17\bin\jimage.dll
0x00007ff9afaa0000 - 0x00007ff9afc84000 	C:\windows\SYSTEM32\DBGHELP.DLL
0x00007ff9a76e0000 - 0x00007ff9a7714000 	C:\windows\SYSTEM32\dbgcore.DLL
0x00007ff9c4b60000 - 0x00007ff9c4be2000 	C:\windows\System32\bcryptPrimitives.dll
0x00007ff996480000 - 0x00007ff9964a5000 	C:\Program Files\Java\jdk-17\bin\java.dll
0x00007ff975a70000 - 0x00007ff975b47000 	C:\Program Files\Java\jdk-17\bin\jsvml.dll
0x00007ff9c6bf0000 - 0x00007ff9c7334000 	C:\windows\System32\SHELL32.dll
0x00007ff9c2b20000 - 0x00007ff9c32b4000 	C:\windows\SYSTEM32\windows.storage.dll
0x00007ff9c6020000 - 0x00007ff9c6374000 	C:\windows\System32\combase.dll
0x00007ff9c43e0000 - 0x00007ff9c440e000 	C:\windows\SYSTEM32\Wldp.dll
0x00007ff9c5700000 - 0x00007ff9c57ad000 	C:\windows\System32\SHCORE.dll
0x00007ff9c5fc0000 - 0x00007ff9c6015000 	C:\windows\System32\shlwapi.dll
0x00007ff9c49a0000 - 0x00007ff9c49c5000 	C:\windows\SYSTEM32\profapi.dll
0x00007ff996460000 - 0x00007ff996479000 	C:\Program Files\Java\jdk-17\bin\net.dll
0x00007ff9b97b0000 - 0x00007ff9b98ba000 	C:\windows\SYSTEM32\WINHTTP.dll
0x00007ff9c4140000 - 0x00007ff9c41aa000 	C:\windows\system32\mswsock.dll
0x00007ff996440000 - 0x00007ff996456000 	C:\Program Files\Java\jdk-17\bin\nio.dll
0x00007ff9960c0000 - 0x00007ff9960d8000 	C:\Program Files\Java\jdk-17\bin\zip.dll
0x00007ff99e3f0000 - 0x00007ff99e400000 	C:\Program Files\Java\jdk-17\bin\verify.dll
0x00007ff9bd9a0000 - 0x00007ff9bd9a9000 	C:\Program Files\Java\jdk-17\bin\attach.dll

dbghelp: loaded successfully - version: 4.0.5 - missing functions: none
symbol engine: initialized successfully - sym options: 0x614 - pdb path: .;C:\Program Files\Java\jdk-17\bin;C:\windows\SYSTEM32;C:\windows\WinSxS\amd64_microsoft.windows.common-controls_6595b64144ccf1df_6.0.19041.1110_none_60b5254171f9507e;C:\Program Files\Java\jdk-17\bin\server

VM Arguments:
jvm_args: -Dnet.bytebuddy.agent.attacher.dump= 
java_command: net.bytebuddy.agent.Attacher com.sun.tools.attach.VirtualMachine 12056 C:\Users\carin\.m2\repository\net\bytebuddy\byte-buddy-agent\1.14.5\byte-buddy-agent-1.14.5.jar false 
java_class_path (initial): C:\Users\carin\.m2\repository\net\bytebuddy\byte-buddy-agent\1.14.5\byte-buddy-agent-1.14.5.jar
Launcher Type: SUN_STANDARD

[Global flags]
     intx CICompilerCount                          = 2                                         {product} {ergonomic}
     uint ConcGCThreads                            = 1                                         {product} {ergonomic}
     uint G1ConcRefinementThreads                  = 2                                         {product} {ergonomic}
   size_t G1HeapRegionSize                         = 1048576                                   {product} {ergonomic}
    uintx GCDrainStackTargetSize                   = 64                                        {product} {ergonomic}
   size_t InitialHeapSize                          = 58720256                                  {product} {ergonomic}
   size_t MarkStackSize                            = 4194304                                   {product} {ergonomic}
   size_t MaxHeapSize                              = 918552576                                 {product} {ergonomic}
   size_t MaxNewSize                               = 550502400                                 {product} {ergonomic}
   size_t MinHeapDeltaBytes                        = 1048576                                   {product} {ergonomic}
   size_t MinHeapSize                              = 8388608                                   {product} {ergonomic}
    uintx NonNMethodCodeHeapSize                   = 5826188                                {pd product} {ergonomic}
    uintx NonProfiledCodeHeapSize                  = 122916026                              {pd product} {ergonomic}
    uintx ProfiledCodeHeapSize                     = 122916026                              {pd product} {ergonomic}
    uintx ReservedCodeCacheSize                    = 251658240                              {pd product} {ergonomic}
     bool SegmentedCodeCache                       = true                                      {product} {ergonomic}
   size_t SoftMaxHeapSize                          = 918552576                              {manageable} {ergonomic}
     bool UseCompressedClassPointers               = true                           {product lp64_product} {ergonomic}
     bool UseCompressedOops                        = true                           {product lp64_product} {ergonomic}
     bool UseG1GC                                  = true                                      {product} {ergonomic}
     bool UseLargePagesIndividualAllocation        = false                                  {pd product} {ergonomic}

Logging:
Log output configuration:
 #0: stdout all=warning uptime,level,tags
 #1: stderr all=off uptime,level,tags

Environment Variables:
JAVA_HOME=C:\Program Files\Java\jdk-17
PATH=C:\Program Files\Common Files\Oracle\Java\javapath;C:\windows\system32;C:\windows;C:\windows\System32\Wbem;C:\windows\System32\WindowsPowerShell\v1.0\;C:\windows\System32\OpenSSH\;C:\Program Files\Git\cmd;C:\Program Files\nodejs\;C:\gradle-8.1.1\bin;C:\Program Files\Java\jdk-20\bin;C:\Users\carin\AppData\Local\Microsoft\WindowsApps;C:\Users\carin\AppData\Local\Programs\Microsoft VS Code\bin;C:\Users\carin\AppData\Roaming\npm;C:\ProgramData\carin\GitHubDesktop\bin;C:\Users\carin\AppData\Local\GitHubDesktop\bin;C:\Users\carin\Downloads\mongodb-windows-x86_64-6.0.4.zip\mongodb-win32-x86_64-windows-6.0.4\bin;C:\Users\carin\Desktop\dataBase\data;C:\Program Files\MongoDB\Server\6.0\data;C:\Program Files\MongoDB\Server\6.0\bin;C:\Users\carin\Desktop\Backend\FastAPI;C:\Users\carin\Desktop\Backend;C:\Users\carin\Desktop\Backend\dataBase\data\log;C:\Program Files\MongoDB\Server\6.0\data;C:\Program Files\MongoDB\Server\6.0\bin;C:\Users\carin\AppData\Local\Packages\PythonSoftwareFoundation.Python.3.10_qbz5n2kfra8p0\LocalCache\local-packages\Python310\Scripts;C:\Users\carin\Documents\flutter\bin\;C:\Program Files\MySQL\MySQL Server 8.0\bin;C:\gradle-8.1.1\bin;C:\Program Files\Java\jdk-20\bin;
USERNAME=carin
OS=Windows_NT
PROCESSOR_IDENTIFIER=AMD64 Family 23 Model 24 Stepping 1, AuthenticAMD



---------------  S Y S T E M  ---------------

OS:
 Windows 10 , 64 bit Build 19041 (10.0.19041.3155)
OS uptime: 2 days 17:27 hours

CPU: total 2 (initial active 2) (2 cores per cpu, 1 threads per core) family 23 model 24 stepping 1 microcode 0x0, cx8, cmov, fxsr, mmx, 3dnowpref, sse, sse2, sse3, ssse3, sse4a, sse4.1, sse4.2, popcnt, lzcnt, tsc, tscinvbit, avx, avx2, aes, clmul, bmi1, bmi2, adx, sha, fma, vzeroupper, clflush, clflushopt

Memory: 4k page, system-wide physical 3500M (295M free)
TotalPageFile size 14252M (AvailPageFile size 2M)
current process WorkingSet (physical memory assigned to process): 36M, peak: 36M
current process commit charge ("private bytes"): 126M, peak: 126M

vm_info: Java HotSpot(TM) 64-Bit Server VM (17.0.7+8-LTS-224) for windows-amd64 JRE (17.0.7+8-LTS-224), built on Feb 28 2023 23:03:02 by "mach5one" with MS VC++ 17.1 (VS2022)

END.
