#
# There is insufficient memory for the Java Runtime Environment to continue.
# Native memory allocation (malloc) failed to allocate 1762480 bytes for Chunk::new
# Possible reasons:
#   The system is out of physical RAM or swap space
#   The process is running with CompressedOops enabled, and the Java Heap may be blocking the growth of the native heap
# Possible solutions:
#   Reduce memory load on the system
#   Increase physical memory or swap space
#   Check if swap backing store is full
#   Decrease Java heap size (-Xmx/-Xms)
#   Decrease number of Java threads
#   Decrease Java thread stack sizes (-Xss)
#   Set larger code cache with -XX:ReservedCodeCacheSize=
#   JVM is running with Unscaled Compressed Oops mode in which the Java heap is
#     placed in the first 4GB address space. The Java Heap base address is the
#     maximum limit for the native heap growth. Please use -XX:HeapBaseMinAddress
#     to set the Java Heap base and to place the Java Heap above 4GB virtual address.
# This output file may be truncated or incomplete.
#
#  Out of Memory Error (arena.cpp:189), pid=7020, tid=14560
#
# JRE version: Java(TM) SE Runtime Environment (17.0.7+8) (build 17.0.7+8-LTS-224)
# Java VM: Java HotSpot(TM) 64-Bit Server VM (17.0.7+8-LTS-224, mixed mode, sharing, tiered, compressed oops, compressed class ptrs, g1 gc, windows-amd64)
# No core dump will be written. Minidumps are not enabled by default on client versions of Windows
#

---------------  S U M M A R Y ------------

Command Line: -Dmaven.multiModuleProjectDirectory=C:\Users\carin\Desktop\springbootreact\gestion-clientes-backend org.apache.maven.wrapper.MavenWrapperMain -Dmaven.ext.class.path=C:\Program Files\NetBeans-17\netbeans\java\maven-nblib\netbeans-eventspy.jar --no-transfer-progress clean install

Host: AMD Athlon Silver 3050U with Radeon Graphics   , 2 cores, 3G,  Windows 10 , 64 bit Build 19041 (10.0.19041.3155)
Time: Wed Aug  2 00:32:31 2023 Hora estándar de Argentina elapsed time: 16.626859 seconds (0d 0h 0m 16s)

---------------  T H R E A D  ---------------

Current thread (0x000001f9b48e6240):  JavaThread "C2 CompilerThread0" daemon [_thread_in_native, id=14560, stack(0x0000005847900000,0x0000005847a00000)]


Current CompileTask:
C2:  16626 7231   !   4       java.net.URLClassLoader::findClass (47 bytes)

Stack: [0x0000005847900000,0x0000005847a00000]
Native frames: (J=compiled Java code, j=interpreted, Vv=VM code, C=native code)
V  [jvm.dll+0x676a4a]
V  [jvm.dll+0x7d74f4]
V  [jvm.dll+0x7d8c9e]
V  [jvm.dll+0x7d9303]
V  [jvm.dll+0x2452c5]
V  [jvm.dll+0xaaa2b]
V  [jvm.dll+0xaafcc]
V  [jvm.dll+0x36141e]
V  [jvm.dll+0x1bb55a]
V  [jvm.dll+0x217c27]
V  [jvm.dll+0x216f01]
V  [jvm.dll+0x1a35e0]
V  [jvm.dll+0x226a6e]
V  [jvm.dll+0x224e15]
V  [jvm.dll+0x78d05c]
V  [jvm.dll+0x78759a]
V  [jvm.dll+0x675875]
C  [ucrtbase.dll+0x21bb2]
C  [KERNEL32.DLL+0x17614]
C  [ntdll.dll+0x526b1]


---------------  P R O C E S S  ---------------

Threads class SMR info:
_java_thread_list=0x000001f9b8680b60, length=18, elements={
0x000001f99a0207c0, 0x000001f9b48d05b0, 0x000001f9b48d1330, 0x000001f9b48e1b00,
0x000001f9b48e44d0, 0x000001f9b48e4d90, 0x000001f9b48e5650, 0x000001f9b48e6240,
0x000001f9b48e7c00, 0x000001f9b48ea510, 0x000001f9b5430870, 0x000001f9b5439000,
0x000001f9b68334f0, 0x000001f9b5fe3dc0, 0x000001f9b8543aa0, 0x000001f9b56ae2d0,
0x000001f9b56ad930, 0x000001f9b56af140
}

Java Threads: ( => current thread )
  0x000001f99a0207c0 JavaThread "main" [_thread_in_native, id=2340, stack(0x0000005846c00000,0x0000005846d00000)]
  0x000001f9b48d05b0 JavaThread "Reference Handler" daemon [_thread_blocked, id=9908, stack(0x0000005847300000,0x0000005847400000)]
  0x000001f9b48d1330 JavaThread "Finalizer" daemon [_thread_blocked, id=12952, stack(0x0000005847400000,0x0000005847500000)]
  0x000001f9b48e1b00 JavaThread "Signal Dispatcher" daemon [_thread_blocked, id=17064, stack(0x0000005847500000,0x0000005847600000)]
  0x000001f9b48e44d0 JavaThread "Attach Listener" daemon [_thread_blocked, id=16940, stack(0x0000005847600000,0x0000005847700000)]
  0x000001f9b48e4d90 JavaThread "Service Thread" daemon [_thread_blocked, id=15668, stack(0x0000005847700000,0x0000005847800000)]
  0x000001f9b48e5650 JavaThread "Monitor Deflation Thread" daemon [_thread_blocked, id=6572, stack(0x0000005847800000,0x0000005847900000)]
=>0x000001f9b48e6240 JavaThread "C2 CompilerThread0" daemon [_thread_in_native, id=14560, stack(0x0000005847900000,0x0000005847a00000)]
  0x000001f9b48e7c00 JavaThread "C1 CompilerThread0" daemon [_thread_blocked, id=15292, stack(0x0000005847a00000,0x0000005847b00000)]
  0x000001f9b48ea510 JavaThread "Sweeper thread" daemon [_thread_blocked, id=12056, stack(0x0000005847b00000,0x0000005847c00000)]
  0x000001f9b5430870 JavaThread "Notification Thread" daemon [_thread_blocked, id=10328, stack(0x0000005847c00000,0x0000005847d00000)]
  0x000001f9b5439000 JavaThread "Common-Cleaner" daemon [_thread_blocked, id=8312, stack(0x0000005847e00000,0x0000005847f00000)]
  0x000001f9b68334f0 JavaThread "timeout-check-timer" daemon [_thread_blocked, id=5260, stack(0x0000005848000000,0x0000005848100000)]
  0x000001f9b5fe3dc0 JavaThread "ping-timer-10s" daemon [_thread_blocked, id=14384, stack(0x0000005848100000,0x0000005848200000)]
  0x000001f9b8543aa0 JavaThread "ThreadedStreamConsumer" daemon [_thread_blocked, id=4568, stack(0x0000005848200000,0x0000005848300000)]
  0x000001f9b56ae2d0 JavaThread "fork-1-err-thread" daemon [_thread_in_native, id=13048, stack(0x0000005848300000,0x0000005848400000)]
  0x000001f9b56ad930 JavaThread "commands-fork-1" daemon [_thread_blocked, id=6288, stack(0x0000005848400000,0x0000005848500000)]
  0x000001f9b56af140 JavaThread "fork-1-event-thread" daemon [_thread_in_native, id=10792, stack(0x0000005848500000,0x0000005848600000)]

Other Threads:
  0x000001f99a0f8210 VMThread "VM Thread" [stack: 0x0000005847200000,0x0000005847300000] [id=8928]
  0x000001f9b5436d60 WatcherThread [stack: 0x0000005847d00000,0x0000005847e00000] [id=9456]
  0x000001f99a057da0 GCTaskThread "GC Thread#0" [stack: 0x0000005846d00000,0x0000005846e00000] [id=1640]
  0x000001f9b563a2a0 GCTaskThread "GC Thread#1" [stack: 0x0000005847f00000,0x0000005848000000] [id=4052]
  0x000001f99a05f970 ConcurrentGCThread "G1 Main Marker" [stack: 0x0000005846e00000,0x0000005846f00000] [id=3612]
  0x000001f99a060a30 ConcurrentGCThread "G1 Conc#0" [stack: 0x0000005846f00000,0x0000005847000000] [id=5728]
  0x000001f99a0952e0 ConcurrentGCThread "G1 Refine#0" [stack: 0x0000005847000000,0x0000005847100000] [id=6492]
  0x000001f99a095c10 ConcurrentGCThread "G1 Service" [stack: 0x0000005847100000,0x0000005847200000] [id=7508]

Threads with active compile tasks:
C2 CompilerThread0    16676 7231   !   4       java.net.URLClassLoader::findClass (47 bytes)

VM state: not at safepoint (normal execution)

VM Mutex/Monitor currently owned by a thread: None

Heap address: 0x00000000c9400000, size: 876 MB, Compressed Oops mode: 32-bit

CDS archive(s) mapped at: [0x0000000800000000-0x0000000800bd0000-0x0000000800bd0000), size 12386304, SharedBaseAddress: 0x0000000800000000, ArchiveRelocationMode: 0.
Compressed class space mapped at: 0x0000000800c00000-0x0000000840c00000, reserved size: 1073741824
Narrow klass base: 0x0000000800000000, Narrow klass shift: 0, Narrow klass range: 0x100000000

GC Precious Log:
 CPUs: 2 total, 2 available
 Memory: 3500M
 Large Page Support: Disabled
 NUMA Support: Disabled
 Compressed Oops: Enabled (32-bit)
 Heap Region Size: 1M
 Heap Min Capacity: 8M
 Heap Initial Capacity: 56M
 Heap Max Capacity: 876M
 Pre-touch: Disabled
 Parallel Workers: 2
 Concurrent Workers: 1
 Concurrent Refinement Workers: 2
 Periodic GC: Disabled

Heap:
 garbage-first heap   total 184320K, used 65971K [0x00000000c9400000, 0x0000000100000000)
  region size 1024K, 22 young (22528K), 3 survivors (3072K)
 Metaspace       used 32845K, committed 33280K, reserved 1081344K
  class space    used 3756K, committed 3968K, reserved 1048576K

Heap Regions: E=young(eden), S=young(survivor), O=old, HS=humongous(starts), HC=humongous(continues), CS=collection set, F=free, OA=open archive, CA=closed archive, TAMS=top-at-mark-start (previous, next)
|   0|0x00000000c9400000, 0x00000000c9500000, 0x00000000c9500000|100%| O|  |TAMS 0x00000000c9500000, 0x00000000c9400000| Untracked 
|   1|0x00000000c9500000, 0x00000000c9600000, 0x00000000c9600000|100%| O|  |TAMS 0x00000000c9600000, 0x00000000c9500000| Untracked 
|   2|0x00000000c9600000, 0x00000000c9700000, 0x00000000c9700000|100%| O|  |TAMS 0x00000000c9700000, 0x00000000c9600000| Untracked 
|   3|0x00000000c9700000, 0x00000000c9800000, 0x00000000c9800000|100%| O|  |TAMS 0x00000000c9800000, 0x00000000c9700000| Untracked 
|   4|0x00000000c9800000, 0x00000000c9900000, 0x00000000c9900000|100%| O|  |TAMS 0x00000000c9900000, 0x00000000c9800000| Untracked 
|   5|0x00000000c9900000, 0x00000000c9a00000, 0x00000000c9a00000|100%| O|  |TAMS 0x00000000c9a00000, 0x00000000c9900000| Untracked 
|   6|0x00000000c9a00000, 0x00000000c9b00000, 0x00000000c9b00000|100%| O|  |TAMS 0x00000000c9b00000, 0x00000000c9a00000| Untracked 
|   7|0x00000000c9b00000, 0x00000000c9c00000, 0x00000000c9c00000|100%| O|  |TAMS 0x00000000c9c00000, 0x00000000c9b00000| Untracked 
|   8|0x00000000c9c00000, 0x00000000c9d00000, 0x00000000c9d00000|100%| O|  |TAMS 0x00000000c9d00000, 0x00000000c9c00000| Untracked 
|   9|0x00000000c9d00000, 0x00000000c9e00000, 0x00000000c9e00000|100%| O|  |TAMS 0x00000000c9e00000, 0x00000000c9d00000| Untracked 
|  10|0x00000000c9e00000, 0x00000000c9e00000, 0x00000000c9f00000|  0%| F|  |TAMS 0x00000000c9e00000, 0x00000000c9e00000| Untracked 
|  11|0x00000000c9f00000, 0x00000000ca000000, 0x00000000ca000000|100%| O|  |TAMS 0x00000000ca000000, 0x00000000c9f00000| Untracked 
|  12|0x00000000ca000000, 0x00000000ca100000, 0x00000000ca100000|100%| O|  |TAMS 0x00000000ca100000, 0x00000000ca000000| Untracked 
|  13|0x00000000ca100000, 0x00000000ca100000, 0x00000000ca200000|  0%| F|  |TAMS 0x00000000ca100000, 0x00000000ca100000| Untracked 
|  14|0x00000000ca200000, 0x00000000ca300000, 0x00000000ca300000|100%| O|  |TAMS 0x00000000ca200000, 0x00000000ca200000| Untracked 
|  15|0x00000000ca300000, 0x00000000ca400000, 0x00000000ca400000|100%| O|  |TAMS 0x00000000ca300000, 0x00000000ca300000| Untracked 
|  16|0x00000000ca400000, 0x00000000ca500000, 0x00000000ca500000|100%| O|  |TAMS 0x00000000ca500000, 0x00000000ca400000| Untracked 
|  17|0x00000000ca500000, 0x00000000ca600000, 0x00000000ca600000|100%| O|  |TAMS 0x00000000ca5bf600, 0x00000000ca500000| Untracked 
|  18|0x00000000ca600000, 0x00000000ca600000, 0x00000000ca700000|  0%| F|  |TAMS 0x00000000ca600000, 0x00000000ca600000| Untracked 
|  19|0x00000000ca700000, 0x00000000ca800000, 0x00000000ca800000|100%| O|  |TAMS 0x00000000ca800000, 0x00000000ca700000| Untracked 
|  20|0x00000000ca800000, 0x00000000ca900000, 0x00000000ca900000|100%|HS|  |TAMS 0x00000000ca900000, 0x00000000ca800000| Complete 
|  21|0x00000000ca900000, 0x00000000caa00000, 0x00000000caa00000|100%| O|  |TAMS 0x00000000ca900000, 0x00000000ca900000| Untracked 
|  22|0x00000000caa00000, 0x00000000cab00000, 0x00000000cab00000|100%| O|  |TAMS 0x00000000caa00000, 0x00000000caa00000| Untracked 
|  23|0x00000000cab00000, 0x00000000cac00000, 0x00000000cac00000|100%| O|  |TAMS 0x00000000cac00000, 0x00000000cab00000| Untracked 
|  24|0x00000000cac00000, 0x00000000cad00000, 0x00000000cad00000|100%| O|  |TAMS 0x00000000cad00000, 0x00000000cac00000| Untracked 
|  25|0x00000000cad00000, 0x00000000cad00000, 0x00000000cae00000|  0%| F|  |TAMS 0x00000000cad00000, 0x00000000cad00000| Untracked 
|  26|0x00000000cae00000, 0x00000000caf00000, 0x00000000caf00000|100%| O|  |TAMS 0x00000000cae00000, 0x00000000cae00000| Untracked 
|  27|0x00000000caf00000, 0x00000000cb000000, 0x00000000cb000000|100%| O|  |TAMS 0x00000000cb000000, 0x00000000caf00000| Untracked 
|  28|0x00000000cb000000, 0x00000000cb100000, 0x00000000cb100000|100%| O|  |TAMS 0x00000000cb000000, 0x00000000cb000000| Untracked 
|  29|0x00000000cb100000, 0x00000000cb200000, 0x00000000cb200000|100%| O|  |TAMS 0x00000000cb100000, 0x00000000cb100000| Untracked 
|  30|0x00000000cb200000, 0x00000000cb300000, 0x00000000cb300000|100%| O|  |TAMS 0x00000000cb200000, 0x00000000cb200000| Untracked 
|  31|0x00000000cb300000, 0x00000000cb395000, 0x00000000cb400000| 58%| O|  |TAMS 0x00000000cb300000, 0x00000000cb300000| Untracked 
|  32|0x00000000cb400000, 0x00000000cb400000, 0x00000000cb500000|  0%| F|  |TAMS 0x00000000cb400000, 0x00000000cb400000| Untracked 
|  33|0x00000000cb500000, 0x00000000cb600000, 0x00000000cb600000|100%| O|  |TAMS 0x00000000cb600000, 0x00000000cb500000| Untracked 
|  34|0x00000000cb600000, 0x00000000cb600000, 0x00000000cb700000|  0%| F|  |TAMS 0x00000000cb600000, 0x00000000cb600000| Untracked 
|  35|0x00000000cb700000, 0x00000000cb700000, 0x00000000cb800000|  0%| F|  |TAMS 0x00000000cb700000, 0x00000000cb700000| Untracked 
|  36|0x00000000cb800000, 0x00000000cb800000, 0x00000000cb900000|  0%| F|  |TAMS 0x00000000cb800000, 0x00000000cb800000| Untracked 
|  37|0x00000000cb900000, 0x00000000cb900000, 0x00000000cba00000|  0%| F|  |TAMS 0x00000000cb900000, 0x00000000cb900000| Untracked 
|  38|0x00000000cba00000, 0x00000000cbb00000, 0x00000000cbb00000|100%|HS|  |TAMS 0x00000000cbb00000, 0x00000000cba00000| Complete 
|  39|0x00000000cbb00000, 0x00000000cbc00000, 0x00000000cbc00000|100%|HS|  |TAMS 0x00000000cbc00000, 0x00000000cbb00000| Complete 
|  40|0x00000000cbc00000, 0x00000000cbd00000, 0x00000000cbd00000|100%|HC|  |TAMS 0x00000000cbd00000, 0x00000000cbc00000| Complete 
|  41|0x00000000cbd00000, 0x00000000cbe00000, 0x00000000cbe00000|100%| O|  |TAMS 0x00000000cbe00000, 0x00000000cbd00000| Untracked 
|  42|0x00000000cbe00000, 0x00000000cbf00000, 0x00000000cbf00000|100%| O|  |TAMS 0x00000000cbf00000, 0x00000000cbe00000| Untracked 
|  43|0x00000000cbf00000, 0x00000000cc000000, 0x00000000cc000000|100%| O|  |TAMS 0x00000000cc000000, 0x00000000cbf00000| Untracked 
|  44|0x00000000cc000000, 0x00000000cc100000, 0x00000000cc100000|100%| O|  |TAMS 0x00000000cc100000, 0x00000000cc000000| Untracked 
|  45|0x00000000cc100000, 0x00000000cc200000, 0x00000000cc200000|100%| O|  |TAMS 0x00000000cc200000, 0x00000000cc100000| Untracked 
|  46|0x00000000cc200000, 0x00000000cc300000, 0x00000000cc300000|100%| O|  |TAMS 0x00000000cc300000, 0x00000000cc200000| Untracked 
|  47|0x00000000cc300000, 0x00000000cc400000, 0x00000000cc400000|100%| O|  |TAMS 0x00000000cc400000, 0x00000000cc300000| Untracked 
|  48|0x00000000cc400000, 0x00000000cc500000, 0x00000000cc500000|100%| O|  |TAMS 0x00000000cc500000, 0x00000000cc400000| Untracked 
|  49|0x00000000cc500000, 0x00000000cc500000, 0x00000000cc600000|  0%| F|  |TAMS 0x00000000cc500000, 0x00000000cc500000| Untracked 
|  50|0x00000000cc600000, 0x00000000cc600000, 0x00000000cc700000|  0%| F|  |TAMS 0x00000000cc600000, 0x00000000cc600000| Untracked 
|  51|0x00000000cc700000, 0x00000000cc700000, 0x00000000cc800000|  0%| F|  |TAMS 0x00000000cc700000, 0x00000000cc700000| Untracked 
|  52|0x00000000cc800000, 0x00000000cc900000, 0x00000000cc900000|100%| O|  |TAMS 0x00000000cc900000, 0x00000000cc800000| Untracked 
|  53|0x00000000cc900000, 0x00000000cca00000, 0x00000000cca00000|100%| O|  |TAMS 0x00000000cca00000, 0x00000000cc900000| Untracked 
|  54|0x00000000cca00000, 0x00000000ccb00000, 0x00000000ccb00000|100%| O|  |TAMS 0x00000000ccb00000, 0x00000000cca00000| Untracked 
|  55|0x00000000ccb00000, 0x00000000ccc00000, 0x00000000ccc00000|100%| O|  |TAMS 0x00000000ccc00000, 0x00000000ccb00000| Untracked 
|  56|0x00000000ccc00000, 0x00000000ccc00000, 0x00000000ccd00000|  0%| F|  |TAMS 0x00000000ccc00000, 0x00000000ccc00000| Untracked 
|  57|0x00000000ccd00000, 0x00000000ccd00000, 0x00000000cce00000|  0%| F|  |TAMS 0x00000000ccd00000, 0x00000000ccd00000| Untracked 
|  58|0x00000000cce00000, 0x00000000cce00000, 0x00000000ccf00000|  0%| F|  |TAMS 0x00000000cce00000, 0x00000000cce00000| Untracked 
|  59|0x00000000ccf00000, 0x00000000ccf00000, 0x00000000cd000000|  0%| F|  |TAMS 0x00000000ccf00000, 0x00000000ccf00000| Untracked 
|  60|0x00000000cd000000, 0x00000000cd000000, 0x00000000cd100000|  0%| F|  |TAMS 0x00000000cd000000, 0x00000000cd000000| Untracked 
|  61|0x00000000cd100000, 0x00000000cd100000, 0x00000000cd200000|  0%| F|  |TAMS 0x00000000cd100000, 0x00000000cd100000| Untracked 
|  62|0x00000000cd200000, 0x00000000cd200000, 0x00000000cd300000|  0%| F|  |TAMS 0x00000000cd200000, 0x00000000cd200000| Untracked 
|  63|0x00000000cd300000, 0x00000000cd300000, 0x00000000cd400000|  0%| F|  |TAMS 0x00000000cd300000, 0x00000000cd300000| Untracked 
|  64|0x00000000cd400000, 0x00000000cd400000, 0x00000000cd500000|  0%| F|  |TAMS 0x00000000cd400000, 0x00000000cd400000| Untracked 
|  65|0x00000000cd500000, 0x00000000cd500000, 0x00000000cd600000|  0%| F|  |TAMS 0x00000000cd500000, 0x00000000cd500000| Untracked 
|  66|0x00000000cd600000, 0x00000000cd600000, 0x00000000cd700000|  0%| F|  |TAMS 0x00000000cd600000, 0x00000000cd600000| Untracked 
|  67|0x00000000cd700000, 0x00000000cd700000, 0x00000000cd800000|  0%| F|  |TAMS 0x00000000cd700000, 0x00000000cd700000| Untracked 
|  68|0x00000000cd800000, 0x00000000cd800000, 0x00000000cd900000|  0%| F|  |TAMS 0x00000000cd800000, 0x00000000cd800000| Untracked 
|  69|0x00000000cd900000, 0x00000000cd900000, 0x00000000cda00000|  0%| F|  |TAMS 0x00000000cd900000, 0x00000000cd900000| Untracked 
|  70|0x00000000cda00000, 0x00000000cda00000, 0x00000000cdb00000|  0%| F|  |TAMS 0x00000000cda00000, 0x00000000cda00000| Untracked 
|  71|0x00000000cdb00000, 0x00000000cdb00000, 0x00000000cdc00000|  0%| F|  |TAMS 0x00000000cdb00000, 0x00000000cdb00000| Untracked 
|  72|0x00000000cdc00000, 0x00000000cdc00000, 0x00000000cdd00000|  0%| F|  |TAMS 0x00000000cdc00000, 0x00000000cdc00000| Untracked 
|  73|0x00000000cdd00000, 0x00000000cdd00000, 0x00000000cde00000|  0%| F|  |TAMS 0x00000000cdd00000, 0x00000000cdd00000| Untracked 
|  74|0x00000000cde00000, 0x00000000cde00000, 0x00000000cdf00000|  0%| F|  |TAMS 0x00000000cde00000, 0x00000000cde00000| Untracked 
|  75|0x00000000cdf00000, 0x00000000cdf00000, 0x00000000ce000000|  0%| F|  |TAMS 0x00000000cdf00000, 0x00000000cdf00000| Untracked 
|  76|0x00000000ce000000, 0x00000000ce000000, 0x00000000ce100000|  0%| F|  |TAMS 0x00000000ce000000, 0x00000000ce000000| Untracked 
|  77|0x00000000ce100000, 0x00000000ce100000, 0x00000000ce200000|  0%| F|  |TAMS 0x00000000ce100000, 0x00000000ce100000| Untracked 
|  78|0x00000000ce200000, 0x00000000ce200000, 0x00000000ce300000|  0%| F|  |TAMS 0x00000000ce200000, 0x00000000ce200000| Untracked 
|  79|0x00000000ce300000, 0x00000000ce300000, 0x00000000ce400000|  0%| F|  |TAMS 0x00000000ce300000, 0x00000000ce300000| Untracked 
|  80|0x00000000ce400000, 0x00000000ce400000, 0x00000000ce500000|  0%| F|  |TAMS 0x00000000ce400000, 0x00000000ce400000| Untracked 
|  81|0x00000000ce500000, 0x00000000ce500000, 0x00000000ce600000|  0%| F|  |TAMS 0x00000000ce500000, 0x00000000ce500000| Untracked 
|  82|0x00000000ce600000, 0x00000000ce600000, 0x00000000ce700000|  0%| F|  |TAMS 0x00000000ce600000, 0x00000000ce600000| Untracked 
|  83|0x00000000ce700000, 0x00000000ce700000, 0x00000000ce800000|  0%| F|  |TAMS 0x00000000ce700000, 0x00000000ce700000| Untracked 
|  84|0x00000000ce800000, 0x00000000ce800000, 0x00000000ce900000|  0%| F|  |TAMS 0x00000000ce800000, 0x00000000ce800000| Untracked 
|  85|0x00000000ce900000, 0x00000000ce900000, 0x00000000cea00000|  0%| F|  |TAMS 0x00000000ce900000, 0x00000000ce900000| Untracked 
|  86|0x00000000cea00000, 0x00000000cea00000, 0x00000000ceb00000|  0%| F|  |TAMS 0x00000000cea00000, 0x00000000cea00000| Untracked 
|  87|0x00000000ceb00000, 0x00000000ceb00000, 0x00000000cec00000|  0%| F|  |TAMS 0x00000000ceb00000, 0x00000000ceb00000| Untracked 
|  88|0x00000000cec00000, 0x00000000cec00000, 0x00000000ced00000|  0%| F|  |TAMS 0x00000000cec00000, 0x00000000cec00000| Untracked 
|  89|0x00000000ced00000, 0x00000000ced00000, 0x00000000cee00000|  0%| F|  |TAMS 0x00000000ced00000, 0x00000000ced00000| Untracked 
|  90|0x00000000cee00000, 0x00000000cee00000, 0x00000000cef00000|  0%| F|  |TAMS 0x00000000cee00000, 0x00000000cee00000| Untracked 
|  91|0x00000000cef00000, 0x00000000cef00000, 0x00000000cf000000|  0%| F|  |TAMS 0x00000000cef00000, 0x00000000cef00000| Untracked 
|  92|0x00000000cf000000, 0x00000000cf000000, 0x00000000cf100000|  0%| F|  |TAMS 0x00000000cf000000, 0x00000000cf000000| Untracked 
|  93|0x00000000cf100000, 0x00000000cf100000, 0x00000000cf200000|  0%| F|  |TAMS 0x00000000cf100000, 0x00000000cf100000| Untracked 
|  94|0x00000000cf200000, 0x00000000cf200000, 0x00000000cf300000|  0%| F|  |TAMS 0x00000000cf200000, 0x00000000cf200000| Untracked 
|  95|0x00000000cf300000, 0x00000000cf300000, 0x00000000cf400000|  0%| F|  |TAMS 0x00000000cf300000, 0x00000000cf300000| Untracked 
|  96|0x00000000cf400000, 0x00000000cf400000, 0x00000000cf500000|  0%| F|  |TAMS 0x00000000cf400000, 0x00000000cf400000| Untracked 
|  97|0x00000000cf500000, 0x00000000cf500000, 0x00000000cf600000|  0%| F|  |TAMS 0x00000000cf500000, 0x00000000cf500000| Untracked 
|  98|0x00000000cf600000, 0x00000000cf600000, 0x00000000cf700000|  0%| F|  |TAMS 0x00000000cf600000, 0x00000000cf600000| Untracked 
|  99|0x00000000cf700000, 0x00000000cf700000, 0x00000000cf800000|  0%| F|  |TAMS 0x00000000cf700000, 0x00000000cf700000| Untracked 
| 100|0x00000000cf800000, 0x00000000cf800000, 0x00000000cf900000|  0%| F|  |TAMS 0x00000000cf800000, 0x00000000cf800000| Untracked 
| 101|0x00000000cf900000, 0x00000000cf900000, 0x00000000cfa00000|  0%| F|  |TAMS 0x00000000cf900000, 0x00000000cf900000| Untracked 
| 102|0x00000000cfa00000, 0x00000000cfa00000, 0x00000000cfb00000|  0%| F|  |TAMS 0x00000000cfa00000, 0x00000000cfa00000| Untracked 
| 103|0x00000000cfb00000, 0x00000000cfb00000, 0x00000000cfc00000|  0%| F|  |TAMS 0x00000000cfb00000, 0x00000000cfb00000| Untracked 
| 104|0x00000000cfc00000, 0x00000000cfc00000, 0x00000000cfd00000|  0%| F|  |TAMS 0x00000000cfc00000, 0x00000000cfc00000| Untracked 
| 105|0x00000000cfd00000, 0x00000000cfd00000, 0x00000000cfe00000|  0%| F|  |TAMS 0x00000000cfd00000, 0x00000000cfd00000| Untracked 
| 106|0x00000000cfe00000, 0x00000000cfe00000, 0x00000000cff00000|  0%| F|  |TAMS 0x00000000cfe00000, 0x00000000cfe00000| Untracked 
| 107|0x00000000cff00000, 0x00000000cff00000, 0x00000000d0000000|  0%| F|  |TAMS 0x00000000cff00000, 0x00000000cff00000| Untracked 
| 108|0x00000000d0000000, 0x00000000d0000000, 0x00000000d0100000|  0%| F|  |TAMS 0x00000000d0000000, 0x00000000d0000000| Untracked 
| 109|0x00000000d0100000, 0x00000000d0100000, 0x00000000d0200000|  0%| F|  |TAMS 0x00000000d0100000, 0x00000000d0100000| Untracked 
| 110|0x00000000d0200000, 0x00000000d0200000, 0x00000000d0300000|  0%| F|  |TAMS 0x00000000d0200000, 0x00000000d0200000| Untracked 
| 111|0x00000000d0300000, 0x00000000d0300000, 0x00000000d0400000|  0%| F|  |TAMS 0x00000000d0300000, 0x00000000d0300000| Untracked 
| 112|0x00000000d0400000, 0x00000000d0400000, 0x00000000d0500000|  0%| F|  |TAMS 0x00000000d0400000, 0x00000000d0400000| Untracked 
| 113|0x00000000d0500000, 0x00000000d0500000, 0x00000000d0600000|  0%| F|  |TAMS 0x00000000d0500000, 0x00000000d0500000| Untracked 
| 114|0x00000000d0600000, 0x00000000d0600000, 0x00000000d0700000|  0%| F|  |TAMS 0x00000000d0600000, 0x00000000d0600000| Untracked 
| 115|0x00000000d0700000, 0x00000000d0700000, 0x00000000d0800000|  0%| F|  |TAMS 0x00000000d0700000, 0x00000000d0700000| Untracked 
| 116|0x00000000d0800000, 0x00000000d0800000, 0x00000000d0900000|  0%| F|  |TAMS 0x00000000d0800000, 0x00000000d0800000| Untracked 
| 117|0x00000000d0900000, 0x00000000d0900000, 0x00000000d0a00000|  0%| F|  |TAMS 0x00000000d0900000, 0x00000000d0900000| Untracked 
| 118|0x00000000d0a00000, 0x00000000d0a00000, 0x00000000d0b00000|  0%| F|  |TAMS 0x00000000d0a00000, 0x00000000d0a00000| Untracked 
| 119|0x00000000d0b00000, 0x00000000d0b00000, 0x00000000d0c00000|  0%| F|  |TAMS 0x00000000d0b00000, 0x00000000d0b00000| Untracked 
| 120|0x00000000d0c00000, 0x00000000d0c00000, 0x00000000d0d00000|  0%| F|  |TAMS 0x00000000d0c00000, 0x00000000d0c00000| Untracked 
| 121|0x00000000d0d00000, 0x00000000d0d00000, 0x00000000d0e00000|  0%| F|  |TAMS 0x00000000d0d00000, 0x00000000d0d00000| Untracked 
| 122|0x00000000d0e00000, 0x00000000d0ed7e10, 0x00000000d0f00000| 84%| S|CS|TAMS 0x00000000d0e00000, 0x00000000d0e00000| Complete 
| 123|0x00000000d0f00000, 0x00000000d1000000, 0x00000000d1000000|100%| S|CS|TAMS 0x00000000d0f00000, 0x00000000d0f00000| Complete 
| 124|0x00000000d1000000, 0x00000000d1100000, 0x00000000d1100000|100%| S|CS|TAMS 0x00000000d1000000, 0x00000000d1000000| Complete 
| 125|0x00000000d1100000, 0x00000000d1100000, 0x00000000d1200000|  0%| F|  |TAMS 0x00000000d1100000, 0x00000000d1100000| Untracked 
| 126|0x00000000d1200000, 0x00000000d1200000, 0x00000000d1300000|  0%| F|  |TAMS 0x00000000d1200000, 0x00000000d1200000| Untracked 
| 127|0x00000000d1300000, 0x00000000d1300000, 0x00000000d1400000|  0%| F|  |TAMS 0x00000000d1300000, 0x00000000d1300000| Untracked 
| 128|0x00000000d1400000, 0x00000000d1400000, 0x00000000d1500000|  0%| F|  |TAMS 0x00000000d1400000, 0x00000000d1400000| Untracked 
| 129|0x00000000d1500000, 0x00000000d1500000, 0x00000000d1600000|  0%| F|  |TAMS 0x00000000d1500000, 0x00000000d1500000| Untracked 
| 130|0x00000000d1600000, 0x00000000d1600000, 0x00000000d1700000|  0%| F|  |TAMS 0x00000000d1600000, 0x00000000d1600000| Untracked 
| 131|0x00000000d1700000, 0x00000000d1700000, 0x00000000d1800000|  0%| F|  |TAMS 0x00000000d1700000, 0x00000000d1700000| Untracked 
| 132|0x00000000d1800000, 0x00000000d1800000, 0x00000000d1900000|  0%| F|  |TAMS 0x00000000d1800000, 0x00000000d1800000| Untracked 
| 133|0x00000000d1900000, 0x00000000d1900000, 0x00000000d1a00000|  0%| F|  |TAMS 0x00000000d1900000, 0x00000000d1900000| Untracked 
| 134|0x00000000d1a00000, 0x00000000d1a00000, 0x00000000d1b00000|  0%| F|  |TAMS 0x00000000d1a00000, 0x00000000d1a00000| Untracked 
| 135|0x00000000d1b00000, 0x00000000d1b00000, 0x00000000d1c00000|  0%| F|  |TAMS 0x00000000d1b00000, 0x00000000d1b00000| Untracked 
| 136|0x00000000d1c00000, 0x00000000d1c00000, 0x00000000d1d00000|  0%| F|  |TAMS 0x00000000d1c00000, 0x00000000d1c00000| Untracked 
| 137|0x00000000d1d00000, 0x00000000d1d00000, 0x00000000d1e00000|  0%| F|  |TAMS 0x00000000d1d00000, 0x00000000d1d00000| Untracked 
| 138|0x00000000d1e00000, 0x00000000d1e00000, 0x00000000d1f00000|  0%| F|  |TAMS 0x00000000d1e00000, 0x00000000d1e00000| Untracked 
| 139|0x00000000d1f00000, 0x00000000d1f00000, 0x00000000d2000000|  0%| F|  |TAMS 0x00000000d1f00000, 0x00000000d1f00000| Untracked 
| 140|0x00000000d2000000, 0x00000000d2000000, 0x00000000d2100000|  0%| F|  |TAMS 0x00000000d2000000, 0x00000000d2000000| Untracked 
| 141|0x00000000d2100000, 0x00000000d2100000, 0x00000000d2200000|  0%| F|  |TAMS 0x00000000d2100000, 0x00000000d2100000| Untracked 
| 142|0x00000000d2200000, 0x00000000d2200000, 0x00000000d2300000|  0%| F|  |TAMS 0x00000000d2200000, 0x00000000d2200000| Untracked 
| 143|0x00000000d2300000, 0x00000000d2300000, 0x00000000d2400000|  0%| F|  |TAMS 0x00000000d2300000, 0x00000000d2300000| Untracked 
| 144|0x00000000d2400000, 0x00000000d2400000, 0x00000000d2500000|  0%| F|  |TAMS 0x00000000d2400000, 0x00000000d2400000| Untracked 
| 145|0x00000000d2500000, 0x00000000d2500000, 0x00000000d2600000|  0%| F|  |TAMS 0x00000000d2500000, 0x00000000d2500000| Untracked 
| 146|0x00000000d2600000, 0x00000000d2600000, 0x00000000d2700000|  0%| F|  |TAMS 0x00000000d2600000, 0x00000000d2600000| Untracked 
| 147|0x00000000d2700000, 0x00000000d2700000, 0x00000000d2800000|  0%| F|  |TAMS 0x00000000d2700000, 0x00000000d2700000| Untracked 
| 148|0x00000000d2800000, 0x00000000d2800000, 0x00000000d2900000|  0%| F|  |TAMS 0x00000000d2800000, 0x00000000d2800000| Untracked 
| 149|0x00000000d2900000, 0x00000000d2900000, 0x00000000d2a00000|  0%| F|  |TAMS 0x00000000d2900000, 0x00000000d2900000| Untracked 
| 150|0x00000000d2a00000, 0x00000000d2a00000, 0x00000000d2b00000|  0%| F|  |TAMS 0x00000000d2a00000, 0x00000000d2a00000| Untracked 
| 151|0x00000000d2b00000, 0x00000000d2b00000, 0x00000000d2c00000|  0%| F|  |TAMS 0x00000000d2b00000, 0x00000000d2b00000| Untracked 
| 152|0x00000000d2c00000, 0x00000000d2c00000, 0x00000000d2d00000|  0%| F|  |TAMS 0x00000000d2c00000, 0x00000000d2c00000| Untracked 
| 153|0x00000000d2d00000, 0x00000000d2d00000, 0x00000000d2e00000|  0%| F|  |TAMS 0x00000000d2d00000, 0x00000000d2d00000| Untracked 
| 154|0x00000000d2e00000, 0x00000000d2e00000, 0x00000000d2f00000|  0%| F|  |TAMS 0x00000000d2e00000, 0x00000000d2e00000| Untracked 
| 155|0x00000000d2f00000, 0x00000000d2f00000, 0x00000000d3000000|  0%| F|  |TAMS 0x00000000d2f00000, 0x00000000d2f00000| Untracked 
| 156|0x00000000d3000000, 0x00000000d3000000, 0x00000000d3100000|  0%| F|  |TAMS 0x00000000d3000000, 0x00000000d3000000| Untracked 
| 157|0x00000000d3100000, 0x00000000d3100000, 0x00000000d3200000|  0%| F|  |TAMS 0x00000000d3100000, 0x00000000d3100000| Untracked 
| 158|0x00000000d3200000, 0x00000000d3200000, 0x00000000d3300000|  0%| F|  |TAMS 0x00000000d3200000, 0x00000000d3200000| Untracked 
| 159|0x00000000d3300000, 0x00000000d3300000, 0x00000000d3400000|  0%| F|  |TAMS 0x00000000d3300000, 0x00000000d3300000| Untracked 
| 160|0x00000000d3400000, 0x00000000d3400000, 0x00000000d3500000|  0%| F|  |TAMS 0x00000000d3400000, 0x00000000d3400000| Untracked 
| 161|0x00000000d3500000, 0x00000000d3580800, 0x00000000d3600000| 50%| E|  |TAMS 0x00000000d3500000, 0x00000000d3500000| Complete 
| 162|0x00000000d3600000, 0x00000000d3700000, 0x00000000d3700000|100%| E|CS|TAMS 0x00000000d3600000, 0x00000000d3600000| Complete 
| 163|0x00000000d3700000, 0x00000000d3800000, 0x00000000d3800000|100%| E|CS|TAMS 0x00000000d3700000, 0x00000000d3700000| Complete 
| 164|0x00000000d3800000, 0x00000000d3900000, 0x00000000d3900000|100%| E|CS|TAMS 0x00000000d3800000, 0x00000000d3800000| Complete 
| 165|0x00000000d3900000, 0x00000000d3a00000, 0x00000000d3a00000|100%| E|CS|TAMS 0x00000000d3900000, 0x00000000d3900000| Complete 
| 166|0x00000000d3a00000, 0x00000000d3b00000, 0x00000000d3b00000|100%| E|CS|TAMS 0x00000000d3a00000, 0x00000000d3a00000| Complete 
| 167|0x00000000d3b00000, 0x00000000d3c00000, 0x00000000d3c00000|100%| E|CS|TAMS 0x00000000d3b00000, 0x00000000d3b00000| Complete 
| 168|0x00000000d3c00000, 0x00000000d3d00000, 0x00000000d3d00000|100%| E|CS|TAMS 0x00000000d3c00000, 0x00000000d3c00000| Complete 
| 169|0x00000000d3d00000, 0x00000000d3e00000, 0x00000000d3e00000|100%| E|CS|TAMS 0x00000000d3d00000, 0x00000000d3d00000| Complete 
| 170|0x00000000d3e00000, 0x00000000d3f00000, 0x00000000d3f00000|100%| E|CS|TAMS 0x00000000d3e00000, 0x00000000d3e00000| Complete 
| 171|0x00000000d3f00000, 0x00000000d4000000, 0x00000000d4000000|100%| E|CS|TAMS 0x00000000d3f00000, 0x00000000d3f00000| Complete 
| 172|0x00000000d4000000, 0x00000000d4100000, 0x00000000d4100000|100%| E|CS|TAMS 0x00000000d4000000, 0x00000000d4000000| Complete 
| 173|0x00000000d4100000, 0x00000000d4200000, 0x00000000d4200000|100%| E|CS|TAMS 0x00000000d4100000, 0x00000000d4100000| Complete 
| 174|0x00000000d4200000, 0x00000000d4300000, 0x00000000d4300000|100%| E|CS|TAMS 0x00000000d4200000, 0x00000000d4200000| Complete 
| 175|0x00000000d4300000, 0x00000000d4400000, 0x00000000d4400000|100%| E|CS|TAMS 0x00000000d4300000, 0x00000000d4300000| Complete 
| 176|0x00000000d4400000, 0x00000000d4500000, 0x00000000d4500000|100%| E|CS|TAMS 0x00000000d4400000, 0x00000000d4400000| Complete 
| 177|0x00000000d4500000, 0x00000000d4600000, 0x00000000d4600000|100%| E|CS|TAMS 0x00000000d4500000, 0x00000000d4500000| Complete 
| 178|0x00000000d4600000, 0x00000000d4700000, 0x00000000d4700000|100%| E|CS|TAMS 0x00000000d4600000, 0x00000000d4600000| Complete 
| 179|0x00000000d4700000, 0x00000000d4800000, 0x00000000d4800000|100%| E|CS|TAMS 0x00000000d4700000, 0x00000000d4700000| Complete 

Card table byte_map: [0x000001f999dc0000,0x000001f999f80000] _byte_map_base: 0x000001f999776000

Marking Bits (Prev, Next): (CMBitMap*) 0x000001f99a0582c0, (CMBitMap*) 0x000001f99a058300
 Prev Bits: [0x000001f9b0a70000, 0x000001f9b1820000)
 Next Bits: [0x000001f9b1820000, 0x000001f9b25d0000)

Polling page: 0x000001f997ef0000

Metaspace:

Usage:
  Non-class:     28.41 MB used.
      Class:      3.67 MB used.
       Both:     32.08 MB used.

Virtual space:
  Non-class space:       32.00 MB reserved,      28.62 MB ( 89%) committed,  4 nodes.
      Class space:        1.00 GB reserved,       3.88 MB ( <1%) committed,  1 nodes.
             Both:        1.03 GB reserved,      32.50 MB (  3%) committed. 

Chunk freelists:
   Non-Class:  2.61 MB
       Class:  3.95 MB
        Both:  6.56 MB

MaxMetaspaceSize: unlimited
CompressedClassSpaceSize: 1.00 GB
Initial GC threshold: 21.00 MB
Current GC threshold: 49.62 MB
CDS: on
MetaspaceReclaimPolicy: balanced
 - commit_granule_bytes: 65536.
 - commit_granule_words: 8192.
 - virtual_space_node_default_size: 1048576.
 - enlarge_chunks_in_place: 1.
 - new_chunks_are_fully_committed: 0.
 - uncommit_free_chunks: 1.
 - use_allocation_guard: 0.
 - handle_deallocations: 1.


Internal statistics:

num_allocs_failed_limit: 3.
num_arena_births: 250.
num_arena_deaths: 6.
num_vsnodes_births: 5.
num_vsnodes_deaths: 0.
num_space_committed: 538.
num_space_uncommitted: 18.
num_chunks_returned_to_freelist: 89.
num_chunks_taken_from_freelist: 1540.
num_chunk_merges: 27.
num_chunk_splits: 1049.
num_chunks_enlarged: 814.
num_purges: 2.
num_inconsistent_stats: 0.

CodeHeap 'non-profiled nmethods': size=120064Kb used=3370Kb max_used=3370Kb free=116693Kb
 bounds [0x000001f9a9370000, 0x000001f9a96c0000, 0x000001f9b08b0000]
CodeHeap 'profiled nmethods': size=120000Kb used=14310Kb max_used=14310Kb free=105689Kb
 bounds [0x000001f9a18b0000, 0x000001f9a26b0000, 0x000001f9a8de0000]
CodeHeap 'non-nmethods': size=5696Kb used=1241Kb max_used=1257Kb free=4454Kb
 bounds [0x000001f9a8de0000, 0x000001f9a9050000, 0x000001f9a9370000]
 total_blobs=6919 nmethods=6361 adapters=468
 compilation: enabled
              stopped_count=0, restarted_count=0
 full_count=0

Compilation events (20 events):
Event: 16.183 Thread 0x000001f9b48e7c00 7239       3       java.lang.ProcessEnvironment$EntryComparator::compare (13 bytes)
Event: 16.183 Thread 0x000001f9b48e7c00 nmethod 7239 0x000001f9a26a5e10 code [0x000001f9a26a6000, 0x000001f9a26a6768]
Event: 16.183 Thread 0x000001f9b48e7c00 7240       3       java.lang.ProcessEnvironment$CheckedEntry::getValue (5 bytes)
Event: 16.183 Thread 0x000001f9b48e7c00 nmethod 7240 0x000001f9a26a6910 code [0x000001f9a26a6ac0, 0x000001f9a26a6e08]
Event: 16.346 Thread 0x000001f9b48e7c00 7243       3       java.lang.invoke.InvokerBytecodeGenerator::getInternalName (103 bytes)
Event: 16.347 Thread 0x000001f9b48e7c00 nmethod 7243 0x000001f9a26a6f10 code [0x000001f9a26a7120, 0x000001f9a26a7678]
Event: 16.358 Thread 0x000001f9b48e7c00 7245       3       java.util.AbstractList::listIterator (6 bytes)
Event: 16.358 Thread 0x000001f9b48e7c00 nmethod 7245 0x000001f9a26a7790 code [0x000001f9a26a7940, 0x000001f9a26a7b08]
Event: 16.363 Thread 0x000001f9b48e7c00 7246       3       java.util.zip.CRC32::update (51 bytes)
Event: 16.364 Thread 0x000001f9b48e7c00 nmethod 7246 0x000001f9a26a7b90 code [0x000001f9a26a7d80, 0x000001f9a26a8208]
Event: 16.393 Thread 0x000001f9b48e7c00 7247       3       java.util.regex.Pattern::Single (7 bytes)
Event: 16.393 Thread 0x000001f9b48e7c00 nmethod 7247 0x000001f9a26a8410 code [0x000001f9a26a8600, 0x000001f9a26a8b68]
Event: 16.402 Thread 0x000001f9b48e7c00 7248       3       java.lang.AbstractStringBuilder::append (45 bytes)
Event: 16.402 Thread 0x000001f9b48e7c00 nmethod 7248 0x000001f9a26a8d90 code [0x000001f9a26a8f60, 0x000001f9a26a92a8]
Event: 16.403 Thread 0x000001f9b48e7c00 7249       3       java.lang.invoke.VarHandleGuards::guard_LLL_Z (86 bytes)
Event: 16.404 Thread 0x000001f9b48e7c00 nmethod 7249 0x000001f9a26a9410 code [0x000001f9a26a9760, 0x000001f9a26ab528]
Event: 16.406 Thread 0x000001f9b48e7c00 7250       1       java.util.concurrent.atomic.AtomicInteger::get (5 bytes)
Event: 16.406 Thread 0x000001f9b48e7c00 nmethod 7250 0x000001f9a96ba790 code [0x000001f9a96ba920, 0x000001f9a96ba9f8]
Event: 16.519 Thread 0x000001f9b48e7c00 7251       3       java.lang.invoke.VarHandleReferences$FieldInstanceReadWrite::compareAndSet (48 bytes)
Event: 16.520 Thread 0x000001f9b48e7c00 nmethod 7251 0x000001f9a26abd90 code [0x000001f9a26ac000, 0x000001f9a26aca88]

GC Heap History (20 events):
Event: 10.634 GC heap before
{Heap before GC invocations=17 (full 0):
 garbage-first heap   total 72704K, used 53427K [0x00000000c9400000, 0x0000000100000000)
  region size 1024K, 16 young (16384K), 1 survivors (1024K)
 Metaspace       used 28228K, committed 28544K, reserved 1081344K
  class space    used 3258K, committed 3392K, reserved 1048576K
}
Event: 10.637 GC heap after
{Heap after GC invocations=18 (full 0):
 garbage-first heap   total 72704K, used 39217K [0x00000000c9400000, 0x0000000100000000)
  region size 1024K, 2 young (2048K), 2 survivors (2048K)
 Metaspace       used 28228K, committed 28544K, reserved 1081344K
  class space    used 3258K, committed 3392K, reserved 1048576K
}
Event: 11.282 GC heap before
{Heap before GC invocations=18 (full 0):
 garbage-first heap   total 72704K, used 50481K [0x00000000c9400000, 0x0000000100000000)
  region size 1024K, 15 young (15360K), 2 survivors (2048K)
 Metaspace       used 29347K, committed 29696K, reserved 1081344K
  class space    used 3383K, committed 3520K, reserved 1048576K
}
Event: 11.287 GC heap after
{Heap after GC invocations=19 (full 0):
 garbage-first heap   total 72704K, used 39986K [0x00000000c9400000, 0x0000000100000000)
  region size 1024K, 2 young (2048K), 2 survivors (2048K)
 Metaspace       used 29347K, committed 29696K, reserved 1081344K
  class space    used 3383K, committed 3520K, reserved 1048576K
}
Event: 11.935 GC heap before
{Heap before GC invocations=20 (full 0):
 garbage-first heap   total 72704K, used 49202K [0x00000000c9400000, 0x0000000100000000)
  region size 1024K, 12 young (12288K), 2 survivors (2048K)
 Metaspace       used 30073K, committed 30464K, reserved 1081344K
  class space    used 3479K, committed 3648K, reserved 1048576K
}
Event: 11.940 GC heap after
{Heap after GC invocations=21 (full 0):
 garbage-first heap   total 72704K, used 40542K [0x00000000c9400000, 0x0000000100000000)
  region size 1024K, 2 young (2048K), 2 survivors (2048K)
 Metaspace       used 30073K, committed 30464K, reserved 1081344K
  class space    used 3479K, committed 3648K, reserved 1048576K
}
Event: 12.677 GC heap before
{Heap before GC invocations=22 (full 0):
 garbage-first heap   total 72704K, used 59998K [0x00000000c9400000, 0x0000000100000000)
  region size 1024K, 19 young (19456K), 2 survivors (2048K)
 Metaspace       used 30144K, committed 30528K, reserved 1081344K
  class space    used 3480K, committed 3648K, reserved 1048576K
}
Event: 12.686 GC heap after
{Heap after GC invocations=23 (full 0):
 garbage-first heap   total 72704K, used 52550K [0x00000000c9400000, 0x0000000100000000)
  region size 1024K, 3 young (3072K), 3 survivors (3072K)
 Metaspace       used 30144K, committed 30528K, reserved 1081344K
  class space    used 3480K, committed 3648K, reserved 1048576K
}
Event: 12.690 GC heap before
{Heap before GC invocations=23 (full 0):
 garbage-first heap   total 72704K, used 53574K [0x00000000c9400000, 0x0000000100000000)
  region size 1024K, 4 young (4096K), 3 survivors (3072K)
 Metaspace       used 30144K, committed 30528K, reserved 1081344K
  class space    used 3480K, committed 3648K, reserved 1048576K
}
Event: 12.696 GC heap after
{Heap after GC invocations=24 (full 0):
 garbage-first heap   total 72704K, used 48128K [0x00000000c9400000, 0x0000000100000000)
  region size 1024K, 1 young (1024K), 1 survivors (1024K)
 Metaspace       used 30144K, committed 30528K, reserved 1081344K
  class space    used 3480K, committed 3648K, reserved 1048576K
}
Event: 13.031 GC heap before
{Heap before GC invocations=24 (full 0):
 garbage-first heap   total 72704K, used 49152K [0x00000000c9400000, 0x0000000100000000)
  region size 1024K, 3 young (3072K), 1 survivors (1024K)
 Metaspace       used 30145K, committed 30528K, reserved 1081344K
  class space    used 3480K, committed 3648K, reserved 1048576K
}
Event: 13.034 GC heap after
{Heap after GC invocations=25 (full 0):
 garbage-first heap   total 72704K, used 47254K [0x00000000c9400000, 0x0000000100000000)
  region size 1024K, 1 young (1024K), 1 survivors (1024K)
 Metaspace       used 30145K, committed 30528K, reserved 1081344K
  class space    used 3480K, committed 3648K, reserved 1048576K
}
Event: 13.641 GC heap before
{Heap before GC invocations=25 (full 0):
 garbage-first heap   total 72704K, used 56470K [0x00000000c9400000, 0x0000000100000000)
  region size 1024K, 10 young (10240K), 1 survivors (1024K)
 Metaspace       used 30160K, committed 30528K, reserved 1081344K
  class space    used 3480K, committed 3648K, reserved 1048576K
}
Event: 13.647 GC heap after
{Heap after GC invocations=26 (full 0):
 garbage-first heap   total 72704K, used 50845K [0x00000000c9400000, 0x0000000100000000)
  region size 1024K, 2 young (2048K), 2 survivors (2048K)
 Metaspace       used 30160K, committed 30528K, reserved 1081344K
  class space    used 3480K, committed 3648K, reserved 1048576K
}
Event: 13.981 GC heap before
{Heap before GC invocations=27 (full 0):
 garbage-first heap   total 81920K, used 53917K [0x00000000c9400000, 0x0000000100000000)
  region size 1024K, 9 young (9216K), 2 survivors (2048K)
 Metaspace       used 28500K, committed 29376K, reserved 1081344K
  class space    used 3277K, committed 3584K, reserved 1048576K
}
Event: 13.985 GC heap after
{Heap after GC invocations=28 (full 0):
 garbage-first heap   total 81920K, used 50484K [0x00000000c9400000, 0x0000000100000000)
  region size 1024K, 2 young (2048K), 2 survivors (2048K)
 Metaspace       used 28500K, committed 29376K, reserved 1081344K
  class space    used 3277K, committed 3584K, reserved 1048576K
}
Event: 14.007 GC heap before
{Heap before GC invocations=28 (full 0):
 garbage-first heap   total 81920K, used 52532K [0x00000000c9400000, 0x0000000100000000)
  region size 1024K, 4 young (4096K), 2 survivors (2048K)
 Metaspace       used 28500K, committed 29376K, reserved 1081344K
  class space    used 3277K, committed 3584K, reserved 1048576K
}
Event: 14.014 GC heap after
{Heap after GC invocations=29 (full 0):
 garbage-first heap   total 184320K, used 46080K [0x00000000c9400000, 0x0000000100000000)
  region size 1024K, 1 young (1024K), 1 survivors (1024K)
 Metaspace       used 28500K, committed 29376K, reserved 1081344K
  class space    used 3277K, committed 3584K, reserved 1048576K
}
Event: 15.718 GC heap before
{Heap before GC invocations=29 (full 0):
 garbage-first heap   total 184320K, used 101376K [0x00000000c9400000, 0x0000000100000000)
  region size 1024K, 56 young (57344K), 1 survivors (1024K)
 Metaspace       used 30505K, committed 30848K, reserved 1081344K
  class space    used 3494K, committed 3648K, reserved 1048576K
}
Event: 15.725 GC heap after
{Heap after GC invocations=30 (full 0):
 garbage-first heap   total 184320K, used 47539K [0x00000000c9400000, 0x0000000100000000)
  region size 1024K, 3 young (3072K), 3 survivors (3072K)
 Metaspace       used 30505K, committed 30848K, reserved 1081344K
  class space    used 3494K, committed 3648K, reserved 1048576K
}

Deoptimization events (20 events):
Event: 16.183 Thread 0x000001f99a0207c0 Uncommon trap: trap_request=0xffffffbe fr.pc=0x000001f9a945ebc8 relative=0x0000000000001de8
Event: 16.183 Thread 0x000001f99a0207c0 Uncommon trap: reason=profile_predicate action=maybe_recompile pc=0x000001f9a945ebc8 method=java.util.TimSort.binarySort([Ljava/lang/Object;IIILjava/util/Comparator;)V @ 34 c2
Event: 16.183 Thread 0x000001f99a0207c0 DEOPT PACKING pc=0x000001f9a945ebc8 sp=0x0000005846cfc960
Event: 16.183 Thread 0x000001f99a0207c0 DEOPT UNPACKING pc=0x000001f9a8e323a3 sp=0x0000005846cfc940 mode 2
Event: 16.393 Thread 0x000001f9b56ae2d0 Uncommon trap: trap_request=0xffffff45 fr.pc=0x000001f9a94685bc relative=0x00000000000004fc
Event: 16.393 Thread 0x000001f9b56ae2d0 Uncommon trap: reason=unstable_if action=reinterpret pc=0x000001f9a94685bc method=java.lang.AbstractStringBuilder.putStringAt(ILjava/lang/String;II)V @ 8 c2
Event: 16.393 Thread 0x000001f9b56ae2d0 DEOPT PACKING pc=0x000001f9a94685bc sp=0x00000058483fef60
Event: 16.393 Thread 0x000001f9b56ae2d0 DEOPT UNPACKING pc=0x000001f9a8e323a3 sp=0x00000058483fede8 mode 2
Event: 16.393 Thread 0x000001f9b56ae2d0 Uncommon trap: trap_request=0xffffff45 fr.pc=0x000001f9a9466730 relative=0x00000000000004f0
Event: 16.393 Thread 0x000001f9b56ae2d0 Uncommon trap: reason=unstable_if action=reinterpret pc=0x000001f9a9466730 method=java.lang.AbstractStringBuilder.putStringAt(ILjava/lang/String;II)V @ 8 c2
Event: 16.393 Thread 0x000001f9b56ae2d0 DEOPT PACKING pc=0x000001f9a9466730 sp=0x00000058483feef0
Event: 16.393 Thread 0x000001f9b56ae2d0 DEOPT UNPACKING pc=0x000001f9a8e323a3 sp=0x00000058483fede0 mode 2
Event: 16.393 Thread 0x000001f9b56ae2d0 Uncommon trap: trap_request=0xffffff45 fr.pc=0x000001f9a941b974 relative=0x00000000000003d4
Event: 16.393 Thread 0x000001f9b56ae2d0 Uncommon trap: reason=unstable_if action=reinterpret pc=0x000001f9a941b974 method=java.lang.StringBuilder.toString()Ljava/lang/String; @ 4 c2
Event: 16.393 Thread 0x000001f9b56ae2d0 DEOPT PACKING pc=0x000001f9a941b974 sp=0x00000058483fef70
Event: 16.393 Thread 0x000001f9b56ae2d0 DEOPT UNPACKING pc=0x000001f9a8e323a3 sp=0x00000058483fef50 mode 2
Event: 16.393 Thread 0x000001f9b56ae2d0 Uncommon trap: trap_request=0xffffff45 fr.pc=0x000001f9a9558b80 relative=0x0000000000000080
Event: 16.393 Thread 0x000001f9b56ae2d0 Uncommon trap: reason=unstable_if action=reinterpret pc=0x000001f9a9558b80 method=java.lang.String.codePointAt(I)I @ 4 c2
Event: 16.393 Thread 0x000001f9b56ae2d0 DEOPT PACKING pc=0x000001f9a9558b80 sp=0x00000058483feee0
Event: 16.393 Thread 0x000001f9b56ae2d0 DEOPT UNPACKING pc=0x000001f9a8e323a3 sp=0x00000058483fee78 mode 2

Classes unloaded (20 events):
Event: 13.688 Thread 0x000001f99a0f8210 Unloading class 0x0000000800f2a9e8 'lombok/javac/apt/LombokFileObject'
Event: 13.688 Thread 0x000001f99a0f8210 Unloading class 0x0000000800f2a7e8 'lombok/javac/apt/LombokFileObjects'
Event: 13.688 Thread 0x000001f99a0f8210 Unloading class 0x0000000800f2a5b0 'lombok/javac/apt/MessagerDiagnosticsReceiver'
Event: 13.688 Thread 0x000001f99a0f8210 Unloading class 0x0000000800f2a208 'lombok/javac/apt/InterceptingJavaFileManager'
Event: 13.688 Thread 0x000001f99a0f8210 Unloading class 0x0000000800f2a000 'lombok/permit/dummy/Parent'
Event: 13.688 Thread 0x000001f99a0f8210 Unloading class 0x0000000800f29c08 'lombok/core/CleanupRegistry'
Event: 13.688 Thread 0x000001f99a0f8210 Unloading class 0x0000000800f29a00 'lombok/permit/Permit$Fake'
Event: 13.688 Thread 0x000001f99a0f8210 Unloading class 0x0000000800f29800 'lombok/permit/Permit'
Event: 13.688 Thread 0x000001f99a0f8210 Unloading class 0x0000000800f28d00 'lombok/javac/apt/LombokProcessor$1'
Event: 13.688 Thread 0x000001f99a0f8210 Unloading class 0x0000000800f28b08 'lombok/core/DiagnosticsReceiver'
Event: 13.688 Thread 0x000001f99a0f8210 Unloading class 0x0000000800f28870 'lombok/javac/apt/LombokProcessor'
Event: 13.688 Thread 0x000001f99a0f8210 Unloading class 0x0000000800f28640 'lombok/core/AnnotationProcessor$EcjDescriptor'
Event: 13.688 Thread 0x000001f99a0f8210 Unloading class 0x0000000800f28408 'lombok/core/AnnotationProcessor$JavacDescriptor'
Event: 13.688 Thread 0x000001f99a0f8210 Unloading class 0x0000000800f28000 'lombok/core/AnnotationProcessor$ProcessorDescriptor'
Event: 13.688 Thread 0x000001f99a0f8210 Unloading class 0x0000000800f1c400 'lombok/core/AnnotationProcessor'
Event: 13.688 Thread 0x000001f99a0f8210 Unloading class 0x0000000800f29200 'lombok/launch/AnnotationProcessorHider$ClaimingProcessor'
Event: 13.688 Thread 0x000001f99a0f8210 Unloading class 0x0000000800f29000 'lombok/launch/AnnotationProcessorHider$AstModificationNotifierData'
Event: 13.688 Thread 0x000001f99a0f8210 Unloading class 0x0000000800f04480 'lombok/launch/ShadowClassLoader'
Event: 13.688 Thread 0x000001f99a0f8210 Unloading class 0x0000000800f04280 'lombok/launch/Main'
Event: 13.688 Thread 0x000001f99a0f8210 Unloading class 0x0000000800f04000 'lombok/launch/AnnotationProcessorHider$AnnotationProcessor'

Classes redefined (0 events):
No events

Internal exceptions (20 events):
Event: 14.958 Thread 0x000001f99a0207c0 Exception <a 'sun/nio/fs/WindowsException'{0x00000000d2c5d270}> (0x00000000d2c5d270) 
thrown [s\open\src\hotspot\share\prims\jni.cpp, line 516]
Event: 14.958 Thread 0x000001f99a0207c0 Exception <a 'sun/nio/fs/WindowsException'{0x00000000d2c5d6a0}> (0x00000000d2c5d6a0) 
thrown [s\open\src\hotspot\share\prims\jni.cpp, line 516]
Event: 14.958 Thread 0x000001f99a0207c0 Exception <a 'sun/nio/fs/WindowsException'{0x00000000d2c5e728}> (0x00000000d2c5e728) 
thrown [s\open\src\hotspot\share\prims\jni.cpp, line 516]
Event: 14.958 Thread 0x000001f99a0207c0 Exception <a 'sun/nio/fs/WindowsException'{0x00000000d2c5eab8}> (0x00000000d2c5eab8) 
thrown [s\open\src\hotspot\share\prims\jni.cpp, line 516]
Event: 14.966 Thread 0x000001f99a0207c0 Exception <a 'sun/nio/fs/WindowsException'{0x00000000d2b39f98}> (0x00000000d2b39f98) 
thrown [s\open\src\hotspot\share\prims\jni.cpp, line 516]
Event: 14.968 Thread 0x000001f99a0207c0 Exception <a 'sun/nio/fs/WindowsException'{0x00000000d2b4ffa8}> (0x00000000d2b4ffa8) 
thrown [s\open\src\hotspot\share\prims\jni.cpp, line 516]
Event: 14.972 Thread 0x000001f99a0207c0 Exception <a 'sun/nio/fs/WindowsException'{0x00000000d2b68c80}> (0x00000000d2b68c80) 
thrown [s\open\src\hotspot\share\prims\jni.cpp, line 516]
Event: 14.972 Thread 0x000001f99a0207c0 Exception <a 'sun/nio/fs/WindowsException'{0x00000000d2b693f0}> (0x00000000d2b693f0) 
thrown [s\open\src\hotspot\share\prims\jni.cpp, line 516]
Event: 14.972 Thread 0x000001f99a0207c0 Exception <a 'sun/nio/fs/WindowsException'{0x00000000d2b699b0}> (0x00000000d2b699b0) 
thrown [s\open\src\hotspot\share\prims\jni.cpp, line 516]
Event: 14.972 Thread 0x000001f99a0207c0 Exception <a 'sun/nio/fs/WindowsException'{0x00000000d2b6a110}> (0x00000000d2b6a110) 
thrown [s\open\src\hotspot\share\prims\jni.cpp, line 516]
Event: 14.972 Thread 0x000001f99a0207c0 Exception <a 'sun/nio/fs/WindowsException'{0x00000000d2b6a480}> (0x00000000d2b6a480) 
thrown [s\open\src\hotspot\share\prims\jni.cpp, line 516]
Event: 14.973 Thread 0x000001f99a0207c0 Exception <a 'sun/nio/fs/WindowsException'{0x00000000d2b6b148}> (0x00000000d2b6b148) 
thrown [s\open\src\hotspot\share\prims\jni.cpp, line 516]
Event: 14.973 Thread 0x000001f99a0207c0 Exception <a 'sun/nio/fs/WindowsException'{0x00000000d2b6b488}> (0x00000000d2b6b488) 
thrown [s\open\src\hotspot\share\prims\jni.cpp, line 516]
Event: 14.973 Thread 0x000001f99a0207c0 Exception <a 'sun/nio/fs/WindowsException'{0x00000000d2b6c148}> (0x00000000d2b6c148) 
thrown [s\open\src\hotspot\share\prims\jni.cpp, line 516]
Event: 15.760 Thread 0x000001f9b6050b30 Exception <a 'java/lang/NoSuchMethodError'{0x00000000d4736260}: 'java.lang.Object java.lang.invoke.DirectMethodHandle$Holder.invokeStaticInit(java.lang.Object, java.lang.Object, long, java.lang.Object)'> (0x00000000d4736260) 
thrown [s\open\src\hotspot\share\interpreter\linkResolver.cpp, line 759]
Event: 15.761 Thread 0x000001f9b6050b30 Exception <a 'java/lang/NoSuchMethodError'{0x00000000d473c9a0}: 'java.lang.Object java.lang.invoke.DirectMethodHandle$Holder.newInvokeSpecial(java.lang.Object, java.lang.Object, long)'> (0x00000000d473c9a0) 
thrown [s\open\src\hotspot\share\interpreter\linkResolver.cpp, line 759]
Event: 15.761 Thread 0x000001f9b6050b30 Exception <a 'java/lang/NoSuchMethodError'{0x00000000d4740510}: 'java.lang.Object java.lang.invoke.Invokers$Holder.linkToTargetMethod(java.lang.Object, long, java.lang.Object)'> (0x00000000d4740510) 
thrown [s\open\src\hotspot\share\interpreter\linkResolver.cpp, line 759]
Event: 15.860 Thread 0x000001f99a0207c0 Exception <a 'java/lang/NoSuchMethodError'{0x00000000d445ccb0}: 'java.lang.Object java.lang.invoke.DirectMethodHandle$Holder.invokeStaticInit(java.lang.Object, java.lang.Object, int, int, int, int)'> (0x00000000d445ccb0) 
thrown [s\open\src\hotspot\share\interpreter\linkResolver.cpp, line 759]
Event: 16.346 Thread 0x000001f99a0207c0 Exception <a 'java/lang/NoSuchMethodError'{0x00000000d397c330}: 'void java.lang.invoke.DirectMethodHandle$Holder.invokeStatic(java.lang.Object, long)'> (0x00000000d397c330) 
thrown [s\open\src\hotspot\share\interpreter\linkResolver.cpp, line 759]
Event: 16.346 Thread 0x000001f99a0207c0 Exception <a 'java/lang/NoSuchMethodError'{0x00000000d3801700}: 'java.lang.Object java.lang.invoke.DirectMethodHandle$Holder.newInvokeSpecial(java.lang.Object, long)'> (0x00000000d3801700) 
thrown [s\open\src\hotspot\share\interpreter\linkResolver.cpp, line 759]

VM Operations (20 events):
Event: 15.707 Executing VM operation: HandshakeAllThreads
Event: 15.707 Executing VM operation: HandshakeAllThreads done
Event: 15.718 Executing VM operation: G1CollectForAllocation
Event: 15.726 Executing VM operation: G1CollectForAllocation done
Event: 15.742 Executing VM operation: HandshakeAllThreads
Event: 15.742 Executing VM operation: HandshakeAllThreads done
Event: 15.763 Executing VM operation: HandshakeAllThreads
Event: 15.763 Executing VM operation: HandshakeAllThreads done
Event: 15.812 Executing VM operation: HandshakeAllThreads
Event: 15.812 Executing VM operation: HandshakeAllThreads done
Event: 16.083 Executing VM operation: HandshakeAllThreads
Event: 16.083 Executing VM operation: HandshakeAllThreads done
Event: 16.086 Executing VM operation: HandshakeAllThreads
Event: 16.086 Executing VM operation: HandshakeAllThreads done
Event: 16.086 Executing VM operation: HandshakeAllThreads
Event: 16.086 Executing VM operation: HandshakeAllThreads done
Event: 16.348 Executing VM operation: HandshakeAllThreads
Event: 16.348 Executing VM operation: HandshakeAllThreads done
Event: 16.352 Executing VM operation: HandshakeAllThreads
Event: 16.353 Executing VM operation: HandshakeAllThreads done

Events (20 events):
Event: 16.348 loading class java/lang/ProcessImpl$2 done
Event: 16.348 loading class java/lang/Process$PipeInputStream
Event: 16.348 loading class java/lang/Process$PipeInputStream done
Event: 16.349 loading class jdk/internal/event/ProcessStartEvent
Event: 16.349 loading class jdk/internal/event/Event
Event: 16.350 loading class jdk/internal/event/Event done
Event: 16.350 loading class jdk/internal/event/ProcessStartEvent done
Event: 16.350 loading class java/nio/channels/ClosedChannelException
Event: 16.351 loading class java/nio/channels/ClosedChannelException done
Event: 16.353 loading class java/nio/channels/NonReadableChannelException
Event: 16.353 loading class java/nio/channels/NonReadableChannelException done
Event: 16.354 loading class java/nio/channels/NonWritableChannelException
Event: 16.354 loading class java/nio/channels/NonWritableChannelException done
Event: 16.367 Thread 0x000001f9b56ae2d0 Thread added: 0x000001f9b56ae2d0
Event: 16.367 Thread 0x000001f9b56ad930 Thread added: 0x000001f9b56ad930
Event: 16.373 Thread 0x000001f9b56af140 Thread added: 0x000001f9b56af140
Event: 16.382 loading class java/util/Scanner
Event: 16.383 loading class java/util/Scanner done
Event: 16.388 loading class java/util/Scanner$PatternLRUCache
Event: 16.389 loading class java/util/Scanner$PatternLRUCache done


Dynamic libraries:
0x00007ff6bba50000 - 0x00007ff6bba60000 	C:\Program Files\Java\jdk-17\bin\java.exe
0x00007ff9c7390000 - 0x00007ff9c7588000 	C:\windows\SYSTEM32\ntdll.dll
0x00007ff9c64b0000 - 0x00007ff9c656f000 	C:\windows\System32\KERNEL32.DLL
0x00007ff9c4c50000 - 0x00007ff9c4f46000 	C:\windows\System32\KERNELBASE.dll
0x00007ff9c4f50000 - 0x00007ff9c5050000 	C:\windows\System32\ucrtbase.dll
0x00007ff9a7540000 - 0x00007ff9a7559000 	C:\Program Files\Java\jdk-17\bin\jli.dll
0x00007ff9c58a0000 - 0x00007ff9c594f000 	C:\windows\System32\ADVAPI32.dll
0x00007ff9c5970000 - 0x00007ff9c5a0e000 	C:\windows\System32\msvcrt.dll
0x00007ff9c6b50000 - 0x00007ff9c6bec000 	C:\windows\System32\sechost.dll
0x00007ff9c6650000 - 0x00007ff9c6776000 	C:\windows\System32\RPCRT4.dll
0x00007ff99e540000 - 0x00007ff99e55b000 	C:\Program Files\Java\jdk-17\bin\VCRUNTIME140.dll
0x00007ff9c5480000 - 0x00007ff9c561d000 	C:\windows\System32\USER32.dll
0x00007ff9adc60000 - 0x00007ff9adefa000 	C:\windows\WinSxS\amd64_microsoft.windows.common-controls_6595b64144ccf1df_6.0.19041.1110_none_60b5254171f9507e\COMCTL32.dll
0x00007ff9c57b0000 - 0x00007ff9c57dc000 	C:\windows\System32\GDI32.dll
0x00007ff9c4c20000 - 0x00007ff9c4c42000 	C:\windows\System32\win32u.dll
0x00007ff9c5220000 - 0x00007ff9c5335000 	C:\windows\System32\gdi32full.dll
0x00007ff9c4ac0000 - 0x00007ff9c4b5d000 	C:\windows\System32\msvcp_win.dll
0x00007ff9bc710000 - 0x00007ff9bc71a000 	C:\windows\SYSTEM32\VERSION.dll
0x00007ff9c6620000 - 0x00007ff9c6650000 	C:\windows\System32\IMM32.DLL
0x00007ff9ad960000 - 0x00007ff9ad96c000 	C:\Program Files\Java\jdk-17\bin\vcruntime140_1.dll
0x00007ff980ff0000 - 0x00007ff98107e000 	C:\Program Files\Java\jdk-17\bin\msvcp140.dll
0x00007ff956a30000 - 0x00007ff95760d000 	C:\Program Files\Java\jdk-17\bin\server\jvm.dll
0x00007ff9c7340000 - 0x00007ff9c7348000 	C:\windows\System32\PSAPI.DLL
0x00007ff9bc6e0000 - 0x00007ff9bc707000 	C:\windows\SYSTEM32\WINMM.dll
0x00007ff999790000 - 0x00007ff999799000 	C:\windows\SYSTEM32\WSOCK32.dll
0x00007ff9c6a50000 - 0x00007ff9c6abb000 	C:\windows\System32\WS2_32.dll
0x00007ff9c2920000 - 0x00007ff9c2932000 	C:\windows\SYSTEM32\kernel.appcore.dll
0x00007ff99e530000 - 0x00007ff99e53a000 	C:\Program Files\Java\jdk-17\bin\jimage.dll
0x00007ff9afaa0000 - 0x00007ff9afc84000 	C:\windows\SYSTEM32\DBGHELP.DLL
0x00007ff9a76e0000 - 0x00007ff9a7714000 	C:\windows\SYSTEM32\dbgcore.DLL
0x00007ff9c4b60000 - 0x00007ff9c4be2000 	C:\windows\System32\bcryptPrimitives.dll
0x00007ff996480000 - 0x00007ff9964a5000 	C:\Program Files\Java\jdk-17\bin\java.dll
0x00007ff975a70000 - 0x00007ff975b47000 	C:\Program Files\Java\jdk-17\bin\jsvml.dll
0x00007ff9c6bf0000 - 0x00007ff9c7334000 	C:\windows\System32\SHELL32.dll
0x00007ff9c2b20000 - 0x00007ff9c32b4000 	C:\windows\SYSTEM32\windows.storage.dll
0x00007ff9c6020000 - 0x00007ff9c6374000 	C:\windows\System32\combase.dll
0x00007ff9c43e0000 - 0x00007ff9c440e000 	C:\windows\SYSTEM32\Wldp.dll
0x00007ff9c5700000 - 0x00007ff9c57ad000 	C:\windows\System32\SHCORE.dll
0x00007ff9c5fc0000 - 0x00007ff9c6015000 	C:\windows\System32\shlwapi.dll
0x00007ff9c49a0000 - 0x00007ff9c49c5000 	C:\windows\SYSTEM32\profapi.dll
0x00007ff996460000 - 0x00007ff996479000 	C:\Program Files\Java\jdk-17\bin\net.dll
0x00007ff9b97b0000 - 0x00007ff9b98ba000 	C:\windows\SYSTEM32\WINHTTP.dll
0x00007ff9c4140000 - 0x00007ff9c41aa000 	C:\windows\system32\mswsock.dll
0x00007ff996440000 - 0x00007ff996456000 	C:\Program Files\Java\jdk-17\bin\nio.dll
0x00007ff9960c0000 - 0x00007ff9960d8000 	C:\Program Files\Java\jdk-17\bin\zip.dll
0x0000000069ac0000 - 0x0000000069ae4000 	C:\Users\carin\AppData\Local\Temp\jansi-2.4.0-9ace3bbc12a79f52-jansi.dll
0x00007ff99e3f0000 - 0x00007ff99e400000 	C:\Program Files\Java\jdk-17\bin\verify.dll
0x00007ff9c4330000 - 0x00007ff9c4348000 	C:\windows\SYSTEM32\CRYPTSP.dll
0x00007ff9c3a60000 - 0x00007ff9c3a94000 	C:\windows\system32\rsaenh.dll
0x00007ff9c4bf0000 - 0x00007ff9c4c17000 	C:\windows\System32\bcrypt.dll
0x00007ff9c4920000 - 0x00007ff9c494e000 	C:\windows\SYSTEM32\USERENV.dll
0x00007ff9c4350000 - 0x00007ff9c435c000 	C:\windows\SYSTEM32\CRYPTBASE.dll
0x00007ff9c3e30000 - 0x00007ff9c3e6c000 	C:\windows\SYSTEM32\IPHLPAPI.DLL
0x00007ff9c53f0000 - 0x00007ff9c53f8000 	C:\windows\System32\NSI.dll
0x00007ff9bb3c0000 - 0x00007ff9bb3d7000 	C:\windows\SYSTEM32\dhcpcsvc6.DLL
0x00007ff9b99f0000 - 0x00007ff9b9a0d000 	C:\windows\SYSTEM32\dhcpcsvc.DLL
0x00007ff9c3e70000 - 0x00007ff9c3f3a000 	C:\windows\SYSTEM32\DNSAPI.dll

dbghelp: loaded successfully - version: 4.0.5 - missing functions: none
symbol engine: initialized successfully - sym options: 0x614 - pdb path: .;C:\Program Files\Java\jdk-17\bin;C:\windows\SYSTEM32;C:\windows\WinSxS\amd64_microsoft.windows.common-controls_6595b64144ccf1df_6.0.19041.1110_none_60b5254171f9507e;C:\Program Files\Java\jdk-17\bin\server;C:\Users\carin\AppData\Local\Temp

VM Arguments:
jvm_args: -Dmaven.multiModuleProjectDirectory=C:\Users\carin\Desktop\springbootreact\gestion-clientes-backend 
java_command: org.apache.maven.wrapper.MavenWrapperMain -Dmaven.ext.class.path=C:\Program Files\NetBeans-17\netbeans\java\maven-nblib\netbeans-eventspy.jar --no-transfer-progress clean install
java_class_path (initial): C:\Users\carin\Desktop\springbootreact\gestion-clientes-backend\.mvn\wrapper\maven-wrapper.jar
Launcher Type: SUN_STANDARD

[Global flags]
     intx CICompilerCount                          = 2                                         {product} {ergonomic}
     uint ConcGCThreads                            = 1                                         {product} {ergonomic}
     uint G1ConcRefinementThreads                  = 2                                         {product} {ergonomic}
   size_t G1HeapRegionSize                         = 1048576                                   {product} {ergonomic}
    uintx GCDrainStackTargetSize                   = 64                                        {product} {ergonomic}
   size_t InitialHeapSize                          = 58720256                                  {product} {ergonomic}
   size_t MarkStackSize                            = 4194304                                   {product} {ergonomic}
   size_t MaxHeapSize                              = 918552576                                 {product} {ergonomic}
   size_t MaxNewSize                               = 550502400                                 {product} {ergonomic}
   size_t MinHeapDeltaBytes                        = 1048576                                   {product} {ergonomic}
   size_t MinHeapSize                              = 8388608                                   {product} {ergonomic}
    uintx NonNMethodCodeHeapSize                   = 5826188                                {pd product} {ergonomic}
    uintx NonProfiledCodeHeapSize                  = 122916026                              {pd product} {ergonomic}
    uintx ProfiledCodeHeapSize                     = 122916026                              {pd product} {ergonomic}
    uintx ReservedCodeCacheSize                    = 251658240                              {pd product} {ergonomic}
     bool SegmentedCodeCache                       = true                                      {product} {ergonomic}
   size_t SoftMaxHeapSize                          = 918552576                              {manageable} {ergonomic}
     bool UseCompressedClassPointers               = true                           {product lp64_product} {ergonomic}
     bool UseCompressedOops                        = true                           {product lp64_product} {ergonomic}
     bool UseG1GC                                  = true                                      {product} {ergonomic}
     bool UseLargePagesIndividualAllocation        = false                                  {pd product} {ergonomic}

Logging:
Log output configuration:
 #0: stdout all=warning uptime,level,tags
 #1: stderr all=off uptime,level,tags

Environment Variables:
JAVA_HOME=C:\Program Files\Java\jdk-17
PATH=C:\Program Files\Common Files\Oracle\Java\javapath;C:\windows\system32;C:\windows;C:\windows\System32\Wbem;C:\windows\System32\WindowsPowerShell\v1.0\;C:\windows\System32\OpenSSH\;C:\Program Files\Git\cmd;C:\Program Files\nodejs\;C:\gradle-8.1.1\bin;C:\Program Files\Java\jdk-20\bin;C:\Users\carin\AppData\Local\Microsoft\WindowsApps;C:\Users\carin\AppData\Local\Programs\Microsoft VS Code\bin;C:\Users\carin\AppData\Roaming\npm;C:\ProgramData\carin\GitHubDesktop\bin;C:\Users\carin\AppData\Local\GitHubDesktop\bin;C:\Users\carin\Downloads\mongodb-windows-x86_64-6.0.4.zip\mongodb-win32-x86_64-windows-6.0.4\bin;C:\Users\carin\Desktop\dataBase\data;C:\Program Files\MongoDB\Server\6.0\data;C:\Program Files\MongoDB\Server\6.0\bin;C:\Users\carin\Desktop\Backend\FastAPI;C:\Users\carin\Desktop\Backend;C:\Users\carin\Desktop\Backend\dataBase\data\log;C:\Program Files\MongoDB\Server\6.0\data;C:\Program Files\MongoDB\Server\6.0\bin;C:\Users\carin\AppData\Local\Packages\PythonSoftwareFoundation.Python.3.10_qbz5n2kfra8p0\LocalCache\local-packages\Python310\Scripts;C:\Users\carin\Documents\flutter\bin\;C:\Program Files\MySQL\MySQL Server 8.0\bin;C:\gradle-8.1.1\bin;C:\Program Files\Java\jdk-20\bin;
USERNAME=carin
OS=Windows_NT
PROCESSOR_IDENTIFIER=AMD64 Family 23 Model 24 Stepping 1, AuthenticAMD



---------------  S Y S T E M  ---------------

OS:
 Windows 10 , 64 bit Build 19041 (10.0.19041.3155)
OS uptime: 2 days 17:40 hours

CPU: total 2 (initial active 2) (2 cores per cpu, 1 threads per core) family 23 model 24 stepping 1 microcode 0x0, cx8, cmov, fxsr, mmx, 3dnowpref, sse, sse2, sse3, ssse3, sse4a, sse4.1, sse4.2, popcnt, lzcnt, tsc, tscinvbit, avx, avx2, aes, clmul, bmi1, bmi2, adx, sha, fma, vzeroupper, clflush, clflushopt

Memory: 4k page, system-wide physical 3500M (151M free)
TotalPageFile size 14252M (AvailPageFile size 5M)
current process WorkingSet (physical memory assigned to process): 252M, peak: 263M
current process commit charge ("private bytes"): 341M, peak: 343M

vm_info: Java HotSpot(TM) 64-Bit Server VM (17.0.7+8-LTS-224) for windows-amd64 JRE (17.0.7+8-LTS-224), built on Feb 28 2023 23:03:02 by "mach5one" with MS VC++ 17.1 (VS2022)

END.
