#
# There is insufficient memory for the Java Runtime Environment to continue.
# Native memory allocation (malloc) failed to allocate 889616 bytes for Chunk::new
# Possible reasons:
#   The system is out of physical RAM or swap space
#   The process is running with CompressedOops enabled, and the Java Heap may be blocking the growth of the native heap
# Possible solutions:
#   Reduce memory load on the system
#   Increase physical memory or swap space
#   Check if swap backing store is full
#   Decrease Java heap size (-Xmx/-Xms)
#   Decrease number of Java threads
#   Decrease Java thread stack sizes (-Xss)
#   Set larger code cache with -XX:ReservedCodeCacheSize=
#   JVM is running with Unscaled Compressed Oops mode in which the Java heap is
#     placed in the first 4GB address space. The Java Heap base address is the
#     maximum limit for the native heap growth. Please use -XX:HeapBaseMinAddress
#     to set the Java Heap base and to place the Java Heap above 4GB virtual address.
# This output file may be truncated or incomplete.
#
#  Out of Memory Error (arena.cpp:189), pid=464, tid=9316
#
# JRE version: Java(TM) SE Runtime Environment (17.0.7+8) (build 17.0.7+8-LTS-224)
# Java VM: Java HotSpot(TM) 64-Bit Server VM (17.0.7+8-LTS-224, mixed mode, sharing, tiered, compressed oops, compressed class ptrs, g1 gc, windows-amd64)
# No core dump will be written. Minidumps are not enabled by default on client versions of Windows
#

---------------  S U M M A R Y ------------

Command Line: C:\Users\carin\AppData\Local\Temp\surefire9421168779172910154\surefirebooter-20230801200609018_3.jar C:\Users\carin\AppData\Local\Temp\surefire9421168779172910154 2023-08-01T20-06-08_278-jvmRun1 surefire-20230801200609018_1tmp surefire_0-20230801200609018_2tmp

Host: AMD Athlon Silver 3050U with Radeon Graphics   , 2 cores, 3G,  Windows 10 , 64 bit Build 19041 (10.0.19041.3155)
Time: Tue Aug  1 20:06:18 2023 Hora estándar de Argentina elapsed time: 8.575231 seconds (0d 0h 0m 8s)

---------------  T H R E A D  ---------------

Current thread (0x0000022cb6797950):  JavaThread "C2 CompilerThread0" daemon [_thread_in_native, id=9316, stack(0x000000cf76700000,0x000000cf76800000)]


Current CompileTask:
C2:   8575 3885  s    4       java.util.jar.JarFile::getInputStream (72 bytes)

Stack: [0x000000cf76700000,0x000000cf76800000]
Native frames: (J=compiled Java code, j=interpreted, Vv=VM code, C=native code)
V  [jvm.dll+0x676a4a]
V  [jvm.dll+0x7d74f4]
V  [jvm.dll+0x7d8c9e]
V  [jvm.dll+0x7d9303]
V  [jvm.dll+0x2452c5]
V  [jvm.dll+0xaaa2b]
V  [jvm.dll+0xaafcc]
V  [jvm.dll+0x3613cf]
V  [jvm.dll+0x32bba1]
V  [jvm.dll+0x32b03a]
V  [jvm.dll+0x217acf]
V  [jvm.dll+0x216f01]
V  [jvm.dll+0x1a35e0]
V  [jvm.dll+0x226a6e]
V  [jvm.dll+0x224e15]
V  [jvm.dll+0x78d05c]
V  [jvm.dll+0x78759a]
V  [jvm.dll+0x675875]
C  [ucrtbase.dll+0x21bb2]
C  [KERNEL32.DLL+0x17614]
C  [ntdll.dll+0x526b1]


---------------  P R O C E S S  ---------------

Threads class SMR info:
_java_thread_list=0x0000022cb8993ba0, length=17, elements={
0x0000022c9bece290, 0x0000022cb6780540, 0x0000022cb67812c0, 0x0000022cb6792da0,
0x0000022cb6795860, 0x0000022cb6796210, 0x0000022cb6796bc0, 0x0000022cb6797950,
0x0000022cb6801c30, 0x0000022cb680e240, 0x0000022cb7438b50, 0x0000022cb743d040,
0x0000022cb75e23d0, 0x0000022cb77fe830, 0x0000022cb7cb8fd0, 0x0000022cb85d19a0,
0x0000022cb8a25030
}

Java Threads: ( => current thread )
  0x0000022c9bece290 JavaThread "main" [_thread_in_native, id=14728, stack(0x000000cf75a00000,0x000000cf75b00000)]
  0x0000022cb6780540 JavaThread "Reference Handler" daemon [_thread_blocked, id=13628, stack(0x000000cf76100000,0x000000cf76200000)]
  0x0000022cb67812c0 JavaThread "Finalizer" daemon [_thread_blocked, id=7812, stack(0x000000cf76200000,0x000000cf76300000)]
  0x0000022cb6792da0 JavaThread "Signal Dispatcher" daemon [_thread_blocked, id=7048, stack(0x000000cf76300000,0x000000cf76400000)]
  0x0000022cb6795860 JavaThread "Attach Listener" daemon [_thread_blocked, id=10288, stack(0x000000cf76400000,0x000000cf76500000)]
  0x0000022cb6796210 JavaThread "Service Thread" daemon [_thread_blocked, id=17324, stack(0x000000cf76500000,0x000000cf76600000)]
  0x0000022cb6796bc0 JavaThread "Monitor Deflation Thread" daemon [_thread_blocked, id=7036, stack(0x000000cf76600000,0x000000cf76700000)]
=>0x0000022cb6797950 JavaThread "C2 CompilerThread0" daemon [_thread_in_native, id=9316, stack(0x000000cf76700000,0x000000cf76800000)]
  0x0000022cb6801c30 JavaThread "C1 CompilerThread0" daemon [_thread_blocked, id=10548, stack(0x000000cf76800000,0x000000cf76900000)]
  0x0000022cb680e240 JavaThread "Sweeper thread" daemon [_thread_blocked, id=10212, stack(0x000000cf76900000,0x000000cf76a00000)]
  0x0000022cb7438b50 JavaThread "Notification Thread" daemon [_thread_blocked, id=8396, stack(0x000000cf76a00000,0x000000cf76b00000)]
  0x0000022cb743d040 JavaThread "Common-Cleaner" daemon [_thread_blocked, id=16376, stack(0x000000cf76c00000,0x000000cf76d00000)]
  0x0000022cb75e23d0 JavaThread "surefire-forkedjvm-stream-flusher" daemon [_thread_blocked, id=10124, stack(0x000000cf76e00000,0x000000cf76f00000)]
  0x0000022cb77fe830 JavaThread "surefire-forkedjvm-command-thread" daemon [_thread_in_native, id=12552, stack(0x000000cf76f00000,0x000000cf77000000)]
  0x0000022cb7cb8fd0 JavaThread "mysql-cj-abandoned-connection-cleanup" daemon [_thread_blocked, id=11876, stack(0x000000cf77000000,0x000000cf77100000)]
  0x0000022cb85d19a0 JavaThread "HikariPool-1 housekeeper" daemon [_thread_blocked, id=5728, stack(0x000000cf77200000,0x000000cf77300000)]
  0x0000022cb8a25030 JavaThread "HikariPool-1 connection adder" daemon [_thread_blocked, id=4612, stack(0x000000cf77300000,0x000000cf77400000)]

Other Threads:
  0x0000022c9bfa88f0 VMThread "VM Thread" [stack: 0x000000cf76000000,0x000000cf76100000] [id=5112]
  0x0000022cb6851a40 WatcherThread [stack: 0x000000cf76b00000,0x000000cf76c00000] [id=5648]
  0x0000022c9bf06160 GCTaskThread "GC Thread#0" [stack: 0x000000cf75b00000,0x000000cf75c00000] [id=8028]
  0x0000022cb74fc5e0 GCTaskThread "GC Thread#1" [stack: 0x000000cf76d00000,0x000000cf76e00000] [id=15452]
  0x0000022c9bf0de20 ConcurrentGCThread "G1 Main Marker" [stack: 0x000000cf75c00000,0x000000cf75d00000] [id=9440]
  0x0000022c9bf0efd0 ConcurrentGCThread "G1 Conc#0" [stack: 0x000000cf75d00000,0x000000cf75e00000] [id=3936]
  0x0000022c9bf44070 ConcurrentGCThread "G1 Refine#0" [stack: 0x000000cf75e00000,0x000000cf75f00000] [id=9848]
  0x0000022c9bf44a90 ConcurrentGCThread "G1 Service" [stack: 0x000000cf75f00000,0x000000cf76000000] [id=5588]

Threads with active compile tasks:
C2 CompilerThread0     8611 3885  s    4       java.util.jar.JarFile::getInputStream (72 bytes)

VM state: not at safepoint (normal execution)

VM Mutex/Monitor currently owned by a thread: None

Heap address: 0x00000000c9400000, size: 876 MB, Compressed Oops mode: 32-bit

CDS archive(s) mapped at: [0x0000000800000000-0x0000000800bd0000-0x0000000800bd0000), size 12386304, SharedBaseAddress: 0x0000000800000000, ArchiveRelocationMode: 0.
Compressed class space mapped at: 0x0000000800c00000-0x0000000840c00000, reserved size: 1073741824
Narrow klass base: 0x0000000800000000, Narrow klass shift: 0, Narrow klass range: 0x100000000

GC Precious Log:
 CPUs: 2 total, 2 available
 Memory: 3500M
 Large Page Support: Disabled
 NUMA Support: Disabled
 Compressed Oops: Enabled (32-bit)
 Heap Region Size: 1M
 Heap Min Capacity: 8M
 Heap Initial Capacity: 56M
 Heap Max Capacity: 876M
 Pre-touch: Disabled
 Parallel Workers: 2
 Concurrent Workers: 1
 Concurrent Refinement Workers: 2
 Periodic GC: Disabled

Heap:
 garbage-first heap   total 66560K, used 23877K [0x00000000c9400000, 0x0000000100000000)
  region size 1024K, 10 young (10240K), 4 survivors (4096K)
 Metaspace       used 40139K, committed 40576K, reserved 1089536K
  class space    used 5323K, committed 5568K, reserved 1048576K

Heap Regions: E=young(eden), S=young(survivor), O=old, HS=humongous(starts), HC=humongous(continues), CS=collection set, F=free, OA=open archive, CA=closed archive, TAMS=top-at-mark-start (previous, next)
|   0|0x00000000c9400000, 0x00000000c9500000, 0x00000000c9500000|100%|HS|  |TAMS 0x00000000c9500000, 0x00000000c9400000| Complete 
|   1|0x00000000c9500000, 0x00000000c9600000, 0x00000000c9600000|100%| O|  |TAMS 0x00000000c9600000, 0x00000000c9500000| Untracked 
|   2|0x00000000c9600000, 0x00000000c9700000, 0x00000000c9700000|100%| O|  |TAMS 0x00000000c9700000, 0x00000000c9600000| Untracked 
|   3|0x00000000c9700000, 0x00000000c9800000, 0x00000000c9800000|100%| O|  |TAMS 0x00000000c9800000, 0x00000000c9700000| Untracked 
|   4|0x00000000c9800000, 0x00000000c9900000, 0x00000000c9900000|100%| O|  |TAMS 0x00000000c9900000, 0x00000000c9800000| Untracked 
|   5|0x00000000c9900000, 0x00000000c9a00000, 0x00000000c9a00000|100%| O|  |TAMS 0x00000000c9a00000, 0x00000000c9900000| Untracked 
|   6|0x00000000c9a00000, 0x00000000c9b00000, 0x00000000c9b00000|100%| O|  |TAMS 0x00000000c9b00000, 0x00000000c9a00000| Untracked 
|   7|0x00000000c9b00000, 0x00000000c9c00000, 0x00000000c9c00000|100%| O|  |TAMS 0x00000000c9c00000, 0x00000000c9b00000| Untracked 
|   8|0x00000000c9c00000, 0x00000000c9d00000, 0x00000000c9d00000|100%| O|  |TAMS 0x00000000c9d00000, 0x00000000c9c00000| Untracked 
|   9|0x00000000c9d00000, 0x00000000c9e00000, 0x00000000c9e00000|100%| O|  |TAMS 0x00000000c9e00000, 0x00000000c9d00000| Untracked 
|  10|0x00000000c9e00000, 0x00000000c9e3c200, 0x00000000c9f00000| 23%| O|  |TAMS 0x00000000c9e3c200, 0x00000000c9e00000| Untracked 
|  11|0x00000000c9f00000, 0x00000000ca000000, 0x00000000ca000000|100%| O|  |TAMS 0x00000000ca000000, 0x00000000c9f00000| Untracked 
|  12|0x00000000ca000000, 0x00000000ca100000, 0x00000000ca100000|100%| O|  |TAMS 0x00000000ca100000, 0x00000000ca000000| Untracked 
|  13|0x00000000ca100000, 0x00000000ca200000, 0x00000000ca200000|100%| O|  |TAMS 0x00000000ca200000, 0x00000000ca100000| Untracked 
|  14|0x00000000ca200000, 0x00000000ca300000, 0x00000000ca300000|100%| O|  |TAMS 0x00000000ca300000, 0x00000000ca200000| Untracked 
|  15|0x00000000ca300000, 0x00000000ca3eb000, 0x00000000ca400000| 91%| O|  |TAMS 0x00000000ca3eb000, 0x00000000ca300000| Untracked 
|  16|0x00000000ca400000, 0x00000000ca400000, 0x00000000ca500000|  0%| F|  |TAMS 0x00000000ca400000, 0x00000000ca400000| Untracked 
|  17|0x00000000ca500000, 0x00000000ca500000, 0x00000000ca600000|  0%| F|  |TAMS 0x00000000ca500000, 0x00000000ca500000| Untracked 
|  18|0x00000000ca600000, 0x00000000ca600000, 0x00000000ca700000|  0%| F|  |TAMS 0x00000000ca600000, 0x00000000ca600000| Untracked 
|  19|0x00000000ca700000, 0x00000000ca700000, 0x00000000ca800000|  0%| F|  |TAMS 0x00000000ca700000, 0x00000000ca700000| Untracked 
|  20|0x00000000ca800000, 0x00000000ca800000, 0x00000000ca900000|  0%| F|  |TAMS 0x00000000ca800000, 0x00000000ca800000| Untracked 
|  21|0x00000000ca900000, 0x00000000ca900000, 0x00000000caa00000|  0%| F|  |TAMS 0x00000000ca900000, 0x00000000ca900000| Untracked 
|  22|0x00000000caa00000, 0x00000000caa00000, 0x00000000cab00000|  0%| F|  |TAMS 0x00000000caa00000, 0x00000000caa00000| Untracked 
|  23|0x00000000cab00000, 0x00000000cab00000, 0x00000000cac00000|  0%| F|  |TAMS 0x00000000cab00000, 0x00000000cab00000| Untracked 
|  24|0x00000000cac00000, 0x00000000cac00000, 0x00000000cad00000|  0%| F|  |TAMS 0x00000000cac00000, 0x00000000cac00000| Untracked 
|  25|0x00000000cad00000, 0x00000000cad00000, 0x00000000cae00000|  0%| F|  |TAMS 0x00000000cad00000, 0x00000000cad00000| Untracked 
|  26|0x00000000cae00000, 0x00000000cae00000, 0x00000000caf00000|  0%| F|  |TAMS 0x00000000cae00000, 0x00000000cae00000| Untracked 
|  27|0x00000000caf00000, 0x00000000caf00000, 0x00000000cb000000|  0%| F|  |TAMS 0x00000000caf00000, 0x00000000caf00000| Untracked 
|  28|0x00000000cb000000, 0x00000000cb000000, 0x00000000cb100000|  0%| F|  |TAMS 0x00000000cb000000, 0x00000000cb000000| Untracked 
|  29|0x00000000cb100000, 0x00000000cb100000, 0x00000000cb200000|  0%| F|  |TAMS 0x00000000cb100000, 0x00000000cb100000| Untracked 
|  30|0x00000000cb200000, 0x00000000cb200000, 0x00000000cb300000|  0%| F|  |TAMS 0x00000000cb200000, 0x00000000cb200000| Untracked 
|  31|0x00000000cb300000, 0x00000000cb300000, 0x00000000cb400000|  0%| F|  |TAMS 0x00000000cb300000, 0x00000000cb300000| Untracked 
|  32|0x00000000cb400000, 0x00000000cb42a558, 0x00000000cb500000| 16%| S|CS|TAMS 0x00000000cb400000, 0x00000000cb400000| Complete 
|  33|0x00000000cb500000, 0x00000000cb600000, 0x00000000cb600000|100%| S|CS|TAMS 0x00000000cb500000, 0x00000000cb500000| Complete 
|  34|0x00000000cb600000, 0x00000000cb700000, 0x00000000cb700000|100%| S|CS|TAMS 0x00000000cb600000, 0x00000000cb600000| Complete 
|  35|0x00000000cb700000, 0x00000000cb800000, 0x00000000cb800000|100%| S|CS|TAMS 0x00000000cb700000, 0x00000000cb700000| Complete 
|  36|0x00000000cb800000, 0x00000000cb800000, 0x00000000cb900000|  0%| F|  |TAMS 0x00000000cb800000, 0x00000000cb800000| Untracked 
|  37|0x00000000cb900000, 0x00000000cb900000, 0x00000000cba00000|  0%| F|  |TAMS 0x00000000cb900000, 0x00000000cb900000| Untracked 
|  38|0x00000000cba00000, 0x00000000cba00000, 0x00000000cbb00000|  0%| F|  |TAMS 0x00000000cba00000, 0x00000000cba00000| Untracked 
|  39|0x00000000cbb00000, 0x00000000cbb00000, 0x00000000cbc00000|  0%| F|  |TAMS 0x00000000cbb00000, 0x00000000cbb00000| Untracked 
|  40|0x00000000cbc00000, 0x00000000cbc00000, 0x00000000cbd00000|  0%| F|  |TAMS 0x00000000cbc00000, 0x00000000cbc00000| Untracked 
|  41|0x00000000cbd00000, 0x00000000cbd00000, 0x00000000cbe00000|  0%| F|  |TAMS 0x00000000cbd00000, 0x00000000cbd00000| Untracked 
|  42|0x00000000cbe00000, 0x00000000cbe00000, 0x00000000cbf00000|  0%| F|  |TAMS 0x00000000cbe00000, 0x00000000cbe00000| Untracked 
|  43|0x00000000cbf00000, 0x00000000cbf00000, 0x00000000cc000000|  0%| F|  |TAMS 0x00000000cbf00000, 0x00000000cbf00000| Untracked 
|  44|0x00000000cc000000, 0x00000000cc000000, 0x00000000cc100000|  0%| F|  |TAMS 0x00000000cc000000, 0x00000000cc000000| Untracked 
|  45|0x00000000cc100000, 0x00000000cc100000, 0x00000000cc200000|  0%| F|  |TAMS 0x00000000cc100000, 0x00000000cc100000| Untracked 
|  46|0x00000000cc200000, 0x00000000cc200000, 0x00000000cc300000|  0%| F|  |TAMS 0x00000000cc200000, 0x00000000cc200000| Untracked 
|  47|0x00000000cc300000, 0x00000000cc300000, 0x00000000cc400000|  0%| F|  |TAMS 0x00000000cc300000, 0x00000000cc300000| Untracked 
|  48|0x00000000cc400000, 0x00000000cc400000, 0x00000000cc500000|  0%| F|  |TAMS 0x00000000cc400000, 0x00000000cc400000| Untracked 
|  49|0x00000000cc500000, 0x00000000cc500000, 0x00000000cc600000|  0%| F|  |TAMS 0x00000000cc500000, 0x00000000cc500000| Untracked 
|  50|0x00000000cc600000, 0x00000000cc600000, 0x00000000cc700000|  0%| F|  |TAMS 0x00000000cc600000, 0x00000000cc600000| Untracked 
|  51|0x00000000cc700000, 0x00000000cc700000, 0x00000000cc800000|  0%| F|  |TAMS 0x00000000cc700000, 0x00000000cc700000| Untracked 
|  52|0x00000000cc800000, 0x00000000cc800000, 0x00000000cc900000|  0%| F|  |TAMS 0x00000000cc800000, 0x00000000cc800000| Untracked 
|  53|0x00000000cc900000, 0x00000000cc900000, 0x00000000cca00000|  0%| F|  |TAMS 0x00000000cc900000, 0x00000000cc900000| Untracked 
|  54|0x00000000cca00000, 0x00000000cca00000, 0x00000000ccb00000|  0%| F|  |TAMS 0x00000000cca00000, 0x00000000cca00000| Untracked 
|  55|0x00000000ccb00000, 0x00000000ccb00000, 0x00000000ccc00000|  0%| F|  |TAMS 0x00000000ccb00000, 0x00000000ccb00000| Untracked 
|  56|0x00000000ccc00000, 0x00000000ccc00000, 0x00000000ccd00000|  0%| F|  |TAMS 0x00000000ccc00000, 0x00000000ccc00000| Untracked 
|  57|0x00000000ccd00000, 0x00000000ccd00000, 0x00000000cce00000|  0%| F|  |TAMS 0x00000000ccd00000, 0x00000000ccd00000| Untracked 
|  58|0x00000000cce00000, 0x00000000cce00000, 0x00000000ccf00000|  0%| F|  |TAMS 0x00000000cce00000, 0x00000000cce00000| Untracked 
|  59|0x00000000ccf00000, 0x00000000ccfe7290, 0x00000000cd000000| 90%| E|  |TAMS 0x00000000ccf00000, 0x00000000ccf00000| Complete 
|  60|0x00000000cd000000, 0x00000000cd100000, 0x00000000cd100000|100%| E|CS|TAMS 0x00000000cd000000, 0x00000000cd000000| Complete 
|  61|0x00000000cd100000, 0x00000000cd200000, 0x00000000cd200000|100%| E|CS|TAMS 0x00000000cd100000, 0x00000000cd100000| Complete 
|  62|0x00000000cd200000, 0x00000000cd300000, 0x00000000cd300000|100%| E|CS|TAMS 0x00000000cd200000, 0x00000000cd200000| Complete 
|  63|0x00000000cd300000, 0x00000000cd400000, 0x00000000cd400000|100%| E|CS|TAMS 0x00000000cd300000, 0x00000000cd300000| Complete 
|  64|0x00000000cd400000, 0x00000000cd500000, 0x00000000cd500000|100%| E|CS|TAMS 0x00000000cd400000, 0x00000000cd400000| Complete 

Card table byte_map: [0x0000022c9bc70000,0x0000022c9be30000] _byte_map_base: 0x0000022c9b626000

Marking Bits (Prev, Next): (CMBitMap*) 0x0000022c9bf06770, (CMBitMap*) 0x0000022c9bf067b0
 Prev Bits: [0x0000022cb2920000, 0x0000022cb36d0000)
 Next Bits: [0x0000022cb36d0000, 0x0000022cb4480000)

Polling page: 0x0000022c99e20000

Metaspace:

Usage:
  Non-class:     34.00 MB used.
      Class:      5.20 MB used.
       Both:     39.20 MB used.

Virtual space:
  Non-class space:       40.00 MB reserved,      34.19 MB ( 85%) committed,  5 nodes.
      Class space:        1.00 GB reserved,       5.44 MB ( <1%) committed,  1 nodes.
             Both:        1.04 GB reserved,      39.62 MB (  4%) committed. 

Chunk freelists:
   Non-Class:  1.78 MB
       Class:  2.62 MB
        Both:  4.41 MB

MaxMetaspaceSize: unlimited
CompressedClassSpaceSize: 1.00 GB
Initial GC threshold: 21.00 MB
Current GC threshold: 58.69 MB
CDS: on
MetaspaceReclaimPolicy: balanced
 - commit_granule_bytes: 65536.
 - commit_granule_words: 8192.
 - virtual_space_node_default_size: 1048576.
 - enlarge_chunks_in_place: 1.
 - new_chunks_are_fully_committed: 0.
 - uncommit_free_chunks: 1.
 - use_allocation_guard: 0.
 - handle_deallocations: 1.


Internal statistics:

num_allocs_failed_limit: 6.
num_arena_births: 434.
num_arena_deaths: 0.
num_vsnodes_births: 6.
num_vsnodes_deaths: 0.
num_space_committed: 634.
num_space_uncommitted: 0.
num_chunks_returned_to_freelist: 6.
num_chunks_taken_from_freelist: 1767.
num_chunk_merges: 3.
num_chunk_splits: 1244.
num_chunks_enlarged: 950.
num_purges: 0.
num_inconsistent_stats: 0.

CodeHeap 'non-profiled nmethods': size=120064Kb used=2104Kb max_used=2104Kb free=117959Kb
 bounds [0x0000022cab220000, 0x0000022cab490000, 0x0000022cb2760000]
CodeHeap 'profiled nmethods': size=120000Kb used=8629Kb max_used=8629Kb free=111370Kb
 bounds [0x0000022ca3760000, 0x0000022ca3fd0000, 0x0000022caac90000]
CodeHeap 'non-nmethods': size=5696Kb used=1262Kb max_used=1289Kb free=4433Kb
 bounds [0x0000022caac90000, 0x0000022caaf00000, 0x0000022cab220000]
 total_blobs=4484 nmethods=3912 adapters=483
 compilation: enabled
              stopped_count=0, restarted_count=0
 full_count=0

Compilation events (20 events):
Event: 8.557 Thread 0x0000022cb6801c30 nmethod 3895 0x0000022ca3fbaa10 code [0x0000022ca3fbabc0, 0x0000022ca3fbadf8]
Event: 8.557 Thread 0x0000022cb6801c30 3896       3       sun.security.util.math.intpoly.IntegerPolynomial::carryOut (22 bytes)
Event: 8.558 Thread 0x0000022cb6801c30 nmethod 3896 0x0000022ca3fbaf10 code [0x0000022ca3fbb0c0, 0x0000022ca3fbb2e8]
Event: 8.558 Thread 0x0000022cb6801c30 3897       3       sun.security.provider.ByteArrayAccess::i2bBig4 (10 bytes)
Event: 8.559 Thread 0x0000022cb6801c30 nmethod 3897 0x0000022ca3fbb410 code [0x0000022ca3fbb640, 0x0000022ca3fbbdf8]
Event: 8.561 Thread 0x0000022cb6801c30 3898       1       sun.nio.ch.NativeThread::current (2 bytes)
Event: 8.561 Thread 0x0000022cb6801c30 nmethod 3898 0x0000022cab42d390 code [0x0000022cab42d520, 0x0000022cab42d5d8]
Event: 8.562 Thread 0x0000022cb6801c30 3900       3       java.math.MutableBigInteger::mulsub (110 bytes)
Event: 8.562 Thread 0x0000022cb6801c30 nmethod 3900 0x0000022ca3fbc110 code [0x0000022ca3fbc2c0, 0x0000022ca3fbc598]
Event: 8.563 Thread 0x0000022cb6801c30 3901       3       java.math.BigInteger::shiftLeftImplWorker (43 bytes)
Event: 8.563 Thread 0x0000022cb6801c30 nmethod 3901 0x0000022ca3fbc710 code [0x0000022ca3fbc8c0, 0x0000022ca3fbcaf8]
Event: 8.563 Thread 0x0000022cb6801c30 3902       3       jdk.internal.misc.Unsafe::copyMemory (33 bytes)
Event: 8.564 Thread 0x0000022cb6801c30 nmethod 3902 0x0000022ca3fbcc90 code [0x0000022ca3fbcf40, 0x0000022ca3fbdc98]
Event: 8.566 Thread 0x0000022cb6801c30 3904       2       java.util.Arrays$ArrayList::indexOf (62 bytes)
Event: 8.566 Thread 0x0000022cb6801c30 nmethod 3904 0x0000022ca3fbe290 code [0x0000022ca3fbe440, 0x0000022ca3fbe708]
Event: 8.566 Thread 0x0000022cb6801c30 3905       3       java.security.Provider$ServiceKey::equals (53 bytes)
Event: 8.567 Thread 0x0000022cb6801c30 nmethod 3905 0x0000022ca3fbe890 code [0x0000022ca3fbea60, 0x0000022ca3fbef38]
Event: 8.567 Thread 0x0000022cb6801c30 3906   !   3       javax.crypto.Mac::chooseFirstProvider (236 bytes)
Event: 8.568 Thread 0x0000022cb6801c30 nmethod 3906 0x0000022ca3fbf090 code [0x0000022ca3fbf320, 0x0000022ca3fc02b8]
Event: 8.568 Thread 0x0000022cb6801c30 3907       3       sun.security.provider.ByteArrayAccess::b2lBig128 (232 bytes)

GC Heap History (20 events):
Event: 0.386 GC heap before
{Heap before GC invocations=0 (full 0):
 garbage-first heap   total 57344K, used 6144K [0x00000000c9400000, 0x0000000100000000)
  region size 1024K, 6 young (6144K), 0 survivors (0K)
 Metaspace       used 987K, committed 1088K, reserved 1056768K
  class space    used 83K, committed 128K, reserved 1048576K
}
Event: 0.395 GC heap after
{Heap after GC invocations=1 (full 0):
 garbage-first heap   total 57344K, used 4611K [0x00000000c9400000, 0x0000000100000000)
  region size 1024K, 1 young (1024K), 1 survivors (1024K)
 Metaspace       used 987K, committed 1088K, reserved 1056768K
  class space    used 83K, committed 128K, reserved 1048576K
}
Event: 0.596 GC heap before
{Heap before GC invocations=1 (full 0):
 garbage-first heap   total 57344K, used 6659K [0x00000000c9400000, 0x0000000100000000)
  region size 1024K, 4 young (4096K), 1 survivors (1024K)
 Metaspace       used 1756K, committed 1856K, reserved 1056768K
  class space    used 175K, committed 192K, reserved 1048576K
}
Event: 0.599 GC heap after
{Heap after GC invocations=2 (full 0):
 garbage-first heap   total 57344K, used 6561K [0x00000000c9400000, 0x0000000100000000)
  region size 1024K, 1 young (1024K), 1 survivors (1024K)
 Metaspace       used 1756K, committed 1856K, reserved 1056768K
  class space    used 175K, committed 192K, reserved 1048576K
}
Event: 1.061 GC heap before
{Heap before GC invocations=2 (full 0):
 garbage-first heap   total 57344K, used 11681K [0x00000000c9400000, 0x0000000100000000)
  region size 1024K, 7 young (7168K), 1 survivors (1024K)
 Metaspace       used 3035K, committed 3200K, reserved 1056768K
  class space    used 337K, committed 448K, reserved 1048576K
}
Event: 1.064 GC heap after
{Heap after GC invocations=3 (full 0):
 garbage-first heap   total 57344K, used 7632K [0x00000000c9400000, 0x0000000100000000)
  region size 1024K, 1 young (1024K), 1 survivors (1024K)
 Metaspace       used 3035K, committed 3200K, reserved 1056768K
  class space    used 337K, committed 448K, reserved 1048576K
}
Event: 1.547 GC heap before
{Heap before GC invocations=3 (full 0):
 garbage-first heap   total 57344K, used 18896K [0x00000000c9400000, 0x0000000100000000)
  region size 1024K, 12 young (12288K), 1 survivors (1024K)
 Metaspace       used 6558K, committed 6784K, reserved 1056768K
  class space    used 820K, committed 896K, reserved 1048576K
}
Event: 1.551 GC heap after
{Heap after GC invocations=4 (full 0):
 garbage-first heap   total 57344K, used 8626K [0x00000000c9400000, 0x0000000100000000)
  region size 1024K, 2 young (2048K), 2 survivors (2048K)
 Metaspace       used 6558K, committed 6784K, reserved 1056768K
  class space    used 820K, committed 896K, reserved 1048576K
}
Event: 3.018 GC heap before
{Heap before GC invocations=4 (full 0):
 garbage-first heap   total 57344K, used 35250K [0x00000000c9400000, 0x0000000100000000)
  region size 1024K, 28 young (28672K), 2 survivors (2048K)
 Metaspace       used 12493K, committed 12800K, reserved 1064960K
  class space    used 1637K, committed 1792K, reserved 1048576K
}
Event: 3.025 GC heap after
{Heap after GC invocations=5 (full 0):
 garbage-first heap   total 57344K, used 10492K [0x00000000c9400000, 0x0000000100000000)
  region size 1024K, 4 young (4096K), 4 survivors (4096K)
 Metaspace       used 12493K, committed 12800K, reserved 1064960K
  class space    used 1637K, committed 1792K, reserved 1048576K
}
Event: 3.806 GC heap before
{Heap before GC invocations=5 (full 0):
 garbage-first heap   total 57344K, used 36092K [0x00000000c9400000, 0x0000000100000000)
  region size 1024K, 30 young (30720K), 4 survivors (4096K)
 Metaspace       used 18698K, committed 18944K, reserved 1073152K
  class space    used 2412K, committed 2560K, reserved 1048576K
}
Event: 3.821 GC heap after
{Heap after GC invocations=6 (full 0):
 garbage-first heap   total 57344K, used 11471K [0x00000000c9400000, 0x0000000100000000)
  region size 1024K, 3 young (3072K), 3 survivors (3072K)
 Metaspace       used 18698K, committed 18944K, reserved 1073152K
  class space    used 2412K, committed 2560K, reserved 1048576K
}
Event: 4.624 GC heap before
{Heap before GC invocations=6 (full 0):
 garbage-first heap   total 57344K, used 33999K [0x00000000c9400000, 0x0000000100000000)
  region size 1024K, 26 young (26624K), 3 survivors (3072K)
 Metaspace       used 21215K, committed 21504K, reserved 1073152K
  class space    used 2728K, committed 2880K, reserved 1048576K
}
Event: 4.632 GC heap after
{Heap after GC invocations=7 (full 0):
 garbage-first heap   total 57344K, used 14137K [0x00000000c9400000, 0x0000000100000000)
  region size 1024K, 4 young (4096K), 4 survivors (4096K)
 Metaspace       used 21215K, committed 21504K, reserved 1073152K
  class space    used 2728K, committed 2880K, reserved 1048576K
}
Event: 5.946 GC heap before
{Heap before GC invocations=8 (full 0):
 garbage-first heap   total 55296K, used 40761K [0x00000000c9400000, 0x0000000100000000)
  region size 1024K, 30 young (30720K), 4 survivors (4096K)
 Metaspace       used 25338K, committed 25728K, reserved 1073152K
  class space    used 3338K, committed 3520K, reserved 1048576K
}
Event: 5.956 GC heap after
{Heap after GC invocations=9 (full 0):
 garbage-first heap   total 55296K, used 16022K [0x00000000c9400000, 0x0000000100000000)
  region size 1024K, 3 young (3072K), 3 survivors (3072K)
 Metaspace       used 25338K, committed 25728K, reserved 1073152K
  class space    used 3338K, committed 3520K, reserved 1048576K
}
Event: 6.943 GC heap before
{Heap before GC invocations=9 (full 0):
 garbage-first heap   total 55296K, used 40598K [0x00000000c9400000, 0x0000000100000000)
  region size 1024K, 27 young (27648K), 3 survivors (3072K)
 Metaspace       used 30443K, committed 30848K, reserved 1081344K
  class space    used 4067K, committed 4224K, reserved 1048576K
}
Event: 6.956 GC heap after
{Heap after GC invocations=10 (full 0):
 garbage-first heap   total 55296K, used 17013K [0x00000000c9400000, 0x0000000100000000)
  region size 1024K, 2 young (2048K), 2 survivors (2048K)
 Metaspace       used 30443K, committed 30848K, reserved 1081344K
  class space    used 4067K, committed 4224K, reserved 1048576K
}
Event: 7.905 GC heap before
{Heap before GC invocations=10 (full 0):
 garbage-first heap   total 55296K, used 34421K [0x00000000c9400000, 0x0000000100000000)
  region size 1024K, 20 young (20480K), 2 survivors (2048K)
 Metaspace       used 35621K, committed 35968K, reserved 1081344K
  class space    used 4763K, committed 4928K, reserved 1048576K
}
Event: 7.913 GC heap after
{Heap after GC invocations=11 (full 0):
 garbage-first heap   total 66560K, used 18757K [0x00000000c9400000, 0x0000000100000000)
  region size 1024K, 4 young (4096K), 4 survivors (4096K)
 Metaspace       used 35621K, committed 35968K, reserved 1081344K
  class space    used 4763K, committed 4928K, reserved 1048576K
}

Deoptimization events (20 events):
Event: 8.518 Thread 0x0000022cb8a25030 DEOPT PACKING pc=0x0000022cab2f5f34 sp=0x000000cf773fef30
Event: 8.518 Thread 0x0000022cb8a25030 DEOPT UNPACKING pc=0x0000022caace23a3 sp=0x000000cf773feee8 mode 2
Event: 8.541 Thread 0x0000022cb8a25030 Uncommon trap: trap_request=0xffffffbe fr.pc=0x0000022cab42c45c relative=0x00000000000003bc
Event: 8.541 Thread 0x0000022cb8a25030 Uncommon trap: reason=profile_predicate action=maybe_recompile pc=0x0000022cab42c45c method=java.util.Arrays$ArrayList.indexOf(Ljava/lang/Object;)I @ 39 c2
Event: 8.541 Thread 0x0000022cb8a25030 DEOPT PACKING pc=0x0000022cab42c45c sp=0x000000cf773fe8d0
Event: 8.541 Thread 0x0000022cb8a25030 DEOPT UNPACKING pc=0x0000022caace23a3 sp=0x000000cf773fe858 mode 2
Event: 8.541 Thread 0x0000022cb8a25030 Uncommon trap: trap_request=0xffffffbe fr.pc=0x0000022cab42c45c relative=0x00000000000003bc
Event: 8.541 Thread 0x0000022cb8a25030 Uncommon trap: reason=profile_predicate action=maybe_recompile pc=0x0000022cab42c45c method=java.util.Arrays$ArrayList.indexOf(Ljava/lang/Object;)I @ 39 c2
Event: 8.541 Thread 0x0000022cb8a25030 DEOPT PACKING pc=0x0000022cab42c45c sp=0x000000cf773fe8d0
Event: 8.541 Thread 0x0000022cb8a25030 DEOPT UNPACKING pc=0x0000022caace23a3 sp=0x000000cf773fe858 mode 2
Event: 8.542 Thread 0x0000022cb8a25030 Uncommon trap: trap_request=0xffffffbe fr.pc=0x0000022cab42c45c relative=0x00000000000003bc
Event: 8.542 Thread 0x0000022cb8a25030 Uncommon trap: reason=profile_predicate action=maybe_recompile pc=0x0000022cab42c45c method=java.util.Arrays$ArrayList.indexOf(Ljava/lang/Object;)I @ 39 c2
Event: 8.542 Thread 0x0000022cb8a25030 DEOPT PACKING pc=0x0000022cab42c45c sp=0x000000cf773fe2d0
Event: 8.542 Thread 0x0000022cb8a25030 DEOPT UNPACKING pc=0x0000022caace23a3 sp=0x000000cf773fe258 mode 2
Event: 8.543 Thread 0x0000022cb8a25030 Uncommon trap: trap_request=0xffffffbe fr.pc=0x0000022cab42c45c relative=0x00000000000003bc
Event: 8.543 Thread 0x0000022cb8a25030 Uncommon trap: reason=profile_predicate action=maybe_recompile pc=0x0000022cab42c45c method=java.util.Arrays$ArrayList.indexOf(Ljava/lang/Object;)I @ 39 c2
Event: 8.543 Thread 0x0000022cb8a25030 DEOPT PACKING pc=0x0000022cab42c45c sp=0x000000cf773fe280
Event: 8.543 Thread 0x0000022cb8a25030 DEOPT UNPACKING pc=0x0000022caace23a3 sp=0x000000cf773fe208 mode 2
Event: 8.561 Thread 0x0000022cb8a25030 DEOPT PACKING pc=0x0000022ca3f82171 sp=0x000000cf773fdec0
Event: 8.561 Thread 0x0000022cb8a25030 DEOPT UNPACKING pc=0x0000022caace2b43 sp=0x000000cf773fd2f0 mode 0

Classes unloaded (0 events):
No events

Classes redefined (0 events):
No events

Internal exceptions (20 events):
Event: 5.648 Thread 0x0000022c9bece290 Exception <a 'java/lang/NoSuchMethodError'{0x00000000cb75a6d0}: 'java.lang.Object java.lang.invoke.Invokers$Holder.invoke_MT(java.lang.Object, java.lang.Object, java.lang.Object, java.lang.Object, java.lang.Object, java.lang.Object, java.lang.Object, java.lang.Object, java.lang.Object, java.lang.Object)'> (0x00000000cb75a6d0) 
thrown [s\open\src\hotspot\share\interpreter\linkResolver.cpp, line 759]
Event: 5.654 Thread 0x0000022c9bece290 Exception <a 'java/lang/NoSuchMethodError'{0x00000000cb79c708}: 'java.lang.Object java.lang.invoke.DirectMethodHandle$Holder.invokeSpecial(java.lang.Object, java.lang.Object, int, java.lang.Object, java.lang.Object)'> (0x00000000cb79c708) 
thrown [s\open\src\hotspot\share\interpreter\linkResolver.cpp, line 759]
Event: 5.654 Thread 0x0000022c9bece290 Exception <a 'java/lang/NoSuchMethodError'{0x00000000cb7a0900}: 'java.lang.Object java.lang.invoke.DelegatingMethodHandle$Holder.delegate(java.lang.Object, int, java.lang.Object, java.lang.Object)'> (0x00000000cb7a0900) 
thrown [s\open\src\hotspot\share\interpreter\linkResolver.cpp, line 759]
Event: 5.656 Thread 0x0000022c9bece290 Exception <a 'java/lang/NoSuchMethodError'{0x00000000cb7b1f80}: 'int java.lang.invoke.Invokers$Holder.linkToTargetMethod(java.lang.Object, java.lang.Object, java.lang.Object)'> (0x00000000cb7b1f80) 
thrown [s\open\src\hotspot\share\interpreter\linkResolver.cpp, line 759]
Event: 5.700 Thread 0x0000022c9bece290 Exception <a 'java/lang/NoClassDefFoundError'{0x00000000cb507f50}: org/flywaydb/core/Flyway> (0x00000000cb507f50) 
thrown [s\open\src\hotspot\share\classfile\systemDictionary.cpp, line 245]
Event: 5.701 Thread 0x0000022c9bece290 Exception <a 'java/lang/NoClassDefFoundError'{0x00000000cb50a958}: liquibase/integration/spring/SpringLiquibase> (0x00000000cb50a958) 
thrown [s\open\src\hotspot\share\classfile\systemDictionary.cpp, line 245]
Event: 5.714 Thread 0x0000022c9bece290 Exception <a 'java/lang/NoClassDefFoundError'{0x00000000cb54b858}: org/springframework/batch/core/repository/JobRepository> (0x00000000cb54b858) 
thrown [s\open\src\hotspot\share\classfile\systemDictionary.cpp, line 245]
Event: 5.715 Thread 0x0000022c9bece290 Exception <a 'java/lang/NoClassDefFoundError'{0x00000000cb54df20}: org/quartz/Scheduler> (0x00000000cb54df20) 
thrown [s\open\src\hotspot\share\classfile\systemDictionary.cpp, line 245]
Event: 5.715 Thread 0x0000022c9bece290 Exception <a 'java/lang/NoClassDefFoundError'{0x00000000cb550af8}: org/springframework/session/jdbc/JdbcIndexedSessionRepository> (0x00000000cb550af8) 
thrown [s\open\src\hotspot\share\classfile\systemDictionary.cpp, line 245]
Event: 5.771 Thread 0x0000022c9bece290 Exception <a 'java/lang/NoClassDefFoundError'{0x00000000cb1bdc40}: org/jooq/DSLContext> (0x00000000cb1bdc40) 
thrown [s\open\src\hotspot\share\classfile\systemDictionary.cpp, line 245]
Event: 5.976 Thread 0x0000022c9bece290 Exception <a 'java/lang/NoSuchMethodError'{0x00000000ccb7a608}: 'java.lang.Object java.lang.invoke.DirectMethodHandle$Holder.invokeSpecialIFC(java.lang.Object, java.lang.Object, java.lang.Object)'> (0x00000000ccb7a608) 
thrown [s\open\src\hotspot\share\interpreter\linkResolver.cpp, line 759]
Event: 6.021 Thread 0x0000022c9bece290 Implicit null exception at 0x0000022cab39d999 to 0x0000022cab39de7c
Event: 6.211 Thread 0x0000022c9bece290 Implicit null exception at 0x0000022cab392b77 to 0x0000022cab392de0
Event: 6.547 Thread 0x0000022c9bece290 Exception <a 'java/lang/NoSuchMethodError'{0x00000000cb8b87d0}: 'java.lang.Object java.lang.invoke.DirectMethodHandle$Holder.invokeStaticInit(java.lang.Object, int, int, int, int)'> (0x00000000cb8b87d0) 
thrown [s\open\src\hotspot\share\interpreter\linkResolver.cpp, line 759]
Event: 6.650 Thread 0x0000022c9bece290 Exception <a 'java/lang/NoSuchMethodError'{0x00000000cb7a4c48}: 'java.lang.Object java.lang.invoke.DirectMethodHandle$Holder.invokeStaticInit(java.lang.Object, java.lang.Object, int, int, int, int)'> (0x00000000cb7a4c48) 
thrown [s\open\src\hotspot\share\interpreter\linkResolver.cpp, line 759]
Event: 7.963 Thread 0x0000022c9bece290 Exception <a 'sun/nio/fs/WindowsException'{0x00000000cd444278}> (0x00000000cd444278) 
thrown [s\open\src\hotspot\share\prims\jni.cpp, line 516]
Event: 7.972 Thread 0x0000022c9bece290 Implicit null exception at 0x0000022cab3dd944 to 0x0000022cab3df35c
Event: 7.986 Thread 0x0000022c9bece290 Exception <a 'java/lang/NoSuchMethodError'{0x00000000cd467ba8}: 'int java.lang.invoke.DirectMethodHandle$Holder.invokeStaticInit(java.lang.Object, java.lang.Object, java.lang.Object, java.lang.Object)'> (0x00000000cd467ba8) 
thrown [s\open\src\hotspot\share\interpreter\linkResolver.cpp, line 759]
Event: 8.401 Thread 0x0000022c9bece290 Implicit null exception at 0x0000022cab24e3f2 to 0x0000022cab24e9c0
Event: 8.401 Thread 0x0000022c9bece290 Implicit null exception at 0x0000022cab24c5f2 to 0x0000022cab24cbd0

VM Operations (20 events):
Event: 7.790 Executing VM operation: HandshakeAllThreads
Event: 7.790 Executing VM operation: HandshakeAllThreads done
Event: 7.791 Executing VM operation: HandshakeAllThreads
Event: 7.791 Executing VM operation: HandshakeAllThreads done
Event: 7.870 Executing VM operation: HandshakeAllThreads
Event: 7.870 Executing VM operation: HandshakeAllThreads done
Event: 7.905 Executing VM operation: CollectForMetadataAllocation
Event: 7.935 Executing VM operation: CollectForMetadataAllocation done
Event: 7.936 Executing VM operation: G1Concurrent
Event: 7.943 Executing VM operation: G1Concurrent done
Event: 7.952 Executing VM operation: G1Concurrent
Event: 7.952 Executing VM operation: G1Concurrent done
Event: 7.965 Executing VM operation: HandshakeAllThreads
Event: 7.965 Executing VM operation: HandshakeAllThreads done
Event: 7.973 Executing VM operation: HandshakeAllThreads
Event: 7.973 Executing VM operation: HandshakeAllThreads done
Event: 7.975 Executing VM operation: HandshakeAllThreads
Event: 7.975 Executing VM operation: HandshakeAllThreads done
Event: 8.311 Executing VM operation: HandshakeAllThreads
Event: 8.311 Executing VM operation: HandshakeAllThreads done

Events (20 events):
Event: 8.358 loading class javax/security/auth/callback/Callback
Event: 8.358 loading class javax/security/auth/callback/Callback done
Event: 8.363 loading class sun/security/ssl/PostHandshakeContext
Event: 8.363 loading class sun/security/ssl/PostHandshakeContext done
Event: 8.363 loading class sun/security/ssl/NewSessionTicket$T13NewSessionTicketMessage
Event: 8.363 loading class sun/security/ssl/NewSessionTicket$NewSessionTicketMessage
Event: 8.363 loading class sun/security/ssl/NewSessionTicket$NewSessionTicketMessage done
Event: 8.363 loading class sun/security/ssl/NewSessionTicket$T13NewSessionTicketMessage done
Event: 8.412 Thread 0x0000022cb85d19a0 Thread added: 0x0000022cb85d19a0
Event: 8.413 loading class java/util/concurrent/ThreadPoolExecutor$CallerRunsPolicy
Event: 8.413 loading class java/util/concurrent/ThreadPoolExecutor$CallerRunsPolicy done
Event: 8.414 loading class java/util/concurrent/atomic/AtomicReferenceFieldUpdater
Event: 8.414 loading class java/util/concurrent/atomic/AtomicReferenceFieldUpdater done
Event: 8.415 loading class java/util/concurrent/atomic/AtomicReferenceFieldUpdater$AtomicReferenceFieldUpdaterImpl
Event: 8.415 loading class java/util/concurrent/atomic/AtomicReferenceFieldUpdater$AtomicReferenceFieldUpdaterImpl done
Event: 8.415 loading class java/util/concurrent/atomic/AtomicReferenceFieldUpdater$AtomicReferenceFieldUpdaterImpl$1
Event: 8.415 loading class java/util/concurrent/atomic/AtomicReferenceFieldUpdater$AtomicReferenceFieldUpdaterImpl$1 done
Event: 8.428 loading class java/util/TimerTask
Event: 8.429 loading class java/util/TimerTask done
Event: 8.517 Thread 0x0000022cb8a25030 Thread added: 0x0000022cb8a25030


Dynamic libraries:
0x00007ff6bba50000 - 0x00007ff6bba60000 	C:\Program Files\Java\jdk-17\bin\java.exe
0x00007ff9c7390000 - 0x00007ff9c7588000 	C:\windows\SYSTEM32\ntdll.dll
0x00007ff9c64b0000 - 0x00007ff9c656f000 	C:\windows\System32\KERNEL32.DLL
0x00007ff9c4c50000 - 0x00007ff9c4f46000 	C:\windows\System32\KERNELBASE.dll
0x00007ff9c4f50000 - 0x00007ff9c5050000 	C:\windows\System32\ucrtbase.dll
0x00007ff9a7540000 - 0x00007ff9a7559000 	C:\Program Files\Java\jdk-17\bin\jli.dll
0x00007ff9c58a0000 - 0x00007ff9c594f000 	C:\windows\System32\ADVAPI32.dll
0x00007ff9c5970000 - 0x00007ff9c5a0e000 	C:\windows\System32\msvcrt.dll
0x00007ff9c6b50000 - 0x00007ff9c6bec000 	C:\windows\System32\sechost.dll
0x00007ff9c6650000 - 0x00007ff9c6776000 	C:\windows\System32\RPCRT4.dll
0x00007ff9c5480000 - 0x00007ff9c561d000 	C:\windows\System32\USER32.dll
0x00007ff9c4c20000 - 0x00007ff9c4c42000 	C:\windows\System32\win32u.dll
0x00007ff9c57b0000 - 0x00007ff9c57dc000 	C:\windows\System32\GDI32.dll
0x00007ff9c5220000 - 0x00007ff9c5335000 	C:\windows\System32\gdi32full.dll
0x00007ff9c4ac0000 - 0x00007ff9c4b5d000 	C:\windows\System32\msvcp_win.dll
0x00007ff99e540000 - 0x00007ff99e55b000 	C:\Program Files\Java\jdk-17\bin\VCRUNTIME140.dll
0x00007ff9adc60000 - 0x00007ff9adefa000 	C:\windows\WinSxS\amd64_microsoft.windows.common-controls_6595b64144ccf1df_6.0.19041.1110_none_60b5254171f9507e\COMCTL32.dll
0x00007ff9bc710000 - 0x00007ff9bc71a000 	C:\windows\SYSTEM32\VERSION.dll
0x00007ff9c6620000 - 0x00007ff9c6650000 	C:\windows\System32\IMM32.DLL
0x00007ff9ad960000 - 0x00007ff9ad96c000 	C:\Program Files\Java\jdk-17\bin\vcruntime140_1.dll
0x00007ff980ff0000 - 0x00007ff98107e000 	C:\Program Files\Java\jdk-17\bin\msvcp140.dll
0x00007ff956a30000 - 0x00007ff95760d000 	C:\Program Files\Java\jdk-17\bin\server\jvm.dll
0x00007ff9c7340000 - 0x00007ff9c7348000 	C:\windows\System32\PSAPI.DLL
0x00007ff9bc6e0000 - 0x00007ff9bc707000 	C:\windows\SYSTEM32\WINMM.dll
0x00007ff999790000 - 0x00007ff999799000 	C:\windows\SYSTEM32\WSOCK32.dll
0x00007ff9c6a50000 - 0x00007ff9c6abb000 	C:\windows\System32\WS2_32.dll
0x00007ff9c2920000 - 0x00007ff9c2932000 	C:\windows\SYSTEM32\kernel.appcore.dll
0x00007ff99e530000 - 0x00007ff99e53a000 	C:\Program Files\Java\jdk-17\bin\jimage.dll
0x00007ff9afaa0000 - 0x00007ff9afc84000 	C:\windows\SYSTEM32\DBGHELP.DLL
0x00007ff9a76e0000 - 0x00007ff9a7714000 	C:\windows\SYSTEM32\dbgcore.DLL
0x00007ff9c4b60000 - 0x00007ff9c4be2000 	C:\windows\System32\bcryptPrimitives.dll
0x00007ff996480000 - 0x00007ff9964a5000 	C:\Program Files\Java\jdk-17\bin\java.dll
0x00007ff975a70000 - 0x00007ff975b47000 	C:\Program Files\Java\jdk-17\bin\jsvml.dll
0x00007ff9c6bf0000 - 0x00007ff9c7334000 	C:\windows\System32\SHELL32.dll
0x00007ff9c2b20000 - 0x00007ff9c32b4000 	C:\windows\SYSTEM32\windows.storage.dll
0x00007ff9c6020000 - 0x00007ff9c6374000 	C:\windows\System32\combase.dll
0x00007ff9c43e0000 - 0x00007ff9c440e000 	C:\windows\SYSTEM32\Wldp.dll
0x00007ff9c5700000 - 0x00007ff9c57ad000 	C:\windows\System32\SHCORE.dll
0x00007ff9c5fc0000 - 0x00007ff9c6015000 	C:\windows\System32\shlwapi.dll
0x00007ff9c49a0000 - 0x00007ff9c49c5000 	C:\windows\SYSTEM32\profapi.dll
0x00007ff996460000 - 0x00007ff996479000 	C:\Program Files\Java\jdk-17\bin\net.dll
0x00007ff9b97b0000 - 0x00007ff9b98ba000 	C:\windows\SYSTEM32\WINHTTP.dll
0x00007ff9c4140000 - 0x00007ff9c41aa000 	C:\windows\system32\mswsock.dll
0x00007ff996440000 - 0x00007ff996456000 	C:\Program Files\Java\jdk-17\bin\nio.dll
0x00007ff9960c0000 - 0x00007ff9960d8000 	C:\Program Files\Java\jdk-17\bin\zip.dll
0x00007ff9965f0000 - 0x00007ff9965fa000 	C:\Program Files\Java\jdk-17\bin\management.dll
0x00007ff9963d0000 - 0x00007ff9963db000 	C:\Program Files\Java\jdk-17\bin\management_ext.dll
0x00007ff9c4330000 - 0x00007ff9c4348000 	C:\windows\SYSTEM32\CRYPTSP.dll
0x00007ff9c3a60000 - 0x00007ff9c3a94000 	C:\windows\system32\rsaenh.dll
0x00007ff9c4bf0000 - 0x00007ff9c4c17000 	C:\windows\System32\bcrypt.dll
0x00007ff9c4920000 - 0x00007ff9c494e000 	C:\windows\SYSTEM32\USERENV.dll
0x00007ff9c4350000 - 0x00007ff9c435c000 	C:\windows\SYSTEM32\CRYPTBASE.dll
0x00007ff9c3e30000 - 0x00007ff9c3e6c000 	C:\windows\SYSTEM32\IPHLPAPI.DLL
0x00007ff9c53f0000 - 0x00007ff9c53f8000 	C:\windows\System32\NSI.dll
0x00007ff9bb3c0000 - 0x00007ff9bb3d7000 	C:\windows\SYSTEM32\dhcpcsvc6.DLL
0x00007ff9b99f0000 - 0x00007ff9b9a0d000 	C:\windows\SYSTEM32\dhcpcsvc.DLL
0x00007ff9c3e70000 - 0x00007ff9c3f3a000 	C:\windows\SYSTEM32\DNSAPI.dll
0x00007ff99e3f0000 - 0x00007ff99e400000 	C:\Program Files\Java\jdk-17\bin\verify.dll
0x00007ff9aabb0000 - 0x00007ff9aabba000 	C:\Windows\System32\rasadhlp.dll
0x00007ff9ab000000 - 0x00007ff9ab082000 	C:\windows\System32\fwpuclnt.dll
0x00007ff99c4a0000 - 0x00007ff99c4ad000 	C:\Program Files\Java\jdk-17\bin\sunmscapi.dll
0x00007ff9c50c0000 - 0x00007ff9c521e000 	C:\windows\System32\CRYPT32.dll
0x00007ff9c4450000 - 0x00007ff9c4478000 	C:\windows\SYSTEM32\ncrypt.dll
0x00007ff9c4410000 - 0x00007ff9c444b000 	C:\windows\SYSTEM32\NTASN1.dll

dbghelp: loaded successfully - version: 4.0.5 - missing functions: none
symbol engine: initialized successfully - sym options: 0x614 - pdb path: .;C:\Program Files\Java\jdk-17\bin;C:\windows\SYSTEM32;C:\windows\WinSxS\amd64_microsoft.windows.common-controls_6595b64144ccf1df_6.0.19041.1110_none_60b5254171f9507e;C:\Program Files\Java\jdk-17\bin\server

VM Arguments:
java_command: C:\Users\carin\AppData\Local\Temp\surefire9421168779172910154\surefirebooter-20230801200609018_3.jar C:\Users\carin\AppData\Local\Temp\surefire9421168779172910154 2023-08-01T20-06-08_278-jvmRun1 surefire-20230801200609018_1tmp surefire_0-20230801200609018_2tmp
java_class_path (initial): C:\Users\carin\AppData\Local\Temp\surefire9421168779172910154\surefirebooter-20230801200609018_3.jar
Launcher Type: SUN_STANDARD

[Global flags]
     intx CICompilerCount                          = 2                                         {product} {ergonomic}
     uint ConcGCThreads                            = 1                                         {product} {ergonomic}
     uint G1ConcRefinementThreads                  = 2                                         {product} {ergonomic}
   size_t G1HeapRegionSize                         = 1048576                                   {product} {ergonomic}
    uintx GCDrainStackTargetSize                   = 64                                        {product} {ergonomic}
   size_t InitialHeapSize                          = 58720256                                  {product} {ergonomic}
   size_t MarkStackSize                            = 4194304                                   {product} {ergonomic}
   size_t MaxHeapSize                              = 918552576                                 {product} {ergonomic}
   size_t MaxNewSize                               = 550502400                                 {product} {ergonomic}
   size_t MinHeapDeltaBytes                        = 1048576                                   {product} {ergonomic}
   size_t MinHeapSize                              = 8388608                                   {product} {ergonomic}
    uintx NonNMethodCodeHeapSize                   = 5826188                                {pd product} {ergonomic}
    uintx NonProfiledCodeHeapSize                  = 122916026                              {pd product} {ergonomic}
    uintx ProfiledCodeHeapSize                     = 122916026                              {pd product} {ergonomic}
    uintx ReservedCodeCacheSize                    = 251658240                              {pd product} {ergonomic}
     bool SegmentedCodeCache                       = true                                      {product} {ergonomic}
   size_t SoftMaxHeapSize                          = 918552576                              {manageable} {ergonomic}
     bool UseCompressedClassPointers               = true                           {product lp64_product} {ergonomic}
     bool UseCompressedOops                        = true                           {product lp64_product} {ergonomic}
     bool UseG1GC                                  = true                                      {product} {ergonomic}
     bool UseLargePagesIndividualAllocation        = false                                  {pd product} {ergonomic}

Logging:
Log output configuration:
 #0: stdout all=warning uptime,level,tags
 #1: stderr all=off uptime,level,tags

Environment Variables:
JAVA_HOME=C:\Program Files\Java\jdk-17
PATH=C:\Program Files\Common Files\Oracle\Java\javapath;C:\windows\system32;C:\windows;C:\windows\System32\Wbem;C:\windows\System32\WindowsPowerShell\v1.0\;C:\windows\System32\OpenSSH\;C:\Program Files\Git\cmd;C:\Program Files\nodejs\;C:\gradle-8.1.1\bin;C:\Program Files\Java\jdk-20\bin;C:\Users\carin\AppData\Local\Microsoft\WindowsApps;C:\Users\carin\AppData\Local\Programs\Microsoft VS Code\bin;C:\Users\carin\AppData\Roaming\npm;C:\ProgramData\carin\GitHubDesktop\bin;C:\Users\carin\AppData\Local\GitHubDesktop\bin;C:\Users\carin\Downloads\mongodb-windows-x86_64-6.0.4.zip\mongodb-win32-x86_64-windows-6.0.4\bin;C:\Users\carin\Desktop\dataBase\data;C:\Program Files\MongoDB\Server\6.0\data;C:\Program Files\MongoDB\Server\6.0\bin;C:\Users\carin\Desktop\Backend\FastAPI;C:\Users\carin\Desktop\Backend;C:\Users\carin\Desktop\Backend\dataBase\data\log;C:\Program Files\MongoDB\Server\6.0\data;C:\Program Files\MongoDB\Server\6.0\bin;C:\Users\carin\AppData\Local\Packages\PythonSoftwareFoundation.Python.3.10_qbz5n2kfra8p0\LocalCache\local-packages\Python310\Scripts;C:\Users\carin\Documents\flutter\bin\;C:\Program Files\MySQL\MySQL Server 8.0\bin;C:\gradle-8.1.1\bin;C:\Program Files\Java\jdk-20\bin;
USERNAME=carin
OS=Windows_NT
PROCESSOR_IDENTIFIER=AMD64 Family 23 Model 24 Stepping 1, AuthenticAMD



---------------  S Y S T E M  ---------------

OS:
 Windows 10 , 64 bit Build 19041 (10.0.19041.3155)
OS uptime: 2 days 13:14 hours

CPU: total 2 (initial active 2) (2 cores per cpu, 1 threads per core) family 23 model 24 stepping 1 microcode 0x0, cx8, cmov, fxsr, mmx, 3dnowpref, sse, sse2, sse3, ssse3, sse4a, sse4.1, sse4.2, popcnt, lzcnt, tsc, tscinvbit, avx, avx2, aes, clmul, bmi1, bmi2, adx, sha, fma, vzeroupper, clflush, clflushopt

Memory: 4k page, system-wide physical 3500M (282M free)
TotalPageFile size 14252M (AvailPageFile size 2M)
current process WorkingSet (physical memory assigned to process): 178M, peak: 178M
current process commit charge ("private bytes"): 217M, peak: 218M

vm_info: Java HotSpot(TM) 64-Bit Server VM (17.0.7+8-LTS-224) for windows-amd64 JRE (17.0.7+8-LTS-224), built on Feb 28 2023 23:03:02 by "mach5one" with MS VC++ 17.1 (VS2022)

END.
