#
# There is insufficient memory for the Java Runtime Environment to continue.
# Native memory allocation (malloc) failed to allocate 1179536 bytes for Chunk::new
# Possible reasons:
#   The system is out of physical RAM or swap space
#   The process is running with CompressedOops enabled, and the Java Heap may be blocking the growth of the native heap
# Possible solutions:
#   Reduce memory load on the system
#   Increase physical memory or swap space
#   Check if swap backing store is full
#   Decrease Java heap size (-Xmx/-Xms)
#   Decrease number of Java threads
#   Decrease Java thread stack sizes (-Xss)
#   Set larger code cache with -XX:ReservedCodeCacheSize=
#   JVM is running with Unscaled Compressed Oops mode in which the Java heap is
#     placed in the first 4GB address space. The Java Heap base address is the
#     maximum limit for the native heap growth. Please use -XX:HeapBaseMinAddress
#     to set the Java Heap base and to place the Java Heap above 4GB virtual address.
# This output file may be truncated or incomplete.
#
#  Out of Memory Error (arena.cpp:189), pid=14224, tid=15136
#
# JRE version: Java(TM) SE Runtime Environment (17.0.7+8) (build 17.0.7+8-LTS-224)
# Java VM: Java HotSpot(TM) 64-Bit Server VM (17.0.7+8-LTS-224, mixed mode, sharing, tiered, compressed oops, compressed class ptrs, g1 gc, windows-amd64)
# No core dump will be written. Minidumps are not enabled by default on client versions of Windows
#

---------------  S U M M A R Y ------------

Command Line: C:\Users\carin\AppData\Local\Temp\surefire11780323032494903777\surefirebooter-20230801231844473_3.jar C:\Users\carin\AppData\Local\Temp\surefire11780323032494903777 2023-08-01T23-18-43_666-jvmRun1 surefire-20230801231844473_1tmp surefire_0-20230801231844473_2tmp

Host: AMD Athlon Silver 3050U with Radeon Graphics   , 2 cores, 3G,  Windows 10 , 64 bit Build 19041 (10.0.19041.3155)
Time: Tue Aug  1 23:18:53 2023 Hora estándar de Argentina elapsed time: 8.415575 seconds (0d 0h 0m 8s)

---------------  T H R E A D  ---------------

Current thread (0x000002ea3c407530):  JavaThread "C2 CompilerThread0" daemon [_thread_in_native, id=15136, stack(0x000000f033b00000,0x000000f033c00000)]


Current CompileTask:
C2:   8415 3900       4       java.net.URLStreamHandler::parseURL (1201 bytes)

Stack: [0x000000f033b00000,0x000000f033c00000]
Native frames: (J=compiled Java code, j=interpreted, Vv=VM code, C=native code)
V  [jvm.dll+0x676a4a]
V  [jvm.dll+0x7d74f4]
V  [jvm.dll+0x7d8c9e]
V  [jvm.dll+0x7d9303]
V  [jvm.dll+0x2452c5]
V  [jvm.dll+0xaaa2b]
V  [jvm.dll+0xaafcc]
V  [jvm.dll+0x3613cf]
V  [jvm.dll+0x32bba1]
V  [jvm.dll+0x32b03a]
V  [jvm.dll+0x217acf]
V  [jvm.dll+0x216f01]
V  [jvm.dll+0x1a35e0]
V  [jvm.dll+0x226a6e]
V  [jvm.dll+0x224e15]
V  [jvm.dll+0x78d05c]
V  [jvm.dll+0x78759a]
V  [jvm.dll+0x675875]
C  [ucrtbase.dll+0x21bb2]
C  [KERNEL32.DLL+0x17614]
C  [ntdll.dll+0x526b1]


---------------  P R O C E S S  ---------------

Threads class SMR info:
_java_thread_list=0x000002ea4022a1e0, length=17, elements={
0x000002ea21b3e7a0, 0x000002ea21c18af0, 0x000002ea3c3f18f0, 0x000002ea3c402970,
0x000002ea3c403430, 0x000002ea3c405df0, 0x000002ea3c4067a0, 0x000002ea3c407530,
0x000002ea3c408ff0, 0x000002ea3c4101a0, 0x000002ea3d02b520, 0x000002ea3d032670,
0x000002ea3d42b110, 0x000002ea3d3fe6d0, 0x000002ea3e957320, 0x000002ea3ebc82c0,
0x000002ea3ebc9130
}

Java Threads: ( => current thread )
  0x000002ea21b3e7a0 JavaThread "main" [_thread_in_vm, id=7664, stack(0x000000f032e00000,0x000000f032f00000)]
  0x000002ea21c18af0 JavaThread "Reference Handler" daemon [_thread_blocked, id=15044, stack(0x000000f033500000,0x000000f033600000)]
  0x000002ea3c3f18f0 JavaThread "Finalizer" daemon [_thread_blocked, id=7452, stack(0x000000f033600000,0x000000f033700000)]
  0x000002ea3c402970 JavaThread "Signal Dispatcher" daemon [_thread_blocked, id=4592, stack(0x000000f033700000,0x000000f033800000)]
  0x000002ea3c403430 JavaThread "Attach Listener" daemon [_thread_blocked, id=3196, stack(0x000000f033800000,0x000000f033900000)]
  0x000002ea3c405df0 JavaThread "Service Thread" daemon [_thread_blocked, id=16844, stack(0x000000f033900000,0x000000f033a00000)]
  0x000002ea3c4067a0 JavaThread "Monitor Deflation Thread" daemon [_thread_blocked, id=6672, stack(0x000000f033a00000,0x000000f033b00000)]
=>0x000002ea3c407530 JavaThread "C2 CompilerThread0" daemon [_thread_in_native, id=15136, stack(0x000000f033b00000,0x000000f033c00000)]
  0x000002ea3c408ff0 JavaThread "C1 CompilerThread0" daemon [_thread_blocked, id=16528, stack(0x000000f033c00000,0x000000f033d00000)]
  0x000002ea3c4101a0 JavaThread "Sweeper thread" daemon [_thread_blocked, id=14320, stack(0x000000f033d00000,0x000000f033e00000)]
  0x000002ea3d02b520 JavaThread "Notification Thread" daemon [_thread_blocked, id=4596, stack(0x000000f033e00000,0x000000f033f00000)]
  0x000002ea3d032670 JavaThread "Common-Cleaner" daemon [_thread_blocked, id=16512, stack(0x000000f034000000,0x000000f034100000)]
  0x000002ea3d42b110 JavaThread "surefire-forkedjvm-stream-flusher" daemon [_thread_blocked, id=15264, stack(0x000000f034200000,0x000000f034300000)]
  0x000002ea3d3fe6d0 JavaThread "surefire-forkedjvm-command-thread" daemon [_thread_in_native, id=9544, stack(0x000000f034300000,0x000000f034400000)]
  0x000002ea3e957320 JavaThread "mysql-cj-abandoned-connection-cleanup" daemon [_thread_blocked, id=13352, stack(0x000000f034400000,0x000000f034500000)]
  0x000002ea3ebc82c0 JavaThread "HikariPool-1 housekeeper" daemon [_thread_blocked, id=11280, stack(0x000000f034600000,0x000000f034700000)]
  0x000002ea3ebc9130 JavaThread "HikariPool-1 connection adder" daemon [_thread_blocked, id=13800, stack(0x000000f034700000,0x000000f034800000)]

Other Threads:
  0x000002ea21c17780 VMThread "VM Thread" [stack: 0x000000f033400000,0x000000f033500000] [id=11056]
  0x000002ea3d032230 WatcherThread [stack: 0x000000f033f00000,0x000000f034000000] [id=12296]
  0x000002ea21b76490 GCTaskThread "GC Thread#0" [stack: 0x000000f032f00000,0x000000f033000000] [id=15216]
  0x000002ea3d3e8c60 GCTaskThread "GC Thread#1" [stack: 0x000000f034100000,0x000000f034200000] [id=17292]
  0x000002ea21b7e150 ConcurrentGCThread "G1 Main Marker" [stack: 0x000000f033000000,0x000000f033100000] [id=10940]
  0x000002ea21b7f300 ConcurrentGCThread "G1 Conc#0" [stack: 0x000000f033100000,0x000000f033200000] [id=2992]
  0x000002ea21bb3cb0 ConcurrentGCThread "G1 Refine#0" [stack: 0x000000f033200000,0x000000f033300000] [id=17036]
  0x000002ea21bb46d0 ConcurrentGCThread "G1 Service" [stack: 0x000000f033300000,0x000000f033400000] [id=14144]

Threads with active compile tasks:
C2 CompilerThread0     8448 3900       4       java.net.URLStreamHandler::parseURL (1201 bytes)

VM state: not at safepoint (normal execution)

VM Mutex/Monitor currently owned by a thread: None

Heap address: 0x00000000c9400000, size: 876 MB, Compressed Oops mode: 32-bit

CDS archive(s) mapped at: [0x0000000800000000-0x0000000800bd0000-0x0000000800bd0000), size 12386304, SharedBaseAddress: 0x0000000800000000, ArchiveRelocationMode: 0.
Compressed class space mapped at: 0x0000000800c00000-0x0000000840c00000, reserved size: 1073741824
Narrow klass base: 0x0000000800000000, Narrow klass shift: 0, Narrow klass range: 0x100000000

GC Precious Log:
 CPUs: 2 total, 2 available
 Memory: 3500M
 Large Page Support: Disabled
 NUMA Support: Disabled
 Compressed Oops: Enabled (32-bit)
 Heap Region Size: 1M
 Heap Min Capacity: 8M
 Heap Initial Capacity: 56M
 Heap Max Capacity: 876M
 Pre-touch: Disabled
 Parallel Workers: 2
 Concurrent Workers: 1
 Concurrent Refinement Workers: 2
 Periodic GC: Disabled

Heap:
 garbage-first heap   total 48128K, used 27808K [0x00000000c9400000, 0x0000000100000000)
  region size 1024K, 13 young (13312K), 3 survivors (3072K)
 Metaspace       used 41285K, committed 41664K, reserved 1089536K
  class space    used 5511K, committed 5696K, reserved 1048576K

Heap Regions: E=young(eden), S=young(survivor), O=old, HS=humongous(starts), HC=humongous(continues), CS=collection set, F=free, OA=open archive, CA=closed archive, TAMS=top-at-mark-start (previous, next)
|   0|0x00000000c9400000, 0x00000000c9500000, 0x00000000c9500000|100%|HS|  |TAMS 0x00000000c9500000, 0x00000000c9400000| Complete 
|   1|0x00000000c9500000, 0x00000000c9600000, 0x00000000c9600000|100%| O|  |TAMS 0x00000000c9600000, 0x00000000c9500000| Untracked 
|   2|0x00000000c9600000, 0x00000000c9700000, 0x00000000c9700000|100%| O|  |TAMS 0x00000000c9700000, 0x00000000c9600000| Untracked 
|   3|0x00000000c9700000, 0x00000000c9800000, 0x00000000c9800000|100%| O|  |TAMS 0x00000000c9800000, 0x00000000c9700000| Untracked 
|   4|0x00000000c9800000, 0x00000000c9900000, 0x00000000c9900000|100%| O|  |TAMS 0x00000000c9900000, 0x00000000c9800000| Untracked 
|   5|0x00000000c9900000, 0x00000000c9a00000, 0x00000000c9a00000|100%| O|  |TAMS 0x00000000c9a00000, 0x00000000c9900000| Untracked 
|   6|0x00000000c9a00000, 0x00000000c9b00000, 0x00000000c9b00000|100%| O|  |TAMS 0x00000000c9b00000, 0x00000000c9a00000| Untracked 
|   7|0x00000000c9b00000, 0x00000000c9c00000, 0x00000000c9c00000|100%| O|  |TAMS 0x00000000c9c00000, 0x00000000c9b00000| Untracked 
|   8|0x00000000c9c00000, 0x00000000c9d00000, 0x00000000c9d00000|100%| O|  |TAMS 0x00000000c9d00000, 0x00000000c9c00000| Untracked 
|   9|0x00000000c9d00000, 0x00000000c9e00000, 0x00000000c9e00000|100%| O|  |TAMS 0x00000000c9e00000, 0x00000000c9d00000| Untracked 
|  10|0x00000000c9e00000, 0x00000000c9e57a00, 0x00000000c9f00000| 34%| O|  |TAMS 0x00000000c9e57a00, 0x00000000c9e00000| Untracked 
|  11|0x00000000c9f00000, 0x00000000ca000000, 0x00000000ca000000|100%| O|  |TAMS 0x00000000ca000000, 0x00000000c9f00000| Untracked 
|  12|0x00000000ca000000, 0x00000000ca100000, 0x00000000ca100000|100%| O|  |TAMS 0x00000000ca100000, 0x00000000ca000000| Untracked 
|  13|0x00000000ca100000, 0x00000000ca200000, 0x00000000ca200000|100%| O|  |TAMS 0x00000000ca200000, 0x00000000ca100000| Untracked 
|  14|0x00000000ca200000, 0x00000000ca300000, 0x00000000ca300000|100%| O|  |TAMS 0x00000000ca300000, 0x00000000ca200000| Untracked 
|  15|0x00000000ca300000, 0x00000000ca39a200, 0x00000000ca400000| 60%| O|  |TAMS 0x00000000ca300000, 0x00000000ca300000| Untracked 
|  16|0x00000000ca400000, 0x00000000ca400000, 0x00000000ca500000|  0%| F|  |TAMS 0x00000000ca400000, 0x00000000ca400000| Untracked 
|  17|0x00000000ca500000, 0x00000000ca500000, 0x00000000ca600000|  0%| F|  |TAMS 0x00000000ca500000, 0x00000000ca500000| Untracked 
|  18|0x00000000ca600000, 0x00000000ca600000, 0x00000000ca700000|  0%| F|  |TAMS 0x00000000ca600000, 0x00000000ca600000| Untracked 
|  19|0x00000000ca700000, 0x00000000ca800000, 0x00000000ca800000|100%| O|  |TAMS 0x00000000ca75a200, 0x00000000ca700000| Untracked 
|  20|0x00000000ca800000, 0x00000000ca800000, 0x00000000ca900000|  0%| F|  |TAMS 0x00000000ca800000, 0x00000000ca800000| Untracked 
|  21|0x00000000ca900000, 0x00000000ca900000, 0x00000000caa00000|  0%| F|  |TAMS 0x00000000ca900000, 0x00000000ca900000| Untracked 
|  22|0x00000000caa00000, 0x00000000caa00000, 0x00000000cab00000|  0%| F|  |TAMS 0x00000000caa00000, 0x00000000caa00000| Untracked 
|  23|0x00000000cab00000, 0x00000000cab00000, 0x00000000cac00000|  0%| F|  |TAMS 0x00000000cab00000, 0x00000000cab00000| Untracked 
|  24|0x00000000cac00000, 0x00000000cac00000, 0x00000000cad00000|  0%| F|  |TAMS 0x00000000cac00000, 0x00000000cac00000| Untracked 
|  25|0x00000000cad00000, 0x00000000cad00000, 0x00000000cae00000|  0%| F|  |TAMS 0x00000000cad00000, 0x00000000cad00000| Untracked 
|  26|0x00000000cae00000, 0x00000000cae00000, 0x00000000caf00000|  0%| F|  |TAMS 0x00000000cae00000, 0x00000000cae00000| Untracked 
|  27|0x00000000caf00000, 0x00000000caf00000, 0x00000000cb000000|  0%| F|  |TAMS 0x00000000caf00000, 0x00000000caf00000| Untracked 
|  28|0x00000000cb000000, 0x00000000cb000000, 0x00000000cb100000|  0%| F|  |TAMS 0x00000000cb000000, 0x00000000cb000000| Untracked 
|  29|0x00000000cb100000, 0x00000000cb100000, 0x00000000cb200000|  0%| F|  |TAMS 0x00000000cb100000, 0x00000000cb100000| Untracked 
|  30|0x00000000cb200000, 0x00000000cb200000, 0x00000000cb300000|  0%| F|  |TAMS 0x00000000cb200000, 0x00000000cb200000| Untracked 
|  31|0x00000000cb300000, 0x00000000cb300000, 0x00000000cb400000|  0%| F|  |TAMS 0x00000000cb300000, 0x00000000cb300000| Untracked 
|  32|0x00000000cb400000, 0x00000000cb400000, 0x00000000cb500000|  0%| F|  |TAMS 0x00000000cb400000, 0x00000000cb400000| Untracked 
|  33|0x00000000cb500000, 0x00000000cb500000, 0x00000000cb600000|  0%| F|  |TAMS 0x00000000cb500000, 0x00000000cb500000| Untracked 
|  34|0x00000000cb600000, 0x00000000cb6a8930, 0x00000000cb700000| 65%| E|  |TAMS 0x00000000cb600000, 0x00000000cb600000| Complete 
|  35|0x00000000cb700000, 0x00000000cb800000, 0x00000000cb800000|100%| E|CS|TAMS 0x00000000cb700000, 0x00000000cb700000| Complete 
|  36|0x00000000cb800000, 0x00000000cb900000, 0x00000000cb900000|100%| E|CS|TAMS 0x00000000cb800000, 0x00000000cb800000| Complete 
|  37|0x00000000cb900000, 0x00000000cba00000, 0x00000000cba00000|100%| E|CS|TAMS 0x00000000cb900000, 0x00000000cb900000| Complete 
|  38|0x00000000cba00000, 0x00000000cba36640, 0x00000000cbb00000| 21%| S|CS|TAMS 0x00000000cba00000, 0x00000000cba00000| Complete 
|  39|0x00000000cbb00000, 0x00000000cbc00000, 0x00000000cbc00000|100%| S|CS|TAMS 0x00000000cbb00000, 0x00000000cbb00000| Complete 
|  40|0x00000000cbc00000, 0x00000000cbd00000, 0x00000000cbd00000|100%| S|CS|TAMS 0x00000000cbc00000, 0x00000000cbc00000| Complete 
|  41|0x00000000cbd00000, 0x00000000cbe00000, 0x00000000cbe00000|100%| E|CS|TAMS 0x00000000cbd00000, 0x00000000cbd00000| Complete 
|  42|0x00000000cbe00000, 0x00000000cbf00000, 0x00000000cbf00000|100%| E|CS|TAMS 0x00000000cbe00000, 0x00000000cbe00000| Complete 
|  43|0x00000000cbf00000, 0x00000000cc000000, 0x00000000cc000000|100%| E|CS|TAMS 0x00000000cbf00000, 0x00000000cbf00000| Complete 
|  44|0x00000000cc000000, 0x00000000cc100000, 0x00000000cc100000|100%| E|CS|TAMS 0x00000000cc000000, 0x00000000cc000000| Complete 
|  45|0x00000000cc100000, 0x00000000cc200000, 0x00000000cc200000|100%| E|CS|TAMS 0x00000000cc100000, 0x00000000cc100000| Complete 
|  46|0x00000000cc200000, 0x00000000cc300000, 0x00000000cc300000|100%| E|CS|TAMS 0x00000000cc200000, 0x00000000cc200000| Complete 

Card table byte_map: [0x000002ea218e0000,0x000002ea21aa0000] _byte_map_base: 0x000002ea21296000

Marking Bits (Prev, Next): (CMBitMap*) 0x000002ea21b76aa0, (CMBitMap*) 0x000002ea21b76ae0
 Prev Bits: [0x000002ea38590000, 0x000002ea39340000)
 Next Bits: [0x000002ea39340000, 0x000002ea3a0f0000)

Polling page: 0x000002ea1fad0000

Metaspace:

Usage:
  Non-class:     34.94 MB used.
      Class:      5.38 MB used.
       Both:     40.32 MB used.

Virtual space:
  Non-class space:       40.00 MB reserved,      35.12 MB ( 88%) committed,  5 nodes.
      Class space:        1.00 GB reserved,       5.56 MB ( <1%) committed,  1 nodes.
             Both:        1.04 GB reserved,      40.69 MB (  4%) committed. 

Chunk freelists:
   Non-Class:  928.00 KB
       Class:  2.44 MB
        Both:  3.34 MB

MaxMetaspaceSize: unlimited
CompressedClassSpaceSize: 1.00 GB
Initial GC threshold: 21.00 MB
Current GC threshold: 59.00 MB
CDS: on
MetaspaceReclaimPolicy: balanced
 - commit_granule_bytes: 65536.
 - commit_granule_words: 8192.
 - virtual_space_node_default_size: 1048576.
 - enlarge_chunks_in_place: 1.
 - new_chunks_are_fully_committed: 0.
 - uncommit_free_chunks: 1.
 - use_allocation_guard: 0.
 - handle_deallocations: 1.


Internal statistics:

num_allocs_failed_limit: 6.
num_arena_births: 436.
num_arena_deaths: 0.
num_vsnodes_births: 6.
num_vsnodes_deaths: 0.
num_space_committed: 651.
num_space_uncommitted: 0.
num_chunks_returned_to_freelist: 6.
num_chunks_taken_from_freelist: 1808.
num_chunk_merges: 3.
num_chunk_splits: 1278.
num_chunks_enlarged: 989.
num_purges: 0.
num_inconsistent_stats: 0.

CodeHeap 'non-profiled nmethods': size=120064Kb used=2074Kb max_used=2074Kb free=117990Kb
 bounds [0x000002ea30e90000, 0x000002ea31100000, 0x000002ea383d0000]
CodeHeap 'profiled nmethods': size=120000Kb used=8318Kb max_used=8318Kb free=111681Kb
 bounds [0x000002ea293d0000, 0x000002ea29bf0000, 0x000002ea30900000]
CodeHeap 'non-nmethods': size=5696Kb used=1266Kb max_used=1286Kb free=4429Kb
 bounds [0x000002ea30900000, 0x000002ea30b70000, 0x000002ea30e90000]
 total_blobs=4484 nmethods=3909 adapters=486
 compilation: enabled
              stopped_count=0, restarted_count=0
 full_count=0

Compilation events (20 events):
Event: 8.337 Thread 0x000002ea3c407530 3900       4       java.net.URLStreamHandler::parseURL (1201 bytes)
Event: 8.343 Thread 0x000002ea3c408ff0 3902       3       jdk.internal.misc.Unsafe::checkSize (32 bytes)
Event: 8.343 Thread 0x000002ea3c408ff0 nmethod 3902 0x000002ea29bec490 code [0x000002ea29bec640, 0x000002ea29bec8c8]
Event: 8.356 Thread 0x000002ea3c408ff0 3903       3       java.util.LinkedHashMap::get (29 bytes)
Event: 8.356 Thread 0x000002ea3c408ff0 nmethod 3903 0x000002ea29beca10 code [0x000002ea29becbc0, 0x000002ea29bece78]
Event: 8.362 Thread 0x000002ea3c408ff0 3904       3       java.lang.reflect.AccessibleObject::slowVerifyAccess (67 bytes)
Event: 8.362 Thread 0x000002ea3c408ff0 nmethod 3904 0x000002ea29becf90 code [0x000002ea29bed1a0, 0x000002ea29bed908]
Event: 8.363 Thread 0x000002ea3c408ff0 3906       1       java.lang.reflect.Field::getType (5 bytes)
Event: 8.364 Thread 0x000002ea3c408ff0 nmethod 3906 0x000002ea31096210 code [0x000002ea310963a0, 0x000002ea31096478]
Event: 8.364 Thread 0x000002ea3c408ff0 3907       3       jdk.internal.misc.Unsafe::ensureClassInitialized (18 bytes)
Event: 8.364 Thread 0x000002ea3c408ff0 nmethod 3907 0x000002ea29bedb10 code [0x000002ea29bedcc0, 0x000002ea29bedef8]
Event: 8.364 Thread 0x000002ea3c408ff0 3908       3       java.lang.invoke.Invokers::maybeCustomize (5 bytes)
Event: 8.364 Thread 0x000002ea3c408ff0 nmethod 3908 0x000002ea29bee010 code [0x000002ea29bee1a0, 0x000002ea29bee348]
Event: 8.366 Thread 0x000002ea3c408ff0 3909       3       com.mysql.cj.conf.BooleanPropertyDefinition::createRuntimeProperty (9 bytes)
Event: 8.366 Thread 0x000002ea3c408ff0 nmethod 3909 0x000002ea29bee410 code [0x000002ea29bee5c0, 0x000002ea29bee7c8]
Event: 8.369 Thread 0x000002ea3c408ff0 3910       3       java.util.TimSort::sort (229 bytes)
Event: 8.370 Thread 0x000002ea3c408ff0 nmethod 3910 0x000002ea29bee910 code [0x000002ea29beeb60, 0x000002ea29bef278]
Event: 8.393 Thread 0x000002ea3c408ff0 3912       1       org.hibernate.type.descriptor.java.AbstractClassJavaType::getJavaType (5 bytes)
Event: 8.393 Thread 0x000002ea3c408ff0 nmethod 3912 0x000002ea31096510 code [0x000002ea310966a0, 0x000002ea31096778]
Event: 8.413 Thread 0x000002ea3c408ff0 3913       3       com.mysql.cj.conf.StringPropertyDefinition::createRuntimeProperty (9 bytes)

GC Heap History (20 events):
Event: 0.494 GC heap before
{Heap before GC invocations=1 (full 0):
 garbage-first heap   total 57344K, used 8707K [0x00000000c9400000, 0x0000000100000000)
  region size 1024K, 5 young (5120K), 1 survivors (1024K)
 Metaspace       used 1877K, committed 2048K, reserved 1056768K
  class space    used 183K, committed 256K, reserved 1048576K
}
Event: 0.497 GC heap after
{Heap after GC invocations=2 (full 0):
 garbage-first heap   total 57344K, used 7168K [0x00000000c9400000, 0x0000000100000000)
  region size 1024K, 1 young (1024K), 1 survivors (1024K)
 Metaspace       used 1877K, committed 2048K, reserved 1056768K
  class space    used 183K, committed 256K, reserved 1048576K
}
Event: 0.744 GC heap before
{Heap before GC invocations=2 (full 0):
 garbage-first heap   total 57344K, used 12288K [0x00000000c9400000, 0x0000000100000000)
  region size 1024K, 7 young (7168K), 1 survivors (1024K)
 Metaspace       used 3495K, committed 3648K, reserved 1056768K
  class space    used 399K, committed 448K, reserved 1048576K
}
Event: 0.747 GC heap after
{Heap after GC invocations=3 (full 0):
 garbage-first heap   total 57344K, used 7644K [0x00000000c9400000, 0x0000000100000000)
  region size 1024K, 1 young (1024K), 1 survivors (1024K)
 Metaspace       used 3495K, committed 3648K, reserved 1056768K
  class space    used 399K, committed 448K, reserved 1048576K
}
Event: 1.515 GC heap before
{Heap before GC invocations=3 (full 0):
 garbage-first heap   total 57344K, used 21980K [0x00000000c9400000, 0x0000000100000000)
  region size 1024K, 15 young (15360K), 1 survivors (1024K)
 Metaspace       used 7522K, committed 7680K, reserved 1056768K
  class space    used 944K, committed 1024K, reserved 1048576K
}
Event: 1.519 GC heap after
{Heap after GC invocations=4 (full 0):
 garbage-first heap   total 57344K, used 8794K [0x00000000c9400000, 0x0000000100000000)
  region size 1024K, 2 young (2048K), 2 survivors (2048K)
 Metaspace       used 7522K, committed 7680K, reserved 1056768K
  class space    used 944K, committed 1024K, reserved 1048576K
}
Event: 3.216 GC heap before
{Heap before GC invocations=4 (full 0):
 garbage-first heap   total 57344K, used 38490K [0x00000000c9400000, 0x0000000100000000)
  region size 1024K, 31 young (31744K), 2 survivors (2048K)
 Metaspace       used 14264K, committed 14528K, reserved 1064960K
  class space    used 1878K, committed 1984K, reserved 1048576K
}
Event: 3.224 GC heap after
{Heap after GC invocations=5 (full 0):
 garbage-first heap   total 57344K, used 10675K [0x00000000c9400000, 0x0000000100000000)
  region size 1024K, 4 young (4096K), 4 survivors (4096K)
 Metaspace       used 14264K, committed 14528K, reserved 1064960K
  class space    used 1878K, committed 1984K, reserved 1048576K
}
Event: 4.049 GC heap before
{Heap before GC invocations=5 (full 0):
 garbage-first heap   total 57344K, used 38323K [0x00000000c9400000, 0x0000000100000000)
  region size 1024K, 32 young (32768K), 4 survivors (4096K)
 Metaspace       used 20168K, committed 20416K, reserved 1073152K
  class space    used 2607K, committed 2752K, reserved 1048576K
}
Event: 4.063 GC heap after
{Heap after GC invocations=6 (full 0):
 garbage-first heap   total 57344K, used 12325K [0x00000000c9400000, 0x0000000100000000)
  region size 1024K, 4 young (4096K), 4 survivors (4096K)
 Metaspace       used 20168K, committed 20416K, reserved 1073152K
  class space    used 2607K, committed 2752K, reserved 1048576K
}
Event: 4.705 GC heap before
{Heap before GC invocations=6 (full 0):
 garbage-first heap   total 57344K, used 24613K [0x00000000c9400000, 0x0000000100000000)
  region size 1024K, 17 young (17408K), 4 survivors (4096K)
 Metaspace       used 21218K, committed 21504K, reserved 1073152K
  class space    used 2728K, committed 2880K, reserved 1048576K
}
Event: 4.719 GC heap after
{Heap after GC invocations=7 (full 0):
 garbage-first heap   total 69632K, used 12979K [0x00000000c9400000, 0x0000000100000000)
  region size 1024K, 3 young (3072K), 3 survivors (3072K)
 Metaspace       used 21218K, committed 21504K, reserved 1073152K
  class space    used 2728K, committed 2880K, reserved 1048576K
}
Event: 6.024 GC heap before
{Heap before GC invocations=8 (full 0):
 garbage-first heap   total 48128K, used 38579K [0x00000000c9400000, 0x0000000100000000)
  region size 1024K, 28 young (28672K), 3 survivors (3072K)
 Metaspace       used 25174K, committed 25536K, reserved 1073152K
  class space    used 3302K, committed 3456K, reserved 1048576K
}
Event: 6.032 GC heap after
{Heap after GC invocations=9 (full 0):
 garbage-first heap   total 48128K, used 15272K [0x00000000c9400000, 0x0000000100000000)
  region size 1024K, 4 young (4096K), 4 survivors (4096K)
 Metaspace       used 25174K, committed 25536K, reserved 1073152K
  class space    used 3302K, committed 3456K, reserved 1048576K
}
Event: 6.652 GC heap before
{Heap before GC invocations=9 (full 0):
 garbage-first heap   total 48128K, used 33704K [0x00000000c9400000, 0x0000000100000000)
  region size 1024K, 23 young (23552K), 4 survivors (4096K)
 Metaspace       used 28586K, committed 28928K, reserved 1081344K
  class space    used 3796K, committed 3968K, reserved 1048576K
}
Event: 6.660 GC heap after
{Heap after GC invocations=10 (full 0):
 garbage-first heap   total 48128K, used 16646K [0x00000000c9400000, 0x0000000100000000)
  region size 1024K, 2 young (2048K), 2 survivors (2048K)
 Metaspace       used 28586K, committed 28928K, reserved 1081344K
  class space    used 3796K, committed 3968K, reserved 1048576K
}
Event: 7.315 GC heap before
{Heap before GC invocations=10 (full 0):
 garbage-first heap   total 48128K, used 34054K [0x00000000c9400000, 0x0000000100000000)
  region size 1024K, 20 young (20480K), 2 survivors (2048K)
 Metaspace       used 33469K, committed 33792K, reserved 1081344K
  class space    used 4505K, committed 4672K, reserved 1048576K
}
Event: 7.320 GC heap after
{Heap after GC invocations=11 (full 0):
 garbage-first heap   total 48128K, used 17594K [0x00000000c9400000, 0x0000000100000000)
  region size 1024K, 3 young (3072K), 3 survivors (3072K)
 Metaspace       used 33469K, committed 33792K, reserved 1081344K
  class space    used 4505K, committed 4672K, reserved 1048576K
}
Event: 7.793 GC heap before
{Heap before GC invocations=11 (full 0):
 garbage-first heap   total 48128K, used 22714K [0x00000000c9400000, 0x0000000100000000)
  region size 1024K, 9 young (9216K), 3 survivors (3072K)
 Metaspace       used 35681K, committed 35968K, reserved 1081344K
  class space    used 4774K, committed 4928K, reserved 1048576K
}
Event: 7.798 GC heap after
{Heap after GC invocations=12 (full 0):
 garbage-first heap   total 48128K, used 18592K [0x00000000c9400000, 0x0000000100000000)
  region size 1024K, 3 young (3072K), 3 survivors (3072K)
 Metaspace       used 35681K, committed 35968K, reserved 1081344K
  class space    used 4774K, committed 4928K, reserved 1048576K
}

Deoptimization events (20 events):
Event: 8.206 Thread 0x000002ea21b3e7a0 Uncommon trap: trap_request=0xffffff45 fr.pc=0x000002ea30fe95fc relative=0x000000000000025c
Event: 8.207 Thread 0x000002ea21b3e7a0 Uncommon trap: reason=unstable_if action=reinterpret pc=0x000002ea30fe95fc method=java.lang.String.getChars(II[CI)V @ 23 c2
Event: 8.207 Thread 0x000002ea21b3e7a0 DEOPT PACKING pc=0x000002ea30fe95fc sp=0x000000f032efa7b0
Event: 8.207 Thread 0x000002ea21b3e7a0 DEOPT UNPACKING pc=0x000002ea309523a3 sp=0x000000f032efa770 mode 2
Event: 8.216 Thread 0x000002ea21b3e7a0 Uncommon trap: trap_request=0xffffff45 fr.pc=0x000002ea30ebfbd4 relative=0x0000000000000614
Event: 8.216 Thread 0x000002ea21b3e7a0 Uncommon trap: reason=unstable_if action=reinterpret pc=0x000002ea30ebfbd4 method=java.lang.AbstractStringBuilder.append(Ljava/lang/String;)Ljava/lang/AbstractStringBuilder; @ 1 c2
Event: 8.216 Thread 0x000002ea21b3e7a0 DEOPT PACKING pc=0x000002ea30ebfbd4 sp=0x000000f032efa2f0
Event: 8.216 Thread 0x000002ea21b3e7a0 DEOPT UNPACKING pc=0x000002ea309523a3 sp=0x000000f032efa270 mode 2
Event: 8.216 Thread 0x000002ea21b3e7a0 Uncommon trap: trap_request=0xffffff45 fr.pc=0x000002ea30ebbee4 relative=0x0000000000000624
Event: 8.216 Thread 0x000002ea21b3e7a0 Uncommon trap: reason=unstable_if action=reinterpret pc=0x000002ea30ebbee4 method=java.lang.AbstractStringBuilder.append(Ljava/lang/String;)Ljava/lang/AbstractStringBuilder; @ 1 c2
Event: 8.216 Thread 0x000002ea21b3e7a0 DEOPT PACKING pc=0x000002ea30ebbee4 sp=0x000000f032efa280
Event: 8.216 Thread 0x000002ea21b3e7a0 DEOPT UNPACKING pc=0x000002ea309523a3 sp=0x000000f032efa268 mode 2
Event: 8.291 Thread 0x000002ea21b3e7a0 Uncommon trap: trap_request=0xffffff45 fr.pc=0x000002ea310626b4 relative=0x00000000000079d4
Event: 8.291 Thread 0x000002ea21b3e7a0 Uncommon trap: reason=unstable_if action=reinterpret pc=0x000002ea310626b4 method=jdk.internal.org.objectweb.asm.Frame.execute(IILjdk/internal/org/objectweb/asm/Symbol;Ljdk/internal/org/objectweb/asm/SymbolTable;)V @ 1 c2
Event: 8.291 Thread 0x000002ea21b3e7a0 DEOPT PACKING pc=0x000002ea310626b4 sp=0x000000f032ef9bc0
Event: 8.291 Thread 0x000002ea21b3e7a0 DEOPT UNPACKING pc=0x000002ea309523a3 sp=0x000000f032ef9b88 mode 2
Event: 8.332 Thread 0x000002ea3ebc9130 Uncommon trap: trap_request=0xffffff45 fr.pc=0x000002ea30f69734 relative=0x0000000000000474
Event: 8.332 Thread 0x000002ea3ebc9130 Uncommon trap: reason=unstable_if action=reinterpret pc=0x000002ea30f69734 method=java.util.LinkedHashMap.get(Ljava/lang/Object;)Ljava/lang/Object; @ 16 c2
Event: 8.332 Thread 0x000002ea3ebc9130 DEOPT PACKING pc=0x000002ea30f69734 sp=0x000000f0347ff070
Event: 8.332 Thread 0x000002ea3ebc9130 DEOPT UNPACKING pc=0x000002ea309523a3 sp=0x000000f0347ff028 mode 2

Classes unloaded (0 events):
No events

Classes redefined (0 events):
No events

Internal exceptions (20 events):
Event: 5.746 Thread 0x000002ea21b3e7a0 Exception <a 'java/lang/NoSuchMethodError'{0x00000000cac1ec50}: 'java.lang.Object java.lang.invoke.DirectMethodHandle$Holder.invokeSpecial(java.lang.Object, java.lang.Object, java.lang.Object, java.lang.Object, java.lang.Object, java.lang.Object, java.lang.Object, java.lang.Object, java.lang.Object, java.lang.Object)'> (0x00000000cac1ec50) 
thrown [s\open\src\hotspot\share\interpreter\linkResolver.cpp, line 759]
Event: 5.751 Thread 0x000002ea21b3e7a0 Exception <a 'java/lang/NoSuchMethodError'{0x00000000cac23a30}: 'java.lang.Object java.lang.invoke.Invokers$Holder.invoke_MT(java.lang.Object, java.lang.Object, java.lang.Object, java.lang.Object, java.lang.Object, java.lang.Object, java.lang.Object, java.lang.Object, java.lang.Object, java.lang.Object)'> (0x00000000cac23a30) 
thrown [s\open\src\hotspot\share\interpreter\linkResolver.cpp, line 759]
Event: 5.761 Thread 0x000002ea21b3e7a0 Exception <a 'java/lang/NoSuchMethodError'{0x00000000cac655a0}: 'java.lang.Object java.lang.invoke.DirectMethodHandle$Holder.invokeSpecial(java.lang.Object, java.lang.Object, int, java.lang.Object, java.lang.Object)'> (0x00000000cac655a0) 
thrown [s\open\src\hotspot\share\interpreter\linkResolver.cpp, line 759]
Event: 5.761 Thread 0x000002ea21b3e7a0 Exception <a 'java/lang/NoSuchMethodError'{0x00000000cac69798}: 'java.lang.Object java.lang.invoke.DelegatingMethodHandle$Holder.delegate(java.lang.Object, int, java.lang.Object, java.lang.Object)'> (0x00000000cac69798) 
thrown [s\open\src\hotspot\share\interpreter\linkResolver.cpp, line 759]
Event: 5.763 Thread 0x000002ea21b3e7a0 Exception <a 'java/lang/NoSuchMethodError'{0x00000000cac7ae18}: 'int java.lang.invoke.Invokers$Holder.linkToTargetMethod(java.lang.Object, java.lang.Object, java.lang.Object)'> (0x00000000cac7ae18) 
thrown [s\open\src\hotspot\share\interpreter\linkResolver.cpp, line 759]
Event: 5.821 Thread 0x000002ea21b3e7a0 Exception <a 'java/lang/NoClassDefFoundError'{0x00000000cabd1588}: org/flywaydb/core/Flyway> (0x00000000cabd1588) 
thrown [s\open\src\hotspot\share\classfile\systemDictionary.cpp, line 245]
Event: 5.821 Thread 0x000002ea21b3e7a0 Exception <a 'java/lang/NoClassDefFoundError'{0x00000000cabd3f90}: liquibase/integration/spring/SpringLiquibase> (0x00000000cabd3f90) 
thrown [s\open\src\hotspot\share\classfile\systemDictionary.cpp, line 245]
Event: 5.830 Thread 0x000002ea21b3e7a0 Exception <a 'java/lang/NoClassDefFoundError'{0x00000000caa15568}: org/springframework/batch/core/repository/JobRepository> (0x00000000caa15568) 
thrown [s\open\src\hotspot\share\classfile\systemDictionary.cpp, line 245]
Event: 5.830 Thread 0x000002ea21b3e7a0 Exception <a 'java/lang/NoClassDefFoundError'{0x00000000caa17c30}: org/quartz/Scheduler> (0x00000000caa17c30) 
thrown [s\open\src\hotspot\share\classfile\systemDictionary.cpp, line 245]
Event: 5.830 Thread 0x000002ea21b3e7a0 Exception <a 'java/lang/NoClassDefFoundError'{0x00000000caa1a808}: org/springframework/session/jdbc/JdbcIndexedSessionRepository> (0x00000000caa1a808) 
thrown [s\open\src\hotspot\share\classfile\systemDictionary.cpp, line 245]
Event: 5.902 Thread 0x000002ea21b3e7a0 Exception <a 'java/lang/NoClassDefFoundError'{0x00000000ca98a638}: org/jooq/DSLContext> (0x00000000ca98a638) 
thrown [s\open\src\hotspot\share\classfile\systemDictionary.cpp, line 245]
Event: 6.107 Thread 0x000002ea21b3e7a0 Exception <a 'java/lang/NoSuchMethodError'{0x00000000cc058d88}: 'java.lang.Object java.lang.invoke.DirectMethodHandle$Holder.invokeSpecialIFC(java.lang.Object, java.lang.Object, java.lang.Object)'> (0x00000000cc058d88) 
thrown [s\open\src\hotspot\share\interpreter\linkResolver.cpp, line 759]
Event: 6.363 Thread 0x000002ea21b3e7a0 Implicit null exception at 0x000002ea31014a0b to 0x000002ea31014c1c
Event: 6.692 Thread 0x000002ea21b3e7a0 Exception <a 'java/lang/NoSuchMethodError'{0x00000000cc292300}: 'java.lang.Object java.lang.invoke.DirectMethodHandle$Holder.invokeStaticInit(java.lang.Object, int, int, int, int)'> (0x00000000cc292300) 
thrown [s\open\src\hotspot\share\interpreter\linkResolver.cpp, line 759]
Event: 6.777 Thread 0x000002ea21b3e7a0 Exception <a 'java/lang/NoSuchMethodError'{0x00000000cc182c70}: 'java.lang.Object java.lang.invoke.DirectMethodHandle$Holder.invokeStaticInit(java.lang.Object, java.lang.Object, int, int, int, int)'> (0x00000000cc182c70) 
thrown [s\open\src\hotspot\share\interpreter\linkResolver.cpp, line 759]
Event: 7.812 Thread 0x000002ea21b3e7a0 Exception <a 'sun/nio/fs/WindowsException'{0x00000000cc2438b0}> (0x00000000cc2438b0) 
thrown [s\open\src\hotspot\share\prims\jni.cpp, line 516]
Event: 7.841 Thread 0x000002ea21b3e7a0 Exception <a 'java/lang/NoSuchMethodError'{0x00000000cc2688f8}: 'int java.lang.invoke.DirectMethodHandle$Holder.invokeStaticInit(java.lang.Object, java.lang.Object, java.lang.Object, java.lang.Object)'> (0x00000000cc2688f8) 
thrown [s\open\src\hotspot\share\interpreter\linkResolver.cpp, line 759]
Event: 8.216 Thread 0x000002ea21b3e7a0 Implicit null exception at 0x000002ea30ebf5f2 to 0x000002ea30ebfbbc
Event: 8.216 Thread 0x000002ea21b3e7a0 Implicit null exception at 0x000002ea30ebb8f2 to 0x000002ea30ebbecc
Event: 8.289 Thread 0x000002ea21b3e7a0 Exception <a 'java/lang/NoSuchMethodError'{0x00000000cbe6fd48}: 'java.lang.Object java.lang.invoke.DirectMethodHandle$Holder.invokeStaticInit(java.lang.Object, java.lang.Object, java.lang.Object, java.lang.Object)'> (0x00000000cbe6fd48) 
thrown [s\open\src\hotspot\share\interpreter\linkResolver.cpp, line 759]

VM Operations (20 events):
Event: 7.524 Executing VM operation: HandshakeAllThreads
Event: 7.524 Executing VM operation: HandshakeAllThreads done
Event: 7.527 Executing VM operation: HandshakeAllThreads
Event: 7.527 Executing VM operation: HandshakeAllThreads done
Event: 7.769 Executing VM operation: HandshakeAllThreads
Event: 7.769 Executing VM operation: HandshakeAllThreads done
Event: 7.793 Executing VM operation: CollectForMetadataAllocation
Event: 7.798 Executing VM operation: CollectForMetadataAllocation done
Event: 7.814 Executing VM operation: HandshakeAllThreads
Event: 7.814 Executing VM operation: HandshakeAllThreads done
Event: 7.819 Executing VM operation: G1Concurrent
Event: 7.823 Executing VM operation: G1Concurrent done
Event: 7.824 Executing VM operation: HandshakeAllThreads
Event: 7.824 Executing VM operation: HandshakeAllThreads done
Event: 7.826 Executing VM operation: HandshakeAllThreads
Event: 7.826 Executing VM operation: HandshakeAllThreads done
Event: 7.833 Executing VM operation: G1Concurrent
Event: 7.833 Executing VM operation: G1Concurrent done
Event: 8.078 Executing VM operation: HandshakeAllThreads
Event: 8.078 Executing VM operation: HandshakeAllThreads done

Events (20 events):
Event: 8.122 loading class javax/security/auth/callback/Callback
Event: 8.122 loading class javax/security/auth/callback/Callback done
Event: 8.127 loading class sun/security/ssl/PostHandshakeContext
Event: 8.128 loading class sun/security/ssl/PostHandshakeContext done
Event: 8.128 loading class sun/security/ssl/NewSessionTicket$T13NewSessionTicketMessage
Event: 8.128 loading class sun/security/ssl/NewSessionTicket$NewSessionTicketMessage
Event: 8.128 loading class sun/security/ssl/NewSessionTicket$NewSessionTicketMessage done
Event: 8.128 loading class sun/security/ssl/NewSessionTicket$T13NewSessionTicketMessage done
Event: 8.225 Thread 0x000002ea3ebc82c0 Thread added: 0x000002ea3ebc82c0
Event: 8.226 loading class java/util/concurrent/ThreadPoolExecutor$CallerRunsPolicy
Event: 8.226 loading class java/util/concurrent/ThreadPoolExecutor$CallerRunsPolicy done
Event: 8.227 loading class java/util/concurrent/atomic/AtomicReferenceFieldUpdater
Event: 8.228 loading class java/util/concurrent/atomic/AtomicReferenceFieldUpdater done
Event: 8.228 loading class java/util/concurrent/atomic/AtomicReferenceFieldUpdater$AtomicReferenceFieldUpdaterImpl
Event: 8.228 loading class java/util/concurrent/atomic/AtomicReferenceFieldUpdater$AtomicReferenceFieldUpdaterImpl done
Event: 8.228 loading class java/util/concurrent/atomic/AtomicReferenceFieldUpdater$AtomicReferenceFieldUpdaterImpl$1
Event: 8.228 loading class java/util/concurrent/atomic/AtomicReferenceFieldUpdater$AtomicReferenceFieldUpdaterImpl$1 done
Event: 8.241 loading class java/util/TimerTask
Event: 8.241 loading class java/util/TimerTask done
Event: 8.332 Thread 0x000002ea3ebc9130 Thread added: 0x000002ea3ebc9130


Dynamic libraries:
0x00007ff6bba50000 - 0x00007ff6bba60000 	C:\Program Files\Java\jdk-17\bin\java.exe
0x00007ff9c7390000 - 0x00007ff9c7588000 	C:\windows\SYSTEM32\ntdll.dll
0x00007ff9c64b0000 - 0x00007ff9c656f000 	C:\windows\System32\KERNEL32.DLL
0x00007ff9c4c50000 - 0x00007ff9c4f46000 	C:\windows\System32\KERNELBASE.dll
0x00007ff9c4f50000 - 0x00007ff9c5050000 	C:\windows\System32\ucrtbase.dll
0x00007ff9a7540000 - 0x00007ff9a7559000 	C:\Program Files\Java\jdk-17\bin\jli.dll
0x00007ff9c58a0000 - 0x00007ff9c594f000 	C:\windows\System32\ADVAPI32.dll
0x00007ff9c5970000 - 0x00007ff9c5a0e000 	C:\windows\System32\msvcrt.dll
0x00007ff9c6b50000 - 0x00007ff9c6bec000 	C:\windows\System32\sechost.dll
0x00007ff9c6650000 - 0x00007ff9c6776000 	C:\windows\System32\RPCRT4.dll
0x00007ff99e540000 - 0x00007ff99e55b000 	C:\Program Files\Java\jdk-17\bin\VCRUNTIME140.dll
0x00007ff9c5480000 - 0x00007ff9c561d000 	C:\windows\System32\USER32.dll
0x00007ff9c4c20000 - 0x00007ff9c4c42000 	C:\windows\System32\win32u.dll
0x00007ff9c57b0000 - 0x00007ff9c57dc000 	C:\windows\System32\GDI32.dll
0x00007ff9adc60000 - 0x00007ff9adefa000 	C:\windows\WinSxS\amd64_microsoft.windows.common-controls_6595b64144ccf1df_6.0.19041.1110_none_60b5254171f9507e\COMCTL32.dll
0x00007ff9c5220000 - 0x00007ff9c5335000 	C:\windows\System32\gdi32full.dll
0x00007ff9c4ac0000 - 0x00007ff9c4b5d000 	C:\windows\System32\msvcp_win.dll
0x00007ff9bc710000 - 0x00007ff9bc71a000 	C:\windows\SYSTEM32\VERSION.dll
0x00007ff9c6620000 - 0x00007ff9c6650000 	C:\windows\System32\IMM32.DLL
0x00007ff9ad960000 - 0x00007ff9ad96c000 	C:\Program Files\Java\jdk-17\bin\vcruntime140_1.dll
0x00007ff980ff0000 - 0x00007ff98107e000 	C:\Program Files\Java\jdk-17\bin\msvcp140.dll
0x00007ff956a30000 - 0x00007ff95760d000 	C:\Program Files\Java\jdk-17\bin\server\jvm.dll
0x00007ff9c7340000 - 0x00007ff9c7348000 	C:\windows\System32\PSAPI.DLL
0x00007ff999790000 - 0x00007ff999799000 	C:\windows\SYSTEM32\WSOCK32.dll
0x00007ff9bc6e0000 - 0x00007ff9bc707000 	C:\windows\SYSTEM32\WINMM.dll
0x00007ff9c6a50000 - 0x00007ff9c6abb000 	C:\windows\System32\WS2_32.dll
0x00007ff9c2920000 - 0x00007ff9c2932000 	C:\windows\SYSTEM32\kernel.appcore.dll
0x00007ff99e530000 - 0x00007ff99e53a000 	C:\Program Files\Java\jdk-17\bin\jimage.dll
0x00007ff9afaa0000 - 0x00007ff9afc84000 	C:\windows\SYSTEM32\DBGHELP.DLL
0x00007ff9a76e0000 - 0x00007ff9a7714000 	C:\windows\SYSTEM32\dbgcore.DLL
0x00007ff9c4b60000 - 0x00007ff9c4be2000 	C:\windows\System32\bcryptPrimitives.dll
0x00007ff996480000 - 0x00007ff9964a5000 	C:\Program Files\Java\jdk-17\bin\java.dll
0x00007ff975a70000 - 0x00007ff975b47000 	C:\Program Files\Java\jdk-17\bin\jsvml.dll
0x00007ff9c6bf0000 - 0x00007ff9c7334000 	C:\windows\System32\SHELL32.dll
0x00007ff9c2b20000 - 0x00007ff9c32b4000 	C:\windows\SYSTEM32\windows.storage.dll
0x00007ff9c6020000 - 0x00007ff9c6374000 	C:\windows\System32\combase.dll
0x00007ff9c43e0000 - 0x00007ff9c440e000 	C:\windows\SYSTEM32\Wldp.dll
0x00007ff9c5700000 - 0x00007ff9c57ad000 	C:\windows\System32\SHCORE.dll
0x00007ff9c5fc0000 - 0x00007ff9c6015000 	C:\windows\System32\shlwapi.dll
0x00007ff9c49a0000 - 0x00007ff9c49c5000 	C:\windows\SYSTEM32\profapi.dll
0x00007ff996460000 - 0x00007ff996479000 	C:\Program Files\Java\jdk-17\bin\net.dll
0x00007ff9b97b0000 - 0x00007ff9b98ba000 	C:\windows\SYSTEM32\WINHTTP.dll
0x00007ff9c4140000 - 0x00007ff9c41aa000 	C:\windows\system32\mswsock.dll
0x00007ff996440000 - 0x00007ff996456000 	C:\Program Files\Java\jdk-17\bin\nio.dll
0x00007ff9960c0000 - 0x00007ff9960d8000 	C:\Program Files\Java\jdk-17\bin\zip.dll
0x00007ff9965f0000 - 0x00007ff9965fa000 	C:\Program Files\Java\jdk-17\bin\management.dll
0x00007ff9963d0000 - 0x00007ff9963db000 	C:\Program Files\Java\jdk-17\bin\management_ext.dll
0x00007ff9c4330000 - 0x00007ff9c4348000 	C:\windows\SYSTEM32\CRYPTSP.dll
0x00007ff9c3a60000 - 0x00007ff9c3a94000 	C:\windows\system32\rsaenh.dll
0x00007ff9c4bf0000 - 0x00007ff9c4c17000 	C:\windows\System32\bcrypt.dll
0x00007ff9c4920000 - 0x00007ff9c494e000 	C:\windows\SYSTEM32\USERENV.dll
0x00007ff9c4350000 - 0x00007ff9c435c000 	C:\windows\SYSTEM32\CRYPTBASE.dll
0x00007ff9c3e30000 - 0x00007ff9c3e6c000 	C:\windows\SYSTEM32\IPHLPAPI.DLL
0x00007ff9c53f0000 - 0x00007ff9c53f8000 	C:\windows\System32\NSI.dll
0x00007ff9bb3c0000 - 0x00007ff9bb3d7000 	C:\windows\SYSTEM32\dhcpcsvc6.DLL
0x00007ff9b99f0000 - 0x00007ff9b9a0d000 	C:\windows\SYSTEM32\dhcpcsvc.DLL
0x00007ff9c3e70000 - 0x00007ff9c3f3a000 	C:\windows\SYSTEM32\DNSAPI.dll
0x00007ff99e3f0000 - 0x00007ff99e400000 	C:\Program Files\Java\jdk-17\bin\verify.dll
0x00007ff9aabb0000 - 0x00007ff9aabba000 	C:\Windows\System32\rasadhlp.dll
0x00007ff9ab000000 - 0x00007ff9ab082000 	C:\windows\System32\fwpuclnt.dll
0x00007ff99c4a0000 - 0x00007ff99c4ad000 	C:\Program Files\Java\jdk-17\bin\sunmscapi.dll
0x00007ff9c50c0000 - 0x00007ff9c521e000 	C:\windows\System32\CRYPT32.dll
0x00007ff9c4450000 - 0x00007ff9c4478000 	C:\windows\SYSTEM32\ncrypt.dll
0x00007ff9c4410000 - 0x00007ff9c444b000 	C:\windows\SYSTEM32\NTASN1.dll

dbghelp: loaded successfully - version: 4.0.5 - missing functions: none
symbol engine: initialized successfully - sym options: 0x614 - pdb path: .;C:\Program Files\Java\jdk-17\bin;C:\windows\SYSTEM32;C:\windows\WinSxS\amd64_microsoft.windows.common-controls_6595b64144ccf1df_6.0.19041.1110_none_60b5254171f9507e;C:\Program Files\Java\jdk-17\bin\server

VM Arguments:
java_command: C:\Users\carin\AppData\Local\Temp\surefire11780323032494903777\surefirebooter-20230801231844473_3.jar C:\Users\carin\AppData\Local\Temp\surefire11780323032494903777 2023-08-01T23-18-43_666-jvmRun1 surefire-20230801231844473_1tmp surefire_0-20230801231844473_2tmp
java_class_path (initial): C:\Users\carin\AppData\Local\Temp\surefire11780323032494903777\surefirebooter-20230801231844473_3.jar
Launcher Type: SUN_STANDARD

[Global flags]
     intx CICompilerCount                          = 2                                         {product} {ergonomic}
     uint ConcGCThreads                            = 1                                         {product} {ergonomic}
     uint G1ConcRefinementThreads                  = 2                                         {product} {ergonomic}
   size_t G1HeapRegionSize                         = 1048576                                   {product} {ergonomic}
    uintx GCDrainStackTargetSize                   = 64                                        {product} {ergonomic}
   size_t InitialHeapSize                          = 58720256                                  {product} {ergonomic}
   size_t MarkStackSize                            = 4194304                                   {product} {ergonomic}
   size_t MaxHeapSize                              = 918552576                                 {product} {ergonomic}
   size_t MaxNewSize                               = 550502400                                 {product} {ergonomic}
   size_t MinHeapDeltaBytes                        = 1048576                                   {product} {ergonomic}
   size_t MinHeapSize                              = 8388608                                   {product} {ergonomic}
    uintx NonNMethodCodeHeapSize                   = 5826188                                {pd product} {ergonomic}
    uintx NonProfiledCodeHeapSize                  = 122916026                              {pd product} {ergonomic}
    uintx ProfiledCodeHeapSize                     = 122916026                              {pd product} {ergonomic}
    uintx ReservedCodeCacheSize                    = 251658240                              {pd product} {ergonomic}
     bool SegmentedCodeCache                       = true                                      {product} {ergonomic}
   size_t SoftMaxHeapSize                          = 918552576                              {manageable} {ergonomic}
     bool UseCompressedClassPointers               = true                           {product lp64_product} {ergonomic}
     bool UseCompressedOops                        = true                           {product lp64_product} {ergonomic}
     bool UseG1GC                                  = true                                      {product} {ergonomic}
     bool UseLargePagesIndividualAllocation        = false                                  {pd product} {ergonomic}

Logging:
Log output configuration:
 #0: stdout all=warning uptime,level,tags
 #1: stderr all=off uptime,level,tags

Environment Variables:
JAVA_HOME=C:\Program Files\Java\jdk-17
PATH=C:\Program Files\Common Files\Oracle\Java\javapath;C:\windows\system32;C:\windows;C:\windows\System32\Wbem;C:\windows\System32\WindowsPowerShell\v1.0\;C:\windows\System32\OpenSSH\;C:\Program Files\Git\cmd;C:\Program Files\nodejs\;C:\gradle-8.1.1\bin;C:\Program Files\Java\jdk-20\bin;C:\Users\carin\AppData\Local\Microsoft\WindowsApps;C:\Users\carin\AppData\Local\Programs\Microsoft VS Code\bin;C:\Users\carin\AppData\Roaming\npm;C:\ProgramData\carin\GitHubDesktop\bin;C:\Users\carin\AppData\Local\GitHubDesktop\bin;C:\Users\carin\Downloads\mongodb-windows-x86_64-6.0.4.zip\mongodb-win32-x86_64-windows-6.0.4\bin;C:\Users\carin\Desktop\dataBase\data;C:\Program Files\MongoDB\Server\6.0\data;C:\Program Files\MongoDB\Server\6.0\bin;C:\Users\carin\Desktop\Backend\FastAPI;C:\Users\carin\Desktop\Backend;C:\Users\carin\Desktop\Backend\dataBase\data\log;C:\Program Files\MongoDB\Server\6.0\data;C:\Program Files\MongoDB\Server\6.0\bin;C:\Users\carin\AppData\Local\Packages\PythonSoftwareFoundation.Python.3.10_qbz5n2kfra8p0\LocalCache\local-packages\Python310\Scripts;C:\Users\carin\Documents\flutter\bin\;C:\Program Files\MySQL\MySQL Server 8.0\bin;C:\gradle-8.1.1\bin;C:\Program Files\Java\jdk-20\bin;
USERNAME=carin
OS=Windows_NT
PROCESSOR_IDENTIFIER=AMD64 Family 23 Model 24 Stepping 1, AuthenticAMD



---------------  S Y S T E M  ---------------

OS:
 Windows 10 , 64 bit Build 19041 (10.0.19041.3155)
OS uptime: 2 days 16:27 hours

CPU: total 2 (initial active 2) (2 cores per cpu, 1 threads per core) family 23 model 24 stepping 1 microcode 0x0, cx8, cmov, fxsr, mmx, 3dnowpref, sse, sse2, sse3, ssse3, sse4a, sse4.1, sse4.2, popcnt, lzcnt, tsc, tscinvbit, avx, avx2, aes, clmul, bmi1, bmi2, adx, sha, fma, vzeroupper, clflush, clflushopt

Memory: 4k page, system-wide physical 3500M (273M free)
TotalPageFile size 14252M (AvailPageFile size 1M)
current process WorkingSet (physical memory assigned to process): 173M, peak: 173M
current process commit charge ("private bytes"): 201M, peak: 201M

vm_info: Java HotSpot(TM) 64-Bit Server VM (17.0.7+8-LTS-224) for windows-amd64 JRE (17.0.7+8-LTS-224), built on Feb 28 2023 23:03:02 by "mach5one" with MS VC++ 17.1 (VS2022)

END.
