#
# There is insufficient memory for the Java Runtime Environment to continue.
# Native memory allocation (malloc) failed to allocate 1684016 bytes for Chunk::new
# Possible reasons:
#   The system is out of physical RAM or swap space
#   The process is running with CompressedOops enabled, and the Java Heap may be blocking the growth of the native heap
# Possible solutions:
#   Reduce memory load on the system
#   Increase physical memory or swap space
#   Check if swap backing store is full
#   Decrease Java heap size (-Xmx/-Xms)
#   Decrease number of Java threads
#   Decrease Java thread stack sizes (-Xss)
#   Set larger code cache with -XX:ReservedCodeCacheSize=
#   JVM is running with Unscaled Compressed Oops mode in which the Java heap is
#     placed in the first 4GB address space. The Java Heap base address is the
#     maximum limit for the native heap growth. Please use -XX:HeapBaseMinAddress
#     to set the Java Heap base and to place the Java Heap above 4GB virtual address.
# This output file may be truncated or incomplete.
#
#  Out of Memory Error (arena.cpp:189), pid=8268, tid=15340
#
# JRE version: Java(TM) SE Runtime Environment (17.0.7+8) (build 17.0.7+8-LTS-224)
# Java VM: Java HotSpot(TM) 64-Bit Server VM (17.0.7+8-LTS-224, mixed mode, sharing, tiered, compressed oops, compressed class ptrs, g1 gc, windows-amd64)
# No core dump will be written. Minidumps are not enabled by default on client versions of Windows
#

---------------  S U M M A R Y ------------

Command Line: com.gestion.clientes.GestionClientesBackendApplication

Host: AMD Athlon Silver 3050U with Radeon Graphics   , 2 cores, 3G,  Windows 10 , 64 bit Build 19041 (10.0.19041.3155)
Time: Wed Aug  2 00:39:25 2023 Hora estándar de Argentina elapsed time: 2.218363 seconds (0d 0h 0m 2s)

---------------  T H R E A D  ---------------

Current thread (0x00000287640f3830):  JavaThread "C2 CompilerThread0" daemon [_thread_in_native, id=15340, stack(0x0000009ad2b00000,0x0000009ad2c00000)]


Current CompileTask:
C2:   2218 1668       4       jdk.internal.org.objectweb.asm.Frame::execute (2305 bytes)

Stack: [0x0000009ad2b00000,0x0000009ad2c00000]
Native frames: (J=compiled Java code, j=interpreted, Vv=VM code, C=native code)
V  [jvm.dll+0x676a4a]
V  [jvm.dll+0x7d74f4]
V  [jvm.dll+0x7d8c9e]
V  [jvm.dll+0x7d9303]
V  [jvm.dll+0x2452c5]
V  [jvm.dll+0xaaa2b]
V  [jvm.dll+0xaafcc]
V  [jvm.dll+0x3613cf]
V  [jvm.dll+0x32bba1]
V  [jvm.dll+0x32b03a]
V  [jvm.dll+0x217acf]
V  [jvm.dll+0x216f01]
V  [jvm.dll+0x1a35e0]
V  [jvm.dll+0x226a6e]
V  [jvm.dll+0x224e15]
V  [jvm.dll+0x78d05c]
V  [jvm.dll+0x78759a]
V  [jvm.dll+0x675875]
C  [ucrtbase.dll+0x21bb2]
C  [KERNEL32.DLL+0x17614]
C  [ntdll.dll+0x526b1]


---------------  P R O C E S S  ---------------

Threads class SMR info:
_java_thread_list=0x000002876571d960, length=13, elements={
0x000002874980cc10, 0x00000287640ca5f0, 0x00000287640cd1b0, 0x00000287640e1660,
0x00000287640e2210, 0x00000287640e4bd0, 0x00000287640e7590, 0x00000287640f3830,
0x0000028764134a80, 0x0000028764183bf0, 0x0000028764c615e0, 0x0000028764c67650,
0x0000028765a0c8d0
}

Java Threads: ( => current thread )
  0x000002874980cc10 JavaThread "main" [_thread_in_vm, id=13712, stack(0x0000009ad1e00000,0x0000009ad1f00000)]
  0x00000287640ca5f0 JavaThread "Reference Handler" daemon [_thread_blocked, id=2376, stack(0x0000009ad2500000,0x0000009ad2600000)]
  0x00000287640cd1b0 JavaThread "Finalizer" daemon [_thread_blocked, id=4388, stack(0x0000009ad2600000,0x0000009ad2700000)]
  0x00000287640e1660 JavaThread "Signal Dispatcher" daemon [_thread_blocked, id=4192, stack(0x0000009ad2700000,0x0000009ad2800000)]
  0x00000287640e2210 JavaThread "Attach Listener" daemon [_thread_blocked, id=12936, stack(0x0000009ad2800000,0x0000009ad2900000)]
  0x00000287640e4bd0 JavaThread "Service Thread" daemon [_thread_blocked, id=14996, stack(0x0000009ad2900000,0x0000009ad2a00000)]
  0x00000287640e7590 JavaThread "Monitor Deflation Thread" daemon [_thread_blocked, id=14424, stack(0x0000009ad2a00000,0x0000009ad2b00000)]
=>0x00000287640f3830 JavaThread "C2 CompilerThread0" daemon [_thread_in_native, id=15340, stack(0x0000009ad2b00000,0x0000009ad2c00000)]
  0x0000028764134a80 JavaThread "C1 CompilerThread0" daemon [_thread_blocked, id=12156, stack(0x0000009ad2c00000,0x0000009ad2d00000)]
  0x0000028764183bf0 JavaThread "Sweeper thread" daemon [_thread_blocked, id=14780, stack(0x0000009ad2d00000,0x0000009ad2e00000)]
  0x0000028764c615e0 JavaThread "Notification Thread" daemon [_thread_blocked, id=5744, stack(0x0000009ad2e00000,0x0000009ad2f00000)]
  0x0000028764c67650 JavaThread "Common-Cleaner" daemon [_thread_blocked, id=3980, stack(0x0000009ad3000000,0x0000009ad3100000)]
  0x0000028765a0c8d0 JavaThread "background-preinit" [_thread_in_vm, id=4296, stack(0x0000009ad3200000,0x0000009ad3300000)]

Other Threads:
  0x00000287640c7b60 VMThread "VM Thread" [stack: 0x0000009ad2400000,0x0000009ad2500000] [id=4952]
  0x0000028749859790 WatcherThread [stack: 0x0000009ad2f00000,0x0000009ad3000000] [id=10412]
  0x0000028749844ae0 GCTaskThread "GC Thread#0" [stack: 0x0000009ad1f00000,0x0000009ad2000000] [id=17200]
  0x0000028765010840 GCTaskThread "GC Thread#1" [stack: 0x0000009ad3100000,0x0000009ad3200000] [id=13080]
  0x000002874984c7a0 ConcurrentGCThread "G1 Main Marker" [stack: 0x0000009ad2000000,0x0000009ad2100000] [id=2312]
  0x000002874984d1b0 ConcurrentGCThread "G1 Conc#0" [stack: 0x0000009ad2100000,0x0000009ad2200000] [id=7908]
  0x0000028749887750 ConcurrentGCThread "G1 Refine#0" [stack: 0x0000009ad2200000,0x0000009ad2300000] [id=12696]
  0x0000028749889420 ConcurrentGCThread "G1 Service" [stack: 0x0000009ad2300000,0x0000009ad2400000] [id=11108]

Threads with active compile tasks:
C2 CompilerThread0     2288 1668       4       jdk.internal.org.objectweb.asm.Frame::execute (2305 bytes)

VM state: not at safepoint (normal execution)

VM Mutex/Monitor currently owned by a thread: None

Heap address: 0x00000000c9400000, size: 876 MB, Compressed Oops mode: 32-bit

CDS archive(s) mapped at: [0x0000000800000000-0x0000000800bd0000-0x0000000800bd0000), size 12386304, SharedBaseAddress: 0x0000000800000000, ArchiveRelocationMode: 0.
Compressed class space mapped at: 0x0000000800c00000-0x0000000840c00000, reserved size: 1073741824
Narrow klass base: 0x0000000800000000, Narrow klass shift: 0, Narrow klass range: 0x100000000

GC Precious Log:
 CPUs: 2 total, 2 available
 Memory: 3500M
 Large Page Support: Disabled
 NUMA Support: Disabled
 Compressed Oops: Enabled (32-bit)
 Heap Region Size: 1M
 Heap Min Capacity: 8M
 Heap Initial Capacity: 56M
 Heap Max Capacity: 876M
 Pre-touch: Disabled
 Parallel Workers: 2
 Concurrent Workers: 1
 Concurrent Refinement Workers: 2
 Periodic GC: Disabled

Heap:
 garbage-first heap   total 57344K, used 10504K [0x00000000c9400000, 0x0000000100000000)
  region size 1024K, 7 young (7168K), 4 survivors (4096K)
 Metaspace       used 12299K, committed 12544K, reserved 1064960K
  class space    used 1475K, committed 1600K, reserved 1048576K

Heap Regions: E=young(eden), S=young(survivor), O=old, HS=humongous(starts), HC=humongous(continues), CS=collection set, F=free, OA=open archive, CA=closed archive, TAMS=top-at-mark-start (previous, next)
|   0|0x00000000c9400000, 0x00000000c9500000, 0x00000000c9500000|100%|HS|  |TAMS 0x00000000c9400000, 0x00000000c9400000| Complete 
|   1|0x00000000c9500000, 0x00000000c9600000, 0x00000000c9600000|100%| O|  |TAMS 0x00000000c9500000, 0x00000000c9500000| Untracked 
|   2|0x00000000c9600000, 0x00000000c9700000, 0x00000000c9700000|100%| O|  |TAMS 0x00000000c9600000, 0x00000000c9600000| Untracked 
|   3|0x00000000c9700000, 0x00000000c9800000, 0x00000000c9800000|100%| O|  |TAMS 0x00000000c9700000, 0x00000000c9700000| Untracked 
|   4|0x00000000c9800000, 0x00000000c98b2a00, 0x00000000c9900000| 69%| O|  |TAMS 0x00000000c9800000, 0x00000000c9800000| Untracked 
|   5|0x00000000c9900000, 0x00000000c9900000, 0x00000000c9a00000|  0%| F|  |TAMS 0x00000000c9900000, 0x00000000c9900000| Untracked 
|   6|0x00000000c9a00000, 0x00000000c9a00000, 0x00000000c9b00000|  0%| F|  |TAMS 0x00000000c9a00000, 0x00000000c9a00000| Untracked 
|   7|0x00000000c9b00000, 0x00000000c9b00000, 0x00000000c9c00000|  0%| F|  |TAMS 0x00000000c9b00000, 0x00000000c9b00000| Untracked 
|   8|0x00000000c9c00000, 0x00000000c9c00000, 0x00000000c9d00000|  0%| F|  |TAMS 0x00000000c9c00000, 0x00000000c9c00000| Untracked 
|   9|0x00000000c9d00000, 0x00000000c9d00000, 0x00000000c9e00000|  0%| F|  |TAMS 0x00000000c9d00000, 0x00000000c9d00000| Untracked 
|  10|0x00000000c9e00000, 0x00000000c9e00000, 0x00000000c9f00000|  0%| F|  |TAMS 0x00000000c9e00000, 0x00000000c9e00000| Untracked 
|  11|0x00000000c9f00000, 0x00000000c9f00000, 0x00000000ca000000|  0%| F|  |TAMS 0x00000000c9f00000, 0x00000000c9f00000| Untracked 
|  12|0x00000000ca000000, 0x00000000ca000000, 0x00000000ca100000|  0%| F|  |TAMS 0x00000000ca000000, 0x00000000ca000000| Untracked 
|  13|0x00000000ca100000, 0x00000000ca100000, 0x00000000ca200000|  0%| F|  |TAMS 0x00000000ca100000, 0x00000000ca100000| Untracked 
|  14|0x00000000ca200000, 0x00000000ca200000, 0x00000000ca300000|  0%| F|  |TAMS 0x00000000ca200000, 0x00000000ca200000| Untracked 
|  15|0x00000000ca300000, 0x00000000ca300000, 0x00000000ca400000|  0%| F|  |TAMS 0x00000000ca300000, 0x00000000ca300000| Untracked 
|  16|0x00000000ca400000, 0x00000000ca400000, 0x00000000ca500000|  0%| F|  |TAMS 0x00000000ca400000, 0x00000000ca400000| Untracked 
|  17|0x00000000ca500000, 0x00000000ca500000, 0x00000000ca600000|  0%| F|  |TAMS 0x00000000ca500000, 0x00000000ca500000| Untracked 
|  18|0x00000000ca600000, 0x00000000ca600000, 0x00000000ca700000|  0%| F|  |TAMS 0x00000000ca600000, 0x00000000ca600000| Untracked 
|  19|0x00000000ca700000, 0x00000000ca700000, 0x00000000ca800000|  0%| F|  |TAMS 0x00000000ca700000, 0x00000000ca700000| Untracked 
|  20|0x00000000ca800000, 0x00000000ca800000, 0x00000000ca900000|  0%| F|  |TAMS 0x00000000ca800000, 0x00000000ca800000| Untracked 
|  21|0x00000000ca900000, 0x00000000ca900000, 0x00000000caa00000|  0%| F|  |TAMS 0x00000000ca900000, 0x00000000ca900000| Untracked 
|  22|0x00000000caa00000, 0x00000000caa00000, 0x00000000cab00000|  0%| F|  |TAMS 0x00000000caa00000, 0x00000000caa00000| Untracked 
|  23|0x00000000cab00000, 0x00000000cab00000, 0x00000000cac00000|  0%| F|  |TAMS 0x00000000cab00000, 0x00000000cab00000| Untracked 
|  24|0x00000000cac00000, 0x00000000cac8f6d8, 0x00000000cad00000| 56%| S|CS|TAMS 0x00000000cac00000, 0x00000000cac00000| Complete 
|  25|0x00000000cad00000, 0x00000000cae00000, 0x00000000cae00000|100%| S|CS|TAMS 0x00000000cad00000, 0x00000000cad00000| Complete 
|  26|0x00000000cae00000, 0x00000000caf00000, 0x00000000caf00000|100%| S|CS|TAMS 0x00000000cae00000, 0x00000000cae00000| Complete 
|  27|0x00000000caf00000, 0x00000000cb000000, 0x00000000cb000000|100%| S|CS|TAMS 0x00000000caf00000, 0x00000000caf00000| Complete 
|  28|0x00000000cb000000, 0x00000000cb000000, 0x00000000cb100000|  0%| F|  |TAMS 0x00000000cb000000, 0x00000000cb000000| Untracked 
|  29|0x00000000cb100000, 0x00000000cb100000, 0x00000000cb200000|  0%| F|  |TAMS 0x00000000cb100000, 0x00000000cb100000| Untracked 
|  30|0x00000000cb200000, 0x00000000cb200000, 0x00000000cb300000|  0%| F|  |TAMS 0x00000000cb200000, 0x00000000cb200000| Untracked 
|  31|0x00000000cb300000, 0x00000000cb300000, 0x00000000cb400000|  0%| F|  |TAMS 0x00000000cb300000, 0x00000000cb300000| Untracked 
|  32|0x00000000cb400000, 0x00000000cb400000, 0x00000000cb500000|  0%| F|  |TAMS 0x00000000cb400000, 0x00000000cb400000| Untracked 
|  33|0x00000000cb500000, 0x00000000cb500000, 0x00000000cb600000|  0%| F|  |TAMS 0x00000000cb500000, 0x00000000cb500000| Untracked 
|  34|0x00000000cb600000, 0x00000000cb600000, 0x00000000cb700000|  0%| F|  |TAMS 0x00000000cb600000, 0x00000000cb600000| Untracked 
|  35|0x00000000cb700000, 0x00000000cb700000, 0x00000000cb800000|  0%| F|  |TAMS 0x00000000cb700000, 0x00000000cb700000| Untracked 
|  36|0x00000000cb800000, 0x00000000cb800000, 0x00000000cb900000|  0%| F|  |TAMS 0x00000000cb800000, 0x00000000cb800000| Untracked 
|  37|0x00000000cb900000, 0x00000000cb900000, 0x00000000cba00000|  0%| F|  |TAMS 0x00000000cb900000, 0x00000000cb900000| Untracked 
|  38|0x00000000cba00000, 0x00000000cba00000, 0x00000000cbb00000|  0%| F|  |TAMS 0x00000000cba00000, 0x00000000cba00000| Untracked 
|  39|0x00000000cbb00000, 0x00000000cbb00000, 0x00000000cbc00000|  0%| F|  |TAMS 0x00000000cbb00000, 0x00000000cbb00000| Untracked 
|  40|0x00000000cbc00000, 0x00000000cbc00000, 0x00000000cbd00000|  0%| F|  |TAMS 0x00000000cbc00000, 0x00000000cbc00000| Untracked 
|  41|0x00000000cbd00000, 0x00000000cbd00000, 0x00000000cbe00000|  0%| F|  |TAMS 0x00000000cbd00000, 0x00000000cbd00000| Untracked 
|  42|0x00000000cbe00000, 0x00000000cbe00000, 0x00000000cbf00000|  0%| F|  |TAMS 0x00000000cbe00000, 0x00000000cbe00000| Untracked 
|  43|0x00000000cbf00000, 0x00000000cbf00000, 0x00000000cc000000|  0%| F|  |TAMS 0x00000000cbf00000, 0x00000000cbf00000| Untracked 
|  44|0x00000000cc000000, 0x00000000cc000000, 0x00000000cc100000|  0%| F|  |TAMS 0x00000000cc000000, 0x00000000cc000000| Untracked 
|  45|0x00000000cc100000, 0x00000000cc100000, 0x00000000cc200000|  0%| F|  |TAMS 0x00000000cc100000, 0x00000000cc100000| Untracked 
|  46|0x00000000cc200000, 0x00000000cc200000, 0x00000000cc300000|  0%| F|  |TAMS 0x00000000cc200000, 0x00000000cc200000| Untracked 
|  47|0x00000000cc300000, 0x00000000cc300000, 0x00000000cc400000|  0%| F|  |TAMS 0x00000000cc300000, 0x00000000cc300000| Untracked 
|  48|0x00000000cc400000, 0x00000000cc400000, 0x00000000cc500000|  0%| F|  |TAMS 0x00000000cc400000, 0x00000000cc400000| Untracked 
|  49|0x00000000cc500000, 0x00000000cc500000, 0x00000000cc600000|  0%| F|  |TAMS 0x00000000cc500000, 0x00000000cc500000| Untracked 
|  50|0x00000000cc600000, 0x00000000cc600000, 0x00000000cc700000|  0%| F|  |TAMS 0x00000000cc600000, 0x00000000cc600000| Untracked 
|  51|0x00000000cc700000, 0x00000000cc700000, 0x00000000cc800000|  0%| F|  |TAMS 0x00000000cc700000, 0x00000000cc700000| Untracked 
|  52|0x00000000cc800000, 0x00000000cc800000, 0x00000000cc900000|  0%| F|  |TAMS 0x00000000cc800000, 0x00000000cc800000| Untracked 
|  53|0x00000000cc900000, 0x00000000cca00000, 0x00000000cca00000|100%| E|  |TAMS 0x00000000cc900000, 0x00000000cc900000| Complete 
|  54|0x00000000cca00000, 0x00000000ccb00000, 0x00000000ccb00000|100%| E|CS|TAMS 0x00000000cca00000, 0x00000000cca00000| Complete 
|  55|0x00000000ccb00000, 0x00000000ccc00000, 0x00000000ccc00000|100%| E|CS|TAMS 0x00000000ccb00000, 0x00000000ccb00000| Complete 

Card table byte_map: [0x00000287495a0000,0x0000028749760000] _byte_map_base: 0x0000028748f56000

Marking Bits (Prev, Next): (CMBitMap*) 0x00000287498450f0, (CMBitMap*) 0x0000028749845130
 Prev Bits: [0x0000028760250000, 0x0000028761000000)
 Next Bits: [0x0000028761000000, 0x0000028761db0000)

Polling page: 0x00000287477c0000

Metaspace:

Usage:
  Non-class:     10.57 MB used.
      Class:      1.44 MB used.
       Both:     12.01 MB used.

Virtual space:
  Non-class space:       16.00 MB reserved,      10.69 MB ( 67%) committed,  2 nodes.
      Class space:        1.00 GB reserved,       1.56 MB ( <1%) committed,  1 nodes.
             Both:        1.02 GB reserved,      12.25 MB (  1%) committed. 

Chunk freelists:
   Non-Class:  704.00 KB
       Class:  2.47 MB
        Both:  3.16 MB

MaxMetaspaceSize: unlimited
CompressedClassSpaceSize: 1.00 GB
Initial GC threshold: 21.00 MB
Current GC threshold: 21.00 MB
CDS: on
MetaspaceReclaimPolicy: balanced
 - commit_granule_bytes: 65536.
 - commit_granule_words: 8192.
 - virtual_space_node_default_size: 1048576.
 - enlarge_chunks_in_place: 1.
 - new_chunks_are_fully_committed: 0.
 - uncommit_free_chunks: 1.
 - use_allocation_guard: 0.
 - handle_deallocations: 1.


Internal statistics:

num_allocs_failed_limit: 0.
num_arena_births: 158.
num_arena_deaths: 0.
num_vsnodes_births: 3.
num_vsnodes_deaths: 0.
num_space_committed: 196.
num_space_uncommitted: 0.
num_chunks_returned_to_freelist: 0.
num_chunks_taken_from_freelist: 533.
num_chunk_merges: 0.
num_chunk_splits: 365.
num_chunks_enlarged: 302.
num_purges: 0.
num_inconsistent_stats: 0.

CodeHeap 'non-profiled nmethods': size=120064Kb used=620Kb max_used=620Kb free=119443Kb
 bounds [0x0000028758b50000, 0x0000028758dc0000, 0x0000028760090000]
CodeHeap 'profiled nmethods': size=120000Kb used=3266Kb max_used=3266Kb free=116734Kb
 bounds [0x0000028751090000, 0x00000287513d0000, 0x00000287585c0000]
CodeHeap 'non-nmethods': size=5696Kb used=1183Kb max_used=1199Kb free=4512Kb
 bounds [0x00000287585c0000, 0x0000028758830000, 0x0000028758b50000]
 total_blobs=2196 nmethods=1718 adapters=390
 compilation: enabled
              stopped_count=0, restarted_count=0
 full_count=0

Compilation events (20 events):
Event: 2.104 Thread 0x0000028764134a80 1711       3       jdk.internal.org.objectweb.asm.SymbolTable::addConstant (330 bytes)
Event: 2.105 Thread 0x0000028764134a80 nmethod 1711 0x00000287513b9110 code [0x00000287513b9680, 0x00000287513bc8b8]
Event: 2.105 Thread 0x0000028764134a80 1712       3       java.lang.reflect.Constructor::setConstructorAccessor (21 bytes)
Event: 2.106 Thread 0x0000028764134a80 nmethod 1712 0x00000287513bd210 code [0x00000287513bd3c0, 0x00000287513bd6a8]
Event: 2.106 Thread 0x0000028764134a80 1709       1       jdk.internal.org.objectweb.asm.SymbolTable::getClassName (5 bytes)
Event: 2.106 Thread 0x0000028764134a80 nmethod 1709 0x0000028758beab90 code [0x0000028758bead20, 0x0000028758beadf8]
Event: 2.106 Thread 0x0000028764134a80 1710       1       java.lang.reflect.Method::getSharedExceptionTypes (5 bytes)
Event: 2.106 Thread 0x0000028764134a80 nmethod 1710 0x0000028758beae90 code [0x0000028758beb020, 0x0000028758beb0f8]
Event: 2.110 Thread 0x0000028764134a80 1713       3       java.nio.HeapByteBuffer::ix (7 bytes)
Event: 2.111 Thread 0x0000028764134a80 nmethod 1713 0x00000287513bd790 code [0x00000287513bd920, 0x00000287513bda38]
Event: 2.111 Thread 0x0000028764134a80 1714       3       java.lang.Class::getInterfaces (49 bytes)
Event: 2.111 Thread 0x0000028764134a80 nmethod 1714 0x00000287513bdb10 code [0x00000287513bdd00, 0x00000287513be1f8]
Event: 2.152 Thread 0x0000028764134a80 1715       3       java.util.ArrayList::contains (14 bytes)
Event: 2.153 Thread 0x0000028764134a80 nmethod 1715 0x00000287513be390 code [0x00000287513be540, 0x00000287513be768]
Event: 2.153 Thread 0x0000028764134a80 1716       3       java.lang.reflect.Method::hashCode (19 bytes)
Event: 2.153 Thread 0x0000028764134a80 nmethod 1716 0x00000287513be890 code [0x00000287513bea60, 0x00000287513bed08]
Event: 2.153 Thread 0x0000028764134a80 1717       3       java.util.ArrayList::indexOfRange (71 bytes)
Event: 2.153 Thread 0x0000028764134a80 nmethod 1717 0x00000287513bee90 code [0x00000287513bf060, 0x00000287513bf528]
Event: 2.154 Thread 0x0000028764134a80 1718       3       java.util.Arrays::fill (21 bytes)
Event: 2.154 Thread 0x0000028764134a80 nmethod 1718 0x00000287513bf710 code [0x00000287513bf8a0, 0x00000287513bfa58]

GC Heap History (8 events):
Event: 0.358 GC heap before
{Heap before GC invocations=0 (full 0):
 garbage-first heap   total 57344K, used 6144K [0x00000000c9400000, 0x0000000100000000)
  region size 1024K, 6 young (6144K), 0 survivors (0K)
 Metaspace       used 776K, committed 896K, reserved 1056768K
  class space    used 39K, committed 128K, reserved 1048576K
}
Event: 0.361 GC heap after
{Heap after GC invocations=1 (full 0):
 garbage-first heap   total 57344K, used 4793K [0x00000000c9400000, 0x0000000100000000)
  region size 1024K, 1 young (1024K), 1 survivors (1024K)
 Metaspace       used 776K, committed 896K, reserved 1056768K
  class space    used 39K, committed 128K, reserved 1048576K
}
Event: 0.590 GC heap before
{Heap before GC invocations=1 (full 0):
 garbage-first heap   total 57344K, used 7865K [0x00000000c9400000, 0x0000000100000000)
  region size 1024K, 4 young (4096K), 1 survivors (1024K)
 Metaspace       used 2212K, committed 2368K, reserved 1056768K
  class space    used 209K, committed 256K, reserved 1048576K
}
Event: 0.592 GC heap after
{Heap after GC invocations=2 (full 0):
 garbage-first heap   total 57344K, used 5512K [0x00000000c9400000, 0x0000000100000000)
  region size 1024K, 1 young (1024K), 1 survivors (1024K)
 Metaspace       used 2212K, committed 2368K, reserved 1056768K
  class space    used 209K, committed 256K, reserved 1048576K
}
Event: 1.019 GC heap before
{Heap before GC invocations=2 (full 0):
 garbage-first heap   total 57344K, used 13704K [0x00000000c9400000, 0x0000000100000000)
  region size 1024K, 9 young (9216K), 1 survivors (1024K)
 Metaspace       used 4879K, committed 5056K, reserved 1056768K
  class space    used 561K, committed 640K, reserved 1048576K
}
Event: 1.022 GC heap after
{Heap after GC invocations=3 (full 0):
 garbage-first heap   total 57344K, used 6145K [0x00000000c9400000, 0x0000000100000000)
  region size 1024K, 2 young (2048K), 2 survivors (2048K)
 Metaspace       used 4879K, committed 5056K, reserved 1056768K
  class space    used 561K, committed 640K, reserved 1048576K
}
Event: 2.089 GC heap before
{Heap before GC invocations=3 (full 0):
 garbage-first heap   total 57344K, used 32769K [0x00000000c9400000, 0x0000000100000000)
  region size 1024K, 28 young (28672K), 2 survivors (2048K)
 Metaspace       used 11571K, committed 11776K, reserved 1064960K
  class space    used 1370K, committed 1472K, reserved 1048576K
}
Event: 2.096 GC heap after
{Heap after GC invocations=4 (full 0):
 garbage-first heap   total 57344K, used 8456K [0x00000000c9400000, 0x0000000100000000)
  region size 1024K, 4 young (4096K), 4 survivors (4096K)
 Metaspace       used 11571K, committed 11776K, reserved 1064960K
  class space    used 1370K, committed 1472K, reserved 1048576K
}

Deoptimization events (20 events):
Event: 1.969 Thread 0x0000028765a0c8d0 Uncommon trap: trap_request=0xffffff45 fr.pc=0x0000028758b5f908 relative=0x00000000000003e8
Event: 1.969 Thread 0x0000028765a0c8d0 Uncommon trap: reason=unstable_if action=reinterpret pc=0x0000028758b5f908 method=java.lang.AbstractStringBuilder.isLatin1()Z @ 10 c2
Event: 1.969 Thread 0x0000028765a0c8d0 DEOPT PACKING pc=0x0000028758b5f908 sp=0x0000009ad32fdc30
Event: 1.969 Thread 0x0000028765a0c8d0 DEOPT UNPACKING pc=0x00000287586123a3 sp=0x0000009ad32fdbb0 mode 2
Event: 1.969 Thread 0x0000028765a0c8d0 Uncommon trap: trap_request=0xffffff45 fr.pc=0x0000028758bb0a5c relative=0x000000000000005c
Event: 1.969 Thread 0x0000028765a0c8d0 Uncommon trap: reason=unstable_if action=reinterpret pc=0x0000028758bb0a5c method=java.lang.AbstractStringBuilder.isLatin1()Z @ 10 c2
Event: 1.969 Thread 0x0000028765a0c8d0 DEOPT PACKING pc=0x0000028758bb0a5c sp=0x0000009ad32fdc10
Event: 1.969 Thread 0x0000028765a0c8d0 DEOPT UNPACKING pc=0x00000287586123a3 sp=0x0000009ad32fdba0 mode 2
Event: 1.973 Thread 0x0000028765a0c8d0 Uncommon trap: trap_request=0xffffff45 fr.pc=0x0000028758b9aec8 relative=0x0000000000000048
Event: 1.973 Thread 0x0000028765a0c8d0 Uncommon trap: reason=unstable_if action=reinterpret pc=0x0000028758b9aec8 method=java.lang.CharacterData.of(I)Ljava/lang/CharacterData; @ 4 c2
Event: 1.973 Thread 0x0000028765a0c8d0 DEOPT PACKING pc=0x0000028758b9aec8 sp=0x0000009ad32fd390
Event: 1.973 Thread 0x0000028765a0c8d0 DEOPT UNPACKING pc=0x00000287586123a3 sp=0x0000009ad32fd328 mode 2
Event: 1.992 Thread 0x000002874980cc10 Uncommon trap: trap_request=0xffffff45 fr.pc=0x0000028758ba4f7c relative=0x00000000000010bc
Event: 1.992 Thread 0x000002874980cc10 Uncommon trap: reason=unstable_if action=reinterpret pc=0x0000028758ba4f7c method=java.io.WinNTFileSystem.normalize(Ljava/lang/String;II)Ljava/lang/String; @ 87 c2
Event: 1.992 Thread 0x000002874980cc10 DEOPT PACKING pc=0x0000028758ba4f7c sp=0x0000009ad1efea70
Event: 1.992 Thread 0x000002874980cc10 DEOPT UNPACKING pc=0x00000287586123a3 sp=0x0000009ad1efe9a8 mode 2
Event: 2.065 Thread 0x000002874980cc10 Uncommon trap: trap_request=0xffffff45 fr.pc=0x0000028758bbb3e0 relative=0x00000000000002c0
Event: 2.065 Thread 0x000002874980cc10 Uncommon trap: reason=unstable_if action=reinterpret pc=0x0000028758bbb3e0 method=jdk.internal.org.objectweb.asm.SymbolTable.put(Ljdk/internal/org/objectweb/asm/SymbolTable$Entry;)Ljdk/internal/org/objectweb/asm/SymbolTable$Entry; @ 13 c2
Event: 2.065 Thread 0x000002874980cc10 DEOPT PACKING pc=0x0000028758bbb3e0 sp=0x0000009ad1efd5e0
Event: 2.065 Thread 0x000002874980cc10 DEOPT UNPACKING pc=0x00000287586123a3 sp=0x0000009ad1efd560 mode 2

Classes unloaded (0 events):
No events

Classes redefined (0 events):
No events

Internal exceptions (20 events):
Event: 1.179 Thread 0x000002874980cc10 Exception <a 'java/lang/NoSuchMethodError'{0x00000000cc787598}: 'java.lang.Object java.lang.invoke.DirectMethodHandle$Holder.invokeSpecial(java.lang.Object, java.lang.Object, java.lang.Object, java.lang.Object, java.lang.Object, java.lang.Object, java.lang.Object, int)'> (0x00000000cc787598) 
thrown [s\open\src\hotspot\share\interpreter\linkResolver.cpp, line 759]
Event: 1.242 Thread 0x000002874980cc10 Exception <a 'java/lang/NoSuchMethodError'{0x00000000cc6cd5a8}: 'int java.lang.invoke.DirectMethodHandle$Holder.invokeInterface(java.lang.Object, java.lang.Object)'> (0x00000000cc6cd5a8) 
thrown [s\open\src\hotspot\share\interpreter\linkResolver.cpp, line 759]
Event: 1.409 Thread 0x000002874980cc10 Exception <a 'java/lang/NoSuchMethodError'{0x00000000cc410500}: 'java.lang.Object java.lang.invoke.DirectMethodHandle$Holder.invokeSpecial(java.lang.Object, java.lang.Object, java.lang.Object, int, java.lang.Object)'> (0x00000000cc410500) 
thrown [s\open\src\hotspot\share\interpreter\linkResolver.cpp, line 759]
Event: 1.410 Thread 0x000002874980cc10 Exception <a 'java/lang/NoSuchMethodError'{0x00000000cc418b60}: 'java.lang.Object java.lang.invoke.DirectMethodHandle$Holder.newInvokeSpecial(java.lang.Object, java.lang.Object, java.lang.Object, int, java.lang.Object)'> (0x00000000cc418b60) 
thrown [s\open\src\hotspot\share\interpreter\linkResolver.cpp, line 759]
Event: 1.411 Thread 0x000002874980cc10 Exception <a 'java/lang/NoSuchMethodError'{0x00000000cc420530}: 'java.lang.Object java.lang.invoke.Invokers$Holder.linkToTargetMethod(java.lang.Object, java.lang.Object, int, java.lang.Object, java.lang.Object)'> (0x00000000cc420530) 
thrown [s\open\src\hotspot\share\interpreter\linkResolver.cpp, line 759]
Event: 1.412 Thread 0x000002874980cc10 Exception <a 'java/lang/NoSuchMethodError'{0x00000000cc42fbb8}: 'java.lang.Object java.lang.invoke.DirectMethodHandle$Holder.newInvokeSpecial(java.lang.Object, int, java.lang.Object)'> (0x00000000cc42fbb8) 
thrown [s\open\src\hotspot\share\interpreter\linkResolver.cpp, line 759]
Event: 1.412 Thread 0x000002874980cc10 Exception <a 'java/lang/NoSuchMethodError'{0x00000000cc434898}: 'int java.lang.invoke.DirectMethodHandle$Holder.invokeSpecialIFC(java.lang.Object, java.lang.Object, java.lang.Object, java.lang.Object)'> (0x00000000cc434898) 
thrown [s\open\src\hotspot\share\interpreter\linkResolver.cpp, line 759]
Event: 1.551 Thread 0x000002874980cc10 Exception <a 'java/lang/NoSuchMethodError'{0x00000000cc33bcd8}: 'void java.lang.invoke.DirectMethodHandle$Holder.invokeInterface(java.lang.Object, java.lang.Object, java.lang.Object)'> (0x00000000cc33bcd8) 
thrown [s\open\src\hotspot\share\interpreter\linkResolver.cpp, line 759]
Event: 1.588 Thread 0x000002874980cc10 Exception <a 'java/lang/NoSuchMethodError'{0x00000000cc3ae618}: 'void java.lang.invoke.DirectMethodHandle$Holder.invokeStatic(java.lang.Object, java.lang.Object)'> (0x00000000cc3ae618) 
thrown [s\open\src\hotspot\share\interpreter\linkResolver.cpp, line 759]
Event: 1.589 Thread 0x000002874980cc10 Exception <a 'java/lang/NoSuchMethodError'{0x00000000cc3b1e18}: 'void java.lang.invoke.DirectMethodHandle$Holder.invokeStaticInit(java.lang.Object, java.lang.Object)'> (0x00000000cc3b1e18) 
thrown [s\open\src\hotspot\share\interpreter\linkResolver.cpp, line 759]
Event: 1.591 Thread 0x000002874980cc10 Exception <a 'java/lang/NoSuchMethodError'{0x00000000cc3bf430}: 'void java.lang.invoke.DirectMethodHandle$Holder.invokeStaticInit(java.lang.Object, java.lang.Object, java.lang.Object)'> (0x00000000cc3bf430) 
thrown [s\open\src\hotspot\share\interpreter\linkResolver.cpp, line 759]
Event: 1.597 Thread 0x000002874980cc10 Exception <a 'java/lang/NoSuchMethodError'{0x00000000cc3fbfe8}: 'java.lang.Object java.lang.invoke.DirectMethodHandle$Holder.invokeStatic(java.lang.Object, java.lang.Object, long, java.lang.Object)'> (0x00000000cc3fbfe8) 
thrown [s\open\src\hotspot\share\interpreter\linkResolver.cpp, line 759]
Event: 1.598 Thread 0x000002874980cc10 Exception <a 'java/lang/NoSuchMethodError'{0x00000000cc3ffa80}: 'java.lang.Object java.lang.invoke.DirectMethodHandle$Holder.invokeStaticInit(java.lang.Object, java.lang.Object, long, java.lang.Object)'> (0x00000000cc3ffa80) 
thrown [s\open\src\hotspot\share\interpreter\linkResolver.cpp, line 759]
Event: 1.598 Thread 0x000002874980cc10 Exception <a 'java/lang/NoSuchMethodError'{0x00000000cc006758}: 'java.lang.Object java.lang.invoke.DirectMethodHandle$Holder.newInvokeSpecial(java.lang.Object, java.lang.Object, long)'> (0x00000000cc006758) 
thrown [s\open\src\hotspot\share\interpreter\linkResolver.cpp, line 759]
Event: 1.598 Thread 0x000002874980cc10 Exception <a 'java/lang/NoSuchMethodError'{0x00000000cc00a2c8}: 'java.lang.Object java.lang.invoke.Invokers$Holder.linkToTargetMethod(java.lang.Object, long, java.lang.Object)'> (0x00000000cc00a2c8) 
thrown [s\open\src\hotspot\share\interpreter\linkResolver.cpp, line 759]
Event: 1.619 Thread 0x000002874980cc10 Exception <a 'java/lang/NoSuchMethodError'{0x00000000cc054f38}: 'void java.lang.invoke.DirectMethodHandle$Holder.invokeVirtual(java.lang.Object, java.lang.Object, java.lang.Object, java.lang.Object)'> (0x00000000cc054f38) 
thrown [s\open\src\hotspot\share\interpreter\linkResolver.cpp, line 759]
Event: 1.678 Thread 0x000002874980cc10 Exception <a 'java/lang/NoSuchMethodError'{0x00000000cbfbb1d0}: 'void java.lang.invoke.DirectMethodHandle$Holder.invokeSpecial(java.lang.Object, java.lang.Object, java.lang.Object)'> (0x00000000cbfbb1d0) 
thrown [s\open\src\hotspot\share\interpreter\linkResolver.cpp, line 759]
Event: 1.680 Thread 0x000002874980cc10 Exception <a 'java/lang/NoSuchMethodError'{0x00000000cbfc17a8}: 'void java.lang.invoke.DirectMethodHandle$Holder.invokeSpecial(java.lang.Object, java.lang.Object, java.lang.Object, java.lang.Object, java.lang.Object)'> (0x00000000cbfc17a8) 
thrown [s\open\src\hotspot\share\interpreter\linkResolver.cpp, line 759]
Event: 1.693 Thread 0x000002874980cc10 Exception <a 'java/lang/IncompatibleClassChangeError'{0x00000000cbff4590}: Found class java.lang.Object, but interface was expected> (0x00000000cbff4590) 
thrown [s\open\src\hotspot\share\interpreter\linkResolver.cpp, line 826]
Event: 1.716 Thread 0x0000028765a0c8d0 Exception <a 'java/lang/NoClassDefFoundError'{0x00000000cbe96d28}: jakarta/validation/Validation> (0x00000000cbe96d28) 
thrown [s\open\src\hotspot\share\classfile\systemDictionary.cpp, line 245]

VM Operations (20 events):
Event: 0.560 Executing VM operation: HandshakeAllThreads
Event: 0.560 Executing VM operation: HandshakeAllThreads done
Event: 0.585 Executing VM operation: HandshakeAllThreads
Event: 0.585 Executing VM operation: HandshakeAllThreads done
Event: 0.589 Executing VM operation: G1CollectForAllocation
Event: 0.592 Executing VM operation: G1CollectForAllocation done
Event: 0.930 Executing VM operation: HandshakeAllThreads
Event: 0.930 Executing VM operation: HandshakeAllThreads done
Event: 1.019 Executing VM operation: G1CollectForAllocation
Event: 1.022 Executing VM operation: G1CollectForAllocation done
Event: 1.313 Executing VM operation: HandshakeAllThreads
Event: 1.313 Executing VM operation: HandshakeAllThreads done
Event: 1.674 Executing VM operation: HandshakeAllThreads
Event: 1.675 Executing VM operation: HandshakeAllThreads done
Event: 1.912 Executing VM operation: ICBufferFull
Event: 1.916 Executing VM operation: ICBufferFull done
Event: 1.973 Executing VM operation: HandshakeAllThreads
Event: 1.973 Executing VM operation: HandshakeAllThreads done
Event: 2.089 Executing VM operation: G1CollectForAllocation
Event: 2.096 Executing VM operation: G1CollectForAllocation done

Events (20 events):
Event: 2.052 loading class jdk/internal/reflect/ByteVector done
Event: 2.052 loading class jdk/internal/reflect/ByteVectorImpl done
Event: 2.052 loading class jdk/internal/reflect/ClassFileAssembler
Event: 2.053 loading class jdk/internal/reflect/ClassFileAssembler done
Event: 2.053 loading class jdk/internal/reflect/UTF8
Event: 2.053 loading class jdk/internal/reflect/UTF8 done
Event: 2.054 loading class jdk/internal/reflect/Label
Event: 2.054 loading class jdk/internal/reflect/Label done
Event: 2.054 loading class jdk/internal/reflect/Label$PatchInfo
Event: 2.054 loading class jdk/internal/reflect/Label$PatchInfo done
Event: 2.054 loading class jdk/internal/reflect/MethodAccessorGenerator$1
Event: 2.054 loading class jdk/internal/reflect/MethodAccessorGenerator$1 done
Event: 2.054 loading class jdk/internal/reflect/ClassDefiner
Event: 2.054 loading class jdk/internal/reflect/ClassDefiner done
Event: 2.054 loading class jdk/internal/reflect/ClassDefiner$1
Event: 2.054 loading class jdk/internal/reflect/ClassDefiner$1 done
Event: 2.054 loading class jdk/internal/reflect/BootstrapConstructorAccessorImpl
Event: 2.054 loading class jdk/internal/reflect/BootstrapConstructorAccessorImpl done
Event: 2.060 loading class java/lang/annotation/Repeatable
Event: 2.060 loading class java/lang/annotation/Repeatable done


Dynamic libraries:
0x00007ff6bba50000 - 0x00007ff6bba60000 	C:\Program Files\Java\jdk-17\bin\java.exe
0x00007ff9c7390000 - 0x00007ff9c7588000 	C:\windows\SYSTEM32\ntdll.dll
0x00007ff9c64b0000 - 0x00007ff9c656f000 	C:\windows\System32\KERNEL32.DLL
0x00007ff9c4c50000 - 0x00007ff9c4f46000 	C:\windows\System32\KERNELBASE.dll
0x00007ff9c4f50000 - 0x00007ff9c5050000 	C:\windows\System32\ucrtbase.dll
0x00007ff9a7540000 - 0x00007ff9a7559000 	C:\Program Files\Java\jdk-17\bin\jli.dll
0x00007ff9c58a0000 - 0x00007ff9c594f000 	C:\windows\System32\ADVAPI32.dll
0x00007ff9c5970000 - 0x00007ff9c5a0e000 	C:\windows\System32\msvcrt.dll
0x00007ff9c6b50000 - 0x00007ff9c6bec000 	C:\windows\System32\sechost.dll
0x00007ff9c6650000 - 0x00007ff9c6776000 	C:\windows\System32\RPCRT4.dll
0x00007ff9c5480000 - 0x00007ff9c561d000 	C:\windows\System32\USER32.dll
0x00007ff9c4c20000 - 0x00007ff9c4c42000 	C:\windows\System32\win32u.dll
0x00007ff9c57b0000 - 0x00007ff9c57dc000 	C:\windows\System32\GDI32.dll
0x00007ff9c5220000 - 0x00007ff9c5335000 	C:\windows\System32\gdi32full.dll
0x00007ff9c4ac0000 - 0x00007ff9c4b5d000 	C:\windows\System32\msvcp_win.dll
0x00007ff99e540000 - 0x00007ff99e55b000 	C:\Program Files\Java\jdk-17\bin\VCRUNTIME140.dll
0x00007ff9adc60000 - 0x00007ff9adefa000 	C:\windows\WinSxS\amd64_microsoft.windows.common-controls_6595b64144ccf1df_6.0.19041.1110_none_60b5254171f9507e\COMCTL32.dll
0x00007ff9bc710000 - 0x00007ff9bc71a000 	C:\windows\SYSTEM32\VERSION.dll
0x00007ff9c6620000 - 0x00007ff9c6650000 	C:\windows\System32\IMM32.DLL
0x00007ff9ad960000 - 0x00007ff9ad96c000 	C:\Program Files\Java\jdk-17\bin\vcruntime140_1.dll
0x00007ff980ff0000 - 0x00007ff98107e000 	C:\Program Files\Java\jdk-17\bin\msvcp140.dll
0x00007ff956a30000 - 0x00007ff95760d000 	C:\Program Files\Java\jdk-17\bin\server\jvm.dll
0x00007ff9c7340000 - 0x00007ff9c7348000 	C:\windows\System32\PSAPI.DLL
0x00007ff999790000 - 0x00007ff999799000 	C:\windows\SYSTEM32\WSOCK32.dll
0x00007ff9c6a50000 - 0x00007ff9c6abb000 	C:\windows\System32\WS2_32.dll
0x00007ff9bc6e0000 - 0x00007ff9bc707000 	C:\windows\SYSTEM32\WINMM.dll
0x00007ff9c2920000 - 0x00007ff9c2932000 	C:\windows\SYSTEM32\kernel.appcore.dll
0x00007ff99e530000 - 0x00007ff99e53a000 	C:\Program Files\Java\jdk-17\bin\jimage.dll
0x00007ff9afaa0000 - 0x00007ff9afc84000 	C:\windows\SYSTEM32\DBGHELP.DLL
0x00007ff9a76e0000 - 0x00007ff9a7714000 	C:\windows\SYSTEM32\dbgcore.DLL
0x00007ff9c4b60000 - 0x00007ff9c4be2000 	C:\windows\System32\bcryptPrimitives.dll
0x00007ff996480000 - 0x00007ff9964a5000 	C:\Program Files\Java\jdk-17\bin\java.dll
0x00007ff975a70000 - 0x00007ff975b47000 	C:\Program Files\Java\jdk-17\bin\jsvml.dll
0x00007ff9c6bf0000 - 0x00007ff9c7334000 	C:\windows\System32\SHELL32.dll
0x00007ff9c2b20000 - 0x00007ff9c32b4000 	C:\windows\SYSTEM32\windows.storage.dll
0x00007ff9c6020000 - 0x00007ff9c6374000 	C:\windows\System32\combase.dll
0x00007ff9c43e0000 - 0x00007ff9c440e000 	C:\windows\SYSTEM32\Wldp.dll
0x00007ff9c5700000 - 0x00007ff9c57ad000 	C:\windows\System32\SHCORE.dll
0x00007ff9c5fc0000 - 0x00007ff9c6015000 	C:\windows\System32\shlwapi.dll
0x00007ff9c49a0000 - 0x00007ff9c49c5000 	C:\windows\SYSTEM32\profapi.dll
0x00007ff996460000 - 0x00007ff996479000 	C:\Program Files\Java\jdk-17\bin\net.dll
0x00007ff9b97b0000 - 0x00007ff9b98ba000 	C:\windows\SYSTEM32\WINHTTP.dll
0x00007ff9c4140000 - 0x00007ff9c41aa000 	C:\windows\system32\mswsock.dll
0x00007ff996440000 - 0x00007ff996456000 	C:\Program Files\Java\jdk-17\bin\nio.dll
0x00007ff9960c0000 - 0x00007ff9960d8000 	C:\Program Files\Java\jdk-17\bin\zip.dll

dbghelp: loaded successfully - version: 4.0.5 - missing functions: none
symbol engine: initialized successfully - sym options: 0x614 - pdb path: .;C:\Program Files\Java\jdk-17\bin;C:\windows\SYSTEM32;C:\windows\WinSxS\amd64_microsoft.windows.common-controls_6595b64144ccf1df_6.0.19041.1110_none_60b5254171f9507e;C:\Program Files\Java\jdk-17\bin\server

VM Arguments:
java_command: com.gestion.clientes.GestionClientesBackendApplication
java_class_path (initial): C:\Users\carin\Desktop\springbootreact\gestion-clientes-backend\target\classes;C:\Users\carin\.m2\repository\org\springframework\boot\spring-boot-starter-data-jpa\3.1.2\spring-boot-starter-data-jpa-3.1.2.jar;C:\Users\carin\.m2\repository\org\springframework\boot\spring-boot-starter-aop\3.1.2\spring-boot-starter-aop-3.1.2.jar;C:\Users\carin\.m2\repository\org\springframework\spring-aop\6.0.11\spring-aop-6.0.11.jar;C:\Users\carin\.m2\repository\org\aspectj\aspectjweaver\1.9.19\aspectjweaver-1.9.19.jar;C:\Users\carin\.m2\repository\org\springframework\boot\spring-boot-starter-jdbc\3.1.2\spring-boot-starter-jdbc-3.1.2.jar;C:\Users\carin\.m2\repository\com\zaxxer\HikariCP\5.0.1\HikariCP-5.0.1.jar;C:\Users\carin\.m2\repository\org\springframework\spring-jdbc\6.0.11\spring-jdbc-6.0.11.jar;C:\Users\carin\.m2\repository\org\hibernate\orm\hibernate-core\6.2.6.Final\hibernate-core-6.2.6.Final.jar;C:\Users\carin\.m2\repository\jakarta\persistence\jakarta.persistence-api\3.1.0\jakarta.persistence-api-3.1.0.jar;C:\Users\carin\.m2\repository\jakarta\transaction\jakarta.transaction-api\2.0.1\jakarta.transaction-api-2.0.1.jar;C:\Users\carin\.m2\repository\org\jboss\logging\jboss-logging\3.5.3.Final\jboss-logging-3.5.3.Final.jar;C:\Users\carin\.m2\repository\org\hibernate\common\hibernate-commons-annotations\6.0.6.Final\hibernate-commons-annotations-6.0.6.Final.jar;C:\Users\carin\.m2\repository\io\smallrye\jandex\3.0.5\jandex-3.0.5.jar;C:\Users\carin\.m2\repository\com\fasterxml\classmate\1.5.1\classmate-1.5.1.jar;C:\Users\carin\.m2\repository\net\bytebuddy\byte-buddy\1.14.5\byte-buddy-1.14.5.jar;C:\Users\carin\.m2\repository\org\glassfish\jaxb\jaxb-runtime\4.0.3\jaxb-runtime-4.0.3.jar;C:\Users\carin\.m2\repository\org\glassfish\jaxb\jaxb-core\4.0.3\jaxb-core-4.0.3.jar;C:\Users\carin\.m2\repository\org\eclipse\angus\angus-activation\2.0.1\angus-activation-2.0.1.jar;C:\Users\carin\.m2\repository\org\glassfish\jaxb\txw2\4.0.3\txw2-4.0.3.jar;C:\Users\carin\.
Launcher Type: SUN_STANDARD

[Global flags]
     intx CICompilerCount                          = 2                                         {product} {ergonomic}
     uint ConcGCThreads                            = 1                                         {product} {ergonomic}
     uint G1ConcRefinementThreads                  = 2                                         {product} {ergonomic}
   size_t G1HeapRegionSize                         = 1048576                                   {product} {ergonomic}
    uintx GCDrainStackTargetSize                   = 64                                        {product} {ergonomic}
   size_t InitialHeapSize                          = 58720256                                  {product} {ergonomic}
   size_t MarkStackSize                            = 4194304                                   {product} {ergonomic}
   size_t MaxHeapSize                              = 918552576                                 {product} {ergonomic}
   size_t MaxNewSize                               = 550502400                                 {product} {ergonomic}
   size_t MinHeapDeltaBytes                        = 1048576                                   {product} {ergonomic}
   size_t MinHeapSize                              = 8388608                                   {product} {ergonomic}
    uintx NonNMethodCodeHeapSize                   = 5826188                                {pd product} {ergonomic}
    uintx NonProfiledCodeHeapSize                  = 122916026                              {pd product} {ergonomic}
    uintx ProfiledCodeHeapSize                     = 122916026                              {pd product} {ergonomic}
    uintx ReservedCodeCacheSize                    = 251658240                              {pd product} {ergonomic}
     bool SegmentedCodeCache                       = true                                      {product} {ergonomic}
   size_t SoftMaxHeapSize                          = 918552576                              {manageable} {ergonomic}
     bool UseCompressedClassPointers               = true                           {product lp64_product} {ergonomic}
     bool UseCompressedOops                        = true                           {product lp64_product} {ergonomic}
     bool UseG1GC                                  = true                                      {product} {ergonomic}
     bool UseLargePagesIndividualAllocation        = false                                  {pd product} {ergonomic}

Logging:
Log output configuration:
 #0: stdout all=warning uptime,level,tags
 #1: stderr all=off uptime,level,tags

Environment Variables:
JAVA_HOME=C:\Program Files\Java\jdk-17
PATH=C:\Program Files\Common Files\Oracle\Java\javapath;C:\windows\system32;C:\windows;C:\windows\System32\Wbem;C:\windows\System32\WindowsPowerShell\v1.0\;C:\windows\System32\OpenSSH\;C:\Program Files\Git\cmd;C:\Program Files\nodejs\;C:\gradle-8.1.1\bin;C:\Program Files\Java\jdk-20\bin;C:\Users\carin\AppData\Local\Microsoft\WindowsApps;C:\Users\carin\AppData\Local\Programs\Microsoft VS Code\bin;C:\Users\carin\AppData\Roaming\npm;C:\ProgramData\carin\GitHubDesktop\bin;C:\Users\carin\AppData\Local\GitHubDesktop\bin;C:\Users\carin\Downloads\mongodb-windows-x86_64-6.0.4.zip\mongodb-win32-x86_64-windows-6.0.4\bin;C:\Users\carin\Desktop\dataBase\data;C:\Program Files\MongoDB\Server\6.0\data;C:\Program Files\MongoDB\Server\6.0\bin;C:\Users\carin\Desktop\Backend\FastAPI;C:\Users\carin\Desktop\Backend;C:\Users\carin\Desktop\Backend\dataBase\data\log;C:\Program Files\MongoDB\Server\6.0\data;C:\Program Files\MongoDB\Server\6.0\bin;C:\Users\carin\AppData\Local\Packages\PythonSoftwareFoundation.Python.3.10_qbz5n2kfra8p0\LocalCache\local-packages\Python310\Scripts;C:\Users\carin\Documents\flutter\bin\;C:\Program Files\MySQL\MySQL Server 8.0\bin;C:\gradle-8.1.1\bin;C:\Program Files\Java\jdk-20\bin;
USERNAME=carin
OS=Windows_NT
PROCESSOR_IDENTIFIER=AMD64 Family 23 Model 24 Stepping 1, AuthenticAMD



---------------  S Y S T E M  ---------------

OS:
 Windows 10 , 64 bit Build 19041 (10.0.19041.3155)
OS uptime: 2 days 17:47 hours

CPU: total 2 (initial active 2) (2 cores per cpu, 1 threads per core) family 23 model 24 stepping 1 microcode 0x0, cx8, cmov, fxsr, mmx, 3dnowpref, sse, sse2, sse3, ssse3, sse4a, sse4.1, sse4.2, popcnt, lzcnt, tsc, tscinvbit, avx, avx2, aes, clmul, bmi1, bmi2, adx, sha, fma, vzeroupper, clflush, clflushopt

Memory: 4k page, system-wide physical 3500M (296M free)
TotalPageFile size 14252M (AvailPageFile size 3M)
current process WorkingSet (physical memory assigned to process): 101M, peak: 101M
current process commit charge ("private bytes"): 154M, peak: 155M

vm_info: Java HotSpot(TM) 64-Bit Server VM (17.0.7+8-LTS-224) for windows-amd64 JRE (17.0.7+8-LTS-224), built on Feb 28 2023 23:03:02 by "mach5one" with MS VC++ 17.1 (VS2022)

END.
