#
# There is insufficient memory for the Java Runtime Environment to continue.
# Native memory allocation (malloc) failed to allocate 714256 bytes for Chunk::new
# Possible reasons:
#   The system is out of physical RAM or swap space
#   The process is running with CompressedOops enabled, and the Java Heap may be blocking the growth of the native heap
# Possible solutions:
#   Reduce memory load on the system
#   Increase physical memory or swap space
#   Check if swap backing store is full
#   Decrease Java heap size (-Xmx/-Xms)
#   Decrease number of Java threads
#   Decrease Java thread stack sizes (-Xss)
#   Set larger code cache with -XX:ReservedCodeCacheSize=
#   JVM is running with Unscaled Compressed Oops mode in which the Java heap is
#     placed in the first 4GB address space. The Java Heap base address is the
#     maximum limit for the native heap growth. Please use -XX:HeapBaseMinAddress
#     to set the Java Heap base and to place the Java Heap above 4GB virtual address.
# This output file may be truncated or incomplete.
#
#  Out of Memory Error (arena.cpp:189), pid=5804, tid=17020
#
# JRE version: Java(TM) SE Runtime Environment (17.0.7+8) (build 17.0.7+8-LTS-224)
# Java VM: Java HotSpot(TM) 64-Bit Server VM (17.0.7+8-LTS-224, mixed mode, sharing, tiered, compressed oops, compressed class ptrs, g1 gc, windows-amd64)
# No core dump will be written. Minidumps are not enabled by default on client versions of Windows
#

---------------  S U M M A R Y ------------

Command Line: com.gestion.clientes.GestionClientesBackendApplication

Host: AMD Athlon Silver 3050U with Radeon Graphics   , 2 cores, 3G,  Windows 10 , 64 bit Build 19041 (10.0.19041.3155)
Time: Mon Jul 31 12:36:31 2023 Hora estándar de Argentina elapsed time: 5874.308812 seconds (0d 1h 37m 54s)

---------------  T H R E A D  ---------------

Current thread (0x0000029357df10f0):  JavaThread "C2 CompilerThread0" daemon [_thread_in_native, id=17020, stack(0x000000d165100000,0x000000d165200000)]


Current CompileTask:
C2:5874310 5805   !   4       java.util.concurrent.ThreadPoolExecutor::getTask (177 bytes)

Stack: [0x000000d165100000,0x000000d165200000]
Native frames: (J=compiled Java code, j=interpreted, Vv=VM code, C=native code)
V  [jvm.dll+0x676a4a]
V  [jvm.dll+0x7d74f4]
V  [jvm.dll+0x7d8c9e]
V  [jvm.dll+0x7d9303]
V  [jvm.dll+0x2452c5]
V  [jvm.dll+0xaaa2b]
V  [jvm.dll+0xaafcc]
V  [jvm.dll+0x3613cf]
V  [jvm.dll+0x32bba1]
V  [jvm.dll+0x32b03a]
V  [jvm.dll+0x217acf]
V  [jvm.dll+0x216f01]
V  [jvm.dll+0x1a35e0]
V  [jvm.dll+0x226a6e]
V  [jvm.dll+0x224e15]
V  [jvm.dll+0x78d05c]
V  [jvm.dll+0x78759a]
V  [jvm.dll+0x675875]
C  [ucrtbase.dll+0x21bb2]
C  [KERNEL32.DLL+0x17614]
C  [ntdll.dll+0x526b1]


---------------  P R O C E S S  ---------------

Threads class SMR info:
_java_thread_list=0x000002935b4ea5f0, length=29, elements={
0x0000029357dd4f40, 0x0000029357dd7dc0, 0x0000029357dee450, 0x0000029357def000,
0x0000029357def9b0, 0x0000029357df0360, 0x0000029357df10f0, 0x0000029357df2ba0,
0x0000029357e5ac60, 0x0000029358954eb0, 0x000002935896fa00, 0x000002935a3510d0,
0x000002935a34e580, 0x000002935a350260, 0x000002935a350730, 0x000002935a34f3f0,
0x000002935a350c00, 0x000002935a34d710, 0x000002935a34dbe0, 0x000002935a34f8c0,
0x000002935a34fd90, 0x000002935a34ea50, 0x000002935a34e0b0, 0x000002935a34ef20,
0x0000029358e16080, 0x0000029358e190a0, 0x0000029358e16550, 0x0000029358e15bb0,
0x0000029358e1a8b0
}

Java Threads: ( => current thread )
  0x0000029357dd4f40 JavaThread "Reference Handler" daemon [_thread_blocked, id=3492, stack(0x000000d164b00000,0x000000d164c00000)]
  0x0000029357dd7dc0 JavaThread "Finalizer" daemon [_thread_blocked, id=7064, stack(0x000000d164c00000,0x000000d164d00000)]
  0x0000029357dee450 JavaThread "Signal Dispatcher" daemon [_thread_blocked, id=5484, stack(0x000000d164d00000,0x000000d164e00000)]
  0x0000029357def000 JavaThread "Attach Listener" daemon [_thread_blocked, id=14208, stack(0x000000d164e00000,0x000000d164f00000)]
  0x0000029357def9b0 JavaThread "Service Thread" daemon [_thread_blocked, id=6076, stack(0x000000d164f00000,0x000000d165000000)]
  0x0000029357df0360 JavaThread "Monitor Deflation Thread" daemon [_thread_blocked, id=14192, stack(0x000000d165000000,0x000000d165100000)]
=>0x0000029357df10f0 JavaThread "C2 CompilerThread0" daemon [_thread_in_native, id=17020, stack(0x000000d165100000,0x000000d165200000)]
  0x0000029357df2ba0 JavaThread "C1 CompilerThread0" daemon [_thread_blocked, id=5600, stack(0x000000d165200000,0x000000d165300000)]
  0x0000029357e5ac60 JavaThread "Sweeper thread" daemon [_thread_blocked, id=12344, stack(0x000000d165300000,0x000000d165400000)]
  0x0000029358954eb0 JavaThread "Notification Thread" daemon [_thread_blocked, id=14376, stack(0x000000d165400000,0x000000d165500000)]
  0x000002935896fa00 JavaThread "Common-Cleaner" daemon [_thread_blocked, id=16068, stack(0x000000d165600000,0x000000d165700000)]
  0x000002935a3510d0 JavaThread "Catalina-utility-1" [_thread_blocked, id=14860, stack(0x000000d165800000,0x000000d165900000)]
  0x000002935a34e580 JavaThread "Catalina-utility-2" [_thread_blocked, id=14700, stack(0x000000d165900000,0x000000d165a00000)]
  0x000002935a350260 JavaThread "container-0" [_thread_blocked, id=9948, stack(0x000000d165a00000,0x000000d165b00000)]
  0x000002935a350730 JavaThread "mysql-cj-abandoned-connection-cleanup" daemon [_thread_blocked, id=16676, stack(0x000000d165b00000,0x000000d165c00000)]
  0x000002935a34f3f0 JavaThread "HikariPool-1 housekeeper" daemon [_thread_blocked, id=17188, stack(0x000000d165d00000,0x000000d165e00000)]
  0x000002935a350c00 JavaThread "http-nio-8080-exec-1" daemon [_thread_blocked, id=4924, stack(0x000000d165e00000,0x000000d165f00000)]
  0x000002935a34d710 JavaThread "http-nio-8080-exec-2" daemon [_thread_blocked, id=9984, stack(0x000000d165f00000,0x000000d166000000)]
  0x000002935a34dbe0 JavaThread "http-nio-8080-exec-3" daemon [_thread_blocked, id=15392, stack(0x000000d166000000,0x000000d166100000)]
  0x000002935a34f8c0 JavaThread "http-nio-8080-exec-4" daemon [_thread_blocked, id=11472, stack(0x000000d166100000,0x000000d166200000)]
  0x000002935a34fd90 JavaThread "http-nio-8080-exec-5" daemon [_thread_blocked, id=11180, stack(0x000000d166200000,0x000000d166300000)]
  0x000002935a34ea50 JavaThread "http-nio-8080-exec-6" daemon [_thread_blocked, id=13172, stack(0x000000d166300000,0x000000d166400000)]
  0x000002935a34e0b0 JavaThread "http-nio-8080-exec-7" daemon [_thread_blocked, id=4296, stack(0x000000d166400000,0x000000d166500000)]
  0x000002935a34ef20 JavaThread "http-nio-8080-exec-8" daemon [_thread_blocked, id=1276, stack(0x000000d166500000,0x000000d166600000)]
  0x0000029358e16080 JavaThread "http-nio-8080-exec-9" daemon [_thread_blocked, id=540, stack(0x000000d166600000,0x000000d166700000)]
  0x0000029358e190a0 JavaThread "http-nio-8080-exec-10" daemon [_thread_blocked, id=4216, stack(0x000000d166700000,0x000000d166800000)]
  0x0000029358e16550 JavaThread "http-nio-8080-Poller" daemon [_thread_in_native, id=10692, stack(0x000000d166800000,0x000000d166900000)]
  0x0000029358e15bb0 JavaThread "http-nio-8080-Acceptor" daemon [_thread_in_native, id=11540, stack(0x000000d166900000,0x000000d166a00000)]
  0x0000029358e1a8b0 JavaThread "DestroyJavaVM" [_thread_blocked, id=16944, stack(0x000000d164300000,0x000000d164400000)]

Other Threads:
  0x000002933b67ec60 VMThread "VM Thread" [stack: 0x000000d164a00000,0x000000d164b00000] [id=13424]
  0x000002935895f7a0 WatcherThread [stack: 0x000000d165500000,0x000000d165600000] [id=12508]
  0x000002933b5e49e0 GCTaskThread "GC Thread#0" [stack: 0x000000d164500000,0x000000d164600000] [id=5952]
  0x0000029358ac73a0 GCTaskThread "GC Thread#1" [stack: 0x000000d165700000,0x000000d165800000] [id=14164]
  0x000002933b5ec6a0 ConcurrentGCThread "G1 Main Marker" [stack: 0x000000d164600000,0x000000d164700000] [id=16032]
  0x000002933b5ed0b0 ConcurrentGCThread "G1 Conc#0" [stack: 0x000000d164700000,0x000000d164800000] [id=15300]
  0x000002933b61e9b0 ConcurrentGCThread "G1 Refine#0" [stack: 0x000000d164800000,0x000000d164900000] [id=16564]
  0x000002933b61f3d0 ConcurrentGCThread "G1 Service" [stack: 0x000000d164900000,0x000000d164a00000] [id=5828]

Threads with active compile tasks:
C2 CompilerThread0  5874828 5805   !   4       java.util.concurrent.ThreadPoolExecutor::getTask (177 bytes)

VM state: not at safepoint (normal execution)

VM Mutex/Monitor currently owned by a thread: None

Heap address: 0x00000000c9400000, size: 876 MB, Compressed Oops mode: 32-bit

CDS archive(s) mapped at: [0x0000000800000000-0x0000000800bd0000-0x0000000800bd0000), size 12386304, SharedBaseAddress: 0x0000000800000000, ArchiveRelocationMode: 0.
Compressed class space mapped at: 0x0000000800c00000-0x0000000840c00000, reserved size: 1073741824
Narrow klass base: 0x0000000800000000, Narrow klass shift: 0, Narrow klass range: 0x100000000

GC Precious Log:
 CPUs: 2 total, 2 available
 Memory: 3500M
 Large Page Support: Disabled
 NUMA Support: Disabled
 Compressed Oops: Enabled (32-bit)
 Heap Region Size: 1M
 Heap Min Capacity: 8M
 Heap Initial Capacity: 56M
 Heap Max Capacity: 876M
 Pre-touch: Disabled
 Parallel Workers: 2
 Concurrent Workers: 1
 Concurrent Refinement Workers: 2
 Periodic GC: Disabled

Heap:
 garbage-first heap   total 48128K, used 31718K [0x00000000c9400000, 0x0000000100000000)
  region size 1024K, 8 young (8192K), 1 survivors (1024K)
 Metaspace       used 63516K, committed 64064K, reserved 1105920K
  class space    used 8558K, committed 8832K, reserved 1048576K

Heap Regions: E=young(eden), S=young(survivor), O=old, HS=humongous(starts), HC=humongous(continues), CS=collection set, F=free, OA=open archive, CA=closed archive, TAMS=top-at-mark-start (previous, next)
|   0|0x00000000c9400000, 0x00000000c9500000, 0x00000000c9500000|100%|HS|  |TAMS 0x00000000c9500000, 0x00000000c9400000| Complete 
|   1|0x00000000c9500000, 0x00000000c9600000, 0x00000000c9600000|100%| O|  |TAMS 0x00000000c9600000, 0x00000000c9500000| Untracked 
|   2|0x00000000c9600000, 0x00000000c9700000, 0x00000000c9700000|100%| O|  |TAMS 0x00000000c9700000, 0x00000000c9600000| Untracked 
|   3|0x00000000c9700000, 0x00000000c9800000, 0x00000000c9800000|100%| O|  |TAMS 0x00000000c9800000, 0x00000000c9700000| Untracked 
|   4|0x00000000c9800000, 0x00000000c9900000, 0x00000000c9900000|100%| O|  |TAMS 0x00000000c9900000, 0x00000000c9800000| Untracked 
|   5|0x00000000c9900000, 0x00000000c9a00000, 0x00000000c9a00000|100%| O|  |TAMS 0x00000000c9a00000, 0x00000000c9900000| Untracked 
|   6|0x00000000c9a00000, 0x00000000c9b00000, 0x00000000c9b00000|100%| O|  |TAMS 0x00000000c9b00000, 0x00000000c9a00000| Untracked 
|   7|0x00000000c9b00000, 0x00000000c9c00000, 0x00000000c9c00000|100%| O|  |TAMS 0x00000000c9c00000, 0x00000000c9b00000| Untracked 
|   8|0x00000000c9c00000, 0x00000000c9d00000, 0x00000000c9d00000|100%| O|  |TAMS 0x00000000c9d00000, 0x00000000c9c00000| Untracked 
|   9|0x00000000c9d00000, 0x00000000c9e00000, 0x00000000c9e00000|100%| O|  |TAMS 0x00000000c9e00000, 0x00000000c9d00000| Untracked 
|  10|0x00000000c9e00000, 0x00000000c9f00000, 0x00000000c9f00000|100%| O|  |TAMS 0x00000000c9f00000, 0x00000000c9e00000| Untracked 
|  11|0x00000000c9f00000, 0x00000000ca000000, 0x00000000ca000000|100%| O|  |TAMS 0x00000000ca000000, 0x00000000c9f00000| Untracked 
|  12|0x00000000ca000000, 0x00000000ca100000, 0x00000000ca100000|100%| O|  |TAMS 0x00000000ca100000, 0x00000000ca000000| Untracked 
|  13|0x00000000ca100000, 0x00000000ca200000, 0x00000000ca200000|100%| O|  |TAMS 0x00000000ca200000, 0x00000000ca100000| Untracked 
|  14|0x00000000ca200000, 0x00000000ca300000, 0x00000000ca300000|100%| O|  |TAMS 0x00000000ca300000, 0x00000000ca200000| Untracked 
|  15|0x00000000ca300000, 0x00000000ca400000, 0x00000000ca400000|100%| O|  |TAMS 0x00000000ca400000, 0x00000000ca300000| Untracked 
|  16|0x00000000ca400000, 0x00000000ca500000, 0x00000000ca500000|100%| O|  |TAMS 0x00000000ca500000, 0x00000000ca400000| Untracked 
|  17|0x00000000ca500000, 0x00000000ca600000, 0x00000000ca600000|100%| O|  |TAMS 0x00000000ca600000, 0x00000000ca500000| Untracked 
|  18|0x00000000ca600000, 0x00000000ca700000, 0x00000000ca700000|100%| O|  |TAMS 0x00000000ca700000, 0x00000000ca600000| Untracked 
|  19|0x00000000ca700000, 0x00000000ca800000, 0x00000000ca800000|100%| O|  |TAMS 0x00000000ca800000, 0x00000000ca700000| Untracked 
|  20|0x00000000ca800000, 0x00000000ca900000, 0x00000000ca900000|100%| O|  |TAMS 0x00000000ca88c200, 0x00000000ca800000| Untracked 
|  21|0x00000000ca900000, 0x00000000caa00000, 0x00000000caa00000|100%| O|  |TAMS 0x00000000ca900000, 0x00000000ca900000| Untracked 
|  22|0x00000000caa00000, 0x00000000cab00000, 0x00000000cab00000|100%| O|  |TAMS 0x00000000caa00000, 0x00000000caa00000| Untracked 
|  23|0x00000000cab00000, 0x00000000cac00000, 0x00000000cac00000|100%| O|  |TAMS 0x00000000cab00000, 0x00000000cab00000| Untracked 
|  24|0x00000000cac00000, 0x00000000cac3d800, 0x00000000cad00000| 24%| O|  |TAMS 0x00000000cac00000, 0x00000000cac00000| Untracked 
|  25|0x00000000cad00000, 0x00000000cad00000, 0x00000000cae00000|  0%| F|  |TAMS 0x00000000cad00000, 0x00000000cad00000| Untracked 
|  26|0x00000000cae00000, 0x00000000cae00000, 0x00000000caf00000|  0%| F|  |TAMS 0x00000000cae00000, 0x00000000cae00000| Untracked 
|  27|0x00000000caf00000, 0x00000000caf00000, 0x00000000cb000000|  0%| F|  |TAMS 0x00000000caf00000, 0x00000000caf00000| Untracked 
|  28|0x00000000cb000000, 0x00000000cb000000, 0x00000000cb100000|  0%| F|  |TAMS 0x00000000cb000000, 0x00000000cb000000| Untracked 
|  29|0x00000000cb100000, 0x00000000cb100000, 0x00000000cb200000|  0%| F|  |TAMS 0x00000000cb100000, 0x00000000cb100000| Untracked 
|  30|0x00000000cb200000, 0x00000000cb200000, 0x00000000cb300000|  0%| F|  |TAMS 0x00000000cb200000, 0x00000000cb200000| Untracked 
|  31|0x00000000cb300000, 0x00000000cb300000, 0x00000000cb400000|  0%| F|  |TAMS 0x00000000cb300000, 0x00000000cb300000| Untracked 
|  32|0x00000000cb400000, 0x00000000cb400000, 0x00000000cb500000|  0%| F|  |TAMS 0x00000000cb400000, 0x00000000cb400000| Untracked 
|  33|0x00000000cb500000, 0x00000000cb5bc040, 0x00000000cb600000| 73%| S|CS|TAMS 0x00000000cb500000, 0x00000000cb500000| Complete 
|  34|0x00000000cb600000, 0x00000000cb600000, 0x00000000cb700000|  0%| F|  |TAMS 0x00000000cb600000, 0x00000000cb600000| Untracked 
|  35|0x00000000cb700000, 0x00000000cb700000, 0x00000000cb800000|  0%| F|  |TAMS 0x00000000cb700000, 0x00000000cb700000| Untracked 
|  36|0x00000000cb800000, 0x00000000cb800000, 0x00000000cb900000|  0%| F|  |TAMS 0x00000000cb800000, 0x00000000cb800000| Untracked 
|  37|0x00000000cb900000, 0x00000000cb900000, 0x00000000cba00000|  0%| F|  |TAMS 0x00000000cb900000, 0x00000000cb900000| Untracked 
|  38|0x00000000cba00000, 0x00000000cba00000, 0x00000000cbb00000|  0%| F|  |TAMS 0x00000000cba00000, 0x00000000cba00000| Untracked 
|  39|0x00000000cbb00000, 0x00000000cbb00000, 0x00000000cbc00000|  0%| F|  |TAMS 0x00000000cbb00000, 0x00000000cbb00000| Untracked 
|  40|0x00000000cbc00000, 0x00000000cbc95bd8, 0x00000000cbd00000| 58%| E|  |TAMS 0x00000000cbc00000, 0x00000000cbc00000| Complete 
|  41|0x00000000cbd00000, 0x00000000cbe00000, 0x00000000cbe00000|100%| E|CS|TAMS 0x00000000cbd00000, 0x00000000cbd00000| Complete 
|  42|0x00000000cbe00000, 0x00000000cbf00000, 0x00000000cbf00000|100%| E|CS|TAMS 0x00000000cbe00000, 0x00000000cbe00000| Complete 
|  43|0x00000000cbf00000, 0x00000000cc000000, 0x00000000cc000000|100%| E|CS|TAMS 0x00000000cbf00000, 0x00000000cbf00000| Complete 
|  44|0x00000000cc000000, 0x00000000cc100000, 0x00000000cc100000|100%| E|CS|TAMS 0x00000000cc000000, 0x00000000cc000000| Complete 
|  45|0x00000000cc100000, 0x00000000cc200000, 0x00000000cc200000|100%| E|CS|TAMS 0x00000000cc100000, 0x00000000cc100000| Complete 
|  55|0x00000000ccb00000, 0x00000000ccc00000, 0x00000000ccc00000|100%| E|CS|TAMS 0x00000000ccb00000, 0x00000000ccb00000| Complete 

Card table byte_map: [0x0000029353bf0000,0x0000029353db0000] _byte_map_base: 0x00000293535a6000

Marking Bits (Prev, Next): (CMBitMap*) 0x000002933b5e5030, (CMBitMap*) 0x000002933b5e4ff0
 Prev Bits: [0x0000029354d20000, 0x0000029355ad0000)
 Next Bits: [0x0000029353f70000, 0x0000029354d20000)

Polling page: 0x000002933b450000

Metaspace:

Usage:
  Non-class:     53.67 MB used.
      Class:      8.36 MB used.
       Both:     62.03 MB used.

Virtual space:
  Non-class space:       56.00 MB reserved,      53.94 MB ( 96%) committed,  7 nodes.
      Class space:        1.00 GB reserved,       8.62 MB ( <1%) committed,  1 nodes.
             Both:        1.05 GB reserved,      62.56 MB (  6%) committed. 

Chunk freelists:
   Non-Class:  2.00 MB
       Class:  3.43 MB
        Both:  5.43 MB

MaxMetaspaceSize: unlimited
CompressedClassSpaceSize: 1.00 GB
Initial GC threshold: 21.00 MB
Current GC threshold: 98.06 MB
CDS: on
MetaspaceReclaimPolicy: balanced
 - commit_granule_bytes: 65536.
 - commit_granule_words: 8192.
 - virtual_space_node_default_size: 1048576.
 - enlarge_chunks_in_place: 1.
 - new_chunks_are_fully_committed: 0.
 - uncommit_free_chunks: 1.
 - use_allocation_guard: 0.
 - handle_deallocations: 1.


Internal statistics:

num_allocs_failed_limit: 9.
num_arena_births: 674.
num_arena_deaths: 0.
num_vsnodes_births: 8.
num_vsnodes_deaths: 0.
num_space_committed: 1001.
num_space_uncommitted: 0.
num_chunks_returned_to_freelist: 9.
num_chunks_taken_from_freelist: 2832.
num_chunk_merges: 6.
num_chunk_splits: 2075.
num_chunks_enlarged: 1650.
num_purges: 0.
num_inconsistent_stats: 0.

CodeHeap 'non-profiled nmethods': size=120064Kb used=3243Kb max_used=3243Kb free=116820Kb
 bounds [0x000002934c0f0000, 0x000002934c420000, 0x0000029353630000]
CodeHeap 'profiled nmethods': size=120000Kb used=10046Kb max_used=10225Kb free=109953Kb
 bounds [0x0000029344630000, 0x0000029345030000, 0x000002934bb60000]
CodeHeap 'non-nmethods': size=5696Kb used=1345Kb max_used=1390Kb free=4350Kb
 bounds [0x000002934bb60000, 0x000002934bdd0000, 0x000002934c0f0000]
 total_blobs=5716 nmethods=5039 adapters=587
 compilation: enabled
              stopped_count=0, restarted_count=0
 full_count=0

Compilation events (20 events):
Event: 2745.980 Thread 0x0000029357df10f0 nmethod 5794 0x000002934c416d90 code [0x000002934c416f20, 0x000002934c417108]
Event: 2748.367 Thread 0x0000029357df10f0 5795   !   4       org.apache.tomcat.util.net.NioEndpoint$Poller::events (266 bytes)
Event: 2748.430 Thread 0x0000029357df10f0 nmethod 5795 0x000002934c417210 code [0x000002934c417480, 0x000002934c417b48]
Event: 2829.808 Thread 0x0000029357df10f0 5796       4       java.util.concurrent.locks.LockSupport::unpark (12 bytes)
Event: 2829.810 Thread 0x0000029357df10f0 nmethod 5796 0x000002934c418310 code [0x000002934c4184a0, 0x000002934c418528]
Event: 2842.806 Thread 0x0000029357df10f0 5797       4       java.util.concurrent.locks.AbstractQueuedSynchronizer$ConditionObject::awaitNanos (200 bytes)
Event: 2842.852 Thread 0x0000029357df10f0 nmethod 5797 0x000002934c418610 code [0x000002934c4187e0, 0x000002934c4193a8]
Event: 2876.813 Thread 0x0000029357df10f0 5798       4       java.util.concurrent.locks.AbstractQueuedSynchronizer$ConditionObject::doSignal (54 bytes)
Event: 2876.827 Thread 0x0000029357df10f0 nmethod 5798 0x000002934c419b90 code [0x000002934c419d20, 0x000002934c41a308]
Event: 2899.019 Thread 0x0000029357df2ba0 5799       1       com.zaxxer.hikari.HikariConfig::getMinimumIdle (5 bytes)
Event: 2899.041 Thread 0x0000029357df2ba0 nmethod 5799 0x000002934c41a510 code [0x000002934c41a6a0, 0x000002934c41a778]
Event: 2987.132 Thread 0x0000029357df2ba0 5800       3       java.util.concurrent.ConcurrentHashMap$CollectionView::toArray (204 bytes)
Event: 2987.160 Thread 0x0000029357df2ba0 nmethod 5800 0x0000029344e09f10 code [0x0000029344e0a1e0, 0x0000029344e0b318]
Event: 3217.385 Thread 0x0000029357df2ba0 5801       3       java.util.TreeSet::iterator (15 bytes)
Event: 3217.391 Thread 0x0000029357df2ba0 nmethod 5801 0x0000029344e09990 code [0x0000029344e09b40, 0x0000029344e09dd8]
Event: 3227.398 Thread 0x0000029357df2ba0 5802   !   3       org.apache.catalina.core.StandardContext::bind (168 bytes)
Event: 3227.460 Thread 0x0000029357df2ba0 nmethod 5802 0x0000029344e06790 code [0x0000029344e06b80, 0x0000029344e08ed8]
Event: 5874.094 Thread 0x0000029357df10f0 5804       4       java.util.concurrent.locks.AbstractQueuedSynchronizer::acquire (20 bytes)
Event: 5874.161 Thread 0x0000029357df10f0 nmethod 5804 0x000002934c41a810 code [0x000002934c41a9a0, 0x000002934c41ab88]
Event: 5874.161 Thread 0x0000029357df10f0 5805   !   4       java.util.concurrent.ThreadPoolExecutor::getTask (177 bytes)

GC Heap History (20 events):
Event: 13.800 GC heap before
{Heap before GC invocations=8 (full 0):
 garbage-first heap   total 48128K, used 35199K [0x00000000c9400000, 0x0000000100000000)
  region size 1024K, 22 young (22528K), 3 survivors (3072K)
 Metaspace       used 30792K, committed 31168K, reserved 1081344K
  class space    used 3976K, committed 4160K, reserved 1048576K
}
Event: 13.809 GC heap after
{Heap after GC invocations=9 (full 0):
 garbage-first heap   total 48128K, used 16837K [0x00000000c9400000, 0x0000000100000000)
  region size 1024K, 1 young (1024K), 1 survivors (1024K)
 Metaspace       used 30792K, committed 31168K, reserved 1081344K
  class space    used 3976K, committed 4160K, reserved 1048576K
}
Event: 14.724 GC heap before
{Heap before GC invocations=9 (full 0):
 garbage-first heap   total 48128K, used 33221K [0x00000000c9400000, 0x0000000100000000)
  region size 1024K, 18 young (18432K), 1 survivors (1024K)
 Metaspace       used 35574K, committed 35968K, reserved 1081344K
  class space    used 4616K, committed 4800K, reserved 1048576K
}
Event: 14.729 GC heap after
{Heap after GC invocations=10 (full 0):
 garbage-first heap   total 48128K, used 17995K [0x00000000c9400000, 0x0000000100000000)
  region size 1024K, 3 young (3072K), 3 survivors (3072K)
 Metaspace       used 35574K, committed 35968K, reserved 1081344K
  class space    used 4616K, committed 4800K, reserved 1048576K
}
Event: 16.920 GC heap before
{Heap before GC invocations=11 (full 0):
 garbage-first heap   total 48128K, used 34379K [0x00000000c9400000, 0x0000000100000000)
  region size 1024K, 20 young (20480K), 3 survivors (3072K)
 Metaspace       used 42975K, committed 43392K, reserved 1089536K
  class space    used 5582K, committed 5824K, reserved 1048576K
}
Event: 16.933 GC heap after
{Heap after GC invocations=12 (full 0):
 garbage-first heap   total 48128K, used 19793K [0x00000000c9400000, 0x0000000100000000)
  region size 1024K, 3 young (3072K), 3 survivors (3072K)
 Metaspace       used 42975K, committed 43392K, reserved 1089536K
  class space    used 5582K, committed 5824K, reserved 1048576K
}
Event: 17.032 GC heap before
{Heap before GC invocations=12 (full 0):
 garbage-first heap   total 48128K, used 19793K [0x00000000c9400000, 0x0000000100000000)
  region size 1024K, 4 young (4096K), 3 survivors (3072K)
 Metaspace       used 43126K, committed 43584K, reserved 1089536K
  class space    used 5606K, committed 5824K, reserved 1048576K
}
Event: 17.039 GC heap after
{Heap after GC invocations=13 (full 0):
 garbage-first heap   total 48128K, used 19995K [0x00000000c9400000, 0x0000000100000000)
  region size 1024K, 1 young (1024K), 1 survivors (1024K)
 Metaspace       used 43126K, committed 43584K, reserved 1089536K
  class space    used 5606K, committed 5824K, reserved 1048576K
}
Event: 18.005 GC heap before
{Heap before GC invocations=13 (full 0):
 garbage-first heap   total 48128K, used 35355K [0x00000000c9400000, 0x0000000100000000)
  region size 1024K, 17 young (17408K), 1 survivors (1024K)
 Metaspace       used 48510K, committed 48896K, reserved 1097728K
  class space    used 6395K, committed 6592K, reserved 1048576K
}
Event: 18.009 GC heap after
{Heap after GC invocations=14 (full 0):
 garbage-first heap   total 48128K, used 20638K [0x00000000c9400000, 0x0000000100000000)
  region size 1024K, 2 young (2048K), 2 survivors (2048K)
 Metaspace       used 48510K, committed 48896K, reserved 1097728K
  class space    used 6395K, committed 6592K, reserved 1048576K
}
Event: 18.874 GC heap before
{Heap before GC invocations=14 (full 0):
 garbage-first heap   total 48128K, used 35998K [0x00000000c9400000, 0x0000000100000000)
  region size 1024K, 18 young (18432K), 2 survivors (2048K)
 Metaspace       used 52774K, committed 53248K, reserved 1097728K
  class space    used 7128K, committed 7360K, reserved 1048576K
}
Event: 18.878 GC heap after
{Heap after GC invocations=15 (full 0):
 garbage-first heap   total 48128K, used 21081K [0x00000000c9400000, 0x0000000100000000)
  region size 1024K, 2 young (2048K), 2 survivors (2048K)
 Metaspace       used 52774K, committed 53248K, reserved 1097728K
  class space    used 7128K, committed 7360K, reserved 1048576K
}
Event: 19.999 GC heap before
{Heap before GC invocations=15 (full 0):
 garbage-first heap   total 48128K, used 36441K [0x00000000c9400000, 0x0000000100000000)
  region size 1024K, 18 young (18432K), 2 survivors (2048K)
 Metaspace       used 56127K, committed 56640K, reserved 1105920K
  class space    used 7552K, committed 7808K, reserved 1048576K
}
Event: 20.007 GC heap after
{Heap after GC invocations=16 (full 0):
 garbage-first heap   total 48128K, used 22484K [0x00000000c9400000, 0x0000000100000000)
  region size 1024K, 3 young (3072K), 3 survivors (3072K)
 Metaspace       used 56127K, committed 56640K, reserved 1105920K
  class space    used 7552K, committed 7808K, reserved 1048576K
}
Event: 21.004 GC heap before
{Heap before GC invocations=16 (full 0):
 garbage-first heap   total 48128K, used 37844K [0x00000000c9400000, 0x0000000100000000)
  region size 1024K, 18 young (18432K), 3 survivors (3072K)
 Metaspace       used 57509K, committed 57920K, reserved 1105920K
  class space    used 7754K, committed 7936K, reserved 1048576K
}
Event: 21.014 GC heap after
{Heap after GC invocations=17 (full 0):
 garbage-first heap   total 48128K, used 24045K [0x00000000c9400000, 0x0000000100000000)
  region size 1024K, 3 young (3072K), 3 survivors (3072K)
 Metaspace       used 57509K, committed 57920K, reserved 1105920K
  class space    used 7754K, committed 7936K, reserved 1048576K
}
Event: 122.176 GC heap before
{Heap before GC invocations=17 (full 0):
 garbage-first heap   total 48128K, used 37357K [0x00000000c9400000, 0x0000000100000000)
  region size 1024K, 17 young (17408K), 3 survivors (3072K)
 Metaspace       used 59639K, committed 60096K, reserved 1105920K
  class space    used 8020K, committed 8256K, reserved 1048576K
}
Event: 122.238 GC heap after
{Heap after GC invocations=18 (full 0):
 garbage-first heap   total 48128K, used 25264K [0x00000000c9400000, 0x0000000100000000)
  region size 1024K, 3 young (3072K), 3 survivors (3072K)
 Metaspace       used 59639K, committed 60096K, reserved 1105920K
  class space    used 8020K, committed 8256K, reserved 1048576K
}
Event: 527.716 GC heap before
{Heap before GC invocations=19 (full 0):
 garbage-first heap   total 48128K, used 37552K [0x00000000c9400000, 0x0000000100000000)
  region size 1024K, 16 young (16384K), 3 survivors (3072K)
 Metaspace       used 63252K, committed 63680K, reserved 1105920K
  class space    used 8550K, committed 8768K, reserved 1048576K
}
Event: 527.875 GC heap after
{Heap after GC invocations=20 (full 0):
 garbage-first heap   total 48128K, used 25574K [0x00000000c9400000, 0x0000000100000000)
  region size 1024K, 1 young (1024K), 1 survivors (1024K)
 Metaspace       used 63252K, committed 63680K, reserved 1105920K
  class space    used 8550K, committed 8768K, reserved 1048576K
}

Deoptimization events (20 events):
Event: 123.023 Thread 0x000002935a350c00 Uncommon trap: trap_request=0xffffff45 fr.pc=0x000002934c33a228 relative=0x0000000000000368
Event: 123.023 Thread 0x000002935a350c00 Uncommon trap: reason=unstable_if action=reinterpret pc=0x000002934c33a228 method=java.util.HashMap.getNode(Ljava/lang/Object;)Ljava/util/HashMap$Node; @ 66 c2
Event: 123.023 Thread 0x000002935a350c00 DEOPT PACKING pc=0x000002934c33a228 sp=0x000000d165efcbc0
Event: 123.023 Thread 0x000002935a350c00 DEOPT UNPACKING pc=0x000002934bbb23a3 sp=0x000000d165efca70 mode 2
Event: 124.204 Thread 0x000002935a34d710 Uncommon trap: trap_request=0xffffff45 fr.pc=0x000002934c2ff078 relative=0x00000000000001d8
Event: 124.204 Thread 0x000002935a34d710 Uncommon trap: reason=unstable_if action=reinterpret pc=0x000002934c2ff078 method=java.util.HashMap.getNode(Ljava/lang/Object;)Ljava/util/HashMap$Node; @ 66 c2
Event: 124.204 Thread 0x000002935a34d710 DEOPT PACKING pc=0x000002934c2ff078 sp=0x000000d165ffcb60
Event: 124.204 Thread 0x000002935a34d710 DEOPT UNPACKING pc=0x000002934bbb23a3 sp=0x000000d165ffca78 mode 2
Event: 124.215 Thread 0x000002935a34d710 DEOPT PACKING pc=0x0000029344ee45c2 sp=0x000000d165ff9c70
Event: 124.215 Thread 0x000002935a34d710 DEOPT UNPACKING pc=0x000002934bbb2b43 sp=0x000000d165ff9130 mode 0
Event: 525.252 Thread 0x000002935a34f8c0 Uncommon trap: trap_request=0xffffff45 fr.pc=0x000002934c29cdc8 relative=0x00000000000001a8
Event: 525.253 Thread 0x000002935a34f8c0 Uncommon trap: reason=unstable_if action=reinterpret pc=0x000002934c29cdc8 method=java.util.HashMap.getNode(Ljava/lang/Object;)Ljava/util/HashMap$Node; @ 66 c2
Event: 525.253 Thread 0x000002935a34f8c0 DEOPT PACKING pc=0x000002934c29cdc8 sp=0x000000d1661fc8e0
Event: 525.254 Thread 0x000002935a34f8c0 DEOPT UNPACKING pc=0x000002934bbb23a3 sp=0x000000d1661fc860 mode 2
Event: 1776.629 Thread 0x0000029358e19a40 DEOPT PACKING pc=0x0000029344ec557e sp=0x000000d1644fdc10
Event: 1776.630 Thread 0x0000029358e19a40 DEOPT UNPACKING pc=0x000002934bbb2b43 sp=0x000000d1644fd068 mode 0
Event: 1785.937 Thread 0x0000029358e1a3e0 DEOPT PACKING pc=0x0000029344ecd60c sp=0x000000d1644fdb10
Event: 1785.937 Thread 0x0000029358e1a3e0 DEOPT UNPACKING pc=0x000002934bbb2b43 sp=0x000000d1644fcf90 mode 0
Event: 1792.077 Thread 0x0000029358e1a3e0 DEOPT PACKING pc=0x0000029344ecd60c sp=0x000000d1644fdb10
Event: 1792.077 Thread 0x0000029358e1a3e0 DEOPT UNPACKING pc=0x000002934bbb2b43 sp=0x000000d1644fcf90 mode 0

Classes unloaded (0 events):
No events

Classes redefined (0 events):
No events

Internal exceptions (20 events):
Event: 19.910 Thread 0x000002933b5acb10 Exception <a 'java/lang/IncompatibleClassChangeError'{0x00000000cb4e04c8}: Found class java.lang.Object, but interface was expected> (0x00000000cb4e04c8) 
thrown [s\open\src\hotspot\share\interpreter\linkResolver.cpp, line 826]
Event: 20.848 Thread 0x000002933b5acb10 Exception <a 'java/lang/NoSuchMethodError'{0x00000000cb687968}: 'void java.lang.invoke.DirectMethodHandle$Holder.invokeVirtual(java.lang.Object, java.lang.Object, long)'> (0x00000000cb687968) 
thrown [s\open\src\hotspot\share\interpreter\linkResolver.cpp, line 759]
Event: 21.357 Thread 0x000002933b5acb10 Exception <a 'java/lang/IncompatibleClassChangeError'{0x00000000cbfa8e40}: Found class java.lang.Object, but interface was expected> (0x00000000cbfa8e40) 
thrown [s\open\src\hotspot\share\interpreter\linkResolver.cpp, line 826]
Event: 22.104 Thread 0x000002933b5acb10 Implicit null exception at 0x000002934c2dc0bf to 0x000002934c2dc5cc
Event: 22.200 Thread 0x000002933b5acb10 Implicit null exception at 0x000002934c20943a to 0x000002934c209620
Event: 22.357 Thread 0x000002933b5acb10 Exception <a 'java/lang/NoSuchMethodError'{0x00000000cb9cca38}: 'java.lang.Object java.lang.invoke.DirectMethodHandle$Holder.newInvokeSpecial(java.lang.Object, java.lang.Object, int, java.lang.Object, java.lang.Object)'> (0x00000000cb9cca38) 
thrown [s\open\src\hotspot\share\interpreter\linkResolver.cpp, line 759]
Event: 22.359 Thread 0x000002933b5acb10 Exception <a 'java/lang/NoSuchMethodError'{0x00000000cb9d80b0}: 'java.lang.Object java.lang.invoke.DirectMethodHandle$Holder.invokeSpecial(java.lang.Object, java.lang.Object, int, java.lang.Object, int, java.lang.Object)'> (0x00000000cb9d80b0) 
thrown [s\open\src\hotspot\share\interpreter\linkResolver.cpp, line 759]
Event: 22.360 Thread 0x000002933b5acb10 Exception <a 'java/lang/NoSuchMethodError'{0x00000000cb9e00f8}: 'java.lang.Object java.lang.invoke.DirectMethodHandle$Holder.newInvokeSpecial(java.lang.Object, java.lang.Object, int, java.lang.Object, int)'> (0x00000000cb9e00f8) 
thrown [s\open\src\hotspot\share\interpreter\linkResolver.cpp, line 759]
Event: 22.360 Thread 0x000002933b5acb10 Exception <a 'java/lang/NoSuchMethodError'{0x00000000cb9e41f8}: 'java.lang.Object java.lang.invoke.DirectMethodHandle$Holder.invokeSpecial(java.lang.Object, java.lang.Object, java.lang.Object, int, java.lang.Object, int)'> (0x00000000cb9e41f8) 
thrown [s\open\src\hotspot\share\interpreter\linkResolver.cpp, line 759]
Event: 122.146 Thread 0x000002935a350c00 Exception <a 'java/lang/NoSuchMethodError'{0x00000000cb59ee98}: 'java.lang.Object java.lang.invoke.DirectMethodHandle$Holder.invokeSpecial(java.lang.Object, java.lang.Object, java.lang.Object, java.lang.Object, java.lang.Object, long)'> (0x00000000cb59ee98) 
thrown [s\open\src\hotspot\share\interpreter\linkResolver.cpp, line 759]
Event: 122.147 Thread 0x000002935a350c00 Exception <a 'java/lang/NoSuchMethodError'{0x00000000cb5a28d8}: 'java.lang.Object java.lang.invoke.Invokers$Holder.linkToTargetMethod(java.lang.Object, java.lang.Object, java.lang.Object, long, java.lang.Object)'> (0x00000000cb5a28d8) 
thrown [s\open\src\hotspot\share\interpreter\linkResolver.cpp, line 759]
Event: 123.287 Thread 0x000002935a350c00 Exception <a 'java/lang/NoSuchMethodError'{0x00000000cbdfadd8}: 'java.lang.Object java.lang.invoke.DirectMethodHandle$Holder.invokeInterface(java.lang.Object, java.lang.Object, java.lang.Object, java.lang.Object)'> (0x00000000cbdfadd8) 
thrown [s\open\src\hotspot\share\interpreter\linkResolver.cpp, line 759]
Event: 1776.617 Thread 0x0000029358e16a20 Exception <a 'java/io/IOException'{0x00000000ccbbf7b0}> (0x00000000ccbbf7b0) 
thrown [s\open\src\hotspot\share\prims\jni.cpp, line 516]
Event: 1776.618 Thread 0x0000029358e16a20 Exception <a 'java/io/IOException'{0x00000000ccbc02f0}> (0x00000000ccbc02f0) 
thrown [s\open\src\hotspot\share\prims\jni.cpp, line 516]
Event: 1776.714 Thread 0x0000029358e16a20 Exception <a 'java/io/IOException'{0x00000000cc121810}> (0x00000000cc121810) 
thrown [s\open\src\hotspot\share\prims\jni.cpp, line 516]
Event: 1776.714 Thread 0x0000029358e16a20 Exception <a 'java/io/IOException'{0x00000000cc122350}> (0x00000000cc122350) 
thrown [s\open\src\hotspot\share\prims\jni.cpp, line 516]
Event: 1799.687 Thread 0x0000029358e1c0c0 Exception <a 'java/io/IOException'{0x00000000cbf62490}> (0x00000000cbf62490) 
thrown [s\open\src\hotspot\share\prims\jni.cpp, line 516]
Event: 1799.688 Thread 0x0000029358e1c0c0 Exception <a 'java/io/IOException'{0x00000000cbf62fd0}> (0x00000000cbf62fd0) 
thrown [s\open\src\hotspot\share\prims\jni.cpp, line 516]
Event: 1809.680 Thread 0x0000029358e18700 Exception <a 'java/io/IOException'{0x00000000cbe3f638}> (0x00000000cbe3f638) 
thrown [s\open\src\hotspot\share\prims\jni.cpp, line 516]
Event: 1809.680 Thread 0x0000029358e18700 Exception <a 'java/io/IOException'{0x00000000cbe40178}> (0x00000000cbe40178) 
thrown [s\open\src\hotspot\share\prims\jni.cpp, line 516]

VM Operations (20 events):
Event: 1792.815 Executing VM operation: Cleanup
Event: 1792.815 Executing VM operation: Cleanup done
Event: 1799.855 Executing VM operation: Cleanup
Event: 1799.855 Executing VM operation: Cleanup done
Event: 1800.863 Executing VM operation: Cleanup
Event: 1800.863 Executing VM operation: Cleanup done
Event: 1809.954 Executing VM operation: Cleanup
Event: 1809.954 Executing VM operation: Cleanup done
Event: 1812.982 Executing VM operation: Cleanup
Event: 1812.982 Executing VM operation: Cleanup done
Event: 2023.569 Executing VM operation: Cleanup
Event: 2023.578 Executing VM operation: Cleanup done
Event: 2024.592 Executing VM operation: Cleanup
Event: 2024.609 Executing VM operation: Cleanup done
Event: 2025.616 Executing VM operation: Cleanup
Event: 2025.616 Executing VM operation: Cleanup done
Event: 2302.852 Executing VM operation: Cleanup
Event: 2302.855 Executing VM operation: Cleanup done
Event: 2379.470 Executing VM operation: Cleanup
Event: 2379.470 Executing VM operation: Cleanup done

Events (20 events):
Event: 1776.585 loading class sun/security/ssl/Alert$AlertConsumer
Event: 1776.605 loading class sun/security/ssl/Alert$AlertConsumer done
Event: 1776.605 loading class sun/security/ssl/Alert$Level
Event: 1776.611 loading class sun/security/ssl/Alert$Level done
Event: 1776.621 loading class sun/net/ConnectionResetException
Event: 1776.627 loading class sun/net/ConnectionResetException done
Event: 1781.724 Thread 0x0000029358e16a20 Thread exited: 0x0000029358e16a20
Event: 1781.880 Thread 0x0000029358e19a40 Thread exited: 0x0000029358e19a40
Event: 1782.022 Thread 0x0000029358e19f10 Thread added: 0x0000029358e19f10
Event: 1782.022 Thread 0x0000029358e1a3e0 Thread added: 0x0000029358e1a3e0
Event: 1797.061 Thread 0x0000029358e19f10 Thread exited: 0x0000029358e19f10
Event: 1797.118 Thread 0x0000029358e1a3e0 Thread exited: 0x0000029358e1a3e0
Event: 1799.682 Thread 0x0000029358e1c0c0 Thread added: 0x0000029358e1c0c0
Event: 1799.682 Thread 0x0000029358e16ef0 Thread added: 0x0000029358e16ef0
Event: 1805.603 Thread 0x0000029358e1c0c0 Thread exited: 0x0000029358e1c0c0
Event: 1805.674 Thread 0x0000029358e16ef0 Thread exited: 0x0000029358e16ef0
Event: 1809.674 Thread 0x0000029358e18700 Thread added: 0x0000029358e18700
Event: 1809.675 Thread 0x0000029358e1bbf0 Thread added: 0x0000029358e1bbf0
Event: 1816.982 Thread 0x0000029358e18700 Thread exited: 0x0000029358e18700
Event: 1817.030 Thread 0x0000029358e1bbf0 Thread exited: 0x0000029358e1bbf0


Dynamic libraries:
0x00007ff7d95c0000 - 0x00007ff7d95d0000 	C:\Program Files\Java\jdk-17\bin\java.exe
0x00007ff9c7390000 - 0x00007ff9c7588000 	C:\windows\SYSTEM32\ntdll.dll
0x00007ff9c64b0000 - 0x00007ff9c656f000 	C:\windows\System32\KERNEL32.DLL
0x00007ff9c4c50000 - 0x00007ff9c4f46000 	C:\windows\System32\KERNELBASE.dll
0x00007ff9c4f50000 - 0x00007ff9c5050000 	C:\windows\System32\ucrtbase.dll
0x00007ff9ba380000 - 0x00007ff9ba399000 	C:\Program Files\Java\jdk-17\bin\jli.dll
0x00007ff9c58a0000 - 0x00007ff9c594f000 	C:\windows\System32\ADVAPI32.dll
0x00007ff9c5970000 - 0x00007ff9c5a0e000 	C:\windows\System32\msvcrt.dll
0x00007ff9c6b50000 - 0x00007ff9c6bec000 	C:\windows\System32\sechost.dll
0x00007ff9c6650000 - 0x00007ff9c6776000 	C:\windows\System32\RPCRT4.dll
0x00007ff9c5480000 - 0x00007ff9c561d000 	C:\windows\System32\USER32.dll
0x00007ff9c4c20000 - 0x00007ff9c4c42000 	C:\windows\System32\win32u.dll
0x00007ff9c57b0000 - 0x00007ff9c57dc000 	C:\windows\System32\GDI32.dll
0x00007ff9c5220000 - 0x00007ff9c5335000 	C:\windows\System32\gdi32full.dll
0x00007ff9c4ac0000 - 0x00007ff9c4b5d000 	C:\windows\System32\msvcp_win.dll
0x00007ff9ae1e0000 - 0x00007ff9ae1fb000 	C:\Program Files\Java\jdk-17\bin\VCRUNTIME140.dll
0x00007ff9adc60000 - 0x00007ff9adefa000 	C:\windows\WinSxS\amd64_microsoft.windows.common-controls_6595b64144ccf1df_6.0.19041.1110_none_60b5254171f9507e\COMCTL32.dll
0x00007ff9bc710000 - 0x00007ff9bc71a000 	C:\windows\SYSTEM32\VERSION.dll
0x00007ff9c6620000 - 0x00007ff9c6650000 	C:\windows\System32\IMM32.DLL
0x00007ff9be4d0000 - 0x00007ff9be4dc000 	C:\Program Files\Java\jdk-17\bin\vcruntime140_1.dll
0x00007ff9ac6c0000 - 0x00007ff9ac74e000 	C:\Program Files\Java\jdk-17\bin\msvcp140.dll
0x00007ff956a30000 - 0x00007ff95760d000 	C:\Program Files\Java\jdk-17\bin\server\jvm.dll
0x00007ff9c7340000 - 0x00007ff9c7348000 	C:\windows\System32\PSAPI.DLL
0x00007ff999790000 - 0x00007ff999799000 	C:\windows\SYSTEM32\WSOCK32.dll
0x00007ff9c6a50000 - 0x00007ff9c6abb000 	C:\windows\System32\WS2_32.dll
0x00007ff9bc6e0000 - 0x00007ff9bc707000 	C:\windows\SYSTEM32\WINMM.dll
0x00007ff9c2920000 - 0x00007ff9c2932000 	C:\windows\SYSTEM32\kernel.appcore.dll
0x00007ff9ae1b0000 - 0x00007ff9ae1ba000 	C:\Program Files\Java\jdk-17\bin\jimage.dll
0x00007ff9afaa0000 - 0x00007ff9afc84000 	C:\windows\SYSTEM32\DBGHELP.DLL
0x00007ff9a76e0000 - 0x00007ff9a7714000 	C:\windows\SYSTEM32\dbgcore.DLL
0x00007ff9c4b60000 - 0x00007ff9c4be2000 	C:\windows\System32\bcryptPrimitives.dll
0x00007ff9ac690000 - 0x00007ff9ac6b5000 	C:\Program Files\Java\jdk-17\bin\java.dll
0x00007ff996430000 - 0x00007ff996507000 	C:\Program Files\Java\jdk-17\bin\jsvml.dll
0x00007ff9c6bf0000 - 0x00007ff9c7334000 	C:\windows\System32\SHELL32.dll
0x00007ff9c2b20000 - 0x00007ff9c32b4000 	C:\windows\SYSTEM32\windows.storage.dll
0x00007ff9c6020000 - 0x00007ff9c6374000 	C:\windows\System32\combase.dll
0x00007ff9c43e0000 - 0x00007ff9c440e000 	C:\windows\SYSTEM32\Wldp.dll
0x00007ff9c5700000 - 0x00007ff9c57ad000 	C:\windows\System32\SHCORE.dll
0x00007ff9c5fc0000 - 0x00007ff9c6015000 	C:\windows\System32\shlwapi.dll
0x00007ff9c49a0000 - 0x00007ff9c49c5000 	C:\windows\SYSTEM32\profapi.dll
0x00007ff9ac650000 - 0x00007ff9ac669000 	C:\Program Files\Java\jdk-17\bin\net.dll
0x00007ff9b97b0000 - 0x00007ff9b98ba000 	C:\windows\SYSTEM32\WINHTTP.dll
0x00007ff9c4140000 - 0x00007ff9c41aa000 	C:\windows\system32\mswsock.dll
0x00007ff9ac630000 - 0x00007ff9ac646000 	C:\Program Files\Java\jdk-17\bin\nio.dll
0x00007ff9ac610000 - 0x00007ff9ac628000 	C:\Program Files\Java\jdk-17\bin\zip.dll
0x00007ff9c4330000 - 0x00007ff9c4348000 	C:\windows\SYSTEM32\CRYPTSP.dll
0x00007ff9c3a60000 - 0x00007ff9c3a94000 	C:\windows\system32\rsaenh.dll
0x00007ff9c4bf0000 - 0x00007ff9c4c17000 	C:\windows\System32\bcrypt.dll
0x00007ff9c4920000 - 0x00007ff9c494e000 	C:\windows\SYSTEM32\USERENV.dll
0x00007ff9c4350000 - 0x00007ff9c435c000 	C:\windows\SYSTEM32\CRYPTBASE.dll
0x00007ff9c3e30000 - 0x00007ff9c3e6c000 	C:\windows\SYSTEM32\IPHLPAPI.DLL
0x00007ff9c53f0000 - 0x00007ff9c53f8000 	C:\windows\System32\NSI.dll
0x00007ff9bb3c0000 - 0x00007ff9bb3d7000 	C:\windows\SYSTEM32\dhcpcsvc6.DLL
0x00007ff9b99f0000 - 0x00007ff9b9a0d000 	C:\windows\SYSTEM32\dhcpcsvc.DLL
0x00007ff9c3e70000 - 0x00007ff9c3f3a000 	C:\windows\SYSTEM32\DNSAPI.dll
0x00007ff9ac600000 - 0x00007ff9ac60d000 	C:\Program Files\Java\jdk-17\bin\sunmscapi.dll
0x00007ff9c50c0000 - 0x00007ff9c521e000 	C:\windows\System32\CRYPT32.dll
0x00007ff9c4450000 - 0x00007ff9c4478000 	C:\windows\SYSTEM32\ncrypt.dll
0x00007ff9c4410000 - 0x00007ff9c444b000 	C:\windows\SYSTEM32\NTASN1.dll
0x00007ff9a7c40000 - 0x00007ff9a7c4a000 	C:\Program Files\Java\jdk-17\bin\management.dll
0x00007ff9a7c30000 - 0x00007ff9a7c3b000 	C:\Program Files\Java\jdk-17\bin\management_ext.dll
0x00007ff9ad7e0000 - 0x00007ff9ad7f0000 	C:\Program Files\Java\jdk-17\bin\verify.dll
0x00007ff9aabb0000 - 0x00007ff9aabba000 	C:\Windows\System32\rasadhlp.dll
0x00007ff9ab000000 - 0x00007ff9ab082000 	C:\windows\System32\fwpuclnt.dll
0x00007ff9a7d70000 - 0x00007ff9a7d77000 	C:\windows\system32\wshunix.dll

dbghelp: loaded successfully - version: 4.0.5 - missing functions: none
symbol engine: initialized successfully - sym options: 0x614 - pdb path: .;C:\Program Files\Java\jdk-17\bin;C:\windows\SYSTEM32;C:\windows\WinSxS\amd64_microsoft.windows.common-controls_6595b64144ccf1df_6.0.19041.1110_none_60b5254171f9507e;C:\Program Files\Java\jdk-17\bin\server

VM Arguments:
java_command: com.gestion.clientes.GestionClientesBackendApplication
java_class_path (initial): C:\Users\carin\Desktop\springbootreact\gestion-clientes-backend\target\classes;C:\Users\carin\.m2\repository\org\springframework\boot\spring-boot-starter-data-jpa\3.1.2\spring-boot-starter-data-jpa-3.1.2.jar;C:\Users\carin\.m2\repository\org\springframework\boot\spring-boot-starter-aop\3.1.2\spring-boot-starter-aop-3.1.2.jar;C:\Users\carin\.m2\repository\org\springframework\spring-aop\6.0.11\spring-aop-6.0.11.jar;C:\Users\carin\.m2\repository\org\aspectj\aspectjweaver\1.9.19\aspectjweaver-1.9.19.jar;C:\Users\carin\.m2\repository\org\springframework\boot\spring-boot-starter-jdbc\3.1.2\spring-boot-starter-jdbc-3.1.2.jar;C:\Users\carin\.m2\repository\com\zaxxer\HikariCP\5.0.1\HikariCP-5.0.1.jar;C:\Users\carin\.m2\repository\org\springframework\spring-jdbc\6.0.11\spring-jdbc-6.0.11.jar;C:\Users\carin\.m2\repository\org\hibernate\orm\hibernate-core\6.2.6.Final\hibernate-core-6.2.6.Final.jar;C:\Users\carin\.m2\repository\jakarta\persistence\jakarta.persistence-api\3.1.0\jakarta.persistence-api-3.1.0.jar;C:\Users\carin\.m2\repository\jakarta\transaction\jakarta.transaction-api\2.0.1\jakarta.transaction-api-2.0.1.jar;C:\Users\carin\.m2\repository\org\jboss\logging\jboss-logging\3.5.3.Final\jboss-logging-3.5.3.Final.jar;C:\Users\carin\.m2\repository\org\hibernate\common\hibernate-commons-annotations\6.0.6.Final\hibernate-commons-annotations-6.0.6.Final.jar;C:\Users\carin\.m2\repository\io\smallrye\jandex\3.0.5\jandex-3.0.5.jar;C:\Users\carin\.m2\repository\com\fasterxml\classmate\1.5.1\classmate-1.5.1.jar;C:\Users\carin\.m2\repository\net\bytebuddy\byte-buddy\1.14.5\byte-buddy-1.14.5.jar;C:\Users\carin\.m2\repository\org\glassfish\jaxb\jaxb-runtime\4.0.3\jaxb-runtime-4.0.3.jar;C:\Users\carin\.m2\repository\org\glassfish\jaxb\jaxb-core\4.0.3\jaxb-core-4.0.3.jar;C:\Users\carin\.m2\repository\org\eclipse\angus\angus-activation\2.0.1\angus-activation-2.0.1.jar;C:\Users\carin\.m2\repository\org\glassfish\jaxb\txw2\4.0.3\txw2-4.0.3.jar;C:\Users\carin\.
Launcher Type: SUN_STANDARD

[Global flags]
     intx CICompilerCount                          = 2                                         {product} {ergonomic}
     uint ConcGCThreads                            = 1                                         {product} {ergonomic}
     uint G1ConcRefinementThreads                  = 2                                         {product} {ergonomic}
   size_t G1HeapRegionSize                         = 1048576                                   {product} {ergonomic}
    uintx GCDrainStackTargetSize                   = 64                                        {product} {ergonomic}
   size_t InitialHeapSize                          = 58720256                                  {product} {ergonomic}
   size_t MarkStackSize                            = 4194304                                   {product} {ergonomic}
   size_t MaxHeapSize                              = 918552576                                 {product} {ergonomic}
   size_t MaxNewSize                               = 550502400                                 {product} {ergonomic}
   size_t MinHeapDeltaBytes                        = 1048576                                   {product} {ergonomic}
   size_t MinHeapSize                              = 8388608                                   {product} {ergonomic}
    uintx NonNMethodCodeHeapSize                   = 5826188                                {pd product} {ergonomic}
    uintx NonProfiledCodeHeapSize                  = 122916026                              {pd product} {ergonomic}
    uintx ProfiledCodeHeapSize                     = 122916026                              {pd product} {ergonomic}
    uintx ReservedCodeCacheSize                    = 251658240                              {pd product} {ergonomic}
     bool SegmentedCodeCache                       = true                                      {product} {ergonomic}
   size_t SoftMaxHeapSize                          = 918552576                              {manageable} {ergonomic}
     bool UseCompressedClassPointers               = true                           {product lp64_product} {ergonomic}
     bool UseCompressedOops                        = true                           {product lp64_product} {ergonomic}
     bool UseG1GC                                  = true                                      {product} {ergonomic}
     bool UseLargePagesIndividualAllocation        = false                                  {pd product} {ergonomic}

Logging:
Log output configuration:
 #0: stdout all=warning uptime,level,tags
 #1: stderr all=off uptime,level,tags

Environment Variables:
JAVA_HOME=C:\Program Files\Java\jdk-17
PATH=C:\Program Files\Common Files\Oracle\Java\javapath;C:\windows\system32;C:\windows;C:\windows\System32\Wbem;C:\windows\System32\WindowsPowerShell\v1.0\;C:\windows\System32\OpenSSH\;C:\Program Files\Git\cmd;C:\Program Files\nodejs\;C:\gradle-8.1.1\bin;C:\Program Files\Java\jdk-20\bin;C:\Users\carin\AppData\Local\Microsoft\WindowsApps;C:\Users\carin\AppData\Local\Programs\Microsoft VS Code\bin;C:\Users\carin\AppData\Roaming\npm;C:\ProgramData\carin\GitHubDesktop\bin;C:\Users\carin\AppData\Local\GitHubDesktop\bin;C:\Users\carin\Downloads\mongodb-windows-x86_64-6.0.4.zip\mongodb-win32-x86_64-windows-6.0.4\bin;C:\Users\carin\Desktop\dataBase\data;C:\Program Files\MongoDB\Server\6.0\data;C:\Program Files\MongoDB\Server\6.0\bin;C:\Users\carin\Desktop\Backend\FastAPI;C:\Users\carin\Desktop\Backend;C:\Users\carin\Desktop\Backend\dataBase\data\log;C:\Program Files\MongoDB\Server\6.0\data;C:\Program Files\MongoDB\Server\6.0\bin;C:\Users\carin\AppData\Local\Packages\PythonSoftwareFoundation.Python.3.10_qbz5n2kfra8p0\LocalCache\local-packages\Python310\Scripts;C:\Users\carin\Documents\flutter\bin\;C:\Program Files\MySQL\MySQL Server 8.0\bin;C:\gradle-8.1.1\bin;C:\Program Files\Java\jdk-20\bin;
USERNAME=carin
OS=Windows_NT
PROCESSOR_IDENTIFIER=AMD64 Family 23 Model 24 Stepping 1, AuthenticAMD



---------------  S Y S T E M  ---------------

OS:
 Windows 10 , 64 bit Build 19041 (10.0.19041.3155)
OS uptime: 1 days 5:44 hours

CPU: total 2 (initial active 2) (2 cores per cpu, 1 threads per core) family 23 model 24 stepping 1 microcode 0x0, cx8, cmov, fxsr, mmx, 3dnowpref, sse, sse2, sse3, ssse3, sse4a, sse4.1, sse4.2, popcnt, lzcnt, tsc, tscinvbit, avx, avx2, aes, clmul, bmi1, bmi2, adx, sha, fma, vzeroupper, clflush, clflushopt

Memory: 4k page, system-wide physical 3500M (175M free)
TotalPageFile size 14252M (AvailPageFile size 1M)
current process WorkingSet (physical memory assigned to process): 19M, peak: 215M
current process commit charge ("private bytes"): 222M, peak: 240M

vm_info: Java HotSpot(TM) 64-Bit Server VM (17.0.7+8-LTS-224) for windows-amd64 JRE (17.0.7+8-LTS-224), built on Feb 28 2023 23:03:02 by "mach5one" with MS VC++ 17.1 (VS2022)

END.
