#
# There is insufficient memory for the Java Runtime Environment to continue.
# Native memory allocation (malloc) failed to allocate 774016 bytes for Chunk::new
# Possible reasons:
#   The system is out of physical RAM or swap space
#   The process is running with CompressedOops enabled, and the Java Heap may be blocking the growth of the native heap
# Possible solutions:
#   Reduce memory load on the system
#   Increase physical memory or swap space
#   Check if swap backing store is full
#   Decrease Java heap size (-Xmx/-Xms)
#   Decrease number of Java threads
#   Decrease Java thread stack sizes (-Xss)
#   Set larger code cache with -XX:ReservedCodeCacheSize=
#   JVM is running with Unscaled Compressed Oops mode in which the Java heap is
#     placed in the first 4GB address space. The Java Heap base address is the
#     maximum limit for the native heap growth. Please use -XX:HeapBaseMinAddress
#     to set the Java Heap base and to place the Java Heap above 4GB virtual address.
# This output file may be truncated or incomplete.
#
#  Out of Memory Error (arena.cpp:189), pid=15012, tid=15172
#
# JRE version: Java(TM) SE Runtime Environment (17.0.7+8) (build 17.0.7+8-LTS-224)
# Java VM: Java HotSpot(TM) 64-Bit Server VM (17.0.7+8-LTS-224, mixed mode, sharing, tiered, compressed oops, compressed class ptrs, g1 gc, windows-amd64)
# No core dump will be written. Minidumps are not enabled by default on client versions of Windows
#

---------------  S U M M A R Y ------------

Command Line: C:\Users\carin\AppData\Local\Temp\surefire4402537055021425759\surefirebooter-20230803024209181_3.jar C:\Users\carin\AppData\Local\Temp\surefire4402537055021425759 2023-08-03T02-42-08_284-jvmRun1 surefire-20230803024209181_1tmp surefire_0-20230803024209181_2tmp

Host: AMD Athlon Silver 3050U with Radeon Graphics   , 2 cores, 3G,  Windows 10 , 64 bit Build 19041 (10.0.19041.3155)
Time: Thu Aug  3 02:42:23 2023 Hora estándar de Argentina elapsed time: 13.117034 seconds (0d 0h 0m 13s)

---------------  T H R E A D  ---------------

Current thread (0x000001b5020f38f0):  JavaThread "C2 CompilerThread0" daemon [_thread_in_native, id=15172, stack(0x0000001420700000,0x0000001420800000)]


Current CompileTask:
C2:  13117 4285       4       jdk.internal.loader.BuiltinClassLoader::defineClass (121 bytes)

Stack: [0x0000001420700000,0x0000001420800000]
Native frames: (J=compiled Java code, j=interpreted, Vv=VM code, C=native code)
V  [jvm.dll+0x676a4a]
V  [jvm.dll+0x7d74f4]
V  [jvm.dll+0x7d8c9e]
V  [jvm.dll+0x7d9303]
V  [jvm.dll+0x2452c5]
V  [jvm.dll+0xaaa2b]
V  [jvm.dll+0xaafcc]
V  [jvm.dll+0x2aac2f]
V  [jvm.dll+0x57f375]
V  [jvm.dll+0x2205f2]
V  [jvm.dll+0x2195df]
V  [jvm.dll+0x216df9]
V  [jvm.dll+0x1a35e0]
V  [jvm.dll+0x226a6e]
V  [jvm.dll+0x224e15]
V  [jvm.dll+0x78d05c]
V  [jvm.dll+0x78759a]
V  [jvm.dll+0x675875]
C  [ucrtbase.dll+0x21bb2]
C  [KERNEL32.DLL+0x17614]
C  [ntdll.dll+0x526b1]


---------------  P R O C E S S  ---------------

Threads class SMR info:
_java_thread_list=0x000001b50431de10, length=17, elements={
0x000001b56770e390, 0x000001b5677e9790, 0x000001b5677ea600, 0x000001b5020eeb40,
0x000001b5020ef6f0, 0x000001b5020f21b0, 0x000001b5020f2b60, 0x000001b5020f38f0,
0x000001b5020f5b40, 0x000001b502162f60, 0x000001b502c28030, 0x000001b502c2c7b0,
0x000001b502ccf040, 0x000001b503185250, 0x000001b5043c6a30, 0x000001b5043c73d0,
0x000001b5043c6f00
}

Java Threads: ( => current thread )
  0x000001b56770e390 JavaThread "main" [_thread_in_native, id=15032, stack(0x000000141f900000,0x000000141fa00000)]
  0x000001b5677e9790 JavaThread "Reference Handler" daemon [_thread_blocked, id=5128, stack(0x0000001420100000,0x0000001420200000)]
  0x000001b5677ea600 JavaThread "Finalizer" daemon [_thread_blocked, id=12364, stack(0x0000001420200000,0x0000001420300000)]
  0x000001b5020eeb40 JavaThread "Signal Dispatcher" daemon [_thread_blocked, id=2716, stack(0x0000001420300000,0x0000001420400000)]
  0x000001b5020ef6f0 JavaThread "Attach Listener" daemon [_thread_blocked, id=15208, stack(0x0000001420400000,0x0000001420500000)]
  0x000001b5020f21b0 JavaThread "Service Thread" daemon [_thread_blocked, id=7444, stack(0x0000001420500000,0x0000001420600000)]
  0x000001b5020f2b60 JavaThread "Monitor Deflation Thread" daemon [_thread_blocked, id=8460, stack(0x0000001420600000,0x0000001420700000)]
=>0x000001b5020f38f0 JavaThread "C2 CompilerThread0" daemon [_thread_in_native, id=15172, stack(0x0000001420700000,0x0000001420800000)]
  0x000001b5020f5b40 JavaThread "C1 CompilerThread0" daemon [_thread_blocked, id=15224, stack(0x0000001420800000,0x0000001420900000)]
  0x000001b502162f60 JavaThread "Sweeper thread" daemon [_thread_blocked, id=9624, stack(0x0000001420900000,0x0000001420a00000)]
  0x000001b502c28030 JavaThread "Notification Thread" daemon [_thread_blocked, id=10032, stack(0x0000001420a00000,0x0000001420b00000)]
  0x000001b502c2c7b0 JavaThread "Common-Cleaner" daemon [_thread_blocked, id=11056, stack(0x0000001420c00000,0x0000001420d00000)]
  0x000001b502ccf040 JavaThread "surefire-forkedjvm-stream-flusher" daemon [_thread_blocked, id=14768, stack(0x0000001420e00000,0x0000001420f00000)]
  0x000001b503185250 JavaThread "surefire-forkedjvm-command-thread" daemon [_thread_in_native, id=2884, stack(0x0000001420f00000,0x0000001421000000)]
  0x000001b5043c6a30 JavaThread "mysql-cj-abandoned-connection-cleanup" daemon [_thread_blocked, id=8760, stack(0x0000001421000000,0x0000001421100000)]
  0x000001b5043c73d0 JavaThread "HikariPool-1 housekeeper" daemon [_thread_blocked, id=13400, stack(0x0000001421200000,0x0000001421300000)]
  0x000001b5043c6f00 JavaThread "HikariPool-1 connection adder" daemon [_thread_blocked, id=14500, stack(0x0000001421300000,0x0000001421400000)]

Other Threads:
  0x000001b5677e3b30 VMThread "VM Thread" [stack: 0x0000001420000000,0x0000001420100000] [id=1396]
  0x000001b502c2c520 WatcherThread [stack: 0x0000001420b00000,0x0000001420c00000] [id=12304]
  0x000001b567746260 GCTaskThread "GC Thread#0" [stack: 0x000000141fb00000,0x000000141fc00000] [id=7384]
  0x000001b502d1f870 GCTaskThread "GC Thread#1" [stack: 0x0000001420d00000,0x0000001420e00000] [id=3084]
  0x000001b56774df20 ConcurrentGCThread "G1 Main Marker" [stack: 0x000000141fc00000,0x000000141fd00000] [id=2416]
  0x000001b56774e930 ConcurrentGCThread "G1 Conc#0" [stack: 0x000000141fd00000,0x000000141fe00000] [id=13052]
  0x000001b567781320 ConcurrentGCThread "G1 Refine#0" [stack: 0x000000141fe00000,0x000000141ff00000] [id=13172]
  0x000001b567781d40 ConcurrentGCThread "G1 Service" [stack: 0x000000141ff00000,0x0000001420000000] [id=9020]

Threads with active compile tasks:
C2 CompilerThread0    13146 4285       4       jdk.internal.loader.BuiltinClassLoader::defineClass (121 bytes)

VM state: not at safepoint (normal execution)

VM Mutex/Monitor currently owned by a thread: None

Heap address: 0x00000000c9400000, size: 876 MB, Compressed Oops mode: 32-bit

CDS archive(s) mapped at: [0x0000000800000000-0x0000000800bd0000-0x0000000800bd0000), size 12386304, SharedBaseAddress: 0x0000000800000000, ArchiveRelocationMode: 0.
Compressed class space mapped at: 0x0000000800c00000-0x0000000840c00000, reserved size: 1073741824
Narrow klass base: 0x0000000800000000, Narrow klass shift: 0, Narrow klass range: 0x100000000

GC Precious Log:
 CPUs: 2 total, 2 available
 Memory: 3500M
 Large Page Support: Disabled
 NUMA Support: Disabled
 Compressed Oops: Enabled (32-bit)
 Heap Region Size: 1M
 Heap Min Capacity: 8M
 Heap Initial Capacity: 56M
 Heap Max Capacity: 876M
 Pre-touch: Disabled
 Parallel Workers: 2
 Concurrent Workers: 1
 Concurrent Refinement Workers: 2
 Periodic GC: Disabled

Heap:
 garbage-first heap   total 51200K, used 33707K [0x00000000c9400000, 0x0000000100000000)
  region size 1024K, 20 young (20480K), 3 survivors (3072K)
 Metaspace       used 42476K, committed 42944K, reserved 1089536K
  class space    used 5644K, committed 5888K, reserved 1048576K

Heap Regions: E=young(eden), S=young(survivor), O=old, HS=humongous(starts), HC=humongous(continues), CS=collection set, F=free, OA=open archive, CA=closed archive, TAMS=top-at-mark-start (previous, next)
|   0|0x00000000c9400000, 0x00000000c9500000, 0x00000000c9500000|100%|HS|  |TAMS 0x00000000c9500000, 0x00000000c9400000| Complete 
|   1|0x00000000c9500000, 0x00000000c9600000, 0x00000000c9600000|100%| O|  |TAMS 0x00000000c9600000, 0x00000000c9500000| Untracked 
|   2|0x00000000c9600000, 0x00000000c9700000, 0x00000000c9700000|100%| O|  |TAMS 0x00000000c9700000, 0x00000000c9600000| Untracked 
|   3|0x00000000c9700000, 0x00000000c9800000, 0x00000000c9800000|100%| O|  |TAMS 0x00000000c9800000, 0x00000000c9700000| Untracked 
|   4|0x00000000c9800000, 0x00000000c9900000, 0x00000000c9900000|100%| O|  |TAMS 0x00000000c9900000, 0x00000000c9800000| Untracked 
|   5|0x00000000c9900000, 0x00000000c9a00000, 0x00000000c9a00000|100%| O|  |TAMS 0x00000000c9a00000, 0x00000000c9900000| Untracked 
|   6|0x00000000c9a00000, 0x00000000c9b00000, 0x00000000c9b00000|100%| O|  |TAMS 0x00000000c9b00000, 0x00000000c9a00000| Untracked 
|   7|0x00000000c9b00000, 0x00000000c9c00000, 0x00000000c9c00000|100%| O|  |TAMS 0x00000000c9c00000, 0x00000000c9b00000| Untracked 
|   8|0x00000000c9c00000, 0x00000000c9d00000, 0x00000000c9d00000|100%| O|  |TAMS 0x00000000c9d00000, 0x00000000c9c00000| Untracked 
|   9|0x00000000c9d00000, 0x00000000c9e00000, 0x00000000c9e00000|100%| O|  |TAMS 0x00000000c9e00000, 0x00000000c9d00000| Untracked 
|  10|0x00000000c9e00000, 0x00000000c9e16a00, 0x00000000c9f00000|  8%| O|  |TAMS 0x00000000c9e16a00, 0x00000000c9e00000| Untracked 
|  11|0x00000000c9f00000, 0x00000000ca000000, 0x00000000ca000000|100%| O|  |TAMS 0x00000000ca000000, 0x00000000c9f00000| Untracked 
|  12|0x00000000ca000000, 0x00000000ca100000, 0x00000000ca100000|100%| O|  |TAMS 0x00000000ca100000, 0x00000000ca000000| Untracked 
|  13|0x00000000ca100000, 0x00000000ca200000, 0x00000000ca200000|100%| O|  |TAMS 0x00000000ca200000, 0x00000000ca100000| Untracked 
|  14|0x00000000ca200000, 0x00000000ca300000, 0x00000000ca300000|100%| O|  |TAMS 0x00000000ca300000, 0x00000000ca200000| Untracked 
|  15|0x00000000ca300000, 0x00000000ca3d4400, 0x00000000ca400000| 82%| O|  |TAMS 0x00000000ca38e600, 0x00000000ca300000| Untracked 
|  16|0x00000000ca400000, 0x00000000ca400000, 0x00000000ca500000|  0%| F|  |TAMS 0x00000000ca400000, 0x00000000ca400000| Untracked 
|  17|0x00000000ca500000, 0x00000000ca500000, 0x00000000ca600000|  0%| F|  |TAMS 0x00000000ca500000, 0x00000000ca500000| Untracked 
|  18|0x00000000ca600000, 0x00000000ca600000, 0x00000000ca700000|  0%| F|  |TAMS 0x00000000ca600000, 0x00000000ca600000| Untracked 
|  19|0x00000000ca700000, 0x00000000ca700000, 0x00000000ca800000|  0%| F|  |TAMS 0x00000000ca700000, 0x00000000ca700000| Untracked 
|  20|0x00000000ca800000, 0x00000000ca800000, 0x00000000ca900000|  0%| F|  |TAMS 0x00000000ca800000, 0x00000000ca800000| Untracked 
|  21|0x00000000ca900000, 0x00000000ca900000, 0x00000000caa00000|  0%| F|  |TAMS 0x00000000ca900000, 0x00000000ca900000| Untracked 
|  22|0x00000000caa00000, 0x00000000caa00000, 0x00000000cab00000|  0%| F|  |TAMS 0x00000000caa00000, 0x00000000caa00000| Untracked 
|  23|0x00000000cab00000, 0x00000000cab00000, 0x00000000cac00000|  0%| F|  |TAMS 0x00000000cab00000, 0x00000000cab00000| Untracked 
|  24|0x00000000cac00000, 0x00000000cac00000, 0x00000000cad00000|  0%| F|  |TAMS 0x00000000cac00000, 0x00000000cac00000| Untracked 
|  25|0x00000000cad00000, 0x00000000cad00000, 0x00000000cae00000|  0%| F|  |TAMS 0x00000000cad00000, 0x00000000cad00000| Untracked 
|  26|0x00000000cae00000, 0x00000000cae00000, 0x00000000caf00000|  0%| F|  |TAMS 0x00000000cae00000, 0x00000000cae00000| Untracked 
|  27|0x00000000caf00000, 0x00000000caf00000, 0x00000000cb000000|  0%| F|  |TAMS 0x00000000caf00000, 0x00000000caf00000| Untracked 
|  28|0x00000000cb000000, 0x00000000cb100000, 0x00000000cb100000|100%| S|CS|TAMS 0x00000000cb000000, 0x00000000cb000000| Complete 
|  29|0x00000000cb100000, 0x00000000cb200000, 0x00000000cb200000|100%| S|CS|TAMS 0x00000000cb100000, 0x00000000cb100000| Complete 
|  30|0x00000000cb200000, 0x00000000cb300000, 0x00000000cb300000|100%| S|CS|TAMS 0x00000000cb200000, 0x00000000cb200000| Complete 
|  31|0x00000000cb300000, 0x00000000cb300000, 0x00000000cb400000|  0%| F|  |TAMS 0x00000000cb300000, 0x00000000cb300000| Untracked 
|  32|0x00000000cb400000, 0x00000000cb400000, 0x00000000cb500000|  0%| F|  |TAMS 0x00000000cb400000, 0x00000000cb400000| Untracked 
|  33|0x00000000cb500000, 0x00000000cb600000, 0x00000000cb600000|100%| E|  |TAMS 0x00000000cb500000, 0x00000000cb500000| Complete 
|  34|0x00000000cb600000, 0x00000000cb700000, 0x00000000cb700000|100%| E|CS|TAMS 0x00000000cb600000, 0x00000000cb600000| Complete 
|  35|0x00000000cb700000, 0x00000000cb800000, 0x00000000cb800000|100%| E|CS|TAMS 0x00000000cb700000, 0x00000000cb700000| Complete 
|  36|0x00000000cb800000, 0x00000000cb900000, 0x00000000cb900000|100%| E|  |TAMS 0x00000000cb800000, 0x00000000cb800000| Complete 
|  37|0x00000000cb900000, 0x00000000cba00000, 0x00000000cba00000|100%| E|CS|TAMS 0x00000000cb900000, 0x00000000cb900000| Complete 
|  38|0x00000000cba00000, 0x00000000cbb00000, 0x00000000cbb00000|100%| E|CS|TAMS 0x00000000cba00000, 0x00000000cba00000| Complete 
|  39|0x00000000cbb00000, 0x00000000cbc00000, 0x00000000cbc00000|100%| E|CS|TAMS 0x00000000cbb00000, 0x00000000cbb00000| Complete 
|  40|0x00000000cbc00000, 0x00000000cbd00000, 0x00000000cbd00000|100%| E|CS|TAMS 0x00000000cbc00000, 0x00000000cbc00000| Complete 
|  41|0x00000000cbd00000, 0x00000000cbe00000, 0x00000000cbe00000|100%| E|CS|TAMS 0x00000000cbd00000, 0x00000000cbd00000| Complete 
|  42|0x00000000cbe00000, 0x00000000cbf00000, 0x00000000cbf00000|100%| E|CS|TAMS 0x00000000cbe00000, 0x00000000cbe00000| Complete 
|  43|0x00000000cbf00000, 0x00000000cc000000, 0x00000000cc000000|100%| E|CS|TAMS 0x00000000cbf00000, 0x00000000cbf00000| Complete 
|  44|0x00000000cc000000, 0x00000000cc100000, 0x00000000cc100000|100%| E|CS|TAMS 0x00000000cc000000, 0x00000000cc000000| Complete 
|  45|0x00000000cc100000, 0x00000000cc200000, 0x00000000cc200000|100%| E|CS|TAMS 0x00000000cc100000, 0x00000000cc100000| Complete 
|  46|0x00000000cc200000, 0x00000000cc300000, 0x00000000cc300000|100%| E|CS|TAMS 0x00000000cc200000, 0x00000000cc200000| Complete 
|  47|0x00000000cc300000, 0x00000000cc400000, 0x00000000cc400000|100%| E|CS|TAMS 0x00000000cc300000, 0x00000000cc300000| Complete 
|  48|0x00000000cc400000, 0x00000000cc500000, 0x00000000cc500000|100%| E|CS|TAMS 0x00000000cc400000, 0x00000000cc400000| Complete 
|  55|0x00000000ccb00000, 0x00000000ccc00000, 0x00000000ccc00000|100%| E|CS|TAMS 0x00000000ccb00000, 0x00000000ccb00000| Complete 

Card table byte_map: [0x000001b5674e0000,0x000001b5676a0000] _byte_map_base: 0x000001b566e96000

Marking Bits (Prev, Next): (CMBitMap*) 0x000001b567746870, (CMBitMap*) 0x000001b5677468b0
 Prev Bits: [0x000001b57e160000, 0x000001b57ef10000)
 Next Bits: [0x000001b57ef10000, 0x000001b57fcc0000)

Polling page: 0x000001b566ef0000

Metaspace:

Usage:
  Non-class:     35.98 MB used.
      Class:      5.51 MB used.
       Both:     41.49 MB used.

Virtual space:
  Non-class space:       40.00 MB reserved,      36.19 MB ( 90%) committed,  5 nodes.
      Class space:        1.00 GB reserved,       5.75 MB ( <1%) committed,  1 nodes.
             Both:        1.04 GB reserved,      41.94 MB (  4%) committed. 

Chunk freelists:
   Non-Class:  3.02 MB
       Class:  2.30 MB
        Both:  5.31 MB

MaxMetaspaceSize: unlimited
CompressedClassSpaceSize: 1.00 GB
Initial GC threshold: 21.00 MB
Current GC threshold: 58.69 MB
CDS: on
MetaspaceReclaimPolicy: balanced
 - commit_granule_bytes: 65536.
 - commit_granule_words: 8192.
 - virtual_space_node_default_size: 1048576.
 - enlarge_chunks_in_place: 1.
 - new_chunks_are_fully_committed: 0.
 - uncommit_free_chunks: 1.
 - use_allocation_guard: 0.
 - handle_deallocations: 1.


Internal statistics:

num_allocs_failed_limit: 6.
num_arena_births: 446.
num_arena_deaths: 0.
num_vsnodes_births: 6.
num_vsnodes_deaths: 0.
num_space_committed: 671.
num_space_uncommitted: 0.
num_chunks_returned_to_freelist: 6.
num_chunks_taken_from_freelist: 1872.
num_chunk_merges: 3.
num_chunk_splits: 1318.
num_chunks_enlarged: 1011.
num_purges: 0.
num_inconsistent_stats: 0.

CodeHeap 'non-profiled nmethods': size=120064Kb used=2486Kb max_used=2486Kb free=117577Kb
 bounds [0x000001b576a60000, 0x000001b576cd0000, 0x000001b57dfa0000]
CodeHeap 'profiled nmethods': size=120000Kb used=9333Kb max_used=9333Kb free=110666Kb
 bounds [0x000001b56efa0000, 0x000001b56f8c0000, 0x000001b5764d0000]
CodeHeap 'non-nmethods': size=5696Kb used=1269Kb max_used=1287Kb free=4427Kb
 bounds [0x000001b5764d0000, 0x000001b576740000, 0x000001b576a60000]
 total_blobs=4870 nmethods=4290 adapters=491
 compilation: enabled
              stopped_count=0, restarted_count=0
 full_count=0

Compilation events (20 events):
Event: 13.011 Thread 0x000001b5020f5b40 nmethod 4276 0x000001b56f8b8a10 code [0x000001b56f8b8ba0, 0x000001b56f8b8cb8]
Event: 13.011 Thread 0x000001b5020f5b40 4277       3       java.nio.ByteBuffer::clear (7 bytes)
Event: 13.011 Thread 0x000001b5020f5b40 nmethod 4277 0x000001b56f8b8d90 code [0x000001b56f8b8f20, 0x000001b56f8b9098]
Event: 13.011 Thread 0x000001b5020f5b40 4278       3       sun.security.ssl.Authenticator::increaseSequenceNumber (29 bytes)
Event: 13.011 Thread 0x000001b5020f5b40 nmethod 4278 0x000001b56f8b9190 code [0x000001b56f8b9340, 0x000001b56f8b9578]
Event: 13.012 Thread 0x000001b5020f38f0 4279       4       jdk.internal.loader.URLClassPath$JarLoader$2::getInputStream (15 bytes)
Event: 13.013 Thread 0x000001b5020f38f0 nmethod 4279 0x000001b576cccd90 code [0x000001b576cccf20, 0x000001b576cccfe8]
Event: 13.047 Thread 0x000001b5020f5b40 4280       3       java.text.MessageFormat::<init> (56 bytes)
Event: 13.047 Thread 0x000001b5020f5b40 nmethod 4280 0x000001b56f8b9690 code [0x000001b56f8b9880, 0x000001b56f8b9e98]
Event: 13.047 Thread 0x000001b5020f5b40 4281       3       java.util.PropertyResourceBundle::handleGetObject (23 bytes)
Event: 13.047 Thread 0x000001b5020f5b40 nmethod 4281 0x000001b56f8ba010 code [0x000001b56f8ba1c0, 0x000001b56f8ba498]
Event: 13.047 Thread 0x000001b5020f5b40 4282       3       java.text.MessageFormat::format (15 bytes)
Event: 13.047 Thread 0x000001b5020f5b40 nmethod 4282 0x000001b56f8ba590 code [0x000001b56f8ba740, 0x000001b56f8ba918]
Event: 13.047 Thread 0x000001b5020f5b40 4283       3       java.text.Format::format (24 bytes)
Event: 13.048 Thread 0x000001b5020f5b40 nmethod 4283 0x000001b56f8baa10 code [0x000001b56f8babe0, 0x000001b56f8bb028]
Event: 13.048 Thread 0x000001b5020f5b40 4284       3       java.text.FieldPosition::<init> (25 bytes)
Event: 13.048 Thread 0x000001b5020f5b40 nmethod 4284 0x000001b56f8bb210 code [0x000001b56f8bb3a0, 0x000001b56f8bb518]
Event: 13.060 Thread 0x000001b5020f38f0 4285       4       jdk.internal.loader.BuiltinClassLoader::defineClass (121 bytes)
Event: 13.104 Thread 0x000001b5020f5b40 4287       3       java.util.stream.SpinedBuffer::clear (88 bytes)
Event: 13.105 Thread 0x000001b5020f5b40 nmethod 4287 0x000001b56f8bb610 code [0x000001b56f8bb800, 0x000001b56f8bbf18]

GC Heap History (20 events):
Event: 0.879 GC heap before
{Heap before GC invocations=0 (full 0):
 garbage-first heap   total 57344K, used 6144K [0x00000000c9400000, 0x0000000100000000)
  region size 1024K, 6 young (6144K), 0 survivors (0K)
 Metaspace       used 990K, committed 1152K, reserved 1056768K
  class space    used 83K, committed 128K, reserved 1048576K
}
Event: 1.121 GC heap after
{Heap after GC invocations=1 (full 0):
 garbage-first heap   total 57344K, used 4611K [0x00000000c9400000, 0x0000000100000000)
  region size 1024K, 1 young (1024K), 1 survivors (1024K)
 Metaspace       used 990K, committed 1152K, reserved 1056768K
  class space    used 83K, committed 128K, reserved 1048576K
}
Event: 2.377 GC heap before
{Heap before GC invocations=1 (full 0):
 garbage-first heap   total 57344K, used 6659K [0x00000000c9400000, 0x0000000100000000)
  region size 1024K, 3 young (3072K), 1 survivors (1024K)
 Metaspace       used 1403K, committed 1536K, reserved 1056768K
  class space    used 132K, committed 192K, reserved 1048576K
}
Event: 2.379 GC heap after
{Heap after GC invocations=2 (full 0):
 garbage-first heap   total 57344K, used 6030K [0x00000000c9400000, 0x0000000100000000)
  region size 1024K, 1 young (1024K), 1 survivors (1024K)
 Metaspace       used 1403K, committed 1536K, reserved 1056768K
  class space    used 132K, committed 192K, reserved 1048576K
}
Event: 2.776 GC heap before
{Heap before GC invocations=2 (full 0):
 garbage-first heap   total 57344K, used 12174K [0x00000000c9400000, 0x0000000100000000)
  region size 1024K, 7 young (7168K), 1 survivors (1024K)
 Metaspace       used 2809K, committed 3008K, reserved 1056768K
  class space    used 303K, committed 384K, reserved 1048576K
}
Event: 2.779 GC heap after
{Heap after GC invocations=3 (full 0):
 garbage-first heap   total 57344K, used 7470K [0x00000000c9400000, 0x0000000100000000)
  region size 1024K, 1 young (1024K), 1 survivors (1024K)
 Metaspace       used 2809K, committed 3008K, reserved 1056768K
  class space    used 303K, committed 384K, reserved 1048576K
}
Event: 3.339 GC heap before
{Heap before GC invocations=3 (full 0):
 garbage-first heap   total 57344K, used 18734K [0x00000000c9400000, 0x0000000100000000)
  region size 1024K, 12 young (12288K), 1 survivors (1024K)
 Metaspace       used 5991K, committed 6208K, reserved 1056768K
  class space    used 747K, committed 832K, reserved 1048576K
}
Event: 3.342 GC heap after
{Heap after GC invocations=4 (full 0):
 garbage-first heap   total 57344K, used 8261K [0x00000000c9400000, 0x0000000100000000)
  region size 1024K, 2 young (2048K), 2 survivors (2048K)
 Metaspace       used 5991K, committed 6208K, reserved 1056768K
  class space    used 747K, committed 832K, reserved 1048576K
}
Event: 5.211 GC heap before
{Heap before GC invocations=4 (full 0):
 garbage-first heap   total 57344K, used 37957K [0x00000000c9400000, 0x0000000100000000)
  region size 1024K, 31 young (31744K), 2 survivors (2048K)
 Metaspace       used 12917K, committed 13184K, reserved 1064960K
  class space    used 1682K, committed 1792K, reserved 1048576K
}
Event: 5.219 GC heap after
{Heap after GC invocations=5 (full 0):
 garbage-first heap   total 57344K, used 10542K [0x00000000c9400000, 0x0000000100000000)
  region size 1024K, 4 young (4096K), 4 survivors (4096K)
 Metaspace       used 12917K, committed 13184K, reserved 1064960K
  class space    used 1682K, committed 1792K, reserved 1048576K
}
Event: 6.052 GC heap before
{Heap before GC invocations=5 (full 0):
 garbage-first heap   total 57344K, used 37166K [0x00000000c9400000, 0x0000000100000000)
  region size 1024K, 31 young (31744K), 4 survivors (4096K)
 Metaspace       used 19161K, committed 19456K, reserved 1073152K
  class space    used 2487K, committed 2624K, reserved 1048576K
}
Event: 6.060 GC heap after
{Heap after GC invocations=6 (full 0):
 garbage-first heap   total 57344K, used 11684K [0x00000000c9400000, 0x0000000100000000)
  region size 1024K, 2 young (2048K), 2 survivors (2048K)
 Metaspace       used 19161K, committed 19456K, reserved 1073152K
  class space    used 2487K, committed 2624K, reserved 1048576K
}
Event: 6.851 GC heap before
{Heap before GC invocations=6 (full 0):
 garbage-first heap   total 57344K, used 31140K [0x00000000c9400000, 0x0000000100000000)
  region size 1024K, 22 young (22528K), 2 survivors (2048K)
 Metaspace       used 21223K, committed 21504K, reserved 1073152K
  class space    used 2731K, committed 2880K, reserved 1048576K
}
Event: 6.856 GC heap after
{Heap after GC invocations=7 (full 0):
 garbage-first heap   total 57344K, used 13057K [0x00000000c9400000, 0x0000000100000000)
  region size 1024K, 3 young (3072K), 3 survivors (3072K)
 Metaspace       used 21223K, committed 21504K, reserved 1073152K
  class space    used 2731K, committed 2880K, reserved 1048576K
}
Event: 9.194 GC heap before
{Heap before GC invocations=8 (full 0):
 garbage-first heap   total 51200K, used 40705K [0x00000000c9400000, 0x0000000100000000)
  region size 1024K, 30 young (30720K), 3 survivors (3072K)
 Metaspace       used 25494K, committed 25792K, reserved 1073152K
  class space    used 3370K, committed 3520K, reserved 1048576K
}
Event: 9.202 GC heap after
{Heap after GC invocations=9 (full 0):
 garbage-first heap   total 51200K, used 15310K [0x00000000c9400000, 0x0000000100000000)
  region size 1024K, 4 young (4096K), 4 survivors (4096K)
 Metaspace       used 25494K, committed 25792K, reserved 1073152K
  class space    used 3370K, committed 3520K, reserved 1048576K
}
Event: 10.313 GC heap before
{Heap before GC invocations=9 (full 0):
 garbage-first heap   total 51200K, used 37838K [0x00000000c9400000, 0x0000000100000000)
  region size 1024K, 26 young (26624K), 4 survivors (4096K)
 Metaspace       used 30203K, committed 30592K, reserved 1081344K
  class space    used 4031K, committed 4224K, reserved 1048576K
}
Event: 10.321 GC heap after
{Heap after GC invocations=10 (full 0):
 garbage-first heap   total 51200K, used 16656K [0x00000000c9400000, 0x0000000100000000)
  region size 1024K, 2 young (2048K), 2 survivors (2048K)
 Metaspace       used 30203K, committed 30592K, reserved 1081344K
  class space    used 4031K, committed 4224K, reserved 1048576K
}
Event: 11.807 GC heap before
{Heap before GC invocations=10 (full 0):
 garbage-first heap   total 51200K, used 35088K [0x00000000c9400000, 0x0000000100000000)
  region size 1024K, 21 young (21504K), 2 survivors (2048K)
 Metaspace       used 35649K, committed 35968K, reserved 1081344K
  class space    used 4774K, committed 4928K, reserved 1048576K
}
Event: 11.818 GC heap after
{Heap after GC invocations=11 (full 0):
 garbage-first heap   total 51200K, used 18347K [0x00000000c9400000, 0x0000000100000000)
  region size 1024K, 3 young (3072K), 3 survivors (3072K)
 Metaspace       used 35649K, committed 35968K, reserved 1081344K
  class space    used 4774K, committed 4928K, reserved 1048576K
}

Deoptimization events (20 events):
Event: 12.523 Thread 0x000001b5043c6f00 DEOPT PACKING pc=0x000001b576ca1270 sp=0x00000014213fe0f0
Event: 12.523 Thread 0x000001b5043c6f00 DEOPT UNPACKING pc=0x000001b5765223a3 sp=0x00000014213fe078 mode 2
Event: 12.536 Thread 0x000001b5043c6f00 DEOPT PACKING pc=0x000001b56f7cd8be sp=0x00000014213fdd30
Event: 12.536 Thread 0x000001b5043c6f00 DEOPT UNPACKING pc=0x000001b576522b43 sp=0x00000014213fd160 mode 0
Event: 12.537 Thread 0x000001b5043c6f00 DEOPT PACKING pc=0x000001b56f7cd8f1 sp=0x00000014213fdd30
Event: 12.537 Thread 0x000001b5043c6f00 DEOPT UNPACKING pc=0x000001b576522b43 sp=0x00000014213fd160 mode 0
Event: 12.563 Thread 0x000001b56770e390 Uncommon trap: trap_request=0xffffff45 fr.pc=0x000001b576c1129c relative=0x00000000000079bc
Event: 12.563 Thread 0x000001b56770e390 Uncommon trap: reason=unstable_if action=reinterpret pc=0x000001b576c1129c method=jdk.internal.org.objectweb.asm.Frame.execute(IILjdk/internal/org/objectweb/asm/Symbol;Ljdk/internal/org/objectweb/asm/SymbolTable;)V @ 1 c2
Event: 12.563 Thread 0x000001b56770e390 DEOPT PACKING pc=0x000001b576c1129c sp=0x000000141f9fa2a0
Event: 12.563 Thread 0x000001b56770e390 DEOPT UNPACKING pc=0x000001b5765223a3 sp=0x000000141f9fa268 mode 2
Event: 12.608 Thread 0x000001b5043c6f00 DEOPT PACKING pc=0x000001b56f82318b sp=0x00000014213fda70
Event: 12.608 Thread 0x000001b5043c6f00 DEOPT UNPACKING pc=0x000001b576522b43 sp=0x00000014213fcf60 mode 0
Event: 12.718 Thread 0x000001b5043c6f00 DEOPT PACKING pc=0x000001b56f7d8f2d sp=0x00000014213fda30
Event: 12.718 Thread 0x000001b5043c6f00 DEOPT UNPACKING pc=0x000001b576522b43 sp=0x00000014213fceb8 mode 0
Event: 12.721 Thread 0x000001b5043c6f00 DEOPT PACKING pc=0x000001b56f7d8f2d sp=0x00000014213fdb60
Event: 12.721 Thread 0x000001b5043c6f00 DEOPT UNPACKING pc=0x000001b576522b43 sp=0x00000014213fcfe8 mode 0
Event: 12.727 Thread 0x000001b5043c6f00 DEOPT PACKING pc=0x000001b56f7d8f2d sp=0x00000014213fdb60
Event: 12.727 Thread 0x000001b5043c6f00 DEOPT UNPACKING pc=0x000001b576522b43 sp=0x00000014213fcfe8 mode 0
Event: 12.948 Thread 0x000001b5043c6f00 DEOPT PACKING pc=0x000001b56f7d9a43 sp=0x00000014213fda90
Event: 12.948 Thread 0x000001b5043c6f00 DEOPT UNPACKING pc=0x000001b576522b43 sp=0x00000014213fcf18 mode 0

Classes unloaded (0 events):
No events

Classes redefined (0 events):
No events

Internal exceptions (20 events):
Event: 8.688 Thread 0x000001b56770e390 Exception <a 'java/lang/NoSuchMethodError'{0x00000000caf07a60}: 'java.lang.Object java.lang.invoke.Invokers$Holder.invoke_MT(java.lang.Object, java.lang.Object, java.lang.Object, java.lang.Object, java.lang.Object, java.lang.Object, java.lang.Object, java.lang.Object, java.lang.Object, java.lang.Object)'> (0x00000000caf07a60) 
thrown [s\open\src\hotspot\share\interpreter\linkResolver.cpp, line 759]
Event: 8.698 Thread 0x000001b56770e390 Exception <a 'java/lang/NoSuchMethodError'{0x00000000caf49328}: 'java.lang.Object java.lang.invoke.DirectMethodHandle$Holder.invokeSpecial(java.lang.Object, java.lang.Object, int, java.lang.Object, java.lang.Object)'> (0x00000000caf49328) 
thrown [s\open\src\hotspot\share\interpreter\linkResolver.cpp, line 759]
Event: 8.698 Thread 0x000001b56770e390 Exception <a 'java/lang/NoSuchMethodError'{0x00000000caf4d520}: 'java.lang.Object java.lang.invoke.DelegatingMethodHandle$Holder.delegate(java.lang.Object, int, java.lang.Object, java.lang.Object)'> (0x00000000caf4d520) 
thrown [s\open\src\hotspot\share\interpreter\linkResolver.cpp, line 759]
Event: 8.700 Thread 0x000001b56770e390 Exception <a 'java/lang/NoSuchMethodError'{0x00000000caf5eba0}: 'int java.lang.invoke.Invokers$Holder.linkToTargetMethod(java.lang.Object, java.lang.Object, java.lang.Object)'> (0x00000000caf5eba0) 
thrown [s\open\src\hotspot\share\interpreter\linkResolver.cpp, line 759]
Event: 8.782 Thread 0x000001b56770e390 Exception <a 'java/lang/NoClassDefFoundError'{0x00000000caebb390}: org/flywaydb/core/Flyway> (0x00000000caebb390) 
thrown [s\open\src\hotspot\share\classfile\systemDictionary.cpp, line 245]
Event: 8.782 Thread 0x000001b56770e390 Exception <a 'java/lang/NoClassDefFoundError'{0x00000000caebdd98}: liquibase/integration/spring/SpringLiquibase> (0x00000000caebdd98) 
thrown [s\open\src\hotspot\share\classfile\systemDictionary.cpp, line 245]
Event: 8.791 Thread 0x000001b56770e390 Exception <a 'java/lang/NoClassDefFoundError'{0x00000000caefefb8}: org/springframework/batch/core/repository/JobRepository> (0x00000000caefefb8) 
thrown [s\open\src\hotspot\share\classfile\systemDictionary.cpp, line 245]
Event: 8.792 Thread 0x000001b56770e390 Exception <a 'java/lang/NoClassDefFoundError'{0x00000000cad01bf8}: org/quartz/Scheduler> (0x00000000cad01bf8) 
thrown [s\open\src\hotspot\share\classfile\systemDictionary.cpp, line 245]
Event: 8.792 Thread 0x000001b56770e390 Exception <a 'java/lang/NoClassDefFoundError'{0x00000000cad047d0}: org/springframework/session/jdbc/JdbcIndexedSessionRepository> (0x00000000cad047d0) 
thrown [s\open\src\hotspot\share\classfile\systemDictionary.cpp, line 245]
Event: 8.875 Thread 0x000001b56770e390 Exception <a 'java/lang/NoClassDefFoundError'{0x00000000cac74e98}: org/jooq/DSLContext> (0x00000000cac74e98) 
thrown [s\open\src\hotspot\share\classfile\systemDictionary.cpp, line 245]
Event: 9.208 Thread 0x000001b56770e390 Exception <a 'java/lang/NoSuchMethodError'{0x00000000ccb3e660}: 'java.lang.Object java.lang.invoke.DirectMethodHandle$Holder.invokeSpecialIFC(java.lang.Object, java.lang.Object, java.lang.Object)'> (0x00000000ccb3e660) 
thrown [s\open\src\hotspot\share\interpreter\linkResolver.cpp, line 759]
Event: 9.268 Thread 0x000001b56770e390 Implicit null exception at 0x000001b576bf9d19 to 0x000001b576bfa1fc
Event: 10.128 Thread 0x000001b56770e390 Exception <a 'java/lang/NoSuchMethodError'{0x00000000cb4717c8}: 'java.lang.Object java.lang.invoke.DirectMethodHandle$Holder.invokeStaticInit(java.lang.Object, int, int, int, int)'> (0x00000000cb4717c8) 
thrown [s\open\src\hotspot\share\interpreter\linkResolver.cpp, line 759]
Event: 10.204 Thread 0x000001b56770e390 Exception <a 'java/lang/NoSuchMethodError'{0x00000000cb35f7e8}: 'java.lang.Object java.lang.invoke.DirectMethodHandle$Holder.invokeStaticInit(java.lang.Object, java.lang.Object, int, int, int, int)'> (0x00000000cb35f7e8) 
thrown [s\open\src\hotspot\share\interpreter\linkResolver.cpp, line 759]
Event: 11.864 Thread 0x000001b56770e390 Exception <a 'sun/nio/fs/WindowsException'{0x00000000ccb438b0}> (0x00000000ccb438b0) 
thrown [s\open\src\hotspot\share\prims\jni.cpp, line 516]
Event: 11.898 Thread 0x000001b56770e390 Implicit null exception at 0x000001b576c5f7e4 to 0x000001b576c611e8
Event: 11.908 Thread 0x000001b56770e390 Exception <a 'java/lang/NoSuchMethodError'{0x00000000ccb69998}: 'int java.lang.invoke.DirectMethodHandle$Holder.invokeStaticInit(java.lang.Object, java.lang.Object, java.lang.Object, java.lang.Object)'> (0x00000000ccb69998) 
thrown [s\open\src\hotspot\share\interpreter\linkResolver.cpp, line 759]
Event: 12.337 Thread 0x000001b56770e390 Implicit null exception at 0x000001b576a909f2 to 0x000001b576a90fc0
Event: 12.337 Thread 0x000001b56770e390 Implicit null exception at 0x000001b576a8c472 to 0x000001b576a8ca50
Event: 12.559 Thread 0x000001b56770e390 Exception <a 'java/lang/NoSuchMethodError'{0x00000000cbf580f8}: 'java.lang.Object java.lang.invoke.DirectMethodHandle$Holder.invokeStaticInit(java.lang.Object, java.lang.Object, java.lang.Object, java.lang.Object)'> (0x00000000cbf580f8) 
thrown [s\open\src\hotspot\share\interpreter\linkResolver.cpp, line 759]

VM Operations (20 events):
Event: 11.712 Executing VM operation: HandshakeAllThreads
Event: 11.712 Executing VM operation: HandshakeAllThreads done
Event: 11.777 Executing VM operation: HandshakeAllThreads
Event: 11.777 Executing VM operation: HandshakeAllThreads done
Event: 11.807 Executing VM operation: CollectForMetadataAllocation
Event: 11.818 Executing VM operation: CollectForMetadataAllocation done
Event: 11.839 Executing VM operation: G1Concurrent
Event: 11.843 Executing VM operation: G1Concurrent done
Event: 11.852 Executing VM operation: G1Concurrent
Event: 11.852 Executing VM operation: G1Concurrent done
Event: 11.867 Executing VM operation: HandshakeAllThreads
Event: 11.867 Executing VM operation: HandshakeAllThreads done
Event: 11.899 Executing VM operation: HandshakeAllThreads
Event: 11.899 Executing VM operation: HandshakeAllThreads done
Event: 11.900 Executing VM operation: HandshakeAllThreads
Event: 11.900 Executing VM operation: HandshakeAllThreads done
Event: 12.179 Executing VM operation: HandshakeAllThreads
Event: 12.179 Executing VM operation: HandshakeAllThreads done
Event: 12.854 Executing VM operation: ICBufferFull
Event: 12.854 Executing VM operation: ICBufferFull done

Events (20 events):
Event: 12.235 loading class sun/security/ssl/PostHandshakeContext
Event: 12.235 loading class sun/security/ssl/PostHandshakeContext done
Event: 12.235 loading class sun/security/ssl/NewSessionTicket$T13NewSessionTicketMessage
Event: 12.235 loading class sun/security/ssl/NewSessionTicket$NewSessionTicketMessage
Event: 12.235 loading class sun/security/ssl/NewSessionTicket$NewSessionTicketMessage done
Event: 12.235 loading class sun/security/ssl/NewSessionTicket$T13NewSessionTicketMessage done
Event: 12.347 Thread 0x000001b5043c73d0 Thread added: 0x000001b5043c73d0
Event: 12.348 loading class java/util/concurrent/ThreadPoolExecutor$CallerRunsPolicy
Event: 12.348 loading class java/util/concurrent/ThreadPoolExecutor$CallerRunsPolicy done
Event: 12.349 loading class java/util/concurrent/atomic/AtomicReferenceFieldUpdater
Event: 12.349 loading class java/util/concurrent/atomic/AtomicReferenceFieldUpdater done
Event: 12.349 loading class java/util/concurrent/atomic/AtomicReferenceFieldUpdater$AtomicReferenceFieldUpdaterImpl
Event: 12.350 loading class java/util/concurrent/atomic/AtomicReferenceFieldUpdater$AtomicReferenceFieldUpdaterImpl done
Event: 12.350 loading class java/util/concurrent/atomic/AtomicReferenceFieldUpdater$AtomicReferenceFieldUpdaterImpl$1
Event: 12.350 loading class java/util/concurrent/atomic/AtomicReferenceFieldUpdater$AtomicReferenceFieldUpdaterImpl$1 done
Event: 12.362 loading class java/util/TimerTask
Event: 12.363 loading class java/util/TimerTask done
Event: 12.465 Thread 0x000001b5043c6f00 Thread added: 0x000001b5043c6f00
Event: 12.937 loading class jdk/internal/access/foreign/MemorySegmentProxy
Event: 12.937 loading class jdk/internal/access/foreign/MemorySegmentProxy done


Dynamic libraries:
0x00007ff6237f0000 - 0x00007ff623800000 	C:\Program Files\Java\jdk-17\bin\java.exe
0x00007fff702f0000 - 0x00007fff704e8000 	C:\windows\SYSTEM32\ntdll.dll
0x00007fff6f530000 - 0x00007fff6f5ef000 	C:\windows\System32\KERNEL32.DLL
0x00007fff6def0000 - 0x00007fff6e1e6000 	C:\windows\System32\KERNELBASE.dll
0x00007fff6ddf0000 - 0x00007fff6def0000 	C:\windows\System32\ucrtbase.dll
0x00007fff663c0000 - 0x00007fff663d9000 	C:\Program Files\Java\jdk-17\bin\jli.dll
0x00007fff700b0000 - 0x00007fff7015f000 	C:\windows\System32\ADVAPI32.dll
0x00007fff6e350000 - 0x00007fff6e3ee000 	C:\windows\System32\msvcrt.dll
0x00007fff6fc00000 - 0x00007fff6fc9c000 	C:\windows\System32\sechost.dll
0x00007fff6fad0000 - 0x00007fff6fbf6000 	C:\windows\System32\RPCRT4.dll
0x00007fff6f6c0000 - 0x00007fff6f85d000 	C:\windows\System32\USER32.dll
0x00007fff6dd20000 - 0x00007fff6dd42000 	C:\windows\System32\win32u.dll
0x00007fff6f3c0000 - 0x00007fff6f3ec000 	C:\windows\System32\GDI32.dll
0x00007fff6d9d0000 - 0x00007fff6dae5000 	C:\windows\System32\gdi32full.dll
0x00007fff6db80000 - 0x00007fff6dc1d000 	C:\windows\System32\msvcp_win.dll
0x00007fff58740000 - 0x00007fff5875b000 	C:\Program Files\Java\jdk-17\bin\VCRUNTIME140.dll
0x00007fff597a0000 - 0x00007fff59a3a000 	C:\windows\WinSxS\amd64_microsoft.windows.common-controls_6595b64144ccf1df_6.0.19041.1110_none_60b5254171f9507e\COMCTL32.dll
0x00007fff65850000 - 0x00007fff6585a000 	C:\windows\SYSTEM32\VERSION.dll
0x00007fff6f390000 - 0x00007fff6f3c0000 	C:\windows\System32\IMM32.DLL
0x00007fff58510000 - 0x00007fff5851c000 	C:\Program Files\Java\jdk-17\bin\vcruntime140_1.dll
0x00007fff08fc0000 - 0x00007fff0904e000 	C:\Program Files\Java\jdk-17\bin\msvcp140.dll
0x00007ffefda80000 - 0x00007ffefe65d000 	C:\Program Files\Java\jdk-17\bin\server\jvm.dll
0x00007fff6f5f0000 - 0x00007fff6f5f8000 	C:\windows\System32\PSAPI.DLL
0x00007fff684a0000 - 0x00007fff684a9000 	C:\windows\SYSTEM32\WSOCK32.dll
0x00007fff70240000 - 0x00007fff702ab000 	C:\windows\System32\WS2_32.dll
0x00007fff645c0000 - 0x00007fff645e7000 	C:\windows\SYSTEM32\WINMM.dll
0x00007fff6b770000 - 0x00007fff6b782000 	C:\windows\SYSTEM32\kernel.appcore.dll
0x00007fff58500000 - 0x00007fff5850a000 	C:\Program Files\Java\jdk-17\bin\jimage.dll
0x00007fff5b100000 - 0x00007fff5b2e4000 	C:\windows\SYSTEM32\DBGHELP.DLL
0x00007fff59b00000 - 0x00007fff59b34000 	C:\windows\SYSTEM32\dbgcore.DLL
0x00007fff6daf0000 - 0x00007fff6db72000 	C:\windows\System32\bcryptPrimitives.dll
0x00007fff57140000 - 0x00007fff57165000 	C:\Program Files\Java\jdk-17\bin\java.dll
0x00007fff04570000 - 0x00007fff04647000 	C:\Program Files\Java\jdk-17\bin\jsvml.dll
0x00007fff6e8e0000 - 0x00007fff6f024000 	C:\windows\System32\SHELL32.dll
0x00007fff6ba80000 - 0x00007fff6c214000 	C:\windows\SYSTEM32\windows.storage.dll
0x00007fff6f030000 - 0x00007fff6f384000 	C:\windows\System32\combase.dll
0x00007fff6d340000 - 0x00007fff6d36e000 	C:\windows\SYSTEM32\Wldp.dll
0x00007fff6f610000 - 0x00007fff6f6bd000 	C:\windows\System32\SHCORE.dll
0x00007fff6f8c0000 - 0x00007fff6f915000 	C:\windows\System32\shlwapi.dll
0x00007fff6d900000 - 0x00007fff6d925000 	C:\windows\SYSTEM32\profapi.dll
0x00007fff57120000 - 0x00007fff57139000 	C:\Program Files\Java\jdk-17\bin\net.dll
0x00007fff63720000 - 0x00007fff6382a000 	C:\windows\SYSTEM32\WINHTTP.dll
0x00007fff6d0a0000 - 0x00007fff6d10a000 	C:\windows\system32\mswsock.dll
0x00007fff4f740000 - 0x00007fff4f756000 	C:\Program Files\Java\jdk-17\bin\nio.dll
0x00007fff4f720000 - 0x00007fff4f738000 	C:\Program Files\Java\jdk-17\bin\zip.dll
0x00007fff4f220000 - 0x00007fff4f22a000 	C:\Program Files\Java\jdk-17\bin\management.dll
0x00007fff4cb10000 - 0x00007fff4cb1b000 	C:\Program Files\Java\jdk-17\bin\management_ext.dll
0x00007fff6d290000 - 0x00007fff6d2a8000 	C:\windows\SYSTEM32\CRYPTSP.dll
0x00007fff6c9c0000 - 0x00007fff6c9f4000 	C:\windows\system32\rsaenh.dll
0x00007fff6ddc0000 - 0x00007fff6dde7000 	C:\windows\System32\bcrypt.dll
0x00007fff6d880000 - 0x00007fff6d8ae000 	C:\windows\SYSTEM32\USERENV.dll
0x00007fff6d2b0000 - 0x00007fff6d2bc000 	C:\windows\SYSTEM32\CRYPTBASE.dll
0x00007fff6cd90000 - 0x00007fff6cdcc000 	C:\windows\SYSTEM32\IPHLPAPI.DLL
0x00007fff6f600000 - 0x00007fff6f608000 	C:\windows\System32\NSI.dll
0x00007fff60cc0000 - 0x00007fff60cd7000 	C:\windows\SYSTEM32\dhcpcsvc6.DLL
0x00007fff653f0000 - 0x00007fff6540d000 	C:\windows\SYSTEM32\dhcpcsvc.DLL
0x00007fff6cdd0000 - 0x00007fff6ce9a000 	C:\windows\SYSTEM32\DNSAPI.dll
0x00007fff572a0000 - 0x00007fff572b0000 	C:\Program Files\Java\jdk-17\bin\verify.dll
0x00007fff57da0000 - 0x00007fff57daa000 	C:\Windows\System32\rasadhlp.dll
0x00007fff57f30000 - 0x00007fff57fb2000 	C:\windows\System32\fwpuclnt.dll
0x00007fff4f230000 - 0x00007fff4f23d000 	C:\Program Files\Java\jdk-17\bin\sunmscapi.dll
0x00007fff6e1f0000 - 0x00007fff6e34e000 	C:\windows\System32\CRYPT32.dll
0x00007fff6d3b0000 - 0x00007fff6d3d8000 	C:\windows\SYSTEM32\ncrypt.dll
0x00007fff6d370000 - 0x00007fff6d3ab000 	C:\windows\SYSTEM32\NTASN1.dll

dbghelp: loaded successfully - version: 4.0.5 - missing functions: none
symbol engine: initialized successfully - sym options: 0x614 - pdb path: .;C:\Program Files\Java\jdk-17\bin;C:\windows\SYSTEM32;C:\windows\WinSxS\amd64_microsoft.windows.common-controls_6595b64144ccf1df_6.0.19041.1110_none_60b5254171f9507e;C:\Program Files\Java\jdk-17\bin\server

VM Arguments:
java_command: C:\Users\carin\AppData\Local\Temp\surefire4402537055021425759\surefirebooter-20230803024209181_3.jar C:\Users\carin\AppData\Local\Temp\surefire4402537055021425759 2023-08-03T02-42-08_284-jvmRun1 surefire-20230803024209181_1tmp surefire_0-20230803024209181_2tmp
java_class_path (initial): C:\Users\carin\AppData\Local\Temp\surefire4402537055021425759\surefirebooter-20230803024209181_3.jar
Launcher Type: SUN_STANDARD

[Global flags]
     intx CICompilerCount                          = 2                                         {product} {ergonomic}
     uint ConcGCThreads                            = 1                                         {product} {ergonomic}
     uint G1ConcRefinementThreads                  = 2                                         {product} {ergonomic}
   size_t G1HeapRegionSize                         = 1048576                                   {product} {ergonomic}
    uintx GCDrainStackTargetSize                   = 64                                        {product} {ergonomic}
   size_t InitialHeapSize                          = 58720256                                  {product} {ergonomic}
   size_t MarkStackSize                            = 4194304                                   {product} {ergonomic}
   size_t MaxHeapSize                              = 918552576                                 {product} {ergonomic}
   size_t MaxNewSize                               = 550502400                                 {product} {ergonomic}
   size_t MinHeapDeltaBytes                        = 1048576                                   {product} {ergonomic}
   size_t MinHeapSize                              = 8388608                                   {product} {ergonomic}
    uintx NonNMethodCodeHeapSize                   = 5826188                                {pd product} {ergonomic}
    uintx NonProfiledCodeHeapSize                  = 122916026                              {pd product} {ergonomic}
    uintx ProfiledCodeHeapSize                     = 122916026                              {pd product} {ergonomic}
    uintx ReservedCodeCacheSize                    = 251658240                              {pd product} {ergonomic}
     bool SegmentedCodeCache                       = true                                      {product} {ergonomic}
   size_t SoftMaxHeapSize                          = 918552576                              {manageable} {ergonomic}
     bool UseCompressedClassPointers               = true                           {product lp64_product} {ergonomic}
     bool UseCompressedOops                        = true                           {product lp64_product} {ergonomic}
     bool UseG1GC                                  = true                                      {product} {ergonomic}
     bool UseLargePagesIndividualAllocation        = false                                  {pd product} {ergonomic}

Logging:
Log output configuration:
 #0: stdout all=warning uptime,level,tags
 #1: stderr all=off uptime,level,tags

Environment Variables:
JAVA_HOME=C:\Program Files\Java\jdk-17
PATH=C:\Program Files\Common Files\Oracle\Java\javapath;C:\windows\system32;C:\windows;C:\windows\System32\Wbem;C:\windows\System32\WindowsPowerShell\v1.0\;C:\windows\System32\OpenSSH\;C:\Program Files\Git\cmd;C:\Program Files\nodejs\;C:\gradle-8.1.1\bin;C:\Program Files\Java\jdk-20\bin;C:\Users\carin\AppData\Local\Microsoft\WindowsApps;C:\Users\carin\AppData\Local\Programs\Microsoft VS Code\bin;C:\Users\carin\AppData\Roaming\npm;C:\ProgramData\carin\GitHubDesktop\bin;C:\Users\carin\AppData\Local\GitHubDesktop\bin;C:\Users\carin\Downloads\mongodb-windows-x86_64-6.0.4.zip\mongodb-win32-x86_64-windows-6.0.4\bin;C:\Users\carin\Desktop\dataBase\data;C:\Program Files\MongoDB\Server\6.0\data;C:\Program Files\MongoDB\Server\6.0\bin;C:\Users\carin\Desktop\Backend\FastAPI;C:\Users\carin\Desktop\Backend;C:\Users\carin\Desktop\Backend\dataBase\data\log;C:\Program Files\MongoDB\Server\6.0\data;C:\Program Files\MongoDB\Server\6.0\bin;C:\Users\carin\AppData\Local\Packages\PythonSoftwareFoundation.Python.3.10_qbz5n2kfra8p0\LocalCache\local-packages\Python310\Scripts;C:\Users\carin\Documents\flutter\bin\;C:\Program Files\MySQL\MySQL Server 8.0\bin;C:\gradle-8.1.1\bin;C:\Program Files\Java\jdk-20\bin;
USERNAME=carin
OS=Windows_NT
PROCESSOR_IDENTIFIER=AMD64 Family 23 Model 24 Stepping 1, AuthenticAMD



---------------  S Y S T E M  ---------------

OS:
 Windows 10 , 64 bit Build 19041 (10.0.19041.3155)
OS uptime: 0 days 0:56 hours

CPU: total 2 (initial active 2) (2 cores per cpu, 1 threads per core) family 23 model 24 stepping 1 microcode 0x0, cx8, cmov, fxsr, mmx, 3dnowpref, sse, sse2, sse3, ssse3, sse4a, sse4.1, sse4.2, popcnt, lzcnt, tsc, tscinvbit, avx, avx2, aes, clmul, bmi1, bmi2, adx, sha, fma, vzeroupper, clflush, clflushopt

Memory: 4k page, system-wide physical 3500M (412M free)
TotalPageFile size 14252M (AvailPageFile size 0M)
current process WorkingSet (physical memory assigned to process): 170M, peak: 170M
current process commit charge ("private bytes"): 199M, peak: 199M

vm_info: Java HotSpot(TM) 64-Bit Server VM (17.0.7+8-LTS-224) for windows-amd64 JRE (17.0.7+8-LTS-224), built on Feb 28 2023 23:03:02 by "mach5one" with MS VC++ 17.1 (VS2022)

END.
