#
# There is insufficient memory for the Java Runtime Environment to continue.
# Native memory allocation (malloc) failed to allocate 737296 bytes for Chunk::new
# Possible reasons:
#   The system is out of physical RAM or swap space
#   The process is running with CompressedOops enabled, and the Java Heap may be blocking the growth of the native heap
# Possible solutions:
#   Reduce memory load on the system
#   Increase physical memory or swap space
#   Check if swap backing store is full
#   Decrease Java heap size (-Xmx/-Xms)
#   Decrease number of Java threads
#   Decrease Java thread stack sizes (-Xss)
#   Set larger code cache with -XX:ReservedCodeCacheSize=
#   JVM is running with Unscaled Compressed Oops mode in which the Java heap is
#     placed in the first 4GB address space. The Java Heap base address is the
#     maximum limit for the native heap growth. Please use -XX:HeapBaseMinAddress
#     to set the Java Heap base and to place the Java Heap above 4GB virtual address.
# This output file may be truncated or incomplete.
#
#  Out of Memory Error (arena.cpp:189), pid=5852, tid=10584
#
# JRE version: Java(TM) SE Runtime Environment (17.0.7+8) (build 17.0.7+8-LTS-224)
# Java VM: Java HotSpot(TM) 64-Bit Server VM (17.0.7+8-LTS-224, mixed mode, sharing, tiered, compressed oops, compressed class ptrs, g1 gc, windows-amd64)
# No core dump will be written. Minidumps are not enabled by default on client versions of Windows
#

---------------  S U M M A R Y ------------

Command Line: C:\Users\carin\AppData\Local\Temp\surefire13442905581746849881\surefirebooter-20230801233152973_3.jar C:\Users\carin\AppData\Local\Temp\surefire13442905581746849881 2023-08-01T23-31-52_402-jvmRun1 surefire-20230801233152973_1tmp surefire_0-20230801233152973_2tmp

Host: AMD Athlon Silver 3050U with Radeon Graphics   , 2 cores, 3G,  Windows 10 , 64 bit Build 19041 (10.0.19041.3155)
Time: Tue Aug  1 23:32:02 2023 Hora estándar de Argentina elapsed time: 8.817477 seconds (0d 0h 0m 8s)

---------------  T H R E A D  ---------------

Current thread (0x000001e0ff5d39f0):  JavaThread "C2 CompilerThread0" daemon [_thread_in_native, id=10584, stack(0x000000dd6e200000,0x000000dd6e300000)]


Current CompileTask:
C2:   8817 4322   !   4       jdk.internal.loader.BuiltinClassLoader::findClassOnClassPathOrNull (64 bytes)

Stack: [0x000000dd6e200000,0x000000dd6e300000]
Native frames: (J=compiled Java code, j=interpreted, Vv=VM code, C=native code)
V  [jvm.dll+0x676a4a]
V  [jvm.dll+0x7d74f4]
V  [jvm.dll+0x7d8c9e]
V  [jvm.dll+0x7d9303]
V  [jvm.dll+0x2452c5]
V  [jvm.dll+0xaaa2b]
V  [jvm.dll+0xaafcc]
V  [jvm.dll+0x2aac2f]
V  [jvm.dll+0x57f375]
V  [jvm.dll+0x2205f2]
V  [jvm.dll+0x2195df]
V  [jvm.dll+0x216df9]
V  [jvm.dll+0x1a35e0]
V  [jvm.dll+0x226a6e]
V  [jvm.dll+0x224e15]
V  [jvm.dll+0x78d05c]
V  [jvm.dll+0x78759a]
V  [jvm.dll+0x675875]
C  [ucrtbase.dll+0x21bb2]
C  [KERNEL32.DLL+0x17614]
C  [ntdll.dll+0x526b1]


---------------  P R O C E S S  ---------------

Threads class SMR info:
_java_thread_list=0x000001e09ab582d0, length=17, elements={
0x000001e0fd4be520, 0x000001e0fd5997e0, 0x000001e0fd59a650, 0x000001e0ff5cec40,
0x000001e0ff5cf7f0, 0x000001e0ff5d22b0, 0x000001e0ff5d2c60, 0x000001e0ff5d39f0,
0x000001e0ff5d54a0, 0x000001e0ff643fa0, 0x000001e099141c40, 0x000001e0991443b0,
0x000001e099262c50, 0x000001e0996bd780, 0x000001e09abdaac0, 0x000001e09a159890,
0x000001e09a158080
}

Java Threads: ( => current thread )
  0x000001e0fd4be520 JavaThread "main" [_thread_in_native, id=17092, stack(0x000000dd6d500000,0x000000dd6d600000)]
  0x000001e0fd5997e0 JavaThread "Reference Handler" daemon [_thread_blocked, id=15912, stack(0x000000dd6dc00000,0x000000dd6dd00000)]
  0x000001e0fd59a650 JavaThread "Finalizer" daemon [_thread_blocked, id=16204, stack(0x000000dd6dd00000,0x000000dd6de00000)]
  0x000001e0ff5cec40 JavaThread "Signal Dispatcher" daemon [_thread_blocked, id=14984, stack(0x000000dd6de00000,0x000000dd6df00000)]
  0x000001e0ff5cf7f0 JavaThread "Attach Listener" daemon [_thread_blocked, id=15396, stack(0x000000dd6df00000,0x000000dd6e000000)]
  0x000001e0ff5d22b0 JavaThread "Service Thread" daemon [_thread_blocked, id=15644, stack(0x000000dd6e000000,0x000000dd6e100000)]
  0x000001e0ff5d2c60 JavaThread "Monitor Deflation Thread" daemon [_thread_blocked, id=16500, stack(0x000000dd6e100000,0x000000dd6e200000)]
=>0x000001e0ff5d39f0 JavaThread "C2 CompilerThread0" daemon [_thread_in_native, id=10584, stack(0x000000dd6e200000,0x000000dd6e300000)]
  0x000001e0ff5d54a0 JavaThread "C1 CompilerThread0" daemon [_thread_blocked, id=14836, stack(0x000000dd6e300000,0x000000dd6e400000)]
  0x000001e0ff643fa0 JavaThread "Sweeper thread" daemon [_thread_blocked, id=11432, stack(0x000000dd6e400000,0x000000dd6e500000)]
  0x000001e099141c40 JavaThread "Notification Thread" daemon [_thread_blocked, id=9196, stack(0x000000dd6e500000,0x000000dd6e600000)]
  0x000001e0991443b0 JavaThread "Common-Cleaner" daemon [_thread_blocked, id=13016, stack(0x000000dd6e700000,0x000000dd6e800000)]
  0x000001e099262c50 JavaThread "surefire-forkedjvm-stream-flusher" daemon [_thread_blocked, id=12880, stack(0x000000dd6e900000,0x000000dd6ea00000)]
  0x000001e0996bd780 JavaThread "surefire-forkedjvm-command-thread" daemon [_thread_in_native, id=11172, stack(0x000000dd6ea00000,0x000000dd6eb00000)]
  0x000001e09abdaac0 JavaThread "mysql-cj-abandoned-connection-cleanup" daemon [_thread_blocked, id=8296, stack(0x000000dd6eb00000,0x000000dd6ec00000)]
  0x000001e09a159890 JavaThread "HikariPool-1 housekeeper" daemon [_thread_blocked, id=9820, stack(0x000000dd6ed00000,0x000000dd6ee00000)]
  0x000001e09a158080 JavaThread "HikariPool-1 connection adder" daemon [_thread_blocked, id=5952, stack(0x000000dd6ee00000,0x000000dd6ef00000)]

Other Threads:
  0x000001e0fd593b80 VMThread "VM Thread" [stack: 0x000000dd6db00000,0x000000dd6dc00000] [id=13704]
  0x000001e099144120 WatcherThread [stack: 0x000000dd6e600000,0x000000dd6e700000] [id=7852]
  0x000001e0fd4f6200 GCTaskThread "GC Thread#0" [stack: 0x000000dd6d600000,0x000000dd6d700000] [id=12876]
  0x000001e0995428c0 GCTaskThread "GC Thread#1" [stack: 0x000000dd6e800000,0x000000dd6e900000] [id=15140]
  0x000001e0fd4fdec0 ConcurrentGCThread "G1 Main Marker" [stack: 0x000000dd6d700000,0x000000dd6d800000] [id=9048]
  0x000001e0fd4fe8d0 ConcurrentGCThread "G1 Conc#0" [stack: 0x000000dd6d800000,0x000000dd6d900000] [id=13540]
  0x000001e0fd5312c0 ConcurrentGCThread "G1 Refine#0" [stack: 0x000000dd6d900000,0x000000dd6da00000] [id=12392]
  0x000001e0fd531ce0 ConcurrentGCThread "G1 Service" [stack: 0x000000dd6da00000,0x000000dd6db00000] [id=1652]

Threads with active compile tasks:
C2 CompilerThread0     8848 4322   !   4       jdk.internal.loader.BuiltinClassLoader::findClassOnClassPathOrNull (64 bytes)

VM state: not at safepoint (normal execution)

VM Mutex/Monitor currently owned by a thread: None

Heap address: 0x00000000c9400000, size: 876 MB, Compressed Oops mode: 32-bit

CDS archive(s) mapped at: [0x0000000800000000-0x0000000800bd0000-0x0000000800bd0000), size 12386304, SharedBaseAddress: 0x0000000800000000, ArchiveRelocationMode: 0.
Compressed class space mapped at: 0x0000000800c00000-0x0000000840c00000, reserved size: 1073741824
Narrow klass base: 0x0000000800000000, Narrow klass shift: 0, Narrow klass range: 0x100000000

GC Precious Log:
 CPUs: 2 total, 2 available
 Memory: 3500M
 Large Page Support: Disabled
 NUMA Support: Disabled
 Compressed Oops: Enabled (32-bit)
 Heap Region Size: 1M
 Heap Min Capacity: 8M
 Heap Initial Capacity: 56M
 Heap Max Capacity: 876M
 Pre-touch: Disabled
 Parallel Workers: 2
 Concurrent Workers: 1
 Concurrent Refinement Workers: 2
 Periodic GC: Disabled

Heap:
 garbage-first heap   total 61440K, used 44050K [0x00000000c9400000, 0x0000000100000000)
  region size 1024K, 30 young (30720K), 3 survivors (3072K)
 Metaspace       used 44726K, committed 45120K, reserved 1089536K
  class space    used 5916K, committed 6144K, reserved 1048576K

Heap Regions: E=young(eden), S=young(survivor), O=old, HS=humongous(starts), HC=humongous(continues), CS=collection set, F=free, OA=open archive, CA=closed archive, TAMS=top-at-mark-start (previous, next)
|   0|0x00000000c9400000, 0x00000000c9500000, 0x00000000c9500000|100%|HS|  |TAMS 0x00000000c9500000, 0x00000000c9400000| Complete 
|   1|0x00000000c9500000, 0x00000000c9600000, 0x00000000c9600000|100%| O|  |TAMS 0x00000000c9600000, 0x00000000c9500000| Untracked 
|   2|0x00000000c9600000, 0x00000000c9700000, 0x00000000c9700000|100%| O|  |TAMS 0x00000000c9700000, 0x00000000c9600000| Untracked 
|   3|0x00000000c9700000, 0x00000000c9800000, 0x00000000c9800000|100%| O|  |TAMS 0x00000000c9800000, 0x00000000c9700000| Untracked 
|   4|0x00000000c9800000, 0x00000000c9900000, 0x00000000c9900000|100%| O|  |TAMS 0x00000000c9900000, 0x00000000c9800000| Untracked 
|   5|0x00000000c9900000, 0x00000000c9a00000, 0x00000000c9a00000|100%| O|  |TAMS 0x00000000c9a00000, 0x00000000c9900000| Untracked 
|   6|0x00000000c9a00000, 0x00000000c9b00000, 0x00000000c9b00000|100%| O|  |TAMS 0x00000000c9b00000, 0x00000000c9a00000| Untracked 
|   7|0x00000000c9b00000, 0x00000000c9c00000, 0x00000000c9c00000|100%| O|  |TAMS 0x00000000c9c00000, 0x00000000c9b00000| Untracked 
|   8|0x00000000c9c00000, 0x00000000c9d00000, 0x00000000c9d00000|100%| O|  |TAMS 0x00000000c9d00000, 0x00000000c9c00000| Untracked 
|   9|0x00000000c9d00000, 0x00000000c9e00000, 0x00000000c9e00000|100%| O|  |TAMS 0x00000000c9e00000, 0x00000000c9d00000| Untracked 
|  10|0x00000000c9e00000, 0x00000000c9e6f400, 0x00000000c9f00000| 43%| O|  |TAMS 0x00000000c9e6f400, 0x00000000c9e00000| Untracked 
|  11|0x00000000c9f00000, 0x00000000ca000000, 0x00000000ca000000|100%| O|  |TAMS 0x00000000ca000000, 0x00000000c9f00000| Untracked 
|  12|0x00000000ca000000, 0x00000000ca100000, 0x00000000ca100000|100%| O|  |TAMS 0x00000000ca100000, 0x00000000ca000000| Untracked 
|  13|0x00000000ca100000, 0x00000000ca200000, 0x00000000ca200000|100%| O|  |TAMS 0x00000000ca200000, 0x00000000ca100000| Untracked 
|  14|0x00000000ca200000, 0x00000000ca300000, 0x00000000ca300000|100%| O|  |TAMS 0x00000000ca300000, 0x00000000ca200000| Untracked 
|  15|0x00000000ca300000, 0x00000000ca395400, 0x00000000ca400000| 58%| O|  |TAMS 0x00000000ca395400, 0x00000000ca300000| Untracked 
|  16|0x00000000ca400000, 0x00000000ca400000, 0x00000000ca500000|  0%| F|  |TAMS 0x00000000ca400000, 0x00000000ca400000| Untracked 
|  17|0x00000000ca500000, 0x00000000ca500000, 0x00000000ca600000|  0%| F|  |TAMS 0x00000000ca500000, 0x00000000ca500000| Untracked 
|  18|0x00000000ca600000, 0x00000000ca600000, 0x00000000ca700000|  0%| F|  |TAMS 0x00000000ca600000, 0x00000000ca600000| Untracked 
|  19|0x00000000ca700000, 0x00000000ca700000, 0x00000000ca800000|  0%| F|  |TAMS 0x00000000ca700000, 0x00000000ca700000| Untracked 
|  20|0x00000000ca800000, 0x00000000ca800000, 0x00000000ca900000|  0%| F|  |TAMS 0x00000000ca800000, 0x00000000ca800000| Untracked 
|  21|0x00000000ca900000, 0x00000000ca900000, 0x00000000caa00000|  0%| F|  |TAMS 0x00000000ca900000, 0x00000000ca900000| Untracked 
|  22|0x00000000caa00000, 0x00000000caa00000, 0x00000000cab00000|  0%| F|  |TAMS 0x00000000caa00000, 0x00000000caa00000| Untracked 
|  23|0x00000000cab00000, 0x00000000cab00000, 0x00000000cac00000|  0%| F|  |TAMS 0x00000000cab00000, 0x00000000cab00000| Untracked 
|  24|0x00000000cac00000, 0x00000000cac00000, 0x00000000cad00000|  0%| F|  |TAMS 0x00000000cac00000, 0x00000000cac00000| Untracked 
|  25|0x00000000cad00000, 0x00000000cae00000, 0x00000000cae00000|100%| S|CS|TAMS 0x00000000cad00000, 0x00000000cad00000| Complete 
|  26|0x00000000cae00000, 0x00000000caf00000, 0x00000000caf00000|100%| S|CS|TAMS 0x00000000cae00000, 0x00000000cae00000| Complete 
|  27|0x00000000caf00000, 0x00000000caf00000, 0x00000000cb000000|  0%| F|  |TAMS 0x00000000caf00000, 0x00000000caf00000| Untracked 
|  28|0x00000000cb000000, 0x00000000cb000000, 0x00000000cb100000|  0%| F|  |TAMS 0x00000000cb000000, 0x00000000cb000000| Untracked 
|  29|0x00000000cb100000, 0x00000000cb200000, 0x00000000cb200000|100%| S|CS|TAMS 0x00000000cb100000, 0x00000000cb100000| Complete 
|  30|0x00000000cb200000, 0x00000000cb200000, 0x00000000cb300000|  0%| F|  |TAMS 0x00000000cb200000, 0x00000000cb200000| Untracked 
|  31|0x00000000cb300000, 0x00000000cb300000, 0x00000000cb400000|  0%| F|  |TAMS 0x00000000cb300000, 0x00000000cb300000| Untracked 
|  32|0x00000000cb400000, 0x00000000cb400000, 0x00000000cb500000|  0%| F|  |TAMS 0x00000000cb400000, 0x00000000cb400000| Untracked 
|  33|0x00000000cb500000, 0x00000000cb580108, 0x00000000cb600000| 50%| E|  |TAMS 0x00000000cb500000, 0x00000000cb500000| Complete 
|  34|0x00000000cb600000, 0x00000000cb700000, 0x00000000cb700000|100%| E|CS|TAMS 0x00000000cb600000, 0x00000000cb600000| Complete 
|  35|0x00000000cb700000, 0x00000000cb800000, 0x00000000cb800000|100%| E|CS|TAMS 0x00000000cb700000, 0x00000000cb700000| Complete 
|  36|0x00000000cb800000, 0x00000000cb900000, 0x00000000cb900000|100%| E|CS|TAMS 0x00000000cb800000, 0x00000000cb800000| Complete 
|  37|0x00000000cb900000, 0x00000000cba00000, 0x00000000cba00000|100%| E|CS|TAMS 0x00000000cb900000, 0x00000000cb900000| Complete 
|  38|0x00000000cba00000, 0x00000000cbb00000, 0x00000000cbb00000|100%| E|CS|TAMS 0x00000000cba00000, 0x00000000cba00000| Complete 
|  39|0x00000000cbb00000, 0x00000000cbc00000, 0x00000000cbc00000|100%| E|CS|TAMS 0x00000000cbb00000, 0x00000000cbb00000| Complete 
|  40|0x00000000cbc00000, 0x00000000cbd00000, 0x00000000cbd00000|100%| E|  |TAMS 0x00000000cbc00000, 0x00000000cbc00000| Complete 
|  41|0x00000000cbd00000, 0x00000000cbe00000, 0x00000000cbe00000|100%| E|CS|TAMS 0x00000000cbd00000, 0x00000000cbd00000| Complete 
|  42|0x00000000cbe00000, 0x00000000cbf00000, 0x00000000cbf00000|100%| E|CS|TAMS 0x00000000cbe00000, 0x00000000cbe00000| Complete 
|  43|0x00000000cbf00000, 0x00000000cc000000, 0x00000000cc000000|100%| E|CS|TAMS 0x00000000cbf00000, 0x00000000cbf00000| Complete 
|  44|0x00000000cc000000, 0x00000000cc100000, 0x00000000cc100000|100%| E|CS|TAMS 0x00000000cc000000, 0x00000000cc000000| Complete 
|  45|0x00000000cc100000, 0x00000000cc200000, 0x00000000cc200000|100%| E|CS|TAMS 0x00000000cc100000, 0x00000000cc100000| Complete 
|  46|0x00000000cc200000, 0x00000000cc300000, 0x00000000cc300000|100%| E|CS|TAMS 0x00000000cc200000, 0x00000000cc200000| Complete 
|  47|0x00000000cc300000, 0x00000000cc400000, 0x00000000cc400000|100%| E|CS|TAMS 0x00000000cc300000, 0x00000000cc300000| Complete 
|  48|0x00000000cc400000, 0x00000000cc500000, 0x00000000cc500000|100%| E|CS|TAMS 0x00000000cc400000, 0x00000000cc400000| Complete 
|  49|0x00000000cc500000, 0x00000000cc600000, 0x00000000cc600000|100%| E|CS|TAMS 0x00000000cc500000, 0x00000000cc500000| Complete 
|  50|0x00000000cc600000, 0x00000000cc700000, 0x00000000cc700000|100%| E|CS|TAMS 0x00000000cc600000, 0x00000000cc600000| Complete 
|  51|0x00000000cc700000, 0x00000000cc800000, 0x00000000cc800000|100%| E|CS|TAMS 0x00000000cc700000, 0x00000000cc700000| Complete 
|  52|0x00000000cc800000, 0x00000000cc900000, 0x00000000cc900000|100%| E|CS|TAMS 0x00000000cc800000, 0x00000000cc800000| Complete 
|  53|0x00000000cc900000, 0x00000000cca00000, 0x00000000cca00000|100%| E|CS|TAMS 0x00000000cc900000, 0x00000000cc900000| Complete 
|  54|0x00000000cca00000, 0x00000000ccb00000, 0x00000000ccb00000|100%| E|CS|TAMS 0x00000000cca00000, 0x00000000cca00000| Complete 
|  55|0x00000000ccb00000, 0x00000000ccc00000, 0x00000000ccc00000|100%| E|CS|TAMS 0x00000000ccb00000, 0x00000000ccb00000| Complete 
|  56|0x00000000ccc00000, 0x00000000ccd00000, 0x00000000ccd00000|100%| E|CS|TAMS 0x00000000ccc00000, 0x00000000ccc00000| Complete 
|  57|0x00000000ccd00000, 0x00000000cce00000, 0x00000000cce00000|100%| E|CS|TAMS 0x00000000ccd00000, 0x00000000ccd00000| Complete 
|  58|0x00000000cce00000, 0x00000000ccf00000, 0x00000000ccf00000|100%| E|CS|TAMS 0x00000000cce00000, 0x00000000cce00000| Complete 
|  59|0x00000000ccf00000, 0x00000000cd000000, 0x00000000cd000000|100%| E|CS|TAMS 0x00000000ccf00000, 0x00000000ccf00000| Complete 

Card table byte_map: [0x000001e0fd290000,0x000001e0fd450000] _byte_map_base: 0x000001e0fcc46000

Marking Bits (Prev, Next): (CMBitMap*) 0x000001e0fd4f6810, (CMBitMap*) 0x000001e0fd4f6850
 Prev Bits: [0x000001e0fd760000, 0x000001e0fe510000)
 Next Bits: [0x000001e0fe510000, 0x000001e0ff2c0000)

Polling page: 0x000001e0fcca0000

Metaspace:

Usage:
  Non-class:     37.90 MB used.
      Class:      5.78 MB used.
       Both:     43.68 MB used.

Virtual space:
  Non-class space:       40.00 MB reserved,      38.06 MB ( 95%) committed,  5 nodes.
      Class space:        1.00 GB reserved,       6.00 MB ( <1%) committed,  1 nodes.
             Both:        1.04 GB reserved,      44.06 MB (  4%) committed. 

Chunk freelists:
   Non-Class:  1.25 MB
       Class:  2.05 MB
        Both:  3.30 MB

MaxMetaspaceSize: unlimited
CompressedClassSpaceSize: 1.00 GB
Initial GC threshold: 21.00 MB
Current GC threshold: 58.75 MB
CDS: on
MetaspaceReclaimPolicy: balanced
 - commit_granule_bytes: 65536.
 - commit_granule_words: 8192.
 - virtual_space_node_default_size: 1048576.
 - enlarge_chunks_in_place: 1.
 - new_chunks_are_fully_committed: 0.
 - uncommit_free_chunks: 1.
 - use_allocation_guard: 0.
 - handle_deallocations: 1.


Internal statistics:

num_allocs_failed_limit: 6.
num_arena_births: 448.
num_arena_deaths: 0.
num_vsnodes_births: 6.
num_vsnodes_deaths: 0.
num_space_committed: 705.
num_space_uncommitted: 0.
num_chunks_returned_to_freelist: 6.
num_chunks_taken_from_freelist: 1953.
num_chunk_merges: 3.
num_chunk_splits: 1386.
num_chunks_enlarged: 1075.
num_purges: 0.
num_inconsistent_stats: 0.

CodeHeap 'non-profiled nmethods': size=120064Kb used=2295Kb max_used=2295Kb free=117768Kb
 bounds [0x000001e08f270000, 0x000001e08f4e0000, 0x000001e0967b0000]
CodeHeap 'profiled nmethods': size=120000Kb used=9351Kb max_used=9351Kb free=110648Kb
 bounds [0x000001e0877b0000, 0x000001e0880e0000, 0x000001e08ece0000]
CodeHeap 'non-nmethods': size=5696Kb used=1281Kb max_used=1310Kb free=4414Kb
 bounds [0x000001e08ece0000, 0x000001e08ef50000, 0x000001e08f270000]
 total_blobs=4916 nmethods=4322 adapters=505
 compilation: enabled
              stopped_count=0, restarted_count=0
 full_count=0

Compilation events (20 events):
Event: 8.746 Thread 0x000001e0ff5d54a0 4317       3       java.util.Collections$UnmodifiableMap$UnmodifiableEntrySet$1::hasNext (10 bytes)
Event: 8.746 Thread 0x000001e0ff5d39f0 nmethod 4315 0x000001e08f4ac810 code [0x000001e08f4ac9a0, 0x000001e08f4aca78]
Event: 8.746 Thread 0x000001e0ff5d54a0 nmethod 4317 0x000001e0880cab10 code [0x000001e0880cacc0, 0x000001e0880cae88]
Event: 8.746 Thread 0x000001e0ff5d54a0 4318       3       java.util.Collections$UnmodifiableMap$UnmodifiableEntrySet$1::next (5 bytes)
Event: 8.746 Thread 0x000001e0ff5d54a0 nmethod 4318 0x000001e0880caf90 code [0x000001e0880cb180, 0x000001e0880cb8d8]
Event: 8.747 Thread 0x000001e0ff5d54a0 4319       3       java.util.Collections$UnmodifiableMap$UnmodifiableEntrySet$UnmodifiableEntry::getKey (10 bytes)
Event: 8.747 Thread 0x000001e0ff5d54a0 nmethod 4319 0x000001e0880cbb10 code [0x000001e0880cbcc0, 0x000001e0880cbe88]
Event: 8.753 Thread 0x000001e0ff5d39f0 4320       4       jdk.internal.reflect.UTF8::utf8Length (81 bytes)
Event: 8.755 Thread 0x000001e0ff5d39f0 nmethod 4320 0x000001e08f4acb10 code [0x000001e08f4acca0, 0x000001e08f4ace48]
Event: 8.755 Thread 0x000001e0ff5d39f0 4321   !   4       jdk.internal.reflect.UTF8::encode (191 bytes)
Event: 8.760 Thread 0x000001e0ff5d39f0 nmethod 4321 0x000001e08f4ad010 code [0x000001e08f4ad1c0, 0x000001e08f4ad618]
Event: 8.764 Thread 0x000001e0ff5d39f0 4322   !   4       jdk.internal.loader.BuiltinClassLoader::findClassOnClassPathOrNull (64 bytes)
Event: 8.792 Thread 0x000001e0ff5d54a0 4323       3       java.util.stream.ReferencePipeline::iterator (8 bytes)
Event: 8.793 Thread 0x000001e0ff5d54a0 nmethod 4323 0x000001e0880cbf90 code [0x000001e0880cc160, 0x000001e0880cc658]
Event: 8.793 Thread 0x000001e0ff5d54a0 4324       3       java.util.ServiceLoader$ModuleServicesLookupIterator::iteratorFor (191 bytes)
Event: 8.795 Thread 0x000001e0ff5d54a0 nmethod 4324 0x000001e0880cc810 code [0x000001e0880cce40, 0x000001e0880d0b08]
Event: 8.811 Thread 0x000001e0ff5d54a0 4325       1       java.util.Formatter$FixedString::index (3 bytes)
Event: 8.811 Thread 0x000001e0ff5d54a0 nmethod 4325 0x000001e08f4ad990 code [0x000001e08f4adb20, 0x000001e08f4adbf8]
Event: 8.811 Thread 0x000001e0ff5d54a0 4326       1       java.util.Formatter$FormatSpecifier::index (5 bytes)
Event: 8.812 Thread 0x000001e0ff5d54a0 nmethod 4326 0x000001e08f4adc90 code [0x000001e08f4ade20, 0x000001e08f4adef8]

GC Heap History (20 events):
Event: 0.332 GC heap before
{Heap before GC invocations=0 (full 0):
 garbage-first heap   total 57344K, used 6144K [0x00000000c9400000, 0x0000000100000000)
  region size 1024K, 6 young (6144K), 0 survivors (0K)
 Metaspace       used 984K, committed 1088K, reserved 1056768K
  class space    used 83K, committed 128K, reserved 1048576K
}
Event: 0.336 GC heap after
{Heap after GC invocations=1 (full 0):
 garbage-first heap   total 57344K, used 4606K [0x00000000c9400000, 0x0000000100000000)
  region size 1024K, 1 young (1024K), 1 survivors (1024K)
 Metaspace       used 984K, committed 1088K, reserved 1056768K
  class space    used 83K, committed 128K, reserved 1048576K
}
Event: 0.462 GC heap before
{Heap before GC invocations=1 (full 0):
 garbage-first heap   total 57344K, used 8702K [0x00000000c9400000, 0x0000000100000000)
  region size 1024K, 5 young (5120K), 1 survivors (1024K)
 Metaspace       used 1880K, committed 2048K, reserved 1056768K
  class space    used 183K, committed 256K, reserved 1048576K
}
Event: 0.466 GC heap after
{Heap after GC invocations=2 (full 0):
 garbage-first heap   total 57344K, used 7101K [0x00000000c9400000, 0x0000000100000000)
  region size 1024K, 1 young (1024K), 1 survivors (1024K)
 Metaspace       used 1880K, committed 2048K, reserved 1056768K
  class space    used 183K, committed 256K, reserved 1048576K
}
Event: 0.754 GC heap before
{Heap before GC invocations=2 (full 0):
 garbage-first heap   total 57344K, used 13245K [0x00000000c9400000, 0x0000000100000000)
  region size 1024K, 7 young (7168K), 1 survivors (1024K)
 Metaspace       used 3508K, committed 3648K, reserved 1056768K
  class space    used 400K, committed 448K, reserved 1048576K
}
Event: 0.757 GC heap after
{Heap after GC invocations=3 (full 0):
 garbage-first heap   total 57344K, used 7672K [0x00000000c9400000, 0x0000000100000000)
  region size 1024K, 1 young (1024K), 1 survivors (1024K)
 Metaspace       used 3508K, committed 3648K, reserved 1056768K
  class space    used 400K, committed 448K, reserved 1048576K
}
Event: 1.620 GC heap before
{Heap before GC invocations=3 (full 0):
 garbage-first heap   total 57344K, used 22008K [0x00000000c9400000, 0x0000000100000000)
  region size 1024K, 15 young (15360K), 1 survivors (1024K)
 Metaspace       used 7528K, committed 7680K, reserved 1056768K
  class space    used 945K, committed 1024K, reserved 1048576K
}
Event: 1.623 GC heap after
{Heap after GC invocations=4 (full 0):
 garbage-first heap   total 57344K, used 8859K [0x00000000c9400000, 0x0000000100000000)
  region size 1024K, 2 young (2048K), 2 survivors (2048K)
 Metaspace       used 7528K, committed 7680K, reserved 1056768K
  class space    used 945K, committed 1024K, reserved 1048576K
}
Event: 3.124 GC heap before
{Heap before GC invocations=4 (full 0):
 garbage-first heap   total 57344K, used 38555K [0x00000000c9400000, 0x0000000100000000)
  region size 1024K, 31 young (31744K), 2 survivors (2048K)
 Metaspace       used 14243K, committed 14464K, reserved 1064960K
  class space    used 1878K, committed 1984K, reserved 1048576K
}
Event: 3.131 GC heap after
{Heap after GC invocations=5 (full 0):
 garbage-first heap   total 57344K, used 10869K [0x00000000c9400000, 0x0000000100000000)
  region size 1024K, 4 young (4096K), 4 survivors (4096K)
 Metaspace       used 14243K, committed 14464K, reserved 1064960K
  class space    used 1878K, committed 1984K, reserved 1048576K
}
Event: 3.806 GC heap before
{Heap before GC invocations=5 (full 0):
 garbage-first heap   total 57344K, used 38517K [0x00000000c9400000, 0x0000000100000000)
  region size 1024K, 32 young (32768K), 4 survivors (4096K)
 Metaspace       used 20134K, committed 20416K, reserved 1073152K
  class space    used 2604K, committed 2752K, reserved 1048576K
}
Event: 3.814 GC heap after
{Heap after GC invocations=6 (full 0):
 garbage-first heap   total 57344K, used 12676K [0x00000000c9400000, 0x0000000100000000)
  region size 1024K, 4 young (4096K), 4 survivors (4096K)
 Metaspace       used 20134K, committed 20416K, reserved 1073152K
  class space    used 2604K, committed 2752K, reserved 1048576K
}
Event: 4.252 GC heap before
{Heap before GC invocations=6 (full 0):
 garbage-first heap   total 57344K, used 25988K [0x00000000c9400000, 0x0000000100000000)
  region size 1024K, 18 young (18432K), 4 survivors (4096K)
 Metaspace       used 21290K, committed 21504K, reserved 1073152K
  class space    used 2743K, committed 2880K, reserved 1048576K
}
Event: 4.259 GC heap after
{Heap after GC invocations=7 (full 0):
 garbage-first heap   total 57344K, used 13072K [0x00000000c9400000, 0x0000000100000000)
  region size 1024K, 3 young (3072K), 3 survivors (3072K)
 Metaspace       used 21290K, committed 21504K, reserved 1073152K
  class space    used 2743K, committed 2880K, reserved 1048576K
}
Event: 5.494 GC heap before
{Heap before GC invocations=8 (full 0):
 garbage-first heap   total 51200K, used 40720K [0x00000000c9400000, 0x0000000100000000)
  region size 1024K, 30 young (30720K), 3 survivors (3072K)
 Metaspace       used 25575K, committed 25984K, reserved 1073152K
  class space    used 3383K, committed 3584K, reserved 1048576K
}
Event: 5.502 GC heap after
{Heap after GC invocations=9 (full 0):
 garbage-first heap   total 51200K, used 15630K [0x00000000c9400000, 0x0000000100000000)
  region size 1024K, 4 young (4096K), 4 survivors (4096K)
 Metaspace       used 25575K, committed 25984K, reserved 1073152K
  class space    used 3383K, committed 3584K, reserved 1048576K
}
Event: 6.249 GC heap before
{Heap before GC invocations=9 (full 0):
 garbage-first heap   total 51200K, used 37134K [0x00000000c9400000, 0x0000000100000000)
  region size 1024K, 25 young (25600K), 4 survivors (4096K)
 Metaspace       used 30097K, committed 30464K, reserved 1081344K
  class space    used 4008K, committed 4160K, reserved 1048576K
}
Event: 6.258 GC heap after
{Heap after GC invocations=10 (full 0):
 garbage-first heap   total 51200K, used 17021K [0x00000000c9400000, 0x0000000100000000)
  region size 1024K, 2 young (2048K), 2 survivors (2048K)
 Metaspace       used 30097K, committed 30464K, reserved 1081344K
  class space    used 4008K, committed 4160K, reserved 1048576K
}
Event: 7.163 GC heap before
{Heap before GC invocations=10 (full 0):
 garbage-first heap   total 51200K, used 36477K [0x00000000c9400000, 0x0000000100000000)
  region size 1024K, 22 young (22528K), 2 survivors (2048K)
 Metaspace       used 35621K, committed 35968K, reserved 1081344K
  class space    used 4764K, committed 4928K, reserved 1048576K
}
Event: 7.168 GC heap after
{Heap after GC invocations=11 (full 0):
 garbage-first heap   total 61440K, used 18450K [0x00000000c9400000, 0x0000000100000000)
  region size 1024K, 3 young (3072K), 3 survivors (3072K)
 Metaspace       used 35621K, committed 35968K, reserved 1081344K
  class space    used 4764K, committed 4928K, reserved 1048576K
}

Deoptimization events (20 events):
Event: 7.841 Thread 0x000001e09a158080 Uncommon trap: trap_request=0xffffffbe fr.pc=0x000001e08f46ddf0 relative=0x0000000000000350
Event: 7.841 Thread 0x000001e09a158080 Uncommon trap: reason=profile_predicate action=maybe_recompile pc=0x000001e08f46ddf0 method=java.util.Arrays$ArrayList.indexOf(Ljava/lang/Object;)I @ 39 c2
Event: 7.841 Thread 0x000001e09a158080 DEOPT PACKING pc=0x000001e08f46ddf0 sp=0x000000dd6eefe300
Event: 7.841 Thread 0x000001e09a158080 DEOPT UNPACKING pc=0x000001e08ed323a3 sp=0x000000dd6eefe288 mode 2
Event: 7.842 Thread 0x000001e09a158080 Uncommon trap: trap_request=0xffffffbe fr.pc=0x000001e08f46ddf0 relative=0x0000000000000350
Event: 7.842 Thread 0x000001e09a158080 Uncommon trap: reason=profile_predicate action=maybe_recompile pc=0x000001e08f46ddf0 method=java.util.Arrays$ArrayList.indexOf(Ljava/lang/Object;)I @ 39 c2
Event: 7.842 Thread 0x000001e09a158080 DEOPT PACKING pc=0x000001e08f46ddf0 sp=0x000000dd6eefe2b0
Event: 7.842 Thread 0x000001e09a158080 DEOPT UNPACKING pc=0x000001e08ed323a3 sp=0x000000dd6eefe238 mode 2
Event: 7.884 Thread 0x000001e09a158080 DEOPT PACKING pc=0x000001e087fbd73e sp=0x000000dd6eefdef0
Event: 7.884 Thread 0x000001e09a158080 DEOPT UNPACKING pc=0x000001e08ed32b43 sp=0x000000dd6eefd320 mode 0
Event: 7.916 Thread 0x000001e09a158080 DEOPT PACKING pc=0x000001e087fbd73e sp=0x000000dd6eefe040
Event: 7.917 Thread 0x000001e09a158080 DEOPT UNPACKING pc=0x000001e08ed32b43 sp=0x000000dd6eefd470 mode 0
Event: 7.922 Thread 0x000001e09a158080 DEOPT PACKING pc=0x000001e087fbd73e sp=0x000000dd6eefd710
Event: 7.922 Thread 0x000001e09a158080 DEOPT UNPACKING pc=0x000001e08ed32b43 sp=0x000000dd6eefcb40 mode 0
Event: 7.983 Thread 0x000001e09a158080 DEOPT PACKING pc=0x000001e08801448b sp=0x000000dd6eefdc30
Event: 7.983 Thread 0x000001e09a158080 DEOPT UNPACKING pc=0x000001e08ed32b43 sp=0x000000dd6eefd120 mode 0
Event: 8.203 Thread 0x000001e09a158080 DEOPT PACKING pc=0x000001e087fc9155 sp=0x000000dd6eefe1a0
Event: 8.203 Thread 0x000001e09a158080 DEOPT UNPACKING pc=0x000001e08ed32b43 sp=0x000000dd6eefd628 mode 0
Event: 8.209 Thread 0x000001e09a158080 DEOPT PACKING pc=0x000001e087fc9155 sp=0x000000dd6eefdc80
Event: 8.209 Thread 0x000001e09a158080 DEOPT UNPACKING pc=0x000001e08ed32b43 sp=0x000000dd6eefd108 mode 0

Classes unloaded (0 events):
No events

Classes redefined (0 events):
No events

Internal exceptions (20 events):
Event: 5.241 Thread 0x000001e0fd4be520 Exception <a 'java/lang/NoClassDefFoundError'{0x00000000cae562d0}: liquibase/integration/spring/SpringLiquibase> (0x00000000cae562d0) 
thrown [s\open\src\hotspot\share\classfile\systemDictionary.cpp, line 245]
Event: 5.251 Thread 0x000001e0fd4be520 Exception <a 'java/lang/NoClassDefFoundError'{0x00000000cae975d8}: org/springframework/batch/core/repository/JobRepository> (0x00000000cae975d8) 
thrown [s\open\src\hotspot\share\classfile\systemDictionary.cpp, line 245]
Event: 5.251 Thread 0x000001e0fd4be520 Exception <a 'java/lang/NoClassDefFoundError'{0x00000000cae99ca0}: org/quartz/Scheduler> (0x00000000cae99ca0) 
thrown [s\open\src\hotspot\share\classfile\systemDictionary.cpp, line 245]
Event: 5.251 Thread 0x000001e0fd4be520 Exception <a 'java/lang/NoClassDefFoundError'{0x00000000cae9c878}: org/springframework/session/jdbc/JdbcIndexedSessionRepository> (0x00000000cae9c878) 
thrown [s\open\src\hotspot\share\classfile\systemDictionary.cpp, line 245]
Event: 5.301 Thread 0x000001e0fd4be520 Exception <a 'java/lang/NoClassDefFoundError'{0x00000000cadf63c0}: org/jooq/DSLContext> (0x00000000cadf63c0) 
thrown [s\open\src\hotspot\share\classfile\systemDictionary.cpp, line 245]
Event: 5.486 Thread 0x000001e0fd4be520 Exception <a 'java/lang/NoSuchMethodError'{0x00000000ca8bf8c0}: 'java.lang.Object java.lang.invoke.DirectMethodHandle$Holder.invokeSpecialIFC(java.lang.Object, java.lang.Object, java.lang.Object)'> (0x00000000ca8bf8c0) 
thrown [s\open\src\hotspot\share\interpreter\linkResolver.cpp, line 759]
Event: 5.556 Thread 0x000001e0fd4be520 Implicit null exception at 0x000001e08f3dd299 to 0x000001e08f3dd77c
Event: 5.753 Thread 0x000001e0fd4be520 Implicit null exception at 0x000001e08f3d36f7 to 0x000001e08f3d3960
Event: 6.083 Thread 0x000001e0fd4be520 Exception <a 'java/lang/NoSuchMethodError'{0x00000000cb5d79f8}: 'java.lang.Object java.lang.invoke.DirectMethodHandle$Holder.invokeStaticInit(java.lang.Object, int, int, int, int)'> (0x00000000cb5d79f8) 
thrown [s\open\src\hotspot\share\interpreter\linkResolver.cpp, line 759]
Event: 6.162 Thread 0x000001e0fd4be520 Exception <a 'java/lang/NoSuchMethodError'{0x00000000cb4c4d68}: 'java.lang.Object java.lang.invoke.DirectMethodHandle$Holder.invokeStaticInit(java.lang.Object, java.lang.Object, int, int, int, int)'> (0x00000000cb4c4d68) 
thrown [s\open\src\hotspot\share\interpreter\linkResolver.cpp, line 759]
Event: 7.221 Thread 0x000001e0fd4be520 Exception <a 'sun/nio/fs/WindowsException'{0x00000000ccf4a9d0}> (0x00000000ccf4a9d0) 
thrown [s\open\src\hotspot\share\prims\jni.cpp, line 516]
Event: 7.227 Thread 0x000001e0fd4be520 Implicit null exception at 0x000001e08f420764 to 0x000001e08f422144
Event: 7.236 Thread 0x000001e0fd4be520 Exception <a 'java/lang/NoSuchMethodError'{0x00000000ccf6e2c0}: 'int java.lang.invoke.DirectMethodHandle$Holder.invokeStaticInit(java.lang.Object, java.lang.Object, java.lang.Object, java.lang.Object)'> (0x00000000ccf6e2c0) 
thrown [s\open\src\hotspot\share\interpreter\linkResolver.cpp, line 759]
Event: 7.647 Thread 0x000001e0fd4be520 Implicit null exception at 0x000001e08f2a0c72 to 0x000001e08f2a123c
Event: 7.647 Thread 0x000001e0fd4be520 Implicit null exception at 0x000001e08f2a0072 to 0x000001e08f2a064c
Event: 7.817 Thread 0x000001e0fd4be520 Exception <a 'java/lang/NoSuchMethodError'{0x00000000cc95e570}: 'java.lang.Object java.lang.invoke.DirectMethodHandle$Holder.invokeStaticInit(java.lang.Object, java.lang.Object, java.lang.Object, java.lang.Object)'> (0x00000000cc95e570) 
thrown [s\open\src\hotspot\share\interpreter\linkResolver.cpp, line 759]
Event: 8.245 Thread 0x000001e0fd4be520 Exception <a 'java/lang/NoSuchMethodError'{0x00000000cc1a9e88}: 'java.lang.Object java.lang.invoke.DirectMethodHandle$Holder.newInvokeSpecial(java.lang.Object, java.lang.Object, java.lang.Object, int)'> (0x00000000cc1a9e88) 
thrown [s\open\src\hotspot\share\interpreter\linkResolver.cpp, line 759]
Event: 8.246 Thread 0x000001e0fd4be520 Exception <a 'java/lang/NoSuchMethodError'{0x00000000cc1ae968}: 'java.lang.Object java.lang.invoke.DirectMethodHandle$Holder.invokeSpecial(java.lang.Object, java.lang.Object, java.lang.Object, java.lang.Object, int)'> (0x00000000cc1ae968) 
thrown [s\open\src\hotspot\share\interpreter\linkResolver.cpp, line 759]
Event: 8.247 Thread 0x000001e0fd4be520 Exception <a 'java/lang/NoSuchMethodError'{0x00000000cc1b2d28}: 'java.lang.Object java.lang.invoke.Invokers$Holder.linkToTargetMethod(java.lang.Object, java.lang.Object, int, java.lang.Object)'> (0x00000000cc1b2d28) 
thrown [s\open\src\hotspot\share\interpreter\linkResolver.cpp, line 759]
Event: 8.797 Thread 0x000001e0fd4be520 Exception <a 'java/lang/IncompatibleClassChangeError'{0x00000000cb6ad078}: Found class java.lang.Object, but interface was expected> (0x00000000cb6ad078) 
thrown [s\open\src\hotspot\share\interpreter\linkResolver.cpp, line 826]

VM Operations (20 events):
Event: 7.059 Executing VM operation: HandshakeAllThreads
Event: 7.059 Executing VM operation: HandshakeAllThreads done
Event: 7.140 Executing VM operation: HandshakeAllThreads
Event: 7.141 Executing VM operation: HandshakeAllThreads done
Event: 7.163 Executing VM operation: CollectForMetadataAllocation
Event: 7.169 Executing VM operation: CollectForMetadataAllocation done
Event: 7.189 Executing VM operation: G1Concurrent
Event: 7.209 Executing VM operation: G1Concurrent done
Event: 7.219 Executing VM operation: G1Concurrent
Event: 7.219 Executing VM operation: G1Concurrent done
Event: 7.223 Executing VM operation: HandshakeAllThreads
Event: 7.223 Executing VM operation: HandshakeAllThreads done
Event: 7.228 Executing VM operation: HandshakeAllThreads
Event: 7.228 Executing VM operation: HandshakeAllThreads done
Event: 7.229 Executing VM operation: HandshakeAllThreads
Event: 7.229 Executing VM operation: HandshakeAllThreads done
Event: 7.465 Executing VM operation: HandshakeAllThreads
Event: 7.465 Executing VM operation: HandshakeAllThreads done
Event: 8.262 Executing VM operation: ICBufferFull
Event: 8.262 Executing VM operation: ICBufferFull done

Events (20 events):
Event: 8.429 loading class java/util/stream/ReduceOps$1ReducingSink
Event: 8.429 loading class java/util/stream/ReduceOps$1ReducingSink done
Event: 8.516 loading class javax/naming/RefAddr
Event: 8.517 loading class javax/naming/RefAddr done
Event: 8.517 loading class javax/naming/StringRefAddr
Event: 8.517 loading class javax/naming/StringRefAddr done
Event: 8.683 loading class jdk/internal/reflect/UnsafeQualifiedStaticObjectFieldAccessorImpl
Event: 8.683 loading class jdk/internal/reflect/UnsafeQualifiedStaticObjectFieldAccessorImpl done
Event: 8.690 loading class java/util/concurrent/CompletionStage
Event: 8.690 loading class java/util/concurrent/CompletionStage done
Event: 8.692 loading class java/util/concurrent/CompletableFuture
Event: 8.693 loading class java/util/concurrent/CompletableFuture done
Event: 8.693 loading class java/util/concurrent/CompletableFuture$AltResult
Event: 8.694 loading class java/util/concurrent/CompletableFuture$AltResult done
Event: 8.696 loading class java/util/concurrent/CompletableFuture$ThreadPerTaskExecutor
Event: 8.696 loading class java/util/concurrent/CompletableFuture$ThreadPerTaskExecutor done
Event: 8.696 loading class java/util/concurrent/CompletableFuture$Completion
Event: 8.697 loading class java/util/concurrent/CompletableFuture$AsynchronousCompletionTask
Event: 8.697 loading class java/util/concurrent/CompletableFuture$AsynchronousCompletionTask done
Event: 8.698 loading class java/util/concurrent/CompletableFuture$Completion done


Dynamic libraries:
0x00007ff6bba50000 - 0x00007ff6bba60000 	C:\Program Files\Java\jdk-17\bin\java.exe
0x00007ff9c7390000 - 0x00007ff9c7588000 	C:\windows\SYSTEM32\ntdll.dll
0x00007ff9c64b0000 - 0x00007ff9c656f000 	C:\windows\System32\KERNEL32.DLL
0x00007ff9c4c50000 - 0x00007ff9c4f46000 	C:\windows\System32\KERNELBASE.dll
0x00007ff9c4f50000 - 0x00007ff9c5050000 	C:\windows\System32\ucrtbase.dll
0x00007ff9a7540000 - 0x00007ff9a7559000 	C:\Program Files\Java\jdk-17\bin\jli.dll
0x00007ff9c58a0000 - 0x00007ff9c594f000 	C:\windows\System32\ADVAPI32.dll
0x00007ff9c5970000 - 0x00007ff9c5a0e000 	C:\windows\System32\msvcrt.dll
0x00007ff9c6b50000 - 0x00007ff9c6bec000 	C:\windows\System32\sechost.dll
0x00007ff9c6650000 - 0x00007ff9c6776000 	C:\windows\System32\RPCRT4.dll
0x00007ff9c5480000 - 0x00007ff9c561d000 	C:\windows\System32\USER32.dll
0x00007ff9c4c20000 - 0x00007ff9c4c42000 	C:\windows\System32\win32u.dll
0x00007ff9c57b0000 - 0x00007ff9c57dc000 	C:\windows\System32\GDI32.dll
0x00007ff9c5220000 - 0x00007ff9c5335000 	C:\windows\System32\gdi32full.dll
0x00007ff9c4ac0000 - 0x00007ff9c4b5d000 	C:\windows\System32\msvcp_win.dll
0x00007ff99e540000 - 0x00007ff99e55b000 	C:\Program Files\Java\jdk-17\bin\VCRUNTIME140.dll
0x00007ff9adc60000 - 0x00007ff9adefa000 	C:\windows\WinSxS\amd64_microsoft.windows.common-controls_6595b64144ccf1df_6.0.19041.1110_none_60b5254171f9507e\COMCTL32.dll
0x00007ff9bc710000 - 0x00007ff9bc71a000 	C:\windows\SYSTEM32\VERSION.dll
0x00007ff9c6620000 - 0x00007ff9c6650000 	C:\windows\System32\IMM32.DLL
0x00007ff9ad960000 - 0x00007ff9ad96c000 	C:\Program Files\Java\jdk-17\bin\vcruntime140_1.dll
0x00007ff980ff0000 - 0x00007ff98107e000 	C:\Program Files\Java\jdk-17\bin\msvcp140.dll
0x00007ff956a30000 - 0x00007ff95760d000 	C:\Program Files\Java\jdk-17\bin\server\jvm.dll
0x00007ff9c7340000 - 0x00007ff9c7348000 	C:\windows\System32\PSAPI.DLL
0x00007ff999790000 - 0x00007ff999799000 	C:\windows\SYSTEM32\WSOCK32.dll
0x00007ff9c6a50000 - 0x00007ff9c6abb000 	C:\windows\System32\WS2_32.dll
0x00007ff9bc6e0000 - 0x00007ff9bc707000 	C:\windows\SYSTEM32\WINMM.dll
0x00007ff9c2920000 - 0x00007ff9c2932000 	C:\windows\SYSTEM32\kernel.appcore.dll
0x00007ff99e530000 - 0x00007ff99e53a000 	C:\Program Files\Java\jdk-17\bin\jimage.dll
0x00007ff9afaa0000 - 0x00007ff9afc84000 	C:\windows\SYSTEM32\DBGHELP.DLL
0x00007ff9a76e0000 - 0x00007ff9a7714000 	C:\windows\SYSTEM32\dbgcore.DLL
0x00007ff9c4b60000 - 0x00007ff9c4be2000 	C:\windows\System32\bcryptPrimitives.dll
0x00007ff996480000 - 0x00007ff9964a5000 	C:\Program Files\Java\jdk-17\bin\java.dll
0x00007ff975a70000 - 0x00007ff975b47000 	C:\Program Files\Java\jdk-17\bin\jsvml.dll
0x00007ff9c6bf0000 - 0x00007ff9c7334000 	C:\windows\System32\SHELL32.dll
0x00007ff9c2b20000 - 0x00007ff9c32b4000 	C:\windows\SYSTEM32\windows.storage.dll
0x00007ff9c6020000 - 0x00007ff9c6374000 	C:\windows\System32\combase.dll
0x00007ff9c43e0000 - 0x00007ff9c440e000 	C:\windows\SYSTEM32\Wldp.dll
0x00007ff9c5700000 - 0x00007ff9c57ad000 	C:\windows\System32\SHCORE.dll
0x00007ff9c5fc0000 - 0x00007ff9c6015000 	C:\windows\System32\shlwapi.dll
0x00007ff9c49a0000 - 0x00007ff9c49c5000 	C:\windows\SYSTEM32\profapi.dll
0x00007ff996460000 - 0x00007ff996479000 	C:\Program Files\Java\jdk-17\bin\net.dll
0x00007ff9b97b0000 - 0x00007ff9b98ba000 	C:\windows\SYSTEM32\WINHTTP.dll
0x00007ff9c4140000 - 0x00007ff9c41aa000 	C:\windows\system32\mswsock.dll
0x00007ff996440000 - 0x00007ff996456000 	C:\Program Files\Java\jdk-17\bin\nio.dll
0x00007ff9960c0000 - 0x00007ff9960d8000 	C:\Program Files\Java\jdk-17\bin\zip.dll
0x00007ff9965f0000 - 0x00007ff9965fa000 	C:\Program Files\Java\jdk-17\bin\management.dll
0x00007ff9963d0000 - 0x00007ff9963db000 	C:\Program Files\Java\jdk-17\bin\management_ext.dll
0x00007ff9c4330000 - 0x00007ff9c4348000 	C:\windows\SYSTEM32\CRYPTSP.dll
0x00007ff9c3a60000 - 0x00007ff9c3a94000 	C:\windows\system32\rsaenh.dll
0x00007ff9c4bf0000 - 0x00007ff9c4c17000 	C:\windows\System32\bcrypt.dll
0x00007ff9c4920000 - 0x00007ff9c494e000 	C:\windows\SYSTEM32\USERENV.dll
0x00007ff9c4350000 - 0x00007ff9c435c000 	C:\windows\SYSTEM32\CRYPTBASE.dll
0x00007ff9c3e30000 - 0x00007ff9c3e6c000 	C:\windows\SYSTEM32\IPHLPAPI.DLL
0x00007ff9c53f0000 - 0x00007ff9c53f8000 	C:\windows\System32\NSI.dll
0x00007ff9bb3c0000 - 0x00007ff9bb3d7000 	C:\windows\SYSTEM32\dhcpcsvc6.DLL
0x00007ff9b99f0000 - 0x00007ff9b9a0d000 	C:\windows\SYSTEM32\dhcpcsvc.DLL
0x00007ff9c3e70000 - 0x00007ff9c3f3a000 	C:\windows\SYSTEM32\DNSAPI.dll
0x00007ff99e3f0000 - 0x00007ff99e400000 	C:\Program Files\Java\jdk-17\bin\verify.dll
0x00007ff9aabb0000 - 0x00007ff9aabba000 	C:\Windows\System32\rasadhlp.dll
0x00007ff9ab000000 - 0x00007ff9ab082000 	C:\windows\System32\fwpuclnt.dll
0x00007ff99c4a0000 - 0x00007ff99c4ad000 	C:\Program Files\Java\jdk-17\bin\sunmscapi.dll
0x00007ff9c50c0000 - 0x00007ff9c521e000 	C:\windows\System32\CRYPT32.dll
0x00007ff9c4450000 - 0x00007ff9c4478000 	C:\windows\SYSTEM32\ncrypt.dll
0x00007ff9c4410000 - 0x00007ff9c444b000 	C:\windows\SYSTEM32\NTASN1.dll

dbghelp: loaded successfully - version: 4.0.5 - missing functions: none
symbol engine: initialized successfully - sym options: 0x614 - pdb path: .;C:\Program Files\Java\jdk-17\bin;C:\windows\SYSTEM32;C:\windows\WinSxS\amd64_microsoft.windows.common-controls_6595b64144ccf1df_6.0.19041.1110_none_60b5254171f9507e;C:\Program Files\Java\jdk-17\bin\server

VM Arguments:
java_command: C:\Users\carin\AppData\Local\Temp\surefire13442905581746849881\surefirebooter-20230801233152973_3.jar C:\Users\carin\AppData\Local\Temp\surefire13442905581746849881 2023-08-01T23-31-52_402-jvmRun1 surefire-20230801233152973_1tmp surefire_0-20230801233152973_2tmp
java_class_path (initial): C:\Users\carin\AppData\Local\Temp\surefire13442905581746849881\surefirebooter-20230801233152973_3.jar
Launcher Type: SUN_STANDARD

[Global flags]
     intx CICompilerCount                          = 2                                         {product} {ergonomic}
     uint ConcGCThreads                            = 1                                         {product} {ergonomic}
     uint G1ConcRefinementThreads                  = 2                                         {product} {ergonomic}
   size_t G1HeapRegionSize                         = 1048576                                   {product} {ergonomic}
    uintx GCDrainStackTargetSize                   = 64                                        {product} {ergonomic}
   size_t InitialHeapSize                          = 58720256                                  {product} {ergonomic}
   size_t MarkStackSize                            = 4194304                                   {product} {ergonomic}
   size_t MaxHeapSize                              = 918552576                                 {product} {ergonomic}
   size_t MaxNewSize                               = 550502400                                 {product} {ergonomic}
   size_t MinHeapDeltaBytes                        = 1048576                                   {product} {ergonomic}
   size_t MinHeapSize                              = 8388608                                   {product} {ergonomic}
    uintx NonNMethodCodeHeapSize                   = 5826188                                {pd product} {ergonomic}
    uintx NonProfiledCodeHeapSize                  = 122916026                              {pd product} {ergonomic}
    uintx ProfiledCodeHeapSize                     = 122916026                              {pd product} {ergonomic}
    uintx ReservedCodeCacheSize                    = 251658240                              {pd product} {ergonomic}
     bool SegmentedCodeCache                       = true                                      {product} {ergonomic}
   size_t SoftMaxHeapSize                          = 918552576                              {manageable} {ergonomic}
     bool UseCompressedClassPointers               = true                           {product lp64_product} {ergonomic}
     bool UseCompressedOops                        = true                           {product lp64_product} {ergonomic}
     bool UseG1GC                                  = true                                      {product} {ergonomic}
     bool UseLargePagesIndividualAllocation        = false                                  {pd product} {ergonomic}

Logging:
Log output configuration:
 #0: stdout all=warning uptime,level,tags
 #1: stderr all=off uptime,level,tags

Environment Variables:
JAVA_HOME=C:\Program Files\Java\jdk-17
PATH=C:\Program Files\Common Files\Oracle\Java\javapath;C:\windows\system32;C:\windows;C:\windows\System32\Wbem;C:\windows\System32\WindowsPowerShell\v1.0\;C:\windows\System32\OpenSSH\;C:\Program Files\Git\cmd;C:\Program Files\nodejs\;C:\gradle-8.1.1\bin;C:\Program Files\Java\jdk-20\bin;C:\Users\carin\AppData\Local\Microsoft\WindowsApps;C:\Users\carin\AppData\Local\Programs\Microsoft VS Code\bin;C:\Users\carin\AppData\Roaming\npm;C:\ProgramData\carin\GitHubDesktop\bin;C:\Users\carin\AppData\Local\GitHubDesktop\bin;C:\Users\carin\Downloads\mongodb-windows-x86_64-6.0.4.zip\mongodb-win32-x86_64-windows-6.0.4\bin;C:\Users\carin\Desktop\dataBase\data;C:\Program Files\MongoDB\Server\6.0\data;C:\Program Files\MongoDB\Server\6.0\bin;C:\Users\carin\Desktop\Backend\FastAPI;C:\Users\carin\Desktop\Backend;C:\Users\carin\Desktop\Backend\dataBase\data\log;C:\Program Files\MongoDB\Server\6.0\data;C:\Program Files\MongoDB\Server\6.0\bin;C:\Users\carin\AppData\Local\Packages\PythonSoftwareFoundation.Python.3.10_qbz5n2kfra8p0\LocalCache\local-packages\Python310\Scripts;C:\Users\carin\Documents\flutter\bin\;C:\Program Files\MySQL\MySQL Server 8.0\bin;C:\gradle-8.1.1\bin;C:\Program Files\Java\jdk-20\bin;
USERNAME=carin
OS=Windows_NT
PROCESSOR_IDENTIFIER=AMD64 Family 23 Model 24 Stepping 1, AuthenticAMD



---------------  S Y S T E M  ---------------

OS:
 Windows 10 , 64 bit Build 19041 (10.0.19041.3155)
OS uptime: 2 days 16:40 hours

CPU: total 2 (initial active 2) (2 cores per cpu, 1 threads per core) family 23 model 24 stepping 1 microcode 0x0, cx8, cmov, fxsr, mmx, 3dnowpref, sse, sse2, sse3, ssse3, sse4a, sse4.1, sse4.2, popcnt, lzcnt, tsc, tscinvbit, avx, avx2, aes, clmul, bmi1, bmi2, adx, sha, fma, vzeroupper, clflush, clflushopt

Memory: 4k page, system-wide physical 3500M (254M free)
TotalPageFile size 14252M (AvailPageFile size 1M)
current process WorkingSet (physical memory assigned to process): 192M, peak: 192M
current process commit charge ("private bytes"): 220M, peak: 221M

vm_info: Java HotSpot(TM) 64-Bit Server VM (17.0.7+8-LTS-224) for windows-amd64 JRE (17.0.7+8-LTS-224), built on Feb 28 2023 23:03:02 by "mach5one" with MS VC++ 17.1 (VS2022)

END.
