#
# There is insufficient memory for the Java Runtime Environment to continue.
# Native memory allocation (malloc) failed to allocate 730496 bytes for Chunk::new
# Possible reasons:
#   The system is out of physical RAM or swap space
#   The process is running with CompressedOops enabled, and the Java Heap may be blocking the growth of the native heap
# Possible solutions:
#   Reduce memory load on the system
#   Increase physical memory or swap space
#   Check if swap backing store is full
#   Decrease Java heap size (-Xmx/-Xms)
#   Decrease number of Java threads
#   Decrease Java thread stack sizes (-Xss)
#   Set larger code cache with -XX:ReservedCodeCacheSize=
#   JVM is running with Unscaled Compressed Oops mode in which the Java heap is
#     placed in the first 4GB address space. The Java Heap base address is the
#     maximum limit for the native heap growth. Please use -XX:HeapBaseMinAddress
#     to set the Java Heap base and to place the Java Heap above 4GB virtual address.
# This output file may be truncated or incomplete.
#
#  Out of Memory Error (arena.cpp:189), pid=14528, tid=616
#
# JRE version: Java(TM) SE Runtime Environment (17.0.7+8) (build 17.0.7+8-LTS-224)
# Java VM: Java HotSpot(TM) 64-Bit Server VM (17.0.7+8-LTS-224, mixed mode, sharing, tiered, compressed oops, compressed class ptrs, g1 gc, windows-amd64)
# No core dump will be written. Minidumps are not enabled by default on client versions of Windows
#

---------------  S U M M A R Y ------------

Command Line: C:\Users\carin\AppData\Local\Temp\surefire9495859364772670193\surefirebooter-20230803035515738_3.jar C:\Users\carin\AppData\Local\Temp\surefire9495859364772670193 2023-08-03T03-55-15_005-jvmRun1 surefire-20230803035515738_1tmp surefire_0-20230803035515738_2tmp

Host: AMD Athlon Silver 3050U with Radeon Graphics   , 2 cores, 3G,  Windows 10 , 64 bit Build 19041 (10.0.19041.3155)
Time: Thu Aug  3 03:55:19 2023 Hora estándar de Argentina elapsed time: 2.397703 seconds (0d 0h 0m 2s)

---------------  T H R E A D  ---------------

Current thread (0x0000022faea95a70):  JavaThread "C2 CompilerThread0" daemon [_thread_in_native, id=616, stack(0x0000007bf3500000,0x0000007bf3600000)]


Current CompileTask:
C2:   2397 1550       4       jdk.internal.loader.URLClassPath::getResource (74 bytes)

Stack: [0x0000007bf3500000,0x0000007bf3600000]
Native frames: (J=compiled Java code, j=interpreted, Vv=VM code, C=native code)
V  [jvm.dll+0x676a4a]
V  [jvm.dll+0x7d74f4]
V  [jvm.dll+0x7d8c9e]
V  [jvm.dll+0x7d9303]
V  [jvm.dll+0x2452c5]
V  [jvm.dll+0xaaa2b]
V  [jvm.dll+0xaafcc]
V  [jvm.dll+0x2aac2f]
V  [jvm.dll+0x57f375]
V  [jvm.dll+0x2205f2]
V  [jvm.dll+0x2209cf]
V  [jvm.dll+0x219926]
V  [jvm.dll+0x216df9]
V  [jvm.dll+0x1a35e0]
V  [jvm.dll+0x226a6e]
V  [jvm.dll+0x224e15]
V  [jvm.dll+0x78d05c]
V  [jvm.dll+0x78759a]
V  [jvm.dll+0x675875]
C  [ucrtbase.dll+0x21bb2]
C  [KERNEL32.DLL+0x17614]
C  [ntdll.dll+0x526b1]


---------------  P R O C E S S  ---------------

Threads class SMR info:
_java_thread_list=0x0000022fafb1d540, length=14, elements={
0x0000022f941ce280, 0x0000022f942ac4e0, 0x0000022f942ad350, 0x0000022faea8efb0,
0x0000022faea91970, 0x0000022faea92320, 0x0000022faea94ce0, 0x0000022faea95a70,
0x0000022faea96d20, 0x0000022faeb0c8f0, 0x0000022faf54c390, 0x0000022faf54caf0,
0x0000022fafa57350, 0x0000022faf9778d0
}

Java Threads: ( => current thread )
  0x0000022f941ce280 JavaThread "main" [_thread_in_Java, id=1776, stack(0x0000007bf2800000,0x0000007bf2900000)]
  0x0000022f942ac4e0 JavaThread "Reference Handler" daemon [_thread_blocked, id=1604, stack(0x0000007bf2f00000,0x0000007bf3000000)]
  0x0000022f942ad350 JavaThread "Finalizer" daemon [_thread_blocked, id=1864, stack(0x0000007bf3000000,0x0000007bf3100000)]
  0x0000022faea8efb0 JavaThread "Signal Dispatcher" daemon [_thread_blocked, id=7780, stack(0x0000007bf3100000,0x0000007bf3200000)]
  0x0000022faea91970 JavaThread "Attach Listener" daemon [_thread_blocked, id=2724, stack(0x0000007bf3200000,0x0000007bf3300000)]
  0x0000022faea92320 JavaThread "Service Thread" daemon [_thread_blocked, id=6216, stack(0x0000007bf3300000,0x0000007bf3400000)]
  0x0000022faea94ce0 JavaThread "Monitor Deflation Thread" daemon [_thread_blocked, id=14592, stack(0x0000007bf3400000,0x0000007bf3500000)]
=>0x0000022faea95a70 JavaThread "C2 CompilerThread0" daemon [_thread_in_native, id=616, stack(0x0000007bf3500000,0x0000007bf3600000)]
  0x0000022faea96d20 JavaThread "C1 CompilerThread0" daemon [_thread_blocked, id=14368, stack(0x0000007bf3600000,0x0000007bf3700000)]
  0x0000022faeb0c8f0 JavaThread "Sweeper thread" daemon [_thread_blocked, id=3716, stack(0x0000007bf3700000,0x0000007bf3800000)]
  0x0000022faf54c390 JavaThread "Notification Thread" daemon [_thread_blocked, id=15232, stack(0x0000007bf3800000,0x0000007bf3900000)]
  0x0000022faf54caf0 JavaThread "Common-Cleaner" daemon [_thread_blocked, id=12412, stack(0x0000007bf3a00000,0x0000007bf3b00000)]
  0x0000022fafa57350 JavaThread "surefire-forkedjvm-stream-flusher" daemon [_thread_blocked, id=14724, stack(0x0000007bf3c00000,0x0000007bf3d00000)]
  0x0000022faf9778d0 JavaThread "surefire-forkedjvm-command-thread" daemon [_thread_in_native, id=2592, stack(0x0000007bf3d00000,0x0000007bf3e00000)]

Other Threads:
  0x0000022f942a4870 VMThread "VM Thread" [stack: 0x0000007bf2e00000,0x0000007bf2f00000] [id=13992]
  0x0000022faf54c860 WatcherThread [stack: 0x0000007bf3900000,0x0000007bf3a00000] [id=13136]
  0x0000022f94205f60 GCTaskThread "GC Thread#0" [stack: 0x0000007bf2900000,0x0000007bf2a00000] [id=3152]
  0x0000022faf979ed0 GCTaskThread "GC Thread#1" [stack: 0x0000007bf3b00000,0x0000007bf3c00000] [id=14056]
  0x0000022f9420dc20 ConcurrentGCThread "G1 Main Marker" [stack: 0x0000007bf2a00000,0x0000007bf2b00000] [id=13284]
  0x0000022f9420e630 ConcurrentGCThread "G1 Conc#0" [stack: 0x0000007bf2b00000,0x0000007bf2c00000] [id=4220]
  0x0000022f94241030 ConcurrentGCThread "G1 Refine#0" [stack: 0x0000007bf2c00000,0x0000007bf2d00000] [id=2352]
  0x0000022f94241a50 ConcurrentGCThread "G1 Service" [stack: 0x0000007bf2d00000,0x0000007bf2e00000] [id=14740]

Threads with active compile tasks:
C2 CompilerThread0     2428 1550       4       jdk.internal.loader.URLClassPath::getResource (74 bytes)

VM state: not at safepoint (normal execution)

VM Mutex/Monitor currently owned by a thread: None

Heap address: 0x00000000c9400000, size: 876 MB, Compressed Oops mode: 32-bit

CDS archive(s) mapped at: [0x0000000800000000-0x0000000800bd0000-0x0000000800bd0000), size 12386304, SharedBaseAddress: 0x0000000800000000, ArchiveRelocationMode: 0.
Compressed class space mapped at: 0x0000000800c00000-0x0000000840c00000, reserved size: 1073741824
Narrow klass base: 0x0000000800000000, Narrow klass shift: 0, Narrow klass range: 0x100000000

GC Precious Log:
 CPUs: 2 total, 2 available
 Memory: 3500M
 Large Page Support: Disabled
 NUMA Support: Disabled
 Compressed Oops: Enabled (32-bit)
 Heap Region Size: 1M
 Heap Min Capacity: 8M
 Heap Initial Capacity: 56M
 Heap Max Capacity: 876M
 Pre-touch: Disabled
 Parallel Workers: 2
 Concurrent Workers: 1
 Concurrent Refinement Workers: 2
 Periodic GC: Disabled

Heap:
 garbage-first heap   total 57344K, used 16795K [0x00000000c9400000, 0x0000000100000000)
  region size 1024K, 11 young (11264K), 2 survivors (2048K)
 Metaspace       used 9207K, committed 9408K, reserved 1064960K
  class space    used 1144K, committed 1280K, reserved 1048576K

Heap Regions: E=young(eden), S=young(survivor), O=old, HS=humongous(starts), HC=humongous(continues), CS=collection set, F=free, OA=open archive, CA=closed archive, TAMS=top-at-mark-start (previous, next)
|   0|0x00000000c9400000, 0x00000000c9500000, 0x00000000c9500000|100%|HS|  |TAMS 0x00000000c9400000, 0x00000000c9400000| Complete 
|   1|0x00000000c9500000, 0x00000000c9600000, 0x00000000c9600000|100%| O|  |TAMS 0x00000000c9500000, 0x00000000c9500000| Untracked 
|   2|0x00000000c9600000, 0x00000000c9700000, 0x00000000c9700000|100%| O|  |TAMS 0x00000000c9600000, 0x00000000c9600000| Untracked 
|   3|0x00000000c9700000, 0x00000000c9800000, 0x00000000c9800000|100%| O|  |TAMS 0x00000000c9700000, 0x00000000c9700000| Untracked 
|   4|0x00000000c9800000, 0x00000000c9900000, 0x00000000c9900000|100%| O|  |TAMS 0x00000000c9800000, 0x00000000c9800000| Untracked 
|   5|0x00000000c9900000, 0x00000000c9a00000, 0x00000000c9a00000|100%| O|  |TAMS 0x00000000c9900000, 0x00000000c9900000| Untracked 
|   6|0x00000000c9a00000, 0x00000000c9ac2600, 0x00000000c9b00000| 75%| O|  |TAMS 0x00000000c9a00000, 0x00000000c9a00000| Untracked 
|   7|0x00000000c9b00000, 0x00000000c9b00000, 0x00000000c9c00000|  0%| F|  |TAMS 0x00000000c9b00000, 0x00000000c9b00000| Untracked 
|   8|0x00000000c9c00000, 0x00000000c9c00000, 0x00000000c9d00000|  0%| F|  |TAMS 0x00000000c9c00000, 0x00000000c9c00000| Untracked 
|   9|0x00000000c9d00000, 0x00000000c9d00000, 0x00000000c9e00000|  0%| F|  |TAMS 0x00000000c9d00000, 0x00000000c9d00000| Untracked 
|  10|0x00000000c9e00000, 0x00000000c9e00000, 0x00000000c9f00000|  0%| F|  |TAMS 0x00000000c9e00000, 0x00000000c9e00000| Untracked 
|  11|0x00000000c9f00000, 0x00000000c9f00000, 0x00000000ca000000|  0%| F|  |TAMS 0x00000000c9f00000, 0x00000000c9f00000| Untracked 
|  12|0x00000000ca000000, 0x00000000ca000000, 0x00000000ca100000|  0%| F|  |TAMS 0x00000000ca000000, 0x00000000ca000000| Untracked 
|  13|0x00000000ca100000, 0x00000000ca100000, 0x00000000ca200000|  0%| F|  |TAMS 0x00000000ca100000, 0x00000000ca100000| Untracked 
|  14|0x00000000ca200000, 0x00000000ca200000, 0x00000000ca300000|  0%| F|  |TAMS 0x00000000ca200000, 0x00000000ca200000| Untracked 
|  15|0x00000000ca300000, 0x00000000ca300000, 0x00000000ca400000|  0%| F|  |TAMS 0x00000000ca300000, 0x00000000ca300000| Untracked 
|  16|0x00000000ca400000, 0x00000000ca400000, 0x00000000ca500000|  0%| F|  |TAMS 0x00000000ca400000, 0x00000000ca400000| Untracked 
|  17|0x00000000ca500000, 0x00000000ca500000, 0x00000000ca600000|  0%| F|  |TAMS 0x00000000ca500000, 0x00000000ca500000| Untracked 
|  18|0x00000000ca600000, 0x00000000ca600000, 0x00000000ca700000|  0%| F|  |TAMS 0x00000000ca600000, 0x00000000ca600000| Untracked 
|  19|0x00000000ca700000, 0x00000000ca700000, 0x00000000ca800000|  0%| F|  |TAMS 0x00000000ca700000, 0x00000000ca700000| Untracked 
|  20|0x00000000ca800000, 0x00000000ca800000, 0x00000000ca900000|  0%| F|  |TAMS 0x00000000ca800000, 0x00000000ca800000| Untracked 
|  21|0x00000000ca900000, 0x00000000ca900000, 0x00000000caa00000|  0%| F|  |TAMS 0x00000000ca900000, 0x00000000ca900000| Untracked 
|  22|0x00000000caa00000, 0x00000000caa00000, 0x00000000cab00000|  0%| F|  |TAMS 0x00000000caa00000, 0x00000000caa00000| Untracked 
|  23|0x00000000cab00000, 0x00000000cab00000, 0x00000000cac00000|  0%| F|  |TAMS 0x00000000cab00000, 0x00000000cab00000| Untracked 
|  24|0x00000000cac00000, 0x00000000cac00000, 0x00000000cad00000|  0%| F|  |TAMS 0x00000000cac00000, 0x00000000cac00000| Untracked 
|  25|0x00000000cad00000, 0x00000000cad00000, 0x00000000cae00000|  0%| F|  |TAMS 0x00000000cad00000, 0x00000000cad00000| Untracked 
|  26|0x00000000cae00000, 0x00000000cae00000, 0x00000000caf00000|  0%| F|  |TAMS 0x00000000cae00000, 0x00000000cae00000| Untracked 
|  27|0x00000000caf00000, 0x00000000caf00000, 0x00000000cb000000|  0%| F|  |TAMS 0x00000000caf00000, 0x00000000caf00000| Untracked 
|  28|0x00000000cb000000, 0x00000000cb000000, 0x00000000cb100000|  0%| F|  |TAMS 0x00000000cb000000, 0x00000000cb000000| Untracked 
|  29|0x00000000cb100000, 0x00000000cb100000, 0x00000000cb200000|  0%| F|  |TAMS 0x00000000cb100000, 0x00000000cb100000| Untracked 
|  30|0x00000000cb200000, 0x00000000cb200000, 0x00000000cb300000|  0%| F|  |TAMS 0x00000000cb200000, 0x00000000cb200000| Untracked 
|  31|0x00000000cb300000, 0x00000000cb300000, 0x00000000cb400000|  0%| F|  |TAMS 0x00000000cb300000, 0x00000000cb300000| Untracked 
|  32|0x00000000cb400000, 0x00000000cb400000, 0x00000000cb500000|  0%| F|  |TAMS 0x00000000cb400000, 0x00000000cb400000| Untracked 
|  33|0x00000000cb500000, 0x00000000cb500000, 0x00000000cb600000|  0%| F|  |TAMS 0x00000000cb500000, 0x00000000cb500000| Untracked 
|  34|0x00000000cb600000, 0x00000000cb600000, 0x00000000cb700000|  0%| F|  |TAMS 0x00000000cb600000, 0x00000000cb600000| Untracked 
|  35|0x00000000cb700000, 0x00000000cb700000, 0x00000000cb800000|  0%| F|  |TAMS 0x00000000cb700000, 0x00000000cb700000| Untracked 
|  36|0x00000000cb800000, 0x00000000cb800000, 0x00000000cb900000|  0%| F|  |TAMS 0x00000000cb800000, 0x00000000cb800000| Untracked 
|  37|0x00000000cb900000, 0x00000000cb900000, 0x00000000cba00000|  0%| F|  |TAMS 0x00000000cb900000, 0x00000000cb900000| Untracked 
|  38|0x00000000cba00000, 0x00000000cba00000, 0x00000000cbb00000|  0%| F|  |TAMS 0x00000000cba00000, 0x00000000cba00000| Untracked 
|  39|0x00000000cbb00000, 0x00000000cbb00000, 0x00000000cbc00000|  0%| F|  |TAMS 0x00000000cbb00000, 0x00000000cbb00000| Untracked 
|  40|0x00000000cbc00000, 0x00000000cbca49d8, 0x00000000cbd00000| 64%| S|CS|TAMS 0x00000000cbc00000, 0x00000000cbc00000| Complete 
|  41|0x00000000cbd00000, 0x00000000cbe00000, 0x00000000cbe00000|100%| S|CS|TAMS 0x00000000cbd00000, 0x00000000cbd00000| Complete 
|  42|0x00000000cbe00000, 0x00000000cbe00000, 0x00000000cbf00000|  0%| F|  |TAMS 0x00000000cbe00000, 0x00000000cbe00000| Untracked 
|  43|0x00000000cbf00000, 0x00000000cbf00000, 0x00000000cc000000|  0%| F|  |TAMS 0x00000000cbf00000, 0x00000000cbf00000| Untracked 
|  44|0x00000000cc000000, 0x00000000cc000000, 0x00000000cc100000|  0%| F|  |TAMS 0x00000000cc000000, 0x00000000cc000000| Untracked 
|  45|0x00000000cc100000, 0x00000000cc100000, 0x00000000cc200000|  0%| F|  |TAMS 0x00000000cc100000, 0x00000000cc100000| Untracked 
|  46|0x00000000cc200000, 0x00000000cc200000, 0x00000000cc300000|  0%| F|  |TAMS 0x00000000cc200000, 0x00000000cc200000| Untracked 
|  47|0x00000000cc300000, 0x00000000cc381018, 0x00000000cc400000| 50%| E|  |TAMS 0x00000000cc300000, 0x00000000cc300000| Complete 
|  48|0x00000000cc400000, 0x00000000cc500000, 0x00000000cc500000|100%| E|CS|TAMS 0x00000000cc400000, 0x00000000cc400000| Complete 
|  49|0x00000000cc500000, 0x00000000cc600000, 0x00000000cc600000|100%| E|CS|TAMS 0x00000000cc500000, 0x00000000cc500000| Complete 
|  50|0x00000000cc600000, 0x00000000cc700000, 0x00000000cc700000|100%| E|CS|TAMS 0x00000000cc600000, 0x00000000cc600000| Complete 
|  51|0x00000000cc700000, 0x00000000cc800000, 0x00000000cc800000|100%| E|CS|TAMS 0x00000000cc700000, 0x00000000cc700000| Complete 
|  52|0x00000000cc800000, 0x00000000cc900000, 0x00000000cc900000|100%| E|CS|TAMS 0x00000000cc800000, 0x00000000cc800000| Complete 
|  53|0x00000000cc900000, 0x00000000cca00000, 0x00000000cca00000|100%| E|CS|TAMS 0x00000000cc900000, 0x00000000cc900000| Complete 
|  54|0x00000000cca00000, 0x00000000ccb00000, 0x00000000ccb00000|100%| E|CS|TAMS 0x00000000cca00000, 0x00000000cca00000| Complete 
|  55|0x00000000ccb00000, 0x00000000ccc00000, 0x00000000ccc00000|100%| E|CS|TAMS 0x00000000ccb00000, 0x00000000ccb00000| Complete 

Card table byte_map: [0x0000022f93f80000,0x0000022f94140000] _byte_map_base: 0x0000022f93936000

Marking Bits (Prev, Next): (CMBitMap*) 0x0000022f94206570, (CMBitMap*) 0x0000022f942065b0
 Prev Bits: [0x0000022faac20000, 0x0000022fab9d0000)
 Next Bits: [0x0000022fab9d0000, 0x0000022fac780000)

Polling page: 0x0000022f92010000

Metaspace:

Usage:
  Non-class:      7.89 MB used.
      Class:      1.12 MB used.
       Both:      9.01 MB used.

Virtual space:
  Non-class space:       16.00 MB reserved,       8.00 MB ( 50%) committed,  2 nodes.
      Class space:        1.00 GB reserved,       1.25 MB ( <1%) committed,  1 nodes.
             Both:        1.02 GB reserved,       9.25 MB ( <1%) committed. 

Chunk freelists:
   Non-Class:  3.42 MB
       Class:  2.80 MB
        Both:  6.22 MB

MaxMetaspaceSize: unlimited
CompressedClassSpaceSize: 1.00 GB
Initial GC threshold: 21.00 MB
Current GC threshold: 21.00 MB
CDS: on
MetaspaceReclaimPolicy: balanced
 - commit_granule_bytes: 65536.
 - commit_granule_words: 8192.
 - virtual_space_node_default_size: 1048576.
 - enlarge_chunks_in_place: 1.
 - new_chunks_are_fully_committed: 0.
 - uncommit_free_chunks: 1.
 - use_allocation_guard: 0.
 - handle_deallocations: 1.


Internal statistics:

num_allocs_failed_limit: 0.
num_arena_births: 138.
num_arena_deaths: 0.
num_vsnodes_births: 3.
num_vsnodes_deaths: 0.
num_space_committed: 148.
num_space_uncommitted: 0.
num_chunks_returned_to_freelist: 0.
num_chunks_taken_from_freelist: 467.
num_chunk_merges: 0.
num_chunk_splits: 267.
num_chunks_enlarged: 179.
num_purges: 0.
num_inconsistent_stats: 0.

CodeHeap 'non-profiled nmethods': size=120064Kb used=542Kb max_used=542Kb free=119521Kb
 bounds [0x0000022fa3520000, 0x0000022fa3790000, 0x0000022faaa60000]
CodeHeap 'profiled nmethods': size=120000Kb used=3312Kb max_used=3312Kb free=116688Kb
 bounds [0x0000022f9ba60000, 0x0000022f9bda0000, 0x0000022fa2f90000]
CodeHeap 'non-nmethods': size=5696Kb used=1187Kb max_used=1199Kb free=4508Kb
 bounds [0x0000022fa2f90000, 0x0000022fa3200000, 0x0000022fa3520000]
 total_blobs=2087 nmethods=1607 adapters=392
 compilation: enabled
              stopped_count=0, restarted_count=0
 full_count=0

Compilation events (20 events):
Event: 2.386 Thread 0x0000022faea96d20 1583       1       java.lang.reflect.Method::getRoot (5 bytes)
Event: 2.386 Thread 0x0000022faea96d20 nmethod 1583 0x0000022fa35a6b10 code [0x0000022fa35a6ca0, 0x0000022fa35a6d78]
Event: 2.386 Thread 0x0000022faea96d20 1584       3       java.util.RegularEnumSet::add (9 bytes)
Event: 2.387 Thread 0x0000022faea96d20 nmethod 1584 0x0000022f9bd83090 code [0x0000022f9bd83240, 0x0000022f9bd83488]
Event: 2.387 Thread 0x0000022faea96d20 1585       3       java.util.EnumSet::typeCheck (59 bytes)
Event: 2.388 Thread 0x0000022faea96d20 nmethod 1585 0x0000022f9bd83590 code [0x0000022f9bd83840, 0x0000022f9bd84338]
Event: 2.388 Thread 0x0000022faea96d20 1586       3       java.util.Collections$UnmodifiableMap::get (11 bytes)
Event: 2.388 Thread 0x0000022faea96d20 nmethod 1586 0x0000022f9bd84710 code [0x0000022f9bd848c0, 0x0000022f9bd84a88]
Event: 2.388 Thread 0x0000022faea96d20 1587       3       java.lang.PublicMethods$Key::hashCode (19 bytes)
Event: 2.389 Thread 0x0000022faea96d20 nmethod 1587 0x0000022f9bd84b90 code [0x0000022f9bd84d40, 0x0000022f9bd84ed8]
Event: 2.389 Thread 0x0000022faea96d20 1588       3       java.util.HashMap::computeIfAbsent (330 bytes)
Event: 2.390 Thread 0x0000022faea96d20 nmethod 1588 0x0000022f9bd84f90 code [0x0000022f9bd852a0, 0x0000022f9bd86908]
Event: 2.390 Thread 0x0000022faea96d20 1589       3       java.lang.reflect.Method::getParameterTypes (11 bytes)
Event: 2.390 Thread 0x0000022faea96d20 nmethod 1589 0x0000022f9bd86f10 code [0x0000022f9bd870c0, 0x0000022f9bd87388]
Event: 2.390 Thread 0x0000022faea96d20 1590       3       jdk.internal.org.objectweb.asm.MethodWriter::putFrame (549 bytes)
Event: 2.391 Thread 0x0000022faea96d20 nmethod 1590 0x0000022f9bd87490 code [0x0000022f9bd87900, 0x0000022f9bd89438]
Event: 2.392 Thread 0x0000022faea96d20 1591       3       jdk.internal.org.objectweb.asm.SymbolTable::put (150 bytes)
Event: 2.392 Thread 0x0000022faea96d20 nmethod 1591 0x0000022f9bd8a090 code [0x0000022f9bd8a280, 0x0000022f9bd8ab18]
Event: 2.392 Thread 0x0000022faea96d20 1592       3       jdk.internal.org.objectweb.asm.SymbolTable::addConstant (330 bytes)
Event: 2.393 Thread 0x0000022faea96d20 nmethod 1592 0x0000022f9bd8ae10 code [0x0000022f9bd8b380, 0x0000022f9bd8e5b8]

GC Heap History (8 events):
Event: 0.411 GC heap before
{Heap before GC invocations=0 (full 0):
 garbage-first heap   total 57344K, used 6144K [0x00000000c9400000, 0x0000000100000000)
  region size 1024K, 6 young (6144K), 0 survivors (0K)
 Metaspace       used 979K, committed 1088K, reserved 1056768K
  class space    used 83K, committed 128K, reserved 1048576K
}
Event: 0.419 GC heap after
{Heap after GC invocations=1 (full 0):
 garbage-first heap   total 57344K, used 4380K [0x00000000c9400000, 0x0000000100000000)
  region size 1024K, 1 young (1024K), 1 survivors (1024K)
 Metaspace       used 979K, committed 1088K, reserved 1056768K
  class space    used 83K, committed 128K, reserved 1048576K
}
Event: 0.930 GC heap before
{Heap before GC invocations=1 (full 0):
 garbage-first heap   total 57344K, used 8476K [0x00000000c9400000, 0x0000000100000000)
  region size 1024K, 5 young (5120K), 1 survivors (1024K)
 Metaspace       used 1868K, committed 1984K, reserved 1056768K
  class space    used 183K, committed 256K, reserved 1048576K
}
Event: 0.937 GC heap after
{Heap after GC invocations=2 (full 0):
 garbage-first heap   total 57344K, used 6785K [0x00000000c9400000, 0x0000000100000000)
  region size 1024K, 1 young (1024K), 1 survivors (1024K)
 Metaspace       used 1868K, committed 1984K, reserved 1056768K
  class space    used 183K, committed 256K, reserved 1048576K
}
Event: 1.290 GC heap before
{Heap before GC invocations=2 (full 0):
 garbage-first heap   total 57344K, used 12929K [0x00000000c9400000, 0x0000000100000000)
  region size 1024K, 7 young (7168K), 1 survivors (1024K)
 Metaspace       used 3496K, committed 3648K, reserved 1056768K
  class space    used 396K, committed 448K, reserved 1048576K
}
Event: 1.292 GC heap after
{Heap after GC invocations=3 (full 0):
 garbage-first heap   total 57344K, used 7558K [0x00000000c9400000, 0x0000000100000000)
  region size 1024K, 1 young (1024K), 1 survivors (1024K)
 Metaspace       used 3496K, committed 3648K, reserved 1056768K
  class space    used 396K, committed 448K, reserved 1048576K
}
Event: 2.054 GC heap before
{Heap before GC invocations=3 (full 0):
 garbage-first heap   total 57344K, used 20870K [0x00000000c9400000, 0x0000000100000000)
  region size 1024K, 14 young (14336K), 1 survivors (1024K)
 Metaspace       used 7265K, committed 7424K, reserved 1056768K
  class space    used 912K, committed 960K, reserved 1048576K
}
Event: 2.060 GC heap after
{Heap after GC invocations=4 (full 0):
 garbage-first heap   total 57344K, used 8603K [0x00000000c9400000, 0x0000000100000000)
  region size 1024K, 2 young (2048K), 2 survivors (2048K)
 Metaspace       used 7265K, committed 7424K, reserved 1056768K
  class space    used 912K, committed 960K, reserved 1048576K
}

Deoptimization events (20 events):
Event: 2.311 Thread 0x0000022f941ce280 DEOPT PACKING pc=0x0000022fa35529ec sp=0x0000007bf28fcac0
Event: 2.312 Thread 0x0000022f941ce280 DEOPT UNPACKING pc=0x0000022fa2fe23a3 sp=0x0000007bf28fc970 mode 2
Event: 2.312 Thread 0x0000022f941ce280 Uncommon trap: trap_request=0xffffff45 fr.pc=0x0000022fa3550fb4 relative=0x0000000000000214
Event: 2.312 Thread 0x0000022f941ce280 Uncommon trap: reason=unstable_if action=reinterpret pc=0x0000022fa3550fb4 method=java.util.zip.ZipCoder.hash(Ljava/lang/String;)I @ 23 c2
Event: 2.312 Thread 0x0000022f941ce280 DEOPT PACKING pc=0x0000022fa3550fb4 sp=0x0000007bf28fc970
Event: 2.312 Thread 0x0000022f941ce280 DEOPT UNPACKING pc=0x0000022fa2fe23a3 sp=0x0000007bf28fc900 mode 2
Event: 2.312 Thread 0x0000022f941ce280 Uncommon trap: trap_request=0xffffff45 fr.pc=0x0000022fa3570560 relative=0x0000000000001580
Event: 2.312 Thread 0x0000022f941ce280 Uncommon trap: reason=unstable_if action=reinterpret pc=0x0000022fa3570560 method=java.io.WinNTFileSystem.normalize(Ljava/lang/String;)Ljava/lang/String; @ 128 c2
Event: 2.312 Thread 0x0000022f941ce280 DEOPT PACKING pc=0x0000022fa3570560 sp=0x0000007bf28fc9d0
Event: 2.312 Thread 0x0000022f941ce280 DEOPT UNPACKING pc=0x0000022fa2fe23a3 sp=0x0000007bf28fc9a8 mode 2
Event: 2.314 Thread 0x0000022f941ce280 Uncommon trap: trap_request=0xffffff45 fr.pc=0x0000022fa3539a40 relative=0x0000000000000040
Event: 2.314 Thread 0x0000022f941ce280 Uncommon trap: reason=unstable_if action=reinterpret pc=0x0000022fa3539a40 method=sun.nio.fs.WindowsPathParser.isSlash(C)Z @ 9 c2
Event: 2.314 Thread 0x0000022f941ce280 DEOPT PACKING pc=0x0000022fa3539a40 sp=0x0000007bf28fccd0
Event: 2.314 Thread 0x0000022f941ce280 DEOPT UNPACKING pc=0x0000022fa2fe23a3 sp=0x0000007bf28fcc58 mode 2
Event: 2.332 Thread 0x0000022f941ce280 DEOPT PACKING pc=0x0000022f9bb66dfd sp=0x0000007bf28f8ec0
Event: 2.332 Thread 0x0000022f941ce280 DEOPT UNPACKING pc=0x0000022fa2fe2b43 sp=0x0000007bf28f8348 mode 0
Event: 2.381 Thread 0x0000022f941ce280 Uncommon trap: trap_request=0xffffff45 fr.pc=0x0000022fa35752e0 relative=0x00000000000002c0
Event: 2.381 Thread 0x0000022f941ce280 Uncommon trap: reason=unstable_if action=reinterpret pc=0x0000022fa35752e0 method=jdk.internal.org.objectweb.asm.SymbolTable.put(Ljdk/internal/org/objectweb/asm/SymbolTable$Entry;)Ljdk/internal/org/objectweb/asm/SymbolTable$Entry; @ 13 c2
Event: 2.381 Thread 0x0000022f941ce280 DEOPT PACKING pc=0x0000022fa35752e0 sp=0x0000007bf28fb9f0
Event: 2.381 Thread 0x0000022f941ce280 DEOPT UNPACKING pc=0x0000022fa2fe23a3 sp=0x0000007bf28fb970 mode 2

Classes unloaded (0 events):
No events

Classes redefined (0 events):
No events

Internal exceptions (20 events):
Event: 1.467 Thread 0x0000022f941ce280 Exception <a 'java/lang/NoSuchMethodError'{0x00000000cc83de60}: 'java.lang.Object java.lang.invoke.DirectMethodHandle$Holder.invokeStatic(java.lang.Object, java.lang.Object, int)'> (0x00000000cc83de60) 
thrown [s\open\src\hotspot\share\interpreter\linkResolver.cpp, line 759]
Event: 1.495 Thread 0x0000022f941ce280 Exception <a 'java/lang/NoSuchMethodError'{0x00000000cc892228}: 'void java.lang.invoke.DirectMethodHandle$Holder.invokeSpecial(java.lang.Object, java.lang.Object, java.lang.Object, java.lang.Object, java.lang.Object)'> (0x00000000cc892228) 
thrown [s\open\src\hotspot\share\interpreter\linkResolver.cpp, line 759]
Event: 1.548 Thread 0x0000022f941ce280 Exception <a 'java/lang/NoSuchMethodError'{0x00000000cc73e3a8}: 'void java.lang.invoke.DirectMethodHandle$Holder.invokeInterface(java.lang.Object, java.lang.Object, java.lang.Object, java.lang.Object)'> (0x00000000cc73e3a8) 
thrown [s\open\src\hotspot\share\interpreter\linkResolver.cpp, line 759]
Event: 1.548 Thread 0x0000022f941ce280 Exception <a 'java/lang/IncompatibleClassChangeError'{0x00000000cc741cd0}: Found class java.lang.Object, but interface was expected> (0x00000000cc741cd0) 
thrown [s\open\src\hotspot\share\interpreter\linkResolver.cpp, line 826]
Event: 1.558 Thread 0x0000022f941ce280 Exception <a 'java/lang/NoSuchMethodError'{0x00000000cc76c748}: 'void java.lang.invoke.DirectMethodHandle$Holder.invokeStatic(java.lang.Object, java.lang.Object, java.lang.Object, java.lang.Object)'> (0x00000000cc76c748) 
thrown [s\open\src\hotspot\share\interpreter\linkResolver.cpp, line 759]
Event: 1.577 Thread 0x0000022f941ce280 Exception <a 'java/lang/NoSuchMethodError'{0x00000000cc7d3a50}: 'int java.lang.invoke.DirectMethodHandle$Holder.invokeStatic(java.lang.Object, java.lang.Object, java.lang.Object, java.lang.Object)'> (0x00000000cc7d3a50) 
thrown [s\open\src\hotspot\share\interpreter\linkResolver.cpp, line 759]
Event: 1.577 Thread 0x0000022f941ce280 Exception <a 'java/lang/NoSuchMethodError'{0x00000000cc7d73d0}: 'java.lang.Object java.lang.invoke.Invokers$Holder.invokeExact_MT(java.lang.Object, java.lang.Object, java.lang.Object, java.lang.Object, java.lang.Object, java.lang.Object)'> (0x00000000cc7d73d0) 
thrown [s\open\src\hotspot\share\interpreter\linkResolver.cpp, line 759]
Event: 1.585 Thread 0x0000022f941ce280 Exception <a 'java/lang/NoSuchMethodError'{0x00000000cc7e7140}: 'int java.lang.invoke.DirectMethodHandle$Holder.invokeStatic(java.lang.Object, java.lang.Object, java.lang.Object, java.lang.Object, java.lang.Object)'> (0x00000000cc7e7140) 
thrown [s\open\src\hotspot\share\interpreter\linkResolver.cpp, line 759]
Event: 1.624 Thread 0x0000022f941ce280 Exception <a 'java/lang/NoSuchMethodError'{0x00000000cc635578}: 'void java.lang.invoke.DirectMethodHandle$Holder.invokeStaticInit(java.lang.Object)'> (0x00000000cc635578) 
thrown [s\open\src\hotspot\share\interpreter\linkResolver.cpp, line 759]
Event: 1.686 Thread 0x0000022f941ce280 Exception <a 'java/lang/NoSuchMethodError'{0x00000000cc545fc8}: 'int java.lang.invoke.DirectMethodHandle$Holder.invokeStaticInit(java.lang.Object, java.lang.Object)'> (0x00000000cc545fc8) 
thrown [s\open\src\hotspot\share\interpreter\linkResolver.cpp, line 759]
Event: 1.877 Thread 0x0000022f941ce280 Exception <a 'java/lang/ClassNotFoundException'{0x00000000cc17fc48}: javax/smartcardio/CardPermission> (0x00000000cc17fc48) 
thrown [s\open\src\hotspot\share\classfile\systemDictionary.cpp, line 256]
Event: 1.883 Thread 0x0000022f941ce280 Exception <a 'java/io/FileNotFoundException'{0x00000000cc18a610}> (0x00000000cc18a610) 
thrown [s\open\src\hotspot\share\prims\jni.cpp, line 516]
Event: 1.931 Thread 0x0000022f941ce280 Implicit null exception at 0x0000022fa3568c58 to 0x0000022fa3568cee
Event: 2.102 Thread 0x0000022f941ce280 Exception <a 'java/lang/NoSuchMethodError'{0x00000000ccbc5830}: 'int java.lang.invoke.DirectMethodHandle$Holder.invokeStaticInit(java.lang.Object, java.lang.Object, java.lang.Object)'> (0x00000000ccbc5830) 
thrown [s\open\src\hotspot\share\interpreter\linkResolver.cpp, line 759]
Event: 2.146 Thread 0x0000022f941ce280 Exception <a 'java/lang/NoSuchMethodError'{0x00000000ccaafa90}: 'int java.lang.invoke.DirectMethodHandle$Holder.invokeInterface(java.lang.Object, java.lang.Object)'> (0x00000000ccaafa90) 
thrown [s\open\src\hotspot\share\interpreter\linkResolver.cpp, line 759]
Event: 2.171 Thread 0x0000022f941ce280 Exception <a 'java/lang/NoSuchMethodError'{0x00000000cc99b020}: 'void java.lang.invoke.DirectMethodHandle$Holder.invokeStatic(java.lang.Object, java.lang.Object)'> (0x00000000cc99b020) 
thrown [s\open\src\hotspot\share\interpreter\linkResolver.cpp, line 759]
Event: 2.171 Thread 0x0000022f941ce280 Exception <a 'java/lang/NoSuchMethodError'{0x00000000cc99e8c8}: 'void java.lang.invoke.DirectMethodHandle$Holder.invokeStaticInit(java.lang.Object, java.lang.Object)'> (0x00000000cc99e8c8) 
thrown [s\open\src\hotspot\share\interpreter\linkResolver.cpp, line 759]
Event: 2.309 Thread 0x0000022f941ce280 Exception <a 'java/lang/NoSuchMethodError'{0x00000000cc69ad88}: 'int java.lang.invoke.DirectMethodHandle$Holder.invokeSpecial(java.lang.Object, java.lang.Object, java.lang.Object, java.lang.Object)'> (0x00000000cc69ad88) 
thrown [s\open\src\hotspot\share\interpreter\linkResolver.cpp, line 759]
Event: 2.314 Thread 0x0000022f941ce280 Exception <a 'java/lang/NoSuchMethodError'{0x00000000cc6b98d0}: 'int java.lang.invoke.DirectMethodHandle$Holder.invokeSpecial(java.lang.Object, java.lang.Object, java.lang.Object, java.lang.Object, java.lang.Object)'> (0x00000000cc6b98d0) 
thrown [s\open\src\hotspot\share\interpreter\linkResolver.cpp, line 759]
Event: 2.318 Thread 0x0000022f941ce280 Exception <a 'java/lang/NoSuchMethodError'{0x00000000cc6c2ca0}: 'void java.lang.invoke.DirectMethodHandle$Holder.invokeVirtual(java.lang.Object, java.lang.Object)'> (0x00000000cc6c2ca0) 
thrown [s\open\src\hotspot\share\interpreter\linkResolver.cpp, line 759]

VM Operations (20 events):
Event: 0.994 Executing VM operation: HandshakeAllThreads
Event: 0.994 Executing VM operation: HandshakeAllThreads done
Event: 1.290 Executing VM operation: G1CollectForAllocation
Event: 1.292 Executing VM operation: G1CollectForAllocation done
Event: 1.510 Executing VM operation: HandshakeAllThreads
Event: 1.510 Executing VM operation: HandshakeAllThreads done
Event: 1.729 Executing VM operation: HandshakeAllThreads
Event: 1.729 Executing VM operation: HandshakeAllThreads done
Event: 1.805 Executing VM operation: HandshakeAllThreads
Event: 1.805 Executing VM operation: HandshakeAllThreads done
Event: 2.000 Executing VM operation: HandshakeAllThreads
Event: 2.000 Executing VM operation: HandshakeAllThreads done
Event: 2.000 Executing VM operation: HandshakeAllThreads
Event: 2.000 Executing VM operation: HandshakeAllThreads done
Event: 2.054 Executing VM operation: G1CollectForAllocation
Event: 2.060 Executing VM operation: G1CollectForAllocation done
Event: 2.148 Executing VM operation: HandshakeAllThreads
Event: 2.148 Executing VM operation: HandshakeAllThreads done
Event: 2.275 Executing VM operation: HandshakeAllThreads
Event: 2.275 Executing VM operation: HandshakeAllThreads done

Events (20 events):
Event: 2.316 loading class java/nio/file/DirectoryStream done
Event: 2.317 loading class sun/nio/fs/WindowsDirectoryStream done
Event: 2.317 loading class java/nio/file/FileTreeWalker$DirectoryNode
Event: 2.317 loading class java/nio/file/FileTreeWalker$DirectoryNode done
Event: 2.317 loading class sun/nio/fs/WindowsDirectoryStream$WindowsDirectoryIterator
Event: 2.317 loading class sun/nio/fs/WindowsDirectoryStream$WindowsDirectoryIterator done
Event: 2.317 loading class java/nio/file/FileTreeWalker$Event
Event: 2.317 loading class java/nio/file/FileTreeWalker$Event done
Event: 2.317 loading class java/nio/file/FileTreeWalker$EventType
Event: 2.317 loading class java/nio/file/FileTreeWalker$EventType done
Event: 2.319 loading class sun/nio/fs/WindowsPath$WindowsPathWithAttributes
Event: 2.320 loading class sun/nio/fs/BasicFileAttributesHolder
Event: 2.320 loading class sun/nio/fs/BasicFileAttributesHolder done
Event: 2.320 loading class sun/nio/fs/WindowsPath$WindowsPathWithAttributes done
Event: 2.321 loading class java/util/regex/Pattern$LazyLoop
Event: 2.321 loading class java/util/regex/Pattern$Loop
Event: 2.322 loading class java/util/regex/Pattern$Loop done
Event: 2.322 loading class java/util/regex/Pattern$LazyLoop done
Event: 2.322 loading class java/util/regex/Pattern$Prolog
Event: 2.323 loading class java/util/regex/Pattern$Prolog done


Dynamic libraries:
0x00007ff623250000 - 0x00007ff623260000 	C:\Program Files\Java\jdk-17\bin\java.exe
0x00007fff702f0000 - 0x00007fff704e8000 	C:\windows\SYSTEM32\ntdll.dll
0x00007fff6f530000 - 0x00007fff6f5ef000 	C:\windows\System32\KERNEL32.DLL
0x00007fff6def0000 - 0x00007fff6e1e6000 	C:\windows\System32\KERNELBASE.dll
0x00007fff6ddf0000 - 0x00007fff6def0000 	C:\windows\System32\ucrtbase.dll
0x00007fff401e0000 - 0x00007fff401f9000 	C:\Program Files\Java\jdk-17\bin\jli.dll
0x00007fff700b0000 - 0x00007fff7015f000 	C:\windows\System32\ADVAPI32.dll
0x00007fff6e350000 - 0x00007fff6e3ee000 	C:\windows\System32\msvcrt.dll
0x00007fff44d50000 - 0x00007fff44d6b000 	C:\Program Files\Java\jdk-17\bin\VCRUNTIME140.dll
0x00007fff6fc00000 - 0x00007fff6fc9c000 	C:\windows\System32\sechost.dll
0x00007fff6fad0000 - 0x00007fff6fbf6000 	C:\windows\System32\RPCRT4.dll
0x00007fff6f6c0000 - 0x00007fff6f85d000 	C:\windows\System32\USER32.dll
0x00007fff6dd20000 - 0x00007fff6dd42000 	C:\windows\System32\win32u.dll
0x00007fff6f3c0000 - 0x00007fff6f3ec000 	C:\windows\System32\GDI32.dll
0x00007fff6d9d0000 - 0x00007fff6dae5000 	C:\windows\System32\gdi32full.dll
0x00007fff6db80000 - 0x00007fff6dc1d000 	C:\windows\System32\msvcp_win.dll
0x00007fff597a0000 - 0x00007fff59a3a000 	C:\windows\WinSxS\amd64_microsoft.windows.common-controls_6595b64144ccf1df_6.0.19041.1110_none_60b5254171f9507e\COMCTL32.dll
0x00007fff65850000 - 0x00007fff6585a000 	C:\windows\SYSTEM32\VERSION.dll
0x00007fff6f390000 - 0x00007fff6f3c0000 	C:\windows\System32\IMM32.DLL
0x00007fff46110000 - 0x00007fff4611c000 	C:\Program Files\Java\jdk-17\bin\vcruntime140_1.dll
0x00007fff1de50000 - 0x00007fff1dede000 	C:\Program Files\Java\jdk-17\bin\msvcp140.dll
0x00007fff04220000 - 0x00007fff04dfd000 	C:\Program Files\Java\jdk-17\bin\server\jvm.dll
0x00007fff6f5f0000 - 0x00007fff6f5f8000 	C:\windows\System32\PSAPI.DLL
0x00007fff684a0000 - 0x00007fff684a9000 	C:\windows\SYSTEM32\WSOCK32.dll
0x00007fff70240000 - 0x00007fff702ab000 	C:\windows\System32\WS2_32.dll
0x00007fff645c0000 - 0x00007fff645e7000 	C:\windows\SYSTEM32\WINMM.dll
0x00007fff6b770000 - 0x00007fff6b782000 	C:\windows\SYSTEM32\kernel.appcore.dll
0x00007fff44dc0000 - 0x00007fff44dca000 	C:\Program Files\Java\jdk-17\bin\jimage.dll
0x00007fff5b100000 - 0x00007fff5b2e4000 	C:\windows\SYSTEM32\DBGHELP.DLL
0x00007fff59b00000 - 0x00007fff59b34000 	C:\windows\SYSTEM32\dbgcore.DLL
0x00007fff6daf0000 - 0x00007fff6db72000 	C:\windows\System32\bcryptPrimitives.dll
0x00007fff401b0000 - 0x00007fff401d5000 	C:\Program Files\Java\jdk-17\bin\java.dll
0x00007fff1a290000 - 0x00007fff1a367000 	C:\Program Files\Java\jdk-17\bin\jsvml.dll
0x00007fff6e8e0000 - 0x00007fff6f024000 	C:\windows\System32\SHELL32.dll
0x00007fff6ba80000 - 0x00007fff6c214000 	C:\windows\SYSTEM32\windows.storage.dll
0x00007fff6f030000 - 0x00007fff6f384000 	C:\windows\System32\combase.dll
0x00007fff6d340000 - 0x00007fff6d36e000 	C:\windows\SYSTEM32\Wldp.dll
0x00007fff6f610000 - 0x00007fff6f6bd000 	C:\windows\System32\SHCORE.dll
0x00007fff6f8c0000 - 0x00007fff6f915000 	C:\windows\System32\shlwapi.dll
0x00007fff6d900000 - 0x00007fff6d925000 	C:\windows\SYSTEM32\profapi.dll
0x00007fff40080000 - 0x00007fff40099000 	C:\Program Files\Java\jdk-17\bin\net.dll
0x00007fff63720000 - 0x00007fff6382a000 	C:\windows\SYSTEM32\WINHTTP.dll
0x00007fff6d0a0000 - 0x00007fff6d10a000 	C:\windows\system32\mswsock.dll
0x00007fff3ff70000 - 0x00007fff3ff86000 	C:\Program Files\Java\jdk-17\bin\nio.dll
0x00007fff3ff50000 - 0x00007fff3ff68000 	C:\Program Files\Java\jdk-17\bin\zip.dll
0x00007fff401a0000 - 0x00007fff401aa000 	C:\Program Files\Java\jdk-17\bin\management.dll
0x00007fff3ff40000 - 0x00007fff3ff4b000 	C:\Program Files\Java\jdk-17\bin\management_ext.dll

dbghelp: loaded successfully - version: 4.0.5 - missing functions: none
symbol engine: initialized successfully - sym options: 0x614 - pdb path: .;C:\Program Files\Java\jdk-17\bin;C:\windows\SYSTEM32;C:\windows\WinSxS\amd64_microsoft.windows.common-controls_6595b64144ccf1df_6.0.19041.1110_none_60b5254171f9507e;C:\Program Files\Java\jdk-17\bin\server

VM Arguments:
java_command: C:\Users\carin\AppData\Local\Temp\surefire9495859364772670193\surefirebooter-20230803035515738_3.jar C:\Users\carin\AppData\Local\Temp\surefire9495859364772670193 2023-08-03T03-55-15_005-jvmRun1 surefire-20230803035515738_1tmp surefire_0-20230803035515738_2tmp
java_class_path (initial): C:\Users\carin\AppData\Local\Temp\surefire9495859364772670193\surefirebooter-20230803035515738_3.jar
Launcher Type: SUN_STANDARD

[Global flags]
     intx CICompilerCount                          = 2                                         {product} {ergonomic}
     uint ConcGCThreads                            = 1                                         {product} {ergonomic}
     uint G1ConcRefinementThreads                  = 2                                         {product} {ergonomic}
   size_t G1HeapRegionSize                         = 1048576                                   {product} {ergonomic}
    uintx GCDrainStackTargetSize                   = 64                                        {product} {ergonomic}
   size_t InitialHeapSize                          = 58720256                                  {product} {ergonomic}
   size_t MarkStackSize                            = 4194304                                   {product} {ergonomic}
   size_t MaxHeapSize                              = 918552576                                 {product} {ergonomic}
   size_t MaxNewSize                               = 550502400                                 {product} {ergonomic}
   size_t MinHeapDeltaBytes                        = 1048576                                   {product} {ergonomic}
   size_t MinHeapSize                              = 8388608                                   {product} {ergonomic}
    uintx NonNMethodCodeHeapSize                   = 5826188                                {pd product} {ergonomic}
    uintx NonProfiledCodeHeapSize                  = 122916026                              {pd product} {ergonomic}
    uintx ProfiledCodeHeapSize                     = 122916026                              {pd product} {ergonomic}
    uintx ReservedCodeCacheSize                    = 251658240                              {pd product} {ergonomic}
     bool SegmentedCodeCache                       = true                                      {product} {ergonomic}
   size_t SoftMaxHeapSize                          = 918552576                              {manageable} {ergonomic}
     bool UseCompressedClassPointers               = true                           {product lp64_product} {ergonomic}
     bool UseCompressedOops                        = true                           {product lp64_product} {ergonomic}
     bool UseG1GC                                  = true                                      {product} {ergonomic}
     bool UseLargePagesIndividualAllocation        = false                                  {pd product} {ergonomic}

Logging:
Log output configuration:
 #0: stdout all=warning uptime,level,tags
 #1: stderr all=off uptime,level,tags

Environment Variables:
JAVA_HOME=C:\Program Files\Java\jdk-17
PATH=C:\Program Files\Common Files\Oracle\Java\javapath;C:\windows\system32;C:\windows;C:\windows\System32\Wbem;C:\windows\System32\WindowsPowerShell\v1.0\;C:\windows\System32\OpenSSH\;C:\Program Files\Git\cmd;C:\Program Files\nodejs\;C:\gradle-8.1.1\bin;C:\Program Files\Java\jdk-20\bin;C:\Users\carin\AppData\Local\Microsoft\WindowsApps;C:\Users\carin\AppData\Local\Programs\Microsoft VS Code\bin;C:\Users\carin\AppData\Roaming\npm;C:\ProgramData\carin\GitHubDesktop\bin;C:\Users\carin\AppData\Local\GitHubDesktop\bin;C:\Users\carin\Downloads\mongodb-windows-x86_64-6.0.4.zip\mongodb-win32-x86_64-windows-6.0.4\bin;C:\Users\carin\Desktop\dataBase\data;C:\Program Files\MongoDB\Server\6.0\data;C:\Program Files\MongoDB\Server\6.0\bin;C:\Users\carin\Desktop\Backend\FastAPI;C:\Users\carin\Desktop\Backend;C:\Users\carin\Desktop\Backend\dataBase\data\log;C:\Program Files\MongoDB\Server\6.0\data;C:\Program Files\MongoDB\Server\6.0\bin;C:\Users\carin\AppData\Local\Packages\PythonSoftwareFoundation.Python.3.10_qbz5n2kfra8p0\LocalCache\local-packages\Python310\Scripts;C:\Users\carin\Documents\flutter\bin\;C:\Program Files\MySQL\MySQL Server 8.0\bin;C:\gradle-8.1.1\bin;C:\Program Files\Java\jdk-20\bin;
USERNAME=carin
OS=Windows_NT
PROCESSOR_IDENTIFIER=AMD64 Family 23 Model 24 Stepping 1, AuthenticAMD



---------------  S Y S T E M  ---------------

OS:
 Windows 10 , 64 bit Build 19041 (10.0.19041.3155)
OS uptime: 0 days 2:09 hours

CPU: total 2 (initial active 2) (2 cores per cpu, 1 threads per core) family 23 model 24 stepping 1 microcode 0x0, cx8, cmov, fxsr, mmx, 3dnowpref, sse, sse2, sse3, ssse3, sse4a, sse4.1, sse4.2, popcnt, lzcnt, tsc, tscinvbit, avx, avx2, aes, clmul, bmi1, bmi2, adx, sha, fma, vzeroupper, clflush, clflushopt

Memory: 4k page, system-wide physical 3500M (277M free)
TotalPageFile size 14252M (AvailPageFile size 3M)
current process WorkingSet (physical memory assigned to process): 83M, peak: 83M
current process commit charge ("private bytes"): 149M, peak: 149M

vm_info: Java HotSpot(TM) 64-Bit Server VM (17.0.7+8-LTS-224) for windows-amd64 JRE (17.0.7+8-LTS-224), built on Feb 28 2023 23:03:02 by "mach5one" with MS VC++ 17.1 (VS2022)

END.
