#
# There is insufficient memory for the Java Runtime Environment to continue.
# Native memory allocation (malloc) failed to allocate 32744 bytes for ChunkPool::allocate
# Possible reasons:
#   The system is out of physical RAM or swap space
#   The process is running with CompressedOops enabled, and the Java Heap may be blocking the growth of the native heap
# Possible solutions:
#   Reduce memory load on the system
#   Increase physical memory or swap space
#   Check if swap backing store is full
#   Decrease Java heap size (-Xmx/-Xms)
#   Decrease number of Java threads
#   Decrease Java thread stack sizes (-Xss)
#   Set larger code cache with -XX:ReservedCodeCacheSize=
#   JVM is running with Unscaled Compressed Oops mode in which the Java heap is
#     placed in the first 4GB address space. The Java Heap base address is the
#     maximum limit for the native heap growth. Please use -XX:HeapBaseMinAddress
#     to set the Java Heap base and to place the Java Heap above 4GB virtual address.
# This output file may be truncated or incomplete.
#
#  Out of Memory Error (arena.cpp:78), pid=5836, tid=1376
#
# JRE version: Java(TM) SE Runtime Environment (17.0.7+8) (build 17.0.7+8-LTS-224)
# Java VM: Java HotSpot(TM) 64-Bit Server VM (17.0.7+8-LTS-224, mixed mode, sharing, tiered, compressed oops, compressed class ptrs, g1 gc, windows-amd64)
# No core dump will be written. Minidumps are not enabled by default on client versions of Windows
#

---------------  S U M M A R Y ------------

Command Line: -Dmaven.multiModuleProjectDirectory=C:\Users\carin\Desktop\springbootreact\gestion-clientes-backend org.apache.maven.wrapper.MavenWrapperMain -Dmaven.ext.class.path=C:\Program Files\NetBeans-17\netbeans\java\maven-nblib\netbeans-eventspy.jar --no-transfer-progress clean install

Host: AMD Athlon Silver 3050U with Radeon Graphics   , 2 cores, 3G,  Windows 10 , 64 bit Build 19041 (10.0.19041.3155)
Time: Tue Aug  1 20:06:18 2023 Hora estándar de Argentina elapsed time: 27.525956 seconds (0d 0h 0m 27s)

---------------  T H R E A D  ---------------

Current thread (0x00000165226340f0):  JavaThread "C2 CompilerThread0" daemon [_thread_in_native, id=1376, stack(0x0000000216a00000,0x0000000216b00000)]


Current CompileTask:
C2:  27526 7250       4       sun.nio.cs.UTF_8::updatePositions (23 bytes)

Stack: [0x0000000216a00000,0x0000000216b00000]
Native frames: (J=compiled Java code, j=interpreted, Vv=VM code, C=native code)
V  [jvm.dll+0x676a4a]
V  [jvm.dll+0x7d74f4]
V  [jvm.dll+0x7d8c9e]
V  [jvm.dll+0x7d9303]
V  [jvm.dll+0x2452c5]
V  [jvm.dll+0xaac80]
V  [jvm.dll+0xaafcc]
V  [jvm.dll+0x11cf85]
V  [jvm.dll+0x6a0388]
V  [jvm.dll+0x1bb627]
V  [jvm.dll+0x217c27]
V  [jvm.dll+0x216f01]
V  [jvm.dll+0x1a35e0]
V  [jvm.dll+0x226a6e]
V  [jvm.dll+0x224e15]
V  [jvm.dll+0x78d05c]
V  [jvm.dll+0x78759a]
V  [jvm.dll+0x675875]
C  [ucrtbase.dll+0x21bb2]
C  [KERNEL32.DLL+0x17614]
C  [ntdll.dll+0x526b1]


---------------  P R O C E S S  ---------------

Threads class SMR info:
_java_thread_list=0x000001652652ecf0, length=18, elements={
0x0000016505ddf2c0, 0x0000016505eb9f30, 0x0000016505ebada0, 0x0000016522631550,
0x0000016522632000, 0x00000165226329b0, 0x0000016522633360, 0x00000165226340f0,
0x0000016522635ba0, 0x0000016522638d40, 0x000001652314aad0, 0x000001652315b680,
0x00000165237f4d20, 0x00000165236e9a80, 0x0000016524b52cb0, 0x0000016524b23ee0,
0x0000016524b24d50, 0x0000016524b26f00
}

Java Threads: ( => current thread )
  0x0000016505ddf2c0 JavaThread "main" [_thread_in_native, id=14836, stack(0x0000000215d00000,0x0000000215e00000)]
  0x0000016505eb9f30 JavaThread "Reference Handler" daemon [_thread_blocked, id=5124, stack(0x0000000216400000,0x0000000216500000)]
  0x0000016505ebada0 JavaThread "Finalizer" daemon [_thread_blocked, id=12148, stack(0x0000000216500000,0x0000000216600000)]
  0x0000016522631550 JavaThread "Signal Dispatcher" daemon [_thread_blocked, id=15484, stack(0x0000000216600000,0x0000000216700000)]
  0x0000016522632000 JavaThread "Attach Listener" daemon [_thread_blocked, id=1704, stack(0x0000000216700000,0x0000000216800000)]
  0x00000165226329b0 JavaThread "Service Thread" daemon [_thread_blocked, id=12920, stack(0x0000000216800000,0x0000000216900000)]
  0x0000016522633360 JavaThread "Monitor Deflation Thread" daemon [_thread_blocked, id=8892, stack(0x0000000216900000,0x0000000216a00000)]
=>0x00000165226340f0 JavaThread "C2 CompilerThread0" daemon [_thread_in_native, id=1376, stack(0x0000000216a00000,0x0000000216b00000)]
  0x0000016522635ba0 JavaThread "C1 CompilerThread0" daemon [_thread_blocked, id=1832, stack(0x0000000216b00000,0x0000000216c00000)]
  0x0000016522638d40 JavaThread "Sweeper thread" daemon [_thread_blocked, id=3648, stack(0x0000000216c00000,0x0000000216d00000)]
  0x000001652314aad0 JavaThread "Notification Thread" daemon [_thread_blocked, id=2276, stack(0x0000000216d00000,0x0000000216e00000)]
  0x000001652315b680 JavaThread "Common-Cleaner" daemon [_thread_blocked, id=10144, stack(0x0000000216f00000,0x0000000217000000)]
  0x00000165237f4d20 JavaThread "timeout-check-timer" daemon [_thread_in_Java, id=2920, stack(0x0000000217100000,0x0000000217200000)]
  0x00000165236e9a80 JavaThread "ping-timer-10s" daemon [_thread_blocked, id=14996, stack(0x0000000217200000,0x0000000217300000)]
  0x0000016524b52cb0 JavaThread "ThreadedStreamConsumer" daemon [_thread_blocked, id=10120, stack(0x0000000217300000,0x0000000217400000)]
  0x0000016524b23ee0 JavaThread "fork-1-err-thread" daemon [_thread_in_native, id=8832, stack(0x0000000217400000,0x0000000217500000)]
  0x0000016524b24d50 JavaThread "commands-fork-1" daemon [_thread_blocked, id=3484, stack(0x0000000217500000,0x0000000217600000)]
  0x0000016524b26f00 JavaThread "fork-1-event-thread" daemon [_thread_in_native, id=5508, stack(0x0000000217600000,0x0000000217700000)]

Other Threads:
  0x0000016505eb42d0 VMThread "VM Thread" [stack: 0x0000000216300000,0x0000000216400000] [id=14236]
  0x000001652315b3f0 WatcherThread [stack: 0x0000000216e00000,0x0000000216f00000] [id=8816]
  0x0000016505e16990 GCTaskThread "GC Thread#0" [stack: 0x0000000215e00000,0x0000000215f00000] [id=15580]
  0x00000165234c7b90 GCTaskThread "GC Thread#1" [stack: 0x0000000217000000,0x0000000217100000] [id=12000]
  0x0000016505e1e650 ConcurrentGCThread "G1 Main Marker" [stack: 0x0000000215f00000,0x0000000216000000] [id=17308]
  0x0000016505e1f060 ConcurrentGCThread "G1 Conc#0" [stack: 0x0000000216000000,0x0000000216100000] [id=8072]
  0x0000016505e54280 ConcurrentGCThread "G1 Refine#0" [stack: 0x0000000216100000,0x0000000216200000] [id=2160]
  0x0000016505e54ca0 ConcurrentGCThread "G1 Service" [stack: 0x0000000216200000,0x0000000216300000] [id=17256]

Threads with active compile tasks:
C2 CompilerThread0    27553 7250       4       sun.nio.cs.UTF_8::updatePositions (23 bytes)

VM state: not at safepoint (normal execution)

VM Mutex/Monitor currently owned by a thread: None

Heap address: 0x00000000c9400000, size: 876 MB, Compressed Oops mode: 32-bit

CDS archive(s) mapped at: [0x0000000800000000-0x0000000800bd0000-0x0000000800bd0000), size 12386304, SharedBaseAddress: 0x0000000800000000, ArchiveRelocationMode: 0.
Compressed class space mapped at: 0x0000000800c00000-0x0000000840c00000, reserved size: 1073741824
Narrow klass base: 0x0000000800000000, Narrow klass shift: 0, Narrow klass range: 0x100000000

GC Precious Log:
 CPUs: 2 total, 2 available
 Memory: 3500M
 Large Page Support: Disabled
 NUMA Support: Disabled
 Compressed Oops: Enabled (32-bit)
 Heap Region Size: 1M
 Heap Min Capacity: 8M
 Heap Initial Capacity: 56M
 Heap Max Capacity: 876M
 Pre-touch: Disabled
 Parallel Workers: 2
 Concurrent Workers: 1
 Concurrent Refinement Workers: 2
 Periodic GC: Disabled

Heap:
 garbage-first heap   total 183296K, used 83639K [0x00000000c9400000, 0x0000000100000000)
  region size 1024K, 41 young (41984K), 5 survivors (5120K)
 Metaspace       used 34559K, committed 35008K, reserved 1081344K
  class space    used 3957K, committed 4160K, reserved 1048576K

Heap Regions: E=young(eden), S=young(survivor), O=old, HS=humongous(starts), HC=humongous(continues), CS=collection set, F=free, OA=open archive, CA=closed archive, TAMS=top-at-mark-start (previous, next)
|   0|0x00000000c9400000, 0x00000000c9500000, 0x00000000c9500000|100%| O|  |TAMS 0x00000000c9500000, 0x00000000c9400000| Untracked 
|   1|0x00000000c9500000, 0x00000000c9600000, 0x00000000c9600000|100%| O|  |TAMS 0x00000000c9600000, 0x00000000c9500000| Untracked 
|   2|0x00000000c9600000, 0x00000000c9700000, 0x00000000c9700000|100%| O|  |TAMS 0x00000000c9700000, 0x00000000c9600000| Untracked 
|   3|0x00000000c9700000, 0x00000000c9800000, 0x00000000c9800000|100%| O|  |TAMS 0x00000000c9800000, 0x00000000c9700000| Untracked 
|   4|0x00000000c9800000, 0x00000000c9900000, 0x00000000c9900000|100%| O|  |TAMS 0x00000000c9900000, 0x00000000c9800000| Untracked 
|   5|0x00000000c9900000, 0x00000000c9a00000, 0x00000000c9a00000|100%| O|  |TAMS 0x00000000c9a00000, 0x00000000c9900000| Untracked 
|   6|0x00000000c9a00000, 0x00000000c9b00000, 0x00000000c9b00000|100%| O|  |TAMS 0x00000000c9b00000, 0x00000000c9a00000| Untracked 
|   7|0x00000000c9b00000, 0x00000000c9c00000, 0x00000000c9c00000|100%| O|  |TAMS 0x00000000c9c00000, 0x00000000c9b00000| Untracked 
|   8|0x00000000c9c00000, 0x00000000c9d00000, 0x00000000c9d00000|100%| O|  |TAMS 0x00000000c9d00000, 0x00000000c9c00000| Untracked 
|   9|0x00000000c9d00000, 0x00000000c9e00000, 0x00000000c9e00000|100%| O|  |TAMS 0x00000000c9e00000, 0x00000000c9d00000| Untracked 
|  10|0x00000000c9e00000, 0x00000000c9f00000, 0x00000000c9f00000|100%| O|  |TAMS 0x00000000c9f00000, 0x00000000c9e00000| Untracked 
|  11|0x00000000c9f00000, 0x00000000ca000000, 0x00000000ca000000|100%| O|  |TAMS 0x00000000ca000000, 0x00000000c9f00000| Untracked 
|  12|0x00000000ca000000, 0x00000000ca100000, 0x00000000ca100000|100%| O|  |TAMS 0x00000000ca100000, 0x00000000ca000000| Untracked 
|  13|0x00000000ca100000, 0x00000000ca1c9e00, 0x00000000ca200000| 78%| O|  |TAMS 0x00000000ca100000, 0x00000000ca100000| Untracked 
|  14|0x00000000ca200000, 0x00000000ca200000, 0x00000000ca300000|  0%| F|  |TAMS 0x00000000ca200000, 0x00000000ca200000| Untracked 
|  15|0x00000000ca300000, 0x00000000ca400000, 0x00000000ca400000|100%| O|  |TAMS 0x00000000ca400000, 0x00000000ca300000| Untracked 
|  16|0x00000000ca400000, 0x00000000ca400000, 0x00000000ca500000|  0%| F|  |TAMS 0x00000000ca400000, 0x00000000ca400000| Untracked 
|  17|0x00000000ca500000, 0x00000000ca500000, 0x00000000ca600000|  0%| F|  |TAMS 0x00000000ca500000, 0x00000000ca500000| Untracked 
|  18|0x00000000ca600000, 0x00000000ca600000, 0x00000000ca700000|  0%| F|  |TAMS 0x00000000ca600000, 0x00000000ca600000| Untracked 
|  19|0x00000000ca700000, 0x00000000ca800000, 0x00000000ca800000|100%| O|  |TAMS 0x00000000ca800000, 0x00000000ca700000| Untracked 
|  20|0x00000000ca800000, 0x00000000ca900000, 0x00000000ca900000|100%|HS|  |TAMS 0x00000000ca800000, 0x00000000ca800000| Complete 
|  21|0x00000000ca900000, 0x00000000ca900000, 0x00000000caa00000|  0%| F|  |TAMS 0x00000000ca900000, 0x00000000ca900000| Untracked 
|  22|0x00000000caa00000, 0x00000000caa00000, 0x00000000cab00000|  0%| F|  |TAMS 0x00000000caa00000, 0x00000000caa00000| Untracked 
|  23|0x00000000cab00000, 0x00000000cac00000, 0x00000000cac00000|100%| O|  |TAMS 0x00000000cac00000, 0x00000000cab00000| Untracked 
|  24|0x00000000cac00000, 0x00000000cad00000, 0x00000000cad00000|100%| O|  |TAMS 0x00000000cad00000, 0x00000000cac00000| Untracked 
|  25|0x00000000cad00000, 0x00000000cae00000, 0x00000000cae00000|100%| O|  |TAMS 0x00000000cae00000, 0x00000000cad00000| Untracked 
|  26|0x00000000cae00000, 0x00000000caf00000, 0x00000000caf00000|100%| O|  |TAMS 0x00000000caf00000, 0x00000000cae00000| Untracked 
|  27|0x00000000caf00000, 0x00000000caf00000, 0x00000000cb000000|  0%| F|  |TAMS 0x00000000caf00000, 0x00000000caf00000| Untracked 
|  28|0x00000000cb000000, 0x00000000cb100000, 0x00000000cb100000|100%| O|  |TAMS 0x00000000cb100000, 0x00000000cb000000| Untracked 
|  29|0x00000000cb100000, 0x00000000cb100000, 0x00000000cb200000|  0%| F|  |TAMS 0x00000000cb100000, 0x00000000cb100000| Untracked 
|  30|0x00000000cb200000, 0x00000000cb200000, 0x00000000cb300000|  0%| F|  |TAMS 0x00000000cb200000, 0x00000000cb200000| Untracked 
|  31|0x00000000cb300000, 0x00000000cb300000, 0x00000000cb400000|  0%| F|  |TAMS 0x00000000cb300000, 0x00000000cb300000| Untracked 
|  32|0x00000000cb400000, 0x00000000cb400000, 0x00000000cb500000|  0%| F|  |TAMS 0x00000000cb400000, 0x00000000cb400000| Untracked 
|  33|0x00000000cb500000, 0x00000000cb600000, 0x00000000cb600000|100%| O|  |TAMS 0x00000000cb600000, 0x00000000cb500000| Untracked 
|  34|0x00000000cb600000, 0x00000000cb600000, 0x00000000cb700000|  0%| F|  |TAMS 0x00000000cb600000, 0x00000000cb600000| Untracked 
|  35|0x00000000cb700000, 0x00000000cb800000, 0x00000000cb800000|100%| O|  |TAMS 0x00000000cb800000, 0x00000000cb700000| Untracked 
|  36|0x00000000cb800000, 0x00000000cb900000, 0x00000000cb900000|100%| O|  |TAMS 0x00000000cb900000, 0x00000000cb800000| Untracked 
|  37|0x00000000cb900000, 0x00000000cba00000, 0x00000000cba00000|100%| O|  |TAMS 0x00000000cba00000, 0x00000000cb900000| Untracked 
|  38|0x00000000cba00000, 0x00000000cbb00000, 0x00000000cbb00000|100%|HS|  |TAMS 0x00000000cbb00000, 0x00000000cba00000| Complete 
|  39|0x00000000cbb00000, 0x00000000cbc00000, 0x00000000cbc00000|100%|HS|  |TAMS 0x00000000cbb00000, 0x00000000cbb00000| Complete 
|  40|0x00000000cbc00000, 0x00000000cbd00000, 0x00000000cbd00000|100%|HC|  |TAMS 0x00000000cbc00000, 0x00000000cbc00000| Complete 
|  41|0x00000000cbd00000, 0x00000000cbe00000, 0x00000000cbe00000|100%| O|  |TAMS 0x00000000cbd00000, 0x00000000cbd00000| Untracked 
|  42|0x00000000cbe00000, 0x00000000cbf00000, 0x00000000cbf00000|100%| O|  |TAMS 0x00000000cbe00000, 0x00000000cbe00000| Untracked 
|  43|0x00000000cbf00000, 0x00000000cc000000, 0x00000000cc000000|100%| O|  |TAMS 0x00000000cbf00000, 0x00000000cbf00000| Untracked 
|  44|0x00000000cc000000, 0x00000000cc100000, 0x00000000cc100000|100%| O|  |TAMS 0x00000000cc000000, 0x00000000cc000000| Untracked 
|  45|0x00000000cc100000, 0x00000000cc200000, 0x00000000cc200000|100%| O|  |TAMS 0x00000000cc100000, 0x00000000cc100000| Untracked 
|  46|0x00000000cc200000, 0x00000000cc300000, 0x00000000cc300000|100%| O|  |TAMS 0x00000000cc200000, 0x00000000cc200000| Untracked 
|  47|0x00000000cc300000, 0x00000000cc400000, 0x00000000cc400000|100%| O|  |TAMS 0x00000000cc300000, 0x00000000cc300000| Untracked 
|  48|0x00000000cc400000, 0x00000000cc500000, 0x00000000cc500000|100%| O|  |TAMS 0x00000000cc400000, 0x00000000cc400000| Untracked 
|  49|0x00000000cc500000, 0x00000000cc600000, 0x00000000cc600000|100%| O|  |TAMS 0x00000000cc500000, 0x00000000cc500000| Untracked 
|  50|0x00000000cc600000, 0x00000000cc700000, 0x00000000cc700000|100%| O|  |TAMS 0x00000000cc600000, 0x00000000cc600000| Untracked 
|  51|0x00000000cc700000, 0x00000000cc800000, 0x00000000cc800000|100%| O|  |TAMS 0x00000000cc700000, 0x00000000cc700000| Untracked 
|  52|0x00000000cc800000, 0x00000000cc800000, 0x00000000cc900000|  0%| F|  |TAMS 0x00000000cc800000, 0x00000000cc800000| Untracked 
|  53|0x00000000cc900000, 0x00000000cc900000, 0x00000000cca00000|  0%| F|  |TAMS 0x00000000cc900000, 0x00000000cc900000| Untracked 
|  54|0x00000000cca00000, 0x00000000cca00000, 0x00000000ccb00000|  0%| F|  |TAMS 0x00000000cca00000, 0x00000000cca00000| Untracked 
|  55|0x00000000ccb00000, 0x00000000ccc00000, 0x00000000ccc00000|100%| O|  |TAMS 0x00000000ccb00000, 0x00000000ccb00000| Untracked 
|  56|0x00000000ccc00000, 0x00000000ccd00000, 0x00000000ccd00000|100%| O|  |TAMS 0x00000000ccc00000, 0x00000000ccc00000| Untracked 
|  57|0x00000000ccd00000, 0x00000000ccd00000, 0x00000000cce00000|  0%| F|  |TAMS 0x00000000ccd00000, 0x00000000ccd00000| Untracked 
|  58|0x00000000cce00000, 0x00000000cce00000, 0x00000000ccf00000|  0%| F|  |TAMS 0x00000000cce00000, 0x00000000cce00000| Untracked 
|  59|0x00000000ccf00000, 0x00000000ccf00000, 0x00000000cd000000|  0%| F|  |TAMS 0x00000000ccf00000, 0x00000000ccf00000| Untracked 
|  60|0x00000000cd000000, 0x00000000cd000000, 0x00000000cd100000|  0%| F|  |TAMS 0x00000000cd000000, 0x00000000cd000000| Untracked 
|  61|0x00000000cd100000, 0x00000000cd100000, 0x00000000cd200000|  0%| F|  |TAMS 0x00000000cd100000, 0x00000000cd100000| Untracked 
|  62|0x00000000cd200000, 0x00000000cd200000, 0x00000000cd300000|  0%| F|  |TAMS 0x00000000cd200000, 0x00000000cd200000| Untracked 
|  63|0x00000000cd300000, 0x00000000cd300000, 0x00000000cd400000|  0%| F|  |TAMS 0x00000000cd300000, 0x00000000cd300000| Untracked 
|  64|0x00000000cd400000, 0x00000000cd400000, 0x00000000cd500000|  0%| F|  |TAMS 0x00000000cd400000, 0x00000000cd400000| Untracked 
|  65|0x00000000cd500000, 0x00000000cd500000, 0x00000000cd600000|  0%| F|  |TAMS 0x00000000cd500000, 0x00000000cd500000| Untracked 
|  66|0x00000000cd600000, 0x00000000cd600000, 0x00000000cd700000|  0%| F|  |TAMS 0x00000000cd600000, 0x00000000cd600000| Untracked 
|  67|0x00000000cd700000, 0x00000000cd700000, 0x00000000cd800000|  0%| F|  |TAMS 0x00000000cd700000, 0x00000000cd700000| Untracked 
|  68|0x00000000cd800000, 0x00000000cd800000, 0x00000000cd900000|  0%| F|  |TAMS 0x00000000cd800000, 0x00000000cd800000| Untracked 
|  69|0x00000000cd900000, 0x00000000cd900000, 0x00000000cda00000|  0%| F|  |TAMS 0x00000000cd900000, 0x00000000cd900000| Untracked 
|  70|0x00000000cda00000, 0x00000000cda00000, 0x00000000cdb00000|  0%| F|  |TAMS 0x00000000cda00000, 0x00000000cda00000| Untracked 
|  71|0x00000000cdb00000, 0x00000000cdb00000, 0x00000000cdc00000|  0%| F|  |TAMS 0x00000000cdb00000, 0x00000000cdb00000| Untracked 
|  72|0x00000000cdc00000, 0x00000000cdc00000, 0x00000000cdd00000|  0%| F|  |TAMS 0x00000000cdc00000, 0x00000000cdc00000| Untracked 
|  73|0x00000000cdd00000, 0x00000000cdd00000, 0x00000000cde00000|  0%| F|  |TAMS 0x00000000cdd00000, 0x00000000cdd00000| Untracked 
|  74|0x00000000cde00000, 0x00000000cde00000, 0x00000000cdf00000|  0%| F|  |TAMS 0x00000000cde00000, 0x00000000cde00000| Untracked 
|  75|0x00000000cdf00000, 0x00000000cdf00000, 0x00000000ce000000|  0%| F|  |TAMS 0x00000000cdf00000, 0x00000000cdf00000| Untracked 
|  76|0x00000000ce000000, 0x00000000ce000000, 0x00000000ce100000|  0%| F|  |TAMS 0x00000000ce000000, 0x00000000ce000000| Untracked 
|  77|0x00000000ce100000, 0x00000000ce100000, 0x00000000ce200000|  0%| F|  |TAMS 0x00000000ce100000, 0x00000000ce100000| Untracked 
|  78|0x00000000ce200000, 0x00000000ce200000, 0x00000000ce300000|  0%| F|  |TAMS 0x00000000ce200000, 0x00000000ce200000| Untracked 
|  79|0x00000000ce300000, 0x00000000ce300000, 0x00000000ce400000|  0%| F|  |TAMS 0x00000000ce300000, 0x00000000ce300000| Untracked 
|  80|0x00000000ce400000, 0x00000000ce400000, 0x00000000ce500000|  0%| F|  |TAMS 0x00000000ce400000, 0x00000000ce400000| Untracked 
|  81|0x00000000ce500000, 0x00000000ce500000, 0x00000000ce600000|  0%| F|  |TAMS 0x00000000ce500000, 0x00000000ce500000| Untracked 
|  82|0x00000000ce600000, 0x00000000ce600000, 0x00000000ce700000|  0%| F|  |TAMS 0x00000000ce600000, 0x00000000ce600000| Untracked 
|  83|0x00000000ce700000, 0x00000000ce700000, 0x00000000ce800000|  0%| F|  |TAMS 0x00000000ce700000, 0x00000000ce700000| Untracked 
|  84|0x00000000ce800000, 0x00000000ce800000, 0x00000000ce900000|  0%| F|  |TAMS 0x00000000ce800000, 0x00000000ce800000| Untracked 
|  85|0x00000000ce900000, 0x00000000ce900000, 0x00000000cea00000|  0%| F|  |TAMS 0x00000000ce900000, 0x00000000ce900000| Untracked 
|  86|0x00000000cea00000, 0x00000000cea00000, 0x00000000ceb00000|  0%| F|  |TAMS 0x00000000cea00000, 0x00000000cea00000| Untracked 
|  87|0x00000000ceb00000, 0x00000000ceb00000, 0x00000000cec00000|  0%| F|  |TAMS 0x00000000ceb00000, 0x00000000ceb00000| Untracked 
|  88|0x00000000cec00000, 0x00000000cec00000, 0x00000000ced00000|  0%| F|  |TAMS 0x00000000cec00000, 0x00000000cec00000| Untracked 
|  89|0x00000000ced00000, 0x00000000ced00000, 0x00000000cee00000|  0%| F|  |TAMS 0x00000000ced00000, 0x00000000ced00000| Untracked 
|  90|0x00000000cee00000, 0x00000000cee00000, 0x00000000cef00000|  0%| F|  |TAMS 0x00000000cee00000, 0x00000000cee00000| Untracked 
|  91|0x00000000cef00000, 0x00000000cef00000, 0x00000000cf000000|  0%| F|  |TAMS 0x00000000cef00000, 0x00000000cef00000| Untracked 
|  92|0x00000000cf000000, 0x00000000cf000000, 0x00000000cf100000|  0%| F|  |TAMS 0x00000000cf000000, 0x00000000cf000000| Untracked 
|  93|0x00000000cf100000, 0x00000000cf100000, 0x00000000cf200000|  0%| F|  |TAMS 0x00000000cf100000, 0x00000000cf100000| Untracked 
|  94|0x00000000cf200000, 0x00000000cf200000, 0x00000000cf300000|  0%| F|  |TAMS 0x00000000cf200000, 0x00000000cf200000| Untracked 
|  95|0x00000000cf300000, 0x00000000cf300000, 0x00000000cf400000|  0%| F|  |TAMS 0x00000000cf300000, 0x00000000cf300000| Untracked 
|  96|0x00000000cf400000, 0x00000000cf400000, 0x00000000cf500000|  0%| F|  |TAMS 0x00000000cf400000, 0x00000000cf400000| Untracked 
|  97|0x00000000cf500000, 0x00000000cf500000, 0x00000000cf600000|  0%| F|  |TAMS 0x00000000cf500000, 0x00000000cf500000| Untracked 
|  98|0x00000000cf600000, 0x00000000cf600000, 0x00000000cf700000|  0%| F|  |TAMS 0x00000000cf600000, 0x00000000cf600000| Untracked 
|  99|0x00000000cf700000, 0x00000000cf700000, 0x00000000cf800000|  0%| F|  |TAMS 0x00000000cf700000, 0x00000000cf700000| Untracked 
| 100|0x00000000cf800000, 0x00000000cf800000, 0x00000000cf900000|  0%| F|  |TAMS 0x00000000cf800000, 0x00000000cf800000| Untracked 
| 101|0x00000000cf900000, 0x00000000cf900000, 0x00000000cfa00000|  0%| F|  |TAMS 0x00000000cf900000, 0x00000000cf900000| Untracked 
| 102|0x00000000cfa00000, 0x00000000cfa00000, 0x00000000cfb00000|  0%| F|  |TAMS 0x00000000cfa00000, 0x00000000cfa00000| Untracked 
| 103|0x00000000cfb00000, 0x00000000cfb00000, 0x00000000cfc00000|  0%| F|  |TAMS 0x00000000cfb00000, 0x00000000cfb00000| Untracked 
| 104|0x00000000cfc00000, 0x00000000cfc00000, 0x00000000cfd00000|  0%| F|  |TAMS 0x00000000cfc00000, 0x00000000cfc00000| Untracked 
| 105|0x00000000cfd00000, 0x00000000cfd00000, 0x00000000cfe00000|  0%| F|  |TAMS 0x00000000cfd00000, 0x00000000cfd00000| Untracked 
| 106|0x00000000cfe00000, 0x00000000cfe00000, 0x00000000cff00000|  0%| F|  |TAMS 0x00000000cfe00000, 0x00000000cfe00000| Untracked 
| 107|0x00000000cff00000, 0x00000000cff00000, 0x00000000d0000000|  0%| F|  |TAMS 0x00000000cff00000, 0x00000000cff00000| Untracked 
| 108|0x00000000d0000000, 0x00000000d0000000, 0x00000000d0100000|  0%| F|  |TAMS 0x00000000d0000000, 0x00000000d0000000| Untracked 
| 109|0x00000000d0100000, 0x00000000d0100000, 0x00000000d0200000|  0%| F|  |TAMS 0x00000000d0100000, 0x00000000d0100000| Untracked 
| 110|0x00000000d0200000, 0x00000000d0200000, 0x00000000d0300000|  0%| F|  |TAMS 0x00000000d0200000, 0x00000000d0200000| Untracked 
| 111|0x00000000d0300000, 0x00000000d0300000, 0x00000000d0400000|  0%| F|  |TAMS 0x00000000d0300000, 0x00000000d0300000| Untracked 
| 112|0x00000000d0400000, 0x00000000d0400000, 0x00000000d0500000|  0%| F|  |TAMS 0x00000000d0400000, 0x00000000d0400000| Untracked 
| 113|0x00000000d0500000, 0x00000000d0500000, 0x00000000d0600000|  0%| F|  |TAMS 0x00000000d0500000, 0x00000000d0500000| Untracked 
| 114|0x00000000d0600000, 0x00000000d0600000, 0x00000000d0700000|  0%| F|  |TAMS 0x00000000d0600000, 0x00000000d0600000| Untracked 
| 115|0x00000000d0700000, 0x00000000d0700000, 0x00000000d0800000|  0%| F|  |TAMS 0x00000000d0700000, 0x00000000d0700000| Untracked 
| 116|0x00000000d0800000, 0x00000000d0800000, 0x00000000d0900000|  0%| F|  |TAMS 0x00000000d0800000, 0x00000000d0800000| Untracked 
| 117|0x00000000d0900000, 0x00000000d0900000, 0x00000000d0a00000|  0%| F|  |TAMS 0x00000000d0900000, 0x00000000d0900000| Untracked 
| 118|0x00000000d0a00000, 0x00000000d0a00000, 0x00000000d0b00000|  0%| F|  |TAMS 0x00000000d0a00000, 0x00000000d0a00000| Untracked 
| 119|0x00000000d0b00000, 0x00000000d0be40d8, 0x00000000d0c00000| 89%| S|CS|TAMS 0x00000000d0b00000, 0x00000000d0b00000| Complete 
| 120|0x00000000d0c00000, 0x00000000d0d00000, 0x00000000d0d00000|100%| S|CS|TAMS 0x00000000d0c00000, 0x00000000d0c00000| Complete 
| 121|0x00000000d0d00000, 0x00000000d0e00000, 0x00000000d0e00000|100%| S|CS|TAMS 0x00000000d0d00000, 0x00000000d0d00000| Complete 
| 122|0x00000000d0e00000, 0x00000000d0f00000, 0x00000000d0f00000|100%| S|CS|TAMS 0x00000000d0e00000, 0x00000000d0e00000| Complete 
| 123|0x00000000d0f00000, 0x00000000d1000000, 0x00000000d1000000|100%| S|CS|TAMS 0x00000000d0f00000, 0x00000000d0f00000| Complete 
| 124|0x00000000d1000000, 0x00000000d1000000, 0x00000000d1100000|  0%| F|  |TAMS 0x00000000d1000000, 0x00000000d1000000| Untracked 
| 125|0x00000000d1100000, 0x00000000d1100000, 0x00000000d1200000|  0%| F|  |TAMS 0x00000000d1100000, 0x00000000d1100000| Untracked 
| 126|0x00000000d1200000, 0x00000000d1200000, 0x00000000d1300000|  0%| F|  |TAMS 0x00000000d1200000, 0x00000000d1200000| Untracked 
| 127|0x00000000d1300000, 0x00000000d1300000, 0x00000000d1400000|  0%| F|  |TAMS 0x00000000d1300000, 0x00000000d1300000| Untracked 
| 128|0x00000000d1400000, 0x00000000d1400000, 0x00000000d1500000|  0%| F|  |TAMS 0x00000000d1400000, 0x00000000d1400000| Untracked 
| 129|0x00000000d1500000, 0x00000000d1500000, 0x00000000d1600000|  0%| F|  |TAMS 0x00000000d1500000, 0x00000000d1500000| Untracked 
| 130|0x00000000d1600000, 0x00000000d1600000, 0x00000000d1700000|  0%| F|  |TAMS 0x00000000d1600000, 0x00000000d1600000| Untracked 
| 131|0x00000000d1700000, 0x00000000d1700000, 0x00000000d1800000|  0%| F|  |TAMS 0x00000000d1700000, 0x00000000d1700000| Untracked 
| 132|0x00000000d1800000, 0x00000000d1800000, 0x00000000d1900000|  0%| F|  |TAMS 0x00000000d1800000, 0x00000000d1800000| Untracked 
| 133|0x00000000d1900000, 0x00000000d1900000, 0x00000000d1a00000|  0%| F|  |TAMS 0x00000000d1900000, 0x00000000d1900000| Untracked 
| 134|0x00000000d1a00000, 0x00000000d1a00000, 0x00000000d1b00000|  0%| F|  |TAMS 0x00000000d1a00000, 0x00000000d1a00000| Untracked 
| 135|0x00000000d1b00000, 0x00000000d1b00000, 0x00000000d1c00000|  0%| F|  |TAMS 0x00000000d1b00000, 0x00000000d1b00000| Untracked 
| 136|0x00000000d1c00000, 0x00000000d1c00000, 0x00000000d1d00000|  0%| F|  |TAMS 0x00000000d1c00000, 0x00000000d1c00000| Untracked 
| 137|0x00000000d1d00000, 0x00000000d1d00000, 0x00000000d1e00000|  0%| F|  |TAMS 0x00000000d1d00000, 0x00000000d1d00000| Untracked 
| 138|0x00000000d1e00000, 0x00000000d1e00000, 0x00000000d1f00000|  0%| F|  |TAMS 0x00000000d1e00000, 0x00000000d1e00000| Untracked 
| 139|0x00000000d1f00000, 0x00000000d1f00000, 0x00000000d2000000|  0%| F|  |TAMS 0x00000000d1f00000, 0x00000000d1f00000| Untracked 
| 140|0x00000000d2000000, 0x00000000d2000000, 0x00000000d2100000|  0%| F|  |TAMS 0x00000000d2000000, 0x00000000d2000000| Untracked 
| 141|0x00000000d2100000, 0x00000000d2100000, 0x00000000d2200000|  0%| F|  |TAMS 0x00000000d2100000, 0x00000000d2100000| Untracked 
| 142|0x00000000d2200000, 0x00000000d2200000, 0x00000000d2300000|  0%| F|  |TAMS 0x00000000d2200000, 0x00000000d2200000| Untracked 
| 143|0x00000000d2300000, 0x00000000d2400000, 0x00000000d2400000|100%| E|  |TAMS 0x00000000d2300000, 0x00000000d2300000| Complete 
| 144|0x00000000d2400000, 0x00000000d2500000, 0x00000000d2500000|100%| E|CS|TAMS 0x00000000d2400000, 0x00000000d2400000| Complete 
| 145|0x00000000d2500000, 0x00000000d2600000, 0x00000000d2600000|100%| E|CS|TAMS 0x00000000d2500000, 0x00000000d2500000| Complete 
| 146|0x00000000d2600000, 0x00000000d2700000, 0x00000000d2700000|100%| E|CS|TAMS 0x00000000d2600000, 0x00000000d2600000| Complete 
| 147|0x00000000d2700000, 0x00000000d2800000, 0x00000000d2800000|100%| E|CS|TAMS 0x00000000d2700000, 0x00000000d2700000| Complete 
| 148|0x00000000d2800000, 0x00000000d2900000, 0x00000000d2900000|100%| E|CS|TAMS 0x00000000d2800000, 0x00000000d2800000| Complete 
| 149|0x00000000d2900000, 0x00000000d2a00000, 0x00000000d2a00000|100%| E|CS|TAMS 0x00000000d2900000, 0x00000000d2900000| Complete 
| 150|0x00000000d2a00000, 0x00000000d2b00000, 0x00000000d2b00000|100%| E|CS|TAMS 0x00000000d2a00000, 0x00000000d2a00000| Complete 
| 151|0x00000000d2b00000, 0x00000000d2c00000, 0x00000000d2c00000|100%| E|CS|TAMS 0x00000000d2b00000, 0x00000000d2b00000| Complete 
| 152|0x00000000d2c00000, 0x00000000d2d00000, 0x00000000d2d00000|100%| E|CS|TAMS 0x00000000d2c00000, 0x00000000d2c00000| Complete 
| 153|0x00000000d2d00000, 0x00000000d2e00000, 0x00000000d2e00000|100%| E|CS|TAMS 0x00000000d2d00000, 0x00000000d2d00000| Complete 
| 154|0x00000000d2e00000, 0x00000000d2f00000, 0x00000000d2f00000|100%| E|CS|TAMS 0x00000000d2e00000, 0x00000000d2e00000| Complete 
| 155|0x00000000d2f00000, 0x00000000d3000000, 0x00000000d3000000|100%| E|CS|TAMS 0x00000000d2f00000, 0x00000000d2f00000| Complete 
| 156|0x00000000d3000000, 0x00000000d3100000, 0x00000000d3100000|100%| E|CS|TAMS 0x00000000d3000000, 0x00000000d3000000| Complete 
| 157|0x00000000d3100000, 0x00000000d3200000, 0x00000000d3200000|100%| E|CS|TAMS 0x00000000d3100000, 0x00000000d3100000| Complete 
| 158|0x00000000d3200000, 0x00000000d3300000, 0x00000000d3300000|100%| E|CS|TAMS 0x00000000d3200000, 0x00000000d3200000| Complete 
| 159|0x00000000d3300000, 0x00000000d3400000, 0x00000000d3400000|100%| E|CS|TAMS 0x00000000d3300000, 0x00000000d3300000| Complete 
| 160|0x00000000d3400000, 0x00000000d3500000, 0x00000000d3500000|100%| E|CS|TAMS 0x00000000d3400000, 0x00000000d3400000| Complete 
| 161|0x00000000d3500000, 0x00000000d3600000, 0x00000000d3600000|100%| E|CS|TAMS 0x00000000d3500000, 0x00000000d3500000| Complete 
| 162|0x00000000d3600000, 0x00000000d3700000, 0x00000000d3700000|100%| E|CS|TAMS 0x00000000d3600000, 0x00000000d3600000| Complete 
| 163|0x00000000d3700000, 0x00000000d3800000, 0x00000000d3800000|100%| E|CS|TAMS 0x00000000d3700000, 0x00000000d3700000| Complete 
| 164|0x00000000d3800000, 0x00000000d3900000, 0x00000000d3900000|100%| E|CS|TAMS 0x00000000d3800000, 0x00000000d3800000| Complete 
| 165|0x00000000d3900000, 0x00000000d3a00000, 0x00000000d3a00000|100%| E|CS|TAMS 0x00000000d3900000, 0x00000000d3900000| Complete 
| 166|0x00000000d3a00000, 0x00000000d3b00000, 0x00000000d3b00000|100%| E|CS|TAMS 0x00000000d3a00000, 0x00000000d3a00000| Complete 
| 167|0x00000000d3b00000, 0x00000000d3c00000, 0x00000000d3c00000|100%| E|CS|TAMS 0x00000000d3b00000, 0x00000000d3b00000| Complete 
| 168|0x00000000d3c00000, 0x00000000d3d00000, 0x00000000d3d00000|100%| E|CS|TAMS 0x00000000d3c00000, 0x00000000d3c00000| Complete 
| 169|0x00000000d3d00000, 0x00000000d3e00000, 0x00000000d3e00000|100%| E|CS|TAMS 0x00000000d3d00000, 0x00000000d3d00000| Complete 
| 170|0x00000000d3e00000, 0x00000000d3f00000, 0x00000000d3f00000|100%| E|CS|TAMS 0x00000000d3e00000, 0x00000000d3e00000| Complete 
| 171|0x00000000d3f00000, 0x00000000d4000000, 0x00000000d4000000|100%| E|CS|TAMS 0x00000000d3f00000, 0x00000000d3f00000| Complete 
| 172|0x00000000d4000000, 0x00000000d4100000, 0x00000000d4100000|100%| E|CS|TAMS 0x00000000d4000000, 0x00000000d4000000| Complete 
| 173|0x00000000d4100000, 0x00000000d4200000, 0x00000000d4200000|100%| E|CS|TAMS 0x00000000d4100000, 0x00000000d4100000| Complete 
| 174|0x00000000d4200000, 0x00000000d4300000, 0x00000000d4300000|100%| E|CS|TAMS 0x00000000d4200000, 0x00000000d4200000| Complete 
| 175|0x00000000d4300000, 0x00000000d4400000, 0x00000000d4400000|100%| E|CS|TAMS 0x00000000d4300000, 0x00000000d4300000| Complete 
| 176|0x00000000d4400000, 0x00000000d4500000, 0x00000000d4500000|100%| E|CS|TAMS 0x00000000d4400000, 0x00000000d4400000| Complete 
| 177|0x00000000d4500000, 0x00000000d4600000, 0x00000000d4600000|100%| E|CS|TAMS 0x00000000d4500000, 0x00000000d4500000| Complete 
| 178|0x00000000d4600000, 0x00000000d4700000, 0x00000000d4700000|100%| E|CS|TAMS 0x00000000d4600000, 0x00000000d4600000| Complete 

Card table byte_map: [0x000001651e420000,0x000001651e5e0000] _byte_map_base: 0x000001651ddd6000

Marking Bits (Prev, Next): (CMBitMap*) 0x0000016505e16fa0, (CMBitMap*) 0x0000016505e16fe0
 Prev Bits: [0x000001651e7a0000, 0x000001651f550000)
 Next Bits: [0x000001651f550000, 0x0000016520300000)

Polling page: 0x0000016505ec0000

Metaspace:

Usage:
  Non-class:     29.88 MB used.
      Class:      3.86 MB used.
       Both:     33.75 MB used.

Virtual space:
  Non-class space:       32.00 MB reserved,      30.12 MB ( 94%) committed,  4 nodes.
      Class space:        1.00 GB reserved,       4.06 MB ( <1%) committed,  1 nodes.
             Both:        1.03 GB reserved,      34.19 MB (  3%) committed. 

Chunk freelists:
   Non-Class:  1.66 MB
       Class:  3.95 MB
        Both:  5.61 MB

MaxMetaspaceSize: unlimited
CompressedClassSpaceSize: 1.00 GB
Initial GC threshold: 21.00 MB
Current GC threshold: 49.50 MB
CDS: on
MetaspaceReclaimPolicy: balanced
 - commit_granule_bytes: 65536.
 - commit_granule_words: 8192.
 - virtual_space_node_default_size: 1048576.
 - enlarge_chunks_in_place: 1.
 - new_chunks_are_fully_committed: 0.
 - uncommit_free_chunks: 1.
 - use_allocation_guard: 0.
 - handle_deallocations: 1.


Internal statistics:

num_allocs_failed_limit: 3.
num_arena_births: 250.
num_arena_deaths: 0.
num_vsnodes_births: 5.
num_vsnodes_deaths: 0.
num_space_committed: 547.
num_space_uncommitted: 0.
num_chunks_returned_to_freelist: 3.
num_chunks_taken_from_freelist: 1525.
num_chunk_merges: 3.
num_chunk_splits: 1062.
num_chunks_enlarged: 834.
num_purges: 0.
num_inconsistent_stats: 0.

CodeHeap 'non-profiled nmethods': size=120064Kb used=3459Kb max_used=3459Kb free=116604Kb
 bounds [0x0000016516900000, 0x0000016516c70000, 0x000001651de40000]
CodeHeap 'profiled nmethods': size=120000Kb used=14347Kb max_used=14347Kb free=105652Kb
 bounds [0x000001650ee40000, 0x000001650fc50000, 0x0000016516370000]
CodeHeap 'non-nmethods': size=5696Kb used=1243Kb max_used=1284Kb free=4452Kb
 bounds [0x0000016516370000, 0x00000165165e0000, 0x0000016516900000]
 total_blobs=6948 nmethods=6391 adapters=469
 compilation: enabled
              stopped_count=0, restarted_count=0
 full_count=0

Compilation events (20 events):
Event: 27.516 Thread 0x0000016522635ba0 7241       1       org.apache.maven.surefire.api.stream.AbstractStreamDecoder$Memento::getLine (5 bytes)
Event: 27.516 Thread 0x0000016522635ba0 nmethod 7241 0x0000016516c5fe90 code [0x0000016516c60020, 0x0000016516c600f8]
Event: 27.516 Thread 0x0000016522635ba0 7242       1       org.apache.maven.surefire.api.stream.AbstractStreamDecoder$MalformedFrameException::readFrom (5 bytes)
Event: 27.516 Thread 0x0000016522635ba0 nmethod 7242 0x0000016516c60190 code [0x0000016516c60320, 0x0000016516c603f8]
Event: 27.517 Thread 0x0000016522635ba0 7243       1       org.apache.maven.surefire.api.stream.AbstractStreamDecoder$MalformedFrameException::readTo (5 bytes)
Event: 27.518 Thread 0x0000016522635ba0 nmethod 7243 0x0000016516c60490 code [0x0000016516c60620, 0x0000016516c606f8]
Event: 27.518 Thread 0x0000016522635ba0 7244  s    1       java.lang.StringBuffer::length (5 bytes)
Event: 27.518 Thread 0x0000016522635ba0 nmethod 7244 0x0000016516c60790 code [0x0000016516c60920, 0x0000016516c60a98]
Event: 27.519 Thread 0x0000016522635ba0 7245       3       org.apache.maven.surefire.stream.EventDecoder::getEncodedMagicNumber (4 bytes)
Event: 27.519 Thread 0x0000016522635ba0 nmethod 7245 0x000001650fc3cb90 code [0x000001650fc3cd20, 0x000001650fc3ce38]
Event: 27.519 Thread 0x0000016522635ba0 7246       3       java.lang.Character::isUpperCase (5 bytes)
Event: 27.519 Thread 0x0000016522635ba0 nmethod 7246 0x000001650fc3cf10 code [0x000001650fc3d0c0, 0x000001650fc3d318]
Event: 27.519 Thread 0x0000016522635ba0 7247       3       java.lang.Character::isUpperCase (9 bytes)
Event: 27.519 Thread 0x0000016522635ba0 nmethod 7247 0x000001650fc3d410 code [0x000001650fc3d5c0, 0x000001650fc3d7b8]
Event: 27.520 Thread 0x0000016522635ba0 7248       3       java.util.Calendar::internalGet (7 bytes)
Event: 27.520 Thread 0x0000016522635ba0 nmethod 7248 0x000001650fc3d890 code [0x000001650fc3da20, 0x000001650fc3db58]
Event: 27.520 Thread 0x00000165226340f0 7249       4       java.nio.CharBuffer::position (8 bytes)
Event: 27.521 Thread 0x00000165226340f0 nmethod 7249 0x0000016516c60b10 code [0x0000016516c60c80, 0x0000016516c60d58]
Event: 27.521 Thread 0x00000165226340f0 7250       4       sun.nio.cs.UTF_8::updatePositions (23 bytes)
Event: 27.521 Thread 0x0000016522635ba0 7251   !   3       org.apache.maven.surefire.stream.EventDecoder::decode (399 bytes)

GC Heap History (20 events):
Event: 10.348 GC heap before
{Heap before GC invocations=14 (full 0):
 garbage-first heap   total 61440K, used 42386K [0x00000000c9400000, 0x0000000100000000)
  region size 1024K, 9 young (9216K), 2 survivors (2048K)
 Metaspace       used 26012K, committed 26368K, reserved 1073152K
  class space    used 3011K, committed 3200K, reserved 1048576K
}
Event: 10.354 GC heap after
{Heap after GC invocations=15 (full 0):
 garbage-first heap   total 73728K, used 36897K [0x00000000c9400000, 0x0000000100000000)
  region size 1024K, 2 young (2048K), 2 survivors (2048K)
 Metaspace       used 26012K, committed 26368K, reserved 1073152K
  class space    used 3011K, committed 3200K, reserved 1048576K
}
Event: 11.078 GC heap before
{Heap before GC invocations=15 (full 0):
 garbage-first heap   total 73728K, used 52257K [0x00000000c9400000, 0x0000000100000000)
  region size 1024K, 18 young (18432K), 2 survivors (2048K)
 Metaspace       used 26966K, committed 27328K, reserved 1081344K
  class space    used 3089K, committed 3264K, reserved 1048576K
}
Event: 11.084 GC heap after
{Heap after GC invocations=16 (full 0):
 garbage-first heap   total 73728K, used 38912K [0x00000000c9400000, 0x0000000100000000)
  region size 1024K, 3 young (3072K), 3 survivors (3072K)
 Metaspace       used 26966K, committed 27328K, reserved 1081344K
  class space    used 3089K, committed 3264K, reserved 1048576K
}
Event: 11.574 GC heap before
{Heap before GC invocations=17 (full 0):
 garbage-first heap   total 73728K, used 54272K [0x00000000c9400000, 0x0000000100000000)
  region size 1024K, 19 young (19456K), 3 survivors (3072K)
 Metaspace       used 27827K, committed 28160K, reserved 1081344K
  class space    used 3209K, committed 3392K, reserved 1048576K
}
Event: 11.584 GC heap after
{Heap after GC invocations=18 (full 0):
 garbage-first heap   total 73728K, used 39153K [0x00000000c9400000, 0x0000000100000000)
  region size 1024K, 1 young (1024K), 1 survivors (1024K)
 Metaspace       used 27827K, committed 28160K, reserved 1081344K
  class space    used 3209K, committed 3392K, reserved 1048576K
}
Event: 12.203 GC heap before
{Heap before GC invocations=18 (full 0):
 garbage-first heap   total 73728K, used 54513K [0x00000000c9400000, 0x0000000100000000)
  region size 1024K, 17 young (17408K), 1 survivors (1024K)
 Metaspace       used 29068K, committed 29440K, reserved 1081344K
  class space    used 3335K, committed 3520K, reserved 1048576K
}
Event: 12.206 GC heap after
{Heap after GC invocations=19 (full 0):
 garbage-first heap   total 73728K, used 39684K [0x00000000c9400000, 0x0000000100000000)
  region size 1024K, 1 young (1024K), 1 survivors (1024K)
 Metaspace       used 29068K, committed 29440K, reserved 1081344K
  class space    used 3335K, committed 3520K, reserved 1048576K
}
Event: 12.400 GC heap before
{Heap before GC invocations=20 (full 0):
 garbage-first heap   total 73728K, used 41732K [0x00000000c9400000, 0x0000000100000000)
  region size 1024K, 4 young (4096K), 1 survivors (1024K)
 Metaspace       used 29328K, committed 29632K, reserved 1081344K
  class space    used 3373K, committed 3520K, reserved 1048576K
}
Event: 12.403 GC heap after
{Heap after GC invocations=21 (full 0):
 garbage-first heap   total 73728K, used 40081K [0x00000000c9400000, 0x0000000100000000)
  region size 1024K, 2 young (2048K), 2 survivors (2048K)
 Metaspace       used 29328K, committed 29632K, reserved 1081344K
  class space    used 3373K, committed 3520K, reserved 1048576K
}
Event: 12.958 GC heap before
{Heap before GC invocations=22 (full 0):
 garbage-first heap   total 73728K, used 50321K [0x00000000c9400000, 0x0000000100000000)
  region size 1024K, 12 young (12288K), 2 survivors (2048K)
 Metaspace       used 30056K, committed 30400K, reserved 1081344K
  class space    used 3471K, committed 3648K, reserved 1048576K
}
Event: 12.963 GC heap after
{Heap after GC invocations=23 (full 0):
 garbage-first heap   total 73728K, used 40649K [0x00000000c9400000, 0x0000000100000000)
  region size 1024K, 2 young (2048K), 2 survivors (2048K)
 Metaspace       used 30056K, committed 30400K, reserved 1081344K
  class space    used 3471K, committed 3648K, reserved 1048576K
}
Event: 13.291 GC heap before
{Heap before GC invocations=24 (full 0):
 garbage-first heap   total 76800K, used 62153K [0x00000000c9400000, 0x0000000100000000)
  region size 1024K, 20 young (20480K), 2 survivors (2048K)
 Metaspace       used 30125K, committed 30464K, reserved 1081344K
  class space    used 3472K, committed 3648K, reserved 1048576K
}
Event: 13.303 GC heap after
{Heap after GC invocations=25 (full 0):
 garbage-first heap   total 76800K, used 53983K [0x00000000c9400000, 0x0000000100000000)
  region size 1024K, 3 young (3072K), 3 survivors (3072K)
 Metaspace       used 30125K, committed 30464K, reserved 1081344K
  class space    used 3472K, committed 3648K, reserved 1048576K
}
Event: 13.305 GC heap before
{Heap before GC invocations=25 (full 0):
 garbage-first heap   total 76800K, used 55007K [0x00000000c9400000, 0x0000000100000000)
  region size 1024K, 4 young (4096K), 3 survivors (3072K)
 Metaspace       used 30125K, committed 30464K, reserved 1081344K
  class space    used 3472K, committed 3648K, reserved 1048576K
}
Event: 13.308 GC heap after
{Heap after GC invocations=26 (full 0):
 garbage-first heap   total 76800K, used 44276K [0x00000000c9400000, 0x0000000100000000)
  region size 1024K, 1 young (1024K), 1 survivors (1024K)
 Metaspace       used 30125K, committed 30464K, reserved 1081344K
  class space    used 3472K, committed 3648K, reserved 1048576K
}
Event: 13.381 GC heap before
{Heap before GC invocations=26 (full 0):
 garbage-first heap   total 76800K, used 46324K [0x00000000c9400000, 0x0000000100000000)
  region size 1024K, 3 young (3072K), 1 survivors (1024K)
 Metaspace       used 30125K, committed 30464K, reserved 1081344K
  class space    used 3472K, committed 3648K, reserved 1048576K
}
Event: 13.384 GC heap after
{Heap after GC invocations=27 (full 0):
 garbage-first heap   total 183296K, used 44700K [0x00000000c9400000, 0x0000000100000000)
  region size 1024K, 1 young (1024K), 1 survivors (1024K)
 Metaspace       used 30125K, committed 30464K, reserved 1081344K
  class space    used 3472K, committed 3648K, reserved 1048576K
}
Event: 16.515 GC heap before
{Heap before GC invocations=27 (full 0):
 garbage-first heap   total 183296K, used 99996K [0x00000000c9400000, 0x0000000100000000)
  region size 1024K, 56 young (57344K), 1 survivors (1024K)
 Metaspace       used 31536K, committed 31872K, reserved 1081344K
  class space    used 3634K, committed 3776K, reserved 1048576K
}
Event: 16.521 GC heap after
{Heap after GC invocations=28 (full 0):
 garbage-first heap   total 183296K, used 47799K [0x00000000c9400000, 0x0000000100000000)
  region size 1024K, 5 young (5120K), 5 survivors (5120K)
 Metaspace       used 31536K, committed 31872K, reserved 1081344K
  class space    used 3634K, committed 3776K, reserved 1048576K
}

Deoptimization events (20 events):
Event: 20.859 Thread 0x0000016524b52cb0 Uncommon trap: trap_request=0xffffffc6 fr.pc=0x0000016516a2a1d0 relative=0x00000000000002f0
Event: 20.859 Thread 0x0000016524b52cb0 Uncommon trap: reason=bimorphic_or_optimized_type_check action=maybe_recompile pc=0x0000016516a2a1d0 method=java.util.regex.Pattern$BmpCharPredicate.lambda$union$2(Ljava/util/regex/Pattern$CharPredicate;I)Z @ 2 c2
Event: 20.859 Thread 0x0000016524b52cb0 DEOPT PACKING pc=0x0000016516a2a1d0 sp=0x00000002173fdf10
Event: 20.859 Thread 0x0000016524b52cb0 DEOPT UNPACKING pc=0x00000165163c23a3 sp=0x00000002173fdd58 mode 2
Event: 20.859 Thread 0x0000016524b52cb0 Uncommon trap: trap_request=0xffffffde fr.pc=0x0000016516bb0454 relative=0x00000000000001b4
Event: 20.859 Thread 0x0000016524b52cb0 Uncommon trap: reason=class_check action=maybe_recompile pc=0x0000016516bb0454 method=java.util.regex.Pattern$BmpCharPredicate.lambda$union$2(Ljava/util/regex/Pattern$CharPredicate;I)Z @ 12 c2
Event: 20.859 Thread 0x0000016524b52cb0 DEOPT PACKING pc=0x0000016516bb0454 sp=0x00000002173fdd20
Event: 20.859 Thread 0x0000016524b52cb0 DEOPT UNPACKING pc=0x00000165163c23a3 sp=0x00000002173fdc38 mode 2
Event: 20.859 Thread 0x0000016524b52cb0 Uncommon trap: trap_request=0xffffffc6 fr.pc=0x0000016516a2a1d0 relative=0x00000000000002f0
Event: 20.859 Thread 0x0000016524b52cb0 Uncommon trap: reason=bimorphic_or_optimized_type_check action=maybe_recompile pc=0x0000016516a2a1d0 method=java.util.regex.Pattern$BmpCharPredicate.lambda$union$2(Ljava/util/regex/Pattern$CharPredicate;I)Z @ 2 c2
Event: 20.859 Thread 0x0000016524b52cb0 DEOPT PACKING pc=0x0000016516a2a1d0 sp=0x00000002173fdf10
Event: 20.859 Thread 0x0000016524b52cb0 DEOPT UNPACKING pc=0x00000165163c23a3 sp=0x00000002173fdd58 mode 2
Event: 20.859 Thread 0x0000016524b52cb0 Uncommon trap: trap_request=0xffffffde fr.pc=0x0000016516bb0454 relative=0x00000000000001b4
Event: 20.859 Thread 0x0000016524b52cb0 Uncommon trap: reason=class_check action=maybe_recompile pc=0x0000016516bb0454 method=java.util.regex.Pattern$BmpCharPredicate.lambda$union$2(Ljava/util/regex/Pattern$CharPredicate;I)Z @ 12 c2
Event: 20.859 Thread 0x0000016524b52cb0 DEOPT PACKING pc=0x0000016516bb0454 sp=0x00000002173fdd20
Event: 20.859 Thread 0x0000016524b52cb0 DEOPT UNPACKING pc=0x00000165163c23a3 sp=0x00000002173fdc38 mode 2
Event: 20.863 Thread 0x0000016524b52cb0 Uncommon trap: trap_request=0xffffffde fr.pc=0x0000016516bafde0 relative=0x0000000000000140
Event: 20.863 Thread 0x0000016524b52cb0 Uncommon trap: reason=class_check action=maybe_recompile pc=0x0000016516bafde0 method=java.util.regex.Pattern$BmpCharPredicate.lambda$union$2(Ljava/util/regex/Pattern$CharPredicate;I)Z @ 12 c2
Event: 20.863 Thread 0x0000016524b52cb0 DEOPT PACKING pc=0x0000016516bafde0 sp=0x00000002173fdc30
Event: 20.863 Thread 0x0000016524b52cb0 DEOPT UNPACKING pc=0x00000165163c23a3 sp=0x00000002173fdbc8 mode 2

Classes unloaded (0 events):
No events

Classes redefined (0 events):
No events

Internal exceptions (20 events):
Event: 16.017 Thread 0x0000016505ddf2c0 Exception <a 'sun/nio/fs/WindowsException'{0x00000000d1ae8f50}> (0x00000000d1ae8f50) 
thrown [s\open\src\hotspot\share\prims\jni.cpp, line 516]
Event: 16.018 Thread 0x0000016505ddf2c0 Exception <a 'sun/nio/fs/WindowsException'{0x00000000d1ae9380}> (0x00000000d1ae9380) 
thrown [s\open\src\hotspot\share\prims\jni.cpp, line 516]
Event: 16.018 Thread 0x0000016505ddf2c0 Exception <a 'sun/nio/fs/WindowsException'{0x00000000d1aea408}> (0x00000000d1aea408) 
thrown [s\open\src\hotspot\share\prims\jni.cpp, line 516]
Event: 16.018 Thread 0x0000016505ddf2c0 Exception <a 'sun/nio/fs/WindowsException'{0x00000000d1aea798}> (0x00000000d1aea798) 
thrown [s\open\src\hotspot\share\prims\jni.cpp, line 516]
Event: 16.025 Thread 0x0000016505ddf2c0 Exception <a 'sun/nio/fs/WindowsException'{0x00000000d19c5c80}> (0x00000000d19c5c80) 
thrown [s\open\src\hotspot\share\prims\jni.cpp, line 516]
Event: 16.030 Thread 0x0000016505ddf2c0 Exception <a 'sun/nio/fs/WindowsException'{0x00000000d19dbcb8}> (0x00000000d19dbcb8) 
thrown [s\open\src\hotspot\share\prims\jni.cpp, line 516]
Event: 16.035 Thread 0x0000016505ddf2c0 Exception <a 'sun/nio/fs/WindowsException'{0x00000000d19f4a30}> (0x00000000d19f4a30) 
thrown [s\open\src\hotspot\share\prims\jni.cpp, line 516]
Event: 16.035 Thread 0x0000016505ddf2c0 Exception <a 'sun/nio/fs/WindowsException'{0x00000000d19f51a0}> (0x00000000d19f51a0) 
thrown [s\open\src\hotspot\share\prims\jni.cpp, line 516]
Event: 16.035 Thread 0x0000016505ddf2c0 Exception <a 'sun/nio/fs/WindowsException'{0x00000000d19f5760}> (0x00000000d19f5760) 
thrown [s\open\src\hotspot\share\prims\jni.cpp, line 516]
Event: 16.035 Thread 0x0000016505ddf2c0 Exception <a 'sun/nio/fs/WindowsException'{0x00000000d19f5ec0}> (0x00000000d19f5ec0) 
thrown [s\open\src\hotspot\share\prims\jni.cpp, line 516]
Event: 16.035 Thread 0x0000016505ddf2c0 Exception <a 'sun/nio/fs/WindowsException'{0x00000000d19f6230}> (0x00000000d19f6230) 
thrown [s\open\src\hotspot\share\prims\jni.cpp, line 516]
Event: 16.035 Thread 0x0000016505ddf2c0 Exception <a 'sun/nio/fs/WindowsException'{0x00000000d19f6ef8}> (0x00000000d19f6ef8) 
thrown [s\open\src\hotspot\share\prims\jni.cpp, line 516]
Event: 16.036 Thread 0x0000016505ddf2c0 Exception <a 'sun/nio/fs/WindowsException'{0x00000000d19f7238}> (0x00000000d19f7238) 
thrown [s\open\src\hotspot\share\prims\jni.cpp, line 516]
Event: 16.036 Thread 0x0000016505ddf2c0 Exception <a 'sun/nio/fs/WindowsException'{0x00000000d19f7ef8}> (0x00000000d19f7ef8) 
thrown [s\open\src\hotspot\share\prims\jni.cpp, line 516]
Event: 17.408 Thread 0x00000165261cf230 Exception <a 'java/lang/NoSuchMethodError'{0x00000000d3314fa0}: 'java.lang.Object java.lang.invoke.DirectMethodHandle$Holder.invokeStaticInit(java.lang.Object, java.lang.Object, long, java.lang.Object)'> (0x00000000d3314fa0) 
thrown [s\open\src\hotspot\share\interpreter\linkResolver.cpp, line 759]
Event: 17.408 Thread 0x00000165261cf230 Exception <a 'java/lang/NoSuchMethodError'{0x00000000d331b6e0}: 'java.lang.Object java.lang.invoke.DirectMethodHandle$Holder.newInvokeSpecial(java.lang.Object, java.lang.Object, long)'> (0x00000000d331b6e0) 
thrown [s\open\src\hotspot\share\interpreter\linkResolver.cpp, line 759]
Event: 17.408 Thread 0x00000165261cf230 Exception <a 'java/lang/NoSuchMethodError'{0x00000000d331f250}: 'java.lang.Object java.lang.invoke.Invokers$Holder.linkToTargetMethod(java.lang.Object, long, java.lang.Object)'> (0x00000000d331f250) 
thrown [s\open\src\hotspot\share\interpreter\linkResolver.cpp, line 759]
Event: 17.835 Thread 0x0000016505ddf2c0 Exception <a 'java/lang/NoSuchMethodError'{0x00000000d312e430}: 'java.lang.Object java.lang.invoke.DirectMethodHandle$Holder.invokeStaticInit(java.lang.Object, java.lang.Object, int, int, int, int)'> (0x00000000d312e430) 
thrown [s\open\src\hotspot\share\interpreter\linkResolver.cpp, line 759]
Event: 18.418 Thread 0x0000016505ddf2c0 Exception <a 'java/lang/NoSuchMethodError'{0x00000000d2613e70}: 'void java.lang.invoke.DirectMethodHandle$Holder.invokeStatic(java.lang.Object, long)'> (0x00000000d2613e70) 
thrown [s\open\src\hotspot\share\interpreter\linkResolver.cpp, line 759]
Event: 18.419 Thread 0x0000016505ddf2c0 Exception <a 'java/lang/NoSuchMethodError'{0x00000000d26194c0}: 'java.lang.Object java.lang.invoke.DirectMethodHandle$Holder.newInvokeSpecial(java.lang.Object, long)'> (0x00000000d26194c0) 
thrown [s\open\src\hotspot\share\interpreter\linkResolver.cpp, line 759]

VM Operations (20 events):
Event: 18.124 Executing VM operation: HandshakeAllThreads
Event: 18.124 Executing VM operation: HandshakeAllThreads done
Event: 18.421 Executing VM operation: HandshakeAllThreads
Event: 18.421 Executing VM operation: HandshakeAllThreads done
Event: 18.437 Executing VM operation: HandshakeAllThreads
Event: 18.437 Executing VM operation: HandshakeAllThreads done
Event: 19.451 Executing VM operation: Cleanup
Event: 19.451 Executing VM operation: Cleanup done
Event: 20.465 Executing VM operation: Cleanup
Event: 20.465 Executing VM operation: Cleanup done
Event: 21.468 Executing VM operation: Cleanup
Event: 21.468 Executing VM operation: Cleanup done
Event: 22.472 Executing VM operation: Cleanup
Event: 22.472 Executing VM operation: Cleanup done
Event: 25.491 Executing VM operation: Cleanup
Event: 25.492 Executing VM operation: Cleanup done
Event: 26.502 Executing VM operation: Cleanup
Event: 26.502 Executing VM operation: Cleanup done
Event: 27.518 Executing VM operation: Cleanup
Event: 27.518 Executing VM operation: Cleanup done

Events (20 events):
Event: 18.420 loading class java/lang/Process$PipeInputStream done
Event: 18.421 loading class jdk/internal/event/ProcessStartEvent
Event: 18.422 loading class jdk/internal/event/Event
Event: 18.424 loading class jdk/internal/event/Event done
Event: 18.424 loading class jdk/internal/event/ProcessStartEvent done
Event: 18.425 loading class java/nio/channels/ClosedChannelException
Event: 18.429 loading class java/nio/channels/ClosedChannelException done
Event: 18.438 loading class java/nio/channels/NonReadableChannelException
Event: 18.439 loading class java/nio/channels/NonReadableChannelException done
Event: 18.441 loading class java/nio/channels/NonWritableChannelException
Event: 18.441 loading class java/nio/channels/NonWritableChannelException done
Event: 18.458 Thread 0x0000016524b23ee0 Thread added: 0x0000016524b23ee0
Event: 18.458 Thread 0x0000016524b24d50 Thread added: 0x0000016524b24d50
Event: 18.466 Thread 0x0000016524b26f00 Thread added: 0x0000016524b26f00
Event: 18.496 loading class java/util/Scanner
Event: 18.498 loading class java/util/Scanner done
Event: 18.499 loading class java/util/Scanner$PatternLRUCache
Event: 18.500 loading class java/util/Scanner$PatternLRUCache done
Event: 27.516 loading class java/util/concurrent/atomic/Striped64$1
Event: 27.516 loading class java/util/concurrent/atomic/Striped64$1 done


Dynamic libraries:
0x00007ff6bba50000 - 0x00007ff6bba60000 	C:\Program Files\Java\jdk-17\bin\java.exe
0x00007ff9c7390000 - 0x00007ff9c7588000 	C:\windows\SYSTEM32\ntdll.dll
0x00007ff9c64b0000 - 0x00007ff9c656f000 	C:\windows\System32\KERNEL32.DLL
0x00007ff9c4c50000 - 0x00007ff9c4f46000 	C:\windows\System32\KERNELBASE.dll
0x00007ff9c4f50000 - 0x00007ff9c5050000 	C:\windows\System32\ucrtbase.dll
0x00007ff9a7540000 - 0x00007ff9a7559000 	C:\Program Files\Java\jdk-17\bin\jli.dll
0x00007ff9c58a0000 - 0x00007ff9c594f000 	C:\windows\System32\ADVAPI32.dll
0x00007ff9c5970000 - 0x00007ff9c5a0e000 	C:\windows\System32\msvcrt.dll
0x00007ff9c6b50000 - 0x00007ff9c6bec000 	C:\windows\System32\sechost.dll
0x00007ff9c6650000 - 0x00007ff9c6776000 	C:\windows\System32\RPCRT4.dll
0x00007ff9c5480000 - 0x00007ff9c561d000 	C:\windows\System32\USER32.dll
0x00007ff9c4c20000 - 0x00007ff9c4c42000 	C:\windows\System32\win32u.dll
0x00007ff9c57b0000 - 0x00007ff9c57dc000 	C:\windows\System32\GDI32.dll
0x00007ff9c5220000 - 0x00007ff9c5335000 	C:\windows\System32\gdi32full.dll
0x00007ff9c4ac0000 - 0x00007ff9c4b5d000 	C:\windows\System32\msvcp_win.dll
0x00007ff9adc60000 - 0x00007ff9adefa000 	C:\windows\WinSxS\amd64_microsoft.windows.common-controls_6595b64144ccf1df_6.0.19041.1110_none_60b5254171f9507e\COMCTL32.dll
0x00007ff99e540000 - 0x00007ff99e55b000 	C:\Program Files\Java\jdk-17\bin\VCRUNTIME140.dll
0x00007ff9bc710000 - 0x00007ff9bc71a000 	C:\windows\SYSTEM32\VERSION.dll
0x00007ff9c6620000 - 0x00007ff9c6650000 	C:\windows\System32\IMM32.DLL
0x00007ff9ad960000 - 0x00007ff9ad96c000 	C:\Program Files\Java\jdk-17\bin\vcruntime140_1.dll
0x00007ff980ff0000 - 0x00007ff98107e000 	C:\Program Files\Java\jdk-17\bin\msvcp140.dll
0x00007ff956a30000 - 0x00007ff95760d000 	C:\Program Files\Java\jdk-17\bin\server\jvm.dll
0x00007ff9c7340000 - 0x00007ff9c7348000 	C:\windows\System32\PSAPI.DLL
0x00007ff999790000 - 0x00007ff999799000 	C:\windows\SYSTEM32\WSOCK32.dll
0x00007ff9c6a50000 - 0x00007ff9c6abb000 	C:\windows\System32\WS2_32.dll
0x00007ff9bc6e0000 - 0x00007ff9bc707000 	C:\windows\SYSTEM32\WINMM.dll
0x00007ff9c2920000 - 0x00007ff9c2932000 	C:\windows\SYSTEM32\kernel.appcore.dll
0x00007ff99e530000 - 0x00007ff99e53a000 	C:\Program Files\Java\jdk-17\bin\jimage.dll
0x00007ff9afaa0000 - 0x00007ff9afc84000 	C:\windows\SYSTEM32\DBGHELP.DLL
0x00007ff9a76e0000 - 0x00007ff9a7714000 	C:\windows\SYSTEM32\dbgcore.DLL
0x00007ff9c4b60000 - 0x00007ff9c4be2000 	C:\windows\System32\bcryptPrimitives.dll
0x00007ff996480000 - 0x00007ff9964a5000 	C:\Program Files\Java\jdk-17\bin\java.dll
0x00007ff975a70000 - 0x00007ff975b47000 	C:\Program Files\Java\jdk-17\bin\jsvml.dll
0x00007ff9c6bf0000 - 0x00007ff9c7334000 	C:\windows\System32\SHELL32.dll
0x00007ff9c2b20000 - 0x00007ff9c32b4000 	C:\windows\SYSTEM32\windows.storage.dll
0x00007ff9c6020000 - 0x00007ff9c6374000 	C:\windows\System32\combase.dll
0x00007ff9c43e0000 - 0x00007ff9c440e000 	C:\windows\SYSTEM32\Wldp.dll
0x00007ff9c5700000 - 0x00007ff9c57ad000 	C:\windows\System32\SHCORE.dll
0x00007ff9c5fc0000 - 0x00007ff9c6015000 	C:\windows\System32\shlwapi.dll
0x00007ff9c49a0000 - 0x00007ff9c49c5000 	C:\windows\SYSTEM32\profapi.dll
0x00007ff996460000 - 0x00007ff996479000 	C:\Program Files\Java\jdk-17\bin\net.dll
0x00007ff9b97b0000 - 0x00007ff9b98ba000 	C:\windows\SYSTEM32\WINHTTP.dll
0x00007ff9c4140000 - 0x00007ff9c41aa000 	C:\windows\system32\mswsock.dll
0x00007ff996440000 - 0x00007ff996456000 	C:\Program Files\Java\jdk-17\bin\nio.dll
0x00007ff9960c0000 - 0x00007ff9960d8000 	C:\Program Files\Java\jdk-17\bin\zip.dll
0x0000000069ac0000 - 0x0000000069ae4000 	C:\Users\carin\AppData\Local\Temp\jansi-2.4.0-cdc8ca34d14887d8-jansi.dll
0x00007ff99e3f0000 - 0x00007ff99e400000 	C:\Program Files\Java\jdk-17\bin\verify.dll
0x00007ff9c4330000 - 0x00007ff9c4348000 	C:\windows\SYSTEM32\CRYPTSP.dll
0x00007ff9c3a60000 - 0x00007ff9c3a94000 	C:\windows\system32\rsaenh.dll
0x00007ff9c4bf0000 - 0x00007ff9c4c17000 	C:\windows\System32\bcrypt.dll
0x00007ff9c4920000 - 0x00007ff9c494e000 	C:\windows\SYSTEM32\USERENV.dll
0x00007ff9c4350000 - 0x00007ff9c435c000 	C:\windows\SYSTEM32\CRYPTBASE.dll
0x00007ff9c3e30000 - 0x00007ff9c3e6c000 	C:\windows\SYSTEM32\IPHLPAPI.DLL
0x00007ff9c53f0000 - 0x00007ff9c53f8000 	C:\windows\System32\NSI.dll
0x00007ff9bb3c0000 - 0x00007ff9bb3d7000 	C:\windows\SYSTEM32\dhcpcsvc6.DLL
0x00007ff9b99f0000 - 0x00007ff9b9a0d000 	C:\windows\SYSTEM32\dhcpcsvc.DLL
0x00007ff9c3e70000 - 0x00007ff9c3f3a000 	C:\windows\SYSTEM32\DNSAPI.dll

dbghelp: loaded successfully - version: 4.0.5 - missing functions: none
symbol engine: initialized successfully - sym options: 0x614 - pdb path: .;C:\Program Files\Java\jdk-17\bin;C:\windows\SYSTEM32;C:\windows\WinSxS\amd64_microsoft.windows.common-controls_6595b64144ccf1df_6.0.19041.1110_none_60b5254171f9507e;C:\Program Files\Java\jdk-17\bin\server;C:\Users\carin\AppData\Local\Temp

VM Arguments:
jvm_args: -Dmaven.multiModuleProjectDirectory=C:\Users\carin\Desktop\springbootreact\gestion-clientes-backend 
java_command: org.apache.maven.wrapper.MavenWrapperMain -Dmaven.ext.class.path=C:\Program Files\NetBeans-17\netbeans\java\maven-nblib\netbeans-eventspy.jar --no-transfer-progress clean install
java_class_path (initial): C:\Users\carin\Desktop\springbootreact\gestion-clientes-backend\.mvn\wrapper\maven-wrapper.jar
Launcher Type: SUN_STANDARD

[Global flags]
     intx CICompilerCount                          = 2                                         {product} {ergonomic}
     uint ConcGCThreads                            = 1                                         {product} {ergonomic}
     uint G1ConcRefinementThreads                  = 2                                         {product} {ergonomic}
   size_t G1HeapRegionSize                         = 1048576                                   {product} {ergonomic}
    uintx GCDrainStackTargetSize                   = 64                                        {product} {ergonomic}
   size_t InitialHeapSize                          = 58720256                                  {product} {ergonomic}
   size_t MarkStackSize                            = 4194304                                   {product} {ergonomic}
   size_t MaxHeapSize                              = 918552576                                 {product} {ergonomic}
   size_t MaxNewSize                               = 550502400                                 {product} {ergonomic}
   size_t MinHeapDeltaBytes                        = 1048576                                   {product} {ergonomic}
   size_t MinHeapSize                              = 8388608                                   {product} {ergonomic}
    uintx NonNMethodCodeHeapSize                   = 5826188                                {pd product} {ergonomic}
    uintx NonProfiledCodeHeapSize                  = 122916026                              {pd product} {ergonomic}
    uintx ProfiledCodeHeapSize                     = 122916026                              {pd product} {ergonomic}
    uintx ReservedCodeCacheSize                    = 251658240                              {pd product} {ergonomic}
     bool SegmentedCodeCache                       = true                                      {product} {ergonomic}
   size_t SoftMaxHeapSize                          = 918552576                              {manageable} {ergonomic}
     bool UseCompressedClassPointers               = true                           {product lp64_product} {ergonomic}
     bool UseCompressedOops                        = true                           {product lp64_product} {ergonomic}
     bool UseG1GC                                  = true                                      {product} {ergonomic}
     bool UseLargePagesIndividualAllocation        = false                                  {pd product} {ergonomic}

Logging:
Log output configuration:
 #0: stdout all=warning uptime,level,tags
 #1: stderr all=off uptime,level,tags

Environment Variables:
JAVA_HOME=C:\Program Files\Java\jdk-17
PATH=C:\Program Files\Common Files\Oracle\Java\javapath;C:\windows\system32;C:\windows;C:\windows\System32\Wbem;C:\windows\System32\WindowsPowerShell\v1.0\;C:\windows\System32\OpenSSH\;C:\Program Files\Git\cmd;C:\Program Files\nodejs\;C:\gradle-8.1.1\bin;C:\Program Files\Java\jdk-20\bin;C:\Users\carin\AppData\Local\Microsoft\WindowsApps;C:\Users\carin\AppData\Local\Programs\Microsoft VS Code\bin;C:\Users\carin\AppData\Roaming\npm;C:\ProgramData\carin\GitHubDesktop\bin;C:\Users\carin\AppData\Local\GitHubDesktop\bin;C:\Users\carin\Downloads\mongodb-windows-x86_64-6.0.4.zip\mongodb-win32-x86_64-windows-6.0.4\bin;C:\Users\carin\Desktop\dataBase\data;C:\Program Files\MongoDB\Server\6.0\data;C:\Program Files\MongoDB\Server\6.0\bin;C:\Users\carin\Desktop\Backend\FastAPI;C:\Users\carin\Desktop\Backend;C:\Users\carin\Desktop\Backend\dataBase\data\log;C:\Program Files\MongoDB\Server\6.0\data;C:\Program Files\MongoDB\Server\6.0\bin;C:\Users\carin\AppData\Local\Packages\PythonSoftwareFoundation.Python.3.10_qbz5n2kfra8p0\LocalCache\local-packages\Python310\Scripts;C:\Users\carin\Documents\flutter\bin\;C:\Program Files\MySQL\MySQL Server 8.0\bin;C:\gradle-8.1.1\bin;C:\Program Files\Java\jdk-20\bin;
USERNAME=carin
OS=Windows_NT
PROCESSOR_IDENTIFIER=AMD64 Family 23 Model 24 Stepping 1, AuthenticAMD



---------------  S Y S T E M  ---------------

OS:
 Windows 10 , 64 bit Build 19041 (10.0.19041.3155)
OS uptime: 2 days 13:14 hours

CPU: total 2 (initial active 2) (2 cores per cpu, 1 threads per core) family 23 model 24 stepping 1 microcode 0x0, cx8, cmov, fxsr, mmx, 3dnowpref, sse, sse2, sse3, ssse3, sse4a, sse4.1, sse4.2, popcnt, lzcnt, tsc, tscinvbit, avx, avx2, aes, clmul, bmi1, bmi2, adx, sha, fma, vzeroupper, clflush, clflushopt

Memory: 4k page, system-wide physical 3500M (282M free)
TotalPageFile size 14252M (AvailPageFile size 2M)
current process WorkingSet (physical memory assigned to process): 232M, peak: 277M
current process commit charge ("private bytes"): 325M, peak: 344M

vm_info: Java HotSpot(TM) 64-Bit Server VM (17.0.7+8-LTS-224) for windows-amd64 JRE (17.0.7+8-LTS-224), built on Feb 28 2023 23:03:02 by "mach5one" with MS VC++ 17.1 (VS2022)

END.
