#
# There is insufficient memory for the Java Runtime Environment to continue.
# Native memory allocation (malloc) failed to allocate 1691904 bytes for Chunk::new
# Possible reasons:
#   The system is out of physical RAM or swap space
#   The process is running with CompressedOops enabled, and the Java Heap may be blocking the growth of the native heap
# Possible solutions:
#   Reduce memory load on the system
#   Increase physical memory or swap space
#   Check if swap backing store is full
#   Decrease Java heap size (-Xmx/-Xms)
#   Decrease number of Java threads
#   Decrease Java thread stack sizes (-Xss)
#   Set larger code cache with -XX:ReservedCodeCacheSize=
#   JVM is running with Unscaled Compressed Oops mode in which the Java heap is
#     placed in the first 4GB address space. The Java Heap base address is the
#     maximum limit for the native heap growth. Please use -XX:HeapBaseMinAddress
#     to set the Java Heap base and to place the Java Heap above 4GB virtual address.
# This output file may be truncated or incomplete.
#
#  Out of Memory Error (arena.cpp:189), pid=7816, tid=14972
#
# JRE version: Java(TM) SE Runtime Environment (17.0.7+8) (build 17.0.7+8-LTS-224)
# Java VM: Java HotSpot(TM) 64-Bit Server VM (17.0.7+8-LTS-224, mixed mode, sharing, tiered, compressed oops, compressed class ptrs, g1 gc, windows-amd64)
# No core dump will be written. Minidumps are not enabled by default on client versions of Windows
#

---------------  S U M M A R Y ------------

Command Line: -Dmaven.multiModuleProjectDirectory=C:\Users\carin\Desktop\springbootreact\gestion-clientes-backend org.apache.maven.wrapper.MavenWrapperMain -Dmaven.ext.class.path=C:\Program Files\NetBeans-17\netbeans\java\maven-nblib\netbeans-eventspy.jar --no-transfer-progress clean install

Host: AMD Athlon Silver 3050U with Radeon Graphics   , 2 cores, 3G,  Windows 10 , 64 bit Build 19041 (10.0.19041.3155)
Time: Thu Aug  3 05:53:56 2023 Hora estándar de Argentina elapsed time: 5.098603 seconds (0d 0h 0m 5s)

---------------  T H R E A D  ---------------

Current thread (0x00000249bb627630):  JavaThread "C2 CompilerThread0" daemon [_thread_in_native, id=14972, stack(0x0000009941700000,0x0000009941800000)]


Current CompileTask:
C2:   5098 3595   !   4       org.codehaus.plexus.interpolation.StringSearchInterpolator::interpolate (668 bytes)

Stack: [0x0000009941700000,0x0000009941800000]
Native frames: (J=compiled Java code, j=interpreted, Vv=VM code, C=native code)
V  [jvm.dll+0x676a4a]
V  [jvm.dll+0x7d74f4]
V  [jvm.dll+0x7d8c9e]
V  [jvm.dll+0x7d9303]
V  [jvm.dll+0x2452c5]
V  [jvm.dll+0xaaa2b]
V  [jvm.dll+0xaafcc]
V  [jvm.dll+0x36141e]
V  [jvm.dll+0x32bba1]
V  [jvm.dll+0x32b03a]
V  [jvm.dll+0x217acf]
V  [jvm.dll+0x216f01]
V  [jvm.dll+0x1a35e0]
V  [jvm.dll+0x226a6e]
V  [jvm.dll+0x224e15]
V  [jvm.dll+0x78d05c]
V  [jvm.dll+0x78759a]
V  [jvm.dll+0x675875]
C  [ucrtbase.dll+0x21bb2]
C  [KERNEL32.DLL+0x17614]
C  [ntdll.dll+0x526b1]


---------------  P R O C E S S  ---------------

Threads class SMR info:
_java_thread_list=0x00000249bc159a10, length=12, elements={
0x00000249a0d5f660, 0x00000249a0e39830, 0x00000249bb6107a0, 0x00000249bb623b70,
0x00000249bb624530, 0x00000249bb624ee0, 0x00000249bb6268a0, 0x00000249bb627630,
0x00000249bb680920, 0x00000249bb694f50, 0x00000249bc152ba0, 0x00000249bc15dcf0
}

Java Threads: ( => current thread )
  0x00000249a0d5f660 JavaThread "main" [_thread_in_vm, id=1472, stack(0x0000009940a00000,0x0000009940b00000)]
  0x00000249a0e39830 JavaThread "Reference Handler" daemon [_thread_blocked, id=6904, stack(0x0000009941100000,0x0000009941200000)]
  0x00000249bb6107a0 JavaThread "Finalizer" daemon [_thread_blocked, id=15016, stack(0x0000009941200000,0x0000009941300000)]
  0x00000249bb623b70 JavaThread "Signal Dispatcher" daemon [_thread_blocked, id=13688, stack(0x0000009941300000,0x0000009941400000)]
  0x00000249bb624530 JavaThread "Attach Listener" daemon [_thread_blocked, id=8216, stack(0x0000009941400000,0x0000009941500000)]
  0x00000249bb624ee0 JavaThread "Service Thread" daemon [_thread_blocked, id=11336, stack(0x0000009941500000,0x0000009941600000)]
  0x00000249bb6268a0 JavaThread "Monitor Deflation Thread" daemon [_thread_blocked, id=15000, stack(0x0000009941600000,0x0000009941700000)]
=>0x00000249bb627630 JavaThread "C2 CompilerThread0" daemon [_thread_in_native, id=14972, stack(0x0000009941700000,0x0000009941800000)]
  0x00000249bb680920 JavaThread "C1 CompilerThread0" daemon [_thread_in_vm, id=14124, stack(0x0000009941800000,0x0000009941900000)]
  0x00000249bb694f50 JavaThread "Sweeper thread" daemon [_thread_blocked, id=8744, stack(0x0000009941900000,0x0000009941a00000)]
  0x00000249bc152ba0 JavaThread "Notification Thread" daemon [_thread_blocked, id=14112, stack(0x0000009941a00000,0x0000009941b00000)]
  0x00000249bc15dcf0 JavaThread "Common-Cleaner" daemon [_thread_blocked, id=11500, stack(0x0000009941c00000,0x0000009941d00000)]

Other Threads:
  0x00000249a0e37c50 VMThread "VM Thread" [stack: 0x0000009941000000,0x0000009941100000] [id=8664]
  0x00000249bc15d4a0 WatcherThread [stack: 0x0000009941b00000,0x0000009941c00000] [id=11112]
  0x00000249a0d96b40 GCTaskThread "GC Thread#0" [stack: 0x0000009940b00000,0x0000009940c00000] [id=5372]
  0x00000249bc5078c0 GCTaskThread "GC Thread#1" [stack: 0x0000009941d00000,0x0000009941e00000] [id=8464]
  0x00000249a0d9e800 ConcurrentGCThread "G1 Main Marker" [stack: 0x0000009940c00000,0x0000009940d00000] [id=9164]
  0x00000249a0d9f210 ConcurrentGCThread "G1 Conc#0" [stack: 0x0000009940d00000,0x0000009940e00000] [id=9952]
  0x00000249a0dd8cb0 ConcurrentGCThread "G1 Refine#0" [stack: 0x0000009940e00000,0x0000009940f00000] [id=9020]
  0x00000249a0dd96d0 ConcurrentGCThread "G1 Service" [stack: 0x0000009940f00000,0x0000009941000000] [id=10956]

Threads with active compile tasks:
C2 CompilerThread0     5129 3595   !   4       org.codehaus.plexus.interpolation.StringSearchInterpolator::interpolate (668 bytes)

VM state: not at safepoint (normal execution)

VM Mutex/Monitor currently owned by a thread: None

Heap address: 0x00000000c9400000, size: 876 MB, Compressed Oops mode: 32-bit

CDS archive(s) mapped at: [0x0000000800000000-0x0000000800bd0000-0x0000000800bd0000), size 12386304, SharedBaseAddress: 0x0000000800000000, ArchiveRelocationMode: 0.
Compressed class space mapped at: 0x0000000800c00000-0x0000000840c00000, reserved size: 1073741824
Narrow klass base: 0x0000000800000000, Narrow klass shift: 0, Narrow klass range: 0x100000000

GC Precious Log:
 CPUs: 2 total, 2 available
 Memory: 3500M
 Large Page Support: Disabled
 NUMA Support: Disabled
 Compressed Oops: Enabled (32-bit)
 Heap Region Size: 1M
 Heap Min Capacity: 8M
 Heap Initial Capacity: 56M
 Heap Max Capacity: 876M
 Pre-touch: Disabled
 Parallel Workers: 2
 Concurrent Workers: 1
 Concurrent Refinement Workers: 2
 Periodic GC: Disabled

Heap:
 garbage-first heap   total 57344K, used 32015K [0x00000000c9400000, 0x0000000100000000)
  region size 1024K, 25 young (25600K), 4 survivors (4096K)
 Metaspace       used 15795K, committed 15936K, reserved 1064960K
  class space    used 1870K, committed 1920K, reserved 1048576K

Heap Regions: E=young(eden), S=young(survivor), O=old, HS=humongous(starts), HC=humongous(continues), CS=collection set, F=free, OA=open archive, CA=closed archive, TAMS=top-at-mark-start (previous, next)
|   0|0x00000000c9400000, 0x00000000c9500000, 0x00000000c9500000|100%| O|  |TAMS 0x00000000c9400000, 0x00000000c9400000| Untracked 
|   1|0x00000000c9500000, 0x00000000c9600000, 0x00000000c9600000|100%| O|  |TAMS 0x00000000c9500000, 0x00000000c9500000| Untracked 
|   2|0x00000000c9600000, 0x00000000c9700000, 0x00000000c9700000|100%| O|  |TAMS 0x00000000c9600000, 0x00000000c9600000| Untracked 
|   3|0x00000000c9700000, 0x00000000c9800000, 0x00000000c9800000|100%| O|  |TAMS 0x00000000c9700000, 0x00000000c9700000| Untracked 
|   4|0x00000000c9800000, 0x00000000c9900000, 0x00000000c9900000|100%| O|  |TAMS 0x00000000c9800000, 0x00000000c9800000| Untracked 
|   5|0x00000000c9900000, 0x00000000c9a00000, 0x00000000c9a00000|100%| O|  |TAMS 0x00000000c9900000, 0x00000000c9900000| Untracked 
|   6|0x00000000c9a00000, 0x00000000c9b00000, 0x00000000c9b00000|100%| O|  |TAMS 0x00000000c9a00000, 0x00000000c9a00000| Untracked 
|   7|0x00000000c9b00000, 0x00000000c9b7b608, 0x00000000c9c00000| 48%| O|  |TAMS 0x00000000c9b00000, 0x00000000c9b00000| Untracked 
|   8|0x00000000c9c00000, 0x00000000c9c00000, 0x00000000c9d00000|  0%| F|  |TAMS 0x00000000c9c00000, 0x00000000c9c00000| Untracked 
|   9|0x00000000c9d00000, 0x00000000c9d00000, 0x00000000c9e00000|  0%| F|  |TAMS 0x00000000c9d00000, 0x00000000c9d00000| Untracked 
|  10|0x00000000c9e00000, 0x00000000c9e00000, 0x00000000c9f00000|  0%| F|  |TAMS 0x00000000c9e00000, 0x00000000c9e00000| Untracked 
|  11|0x00000000c9f00000, 0x00000000c9f00000, 0x00000000ca000000|  0%| F|  |TAMS 0x00000000c9f00000, 0x00000000c9f00000| Untracked 
|  12|0x00000000ca000000, 0x00000000ca000000, 0x00000000ca100000|  0%| F|  |TAMS 0x00000000ca000000, 0x00000000ca000000| Untracked 
|  13|0x00000000ca100000, 0x00000000ca100000, 0x00000000ca200000|  0%| F|  |TAMS 0x00000000ca100000, 0x00000000ca100000| Untracked 
|  14|0x00000000ca200000, 0x00000000ca200000, 0x00000000ca300000|  0%| F|  |TAMS 0x00000000ca200000, 0x00000000ca200000| Untracked 
|  15|0x00000000ca300000, 0x00000000ca300000, 0x00000000ca400000|  0%| F|  |TAMS 0x00000000ca300000, 0x00000000ca300000| Untracked 
|  16|0x00000000ca400000, 0x00000000ca400000, 0x00000000ca500000|  0%| F|  |TAMS 0x00000000ca400000, 0x00000000ca400000| Untracked 
|  17|0x00000000ca500000, 0x00000000ca500000, 0x00000000ca600000|  0%| F|  |TAMS 0x00000000ca500000, 0x00000000ca500000| Untracked 
|  18|0x00000000ca600000, 0x00000000ca600000, 0x00000000ca700000|  0%| F|  |TAMS 0x00000000ca600000, 0x00000000ca600000| Untracked 
|  19|0x00000000ca700000, 0x00000000ca700000, 0x00000000ca800000|  0%| F|  |TAMS 0x00000000ca700000, 0x00000000ca700000| Untracked 
|  20|0x00000000ca800000, 0x00000000ca800000, 0x00000000ca900000|  0%| F|  |TAMS 0x00000000ca800000, 0x00000000ca800000| Untracked 
|  21|0x00000000ca900000, 0x00000000ca9c8650, 0x00000000caa00000| 78%| S|CS|TAMS 0x00000000ca900000, 0x00000000ca900000| Complete 
|  22|0x00000000caa00000, 0x00000000cab00000, 0x00000000cab00000|100%| S|CS|TAMS 0x00000000caa00000, 0x00000000caa00000| Complete 
|  23|0x00000000cab00000, 0x00000000cab00000, 0x00000000cac00000|  0%| F|  |TAMS 0x00000000cab00000, 0x00000000cab00000| Untracked 
|  24|0x00000000cac00000, 0x00000000cac00000, 0x00000000cad00000|  0%| F|  |TAMS 0x00000000cac00000, 0x00000000cac00000| Untracked 
|  25|0x00000000cad00000, 0x00000000cad00000, 0x00000000cae00000|  0%| F|  |TAMS 0x00000000cad00000, 0x00000000cad00000| Untracked 
|  26|0x00000000cae00000, 0x00000000caf00000, 0x00000000caf00000|100%| S|CS|TAMS 0x00000000cae00000, 0x00000000cae00000| Complete 
|  27|0x00000000caf00000, 0x00000000cb000000, 0x00000000cb000000|100%| S|CS|TAMS 0x00000000caf00000, 0x00000000caf00000| Complete 
|  28|0x00000000cb000000, 0x00000000cb000000, 0x00000000cb100000|  0%| F|  |TAMS 0x00000000cb000000, 0x00000000cb000000| Untracked 
|  29|0x00000000cb100000, 0x00000000cb100000, 0x00000000cb200000|  0%| F|  |TAMS 0x00000000cb100000, 0x00000000cb100000| Untracked 
|  30|0x00000000cb200000, 0x00000000cb200000, 0x00000000cb300000|  0%| F|  |TAMS 0x00000000cb200000, 0x00000000cb200000| Untracked 
|  31|0x00000000cb300000, 0x00000000cb300000, 0x00000000cb400000|  0%| F|  |TAMS 0x00000000cb300000, 0x00000000cb300000| Untracked 
|  32|0x00000000cb400000, 0x00000000cb400000, 0x00000000cb500000|  0%| F|  |TAMS 0x00000000cb400000, 0x00000000cb400000| Untracked 
|  33|0x00000000cb500000, 0x00000000cb500000, 0x00000000cb600000|  0%| F|  |TAMS 0x00000000cb500000, 0x00000000cb500000| Untracked 
|  34|0x00000000cb600000, 0x00000000cb600000, 0x00000000cb700000|  0%| F|  |TAMS 0x00000000cb600000, 0x00000000cb600000| Untracked 
|  35|0x00000000cb700000, 0x00000000cb800000, 0x00000000cb800000|100%| E|  |TAMS 0x00000000cb700000, 0x00000000cb700000| Complete 
|  36|0x00000000cb800000, 0x00000000cb900000, 0x00000000cb900000|100%| E|CS|TAMS 0x00000000cb800000, 0x00000000cb800000| Complete 
|  37|0x00000000cb900000, 0x00000000cba00000, 0x00000000cba00000|100%| E|CS|TAMS 0x00000000cb900000, 0x00000000cb900000| Complete 
|  38|0x00000000cba00000, 0x00000000cbb00000, 0x00000000cbb00000|100%| E|CS|TAMS 0x00000000cba00000, 0x00000000cba00000| Complete 
|  39|0x00000000cbb00000, 0x00000000cbc00000, 0x00000000cbc00000|100%| E|CS|TAMS 0x00000000cbb00000, 0x00000000cbb00000| Complete 
|  40|0x00000000cbc00000, 0x00000000cbd00000, 0x00000000cbd00000|100%| E|CS|TAMS 0x00000000cbc00000, 0x00000000cbc00000| Complete 
|  41|0x00000000cbd00000, 0x00000000cbe00000, 0x00000000cbe00000|100%| E|CS|TAMS 0x00000000cbd00000, 0x00000000cbd00000| Complete 
|  42|0x00000000cbe00000, 0x00000000cbf00000, 0x00000000cbf00000|100%| E|CS|TAMS 0x00000000cbe00000, 0x00000000cbe00000| Complete 
|  43|0x00000000cbf00000, 0x00000000cc000000, 0x00000000cc000000|100%| E|CS|TAMS 0x00000000cbf00000, 0x00000000cbf00000| Complete 
|  44|0x00000000cc000000, 0x00000000cc100000, 0x00000000cc100000|100%| E|CS|TAMS 0x00000000cc000000, 0x00000000cc000000| Complete 
|  45|0x00000000cc100000, 0x00000000cc200000, 0x00000000cc200000|100%| E|CS|TAMS 0x00000000cc100000, 0x00000000cc100000| Complete 
|  46|0x00000000cc200000, 0x00000000cc300000, 0x00000000cc300000|100%| E|CS|TAMS 0x00000000cc200000, 0x00000000cc200000| Complete 
|  47|0x00000000cc300000, 0x00000000cc400000, 0x00000000cc400000|100%| E|CS|TAMS 0x00000000cc300000, 0x00000000cc300000| Complete 
|  48|0x00000000cc400000, 0x00000000cc500000, 0x00000000cc500000|100%| E|CS|TAMS 0x00000000cc400000, 0x00000000cc400000| Complete 
|  49|0x00000000cc500000, 0x00000000cc600000, 0x00000000cc600000|100%| E|CS|TAMS 0x00000000cc500000, 0x00000000cc500000| Complete 
|  50|0x00000000cc600000, 0x00000000cc700000, 0x00000000cc700000|100%| E|CS|TAMS 0x00000000cc600000, 0x00000000cc600000| Complete 
|  51|0x00000000cc700000, 0x00000000cc800000, 0x00000000cc800000|100%| E|CS|TAMS 0x00000000cc700000, 0x00000000cc700000| Complete 
|  52|0x00000000cc800000, 0x00000000cc900000, 0x00000000cc900000|100%| E|CS|TAMS 0x00000000cc800000, 0x00000000cc800000| Complete 
|  53|0x00000000cc900000, 0x00000000cca00000, 0x00000000cca00000|100%| E|CS|TAMS 0x00000000cc900000, 0x00000000cc900000| Complete 
|  54|0x00000000cca00000, 0x00000000ccb00000, 0x00000000ccb00000|100%| E|CS|TAMS 0x00000000cca00000, 0x00000000cca00000| Complete 
|  55|0x00000000ccb00000, 0x00000000ccc00000, 0x00000000ccc00000|100%| E|CS|TAMS 0x00000000ccb00000, 0x00000000ccb00000| Complete 

Card table byte_map: [0x00000249a0b30000,0x00000249a0cf0000] _byte_map_base: 0x00000249a04e6000

Marking Bits (Prev, Next): (CMBitMap*) 0x00000249a0d97150, (CMBitMap*) 0x00000249a0d97190
 Prev Bits: [0x00000249b77b0000, 0x00000249b8560000)
 Next Bits: [0x00000249b8560000, 0x00000249b9310000)

Polling page: 0x00000249a0540000

Metaspace:

Usage:
  Non-class:     13.60 MB used.
      Class:      1.83 MB used.
       Both:     15.43 MB used.

Virtual space:
  Non-class space:       16.00 MB reserved,      13.69 MB ( 86%) committed,  2 nodes.
      Class space:        1.00 GB reserved,       1.88 MB ( <1%) committed,  1 nodes.
             Both:        1.02 GB reserved,      15.56 MB (  1%) committed. 

Chunk freelists:
   Non-Class:  1.76 MB
       Class:  1.94 MB
        Both:  3.70 MB

MaxMetaspaceSize: unlimited
CompressedClassSpaceSize: 1.00 GB
Initial GC threshold: 21.00 MB
Current GC threshold: 21.00 MB
CDS: on
MetaspaceReclaimPolicy: balanced
 - commit_granule_bytes: 65536.
 - commit_granule_words: 8192.
 - virtual_space_node_default_size: 1048576.
 - enlarge_chunks_in_place: 1.
 - new_chunks_are_fully_committed: 0.
 - uncommit_free_chunks: 1.
 - use_allocation_guard: 0.
 - handle_deallocations: 1.


Internal statistics:

num_allocs_failed_limit: 0.
num_arena_births: 94.
num_arena_deaths: 0.
num_vsnodes_births: 3.
num_vsnodes_deaths: 0.
num_space_committed: 250.
num_space_uncommitted: 0.
num_chunks_returned_to_freelist: 0.
num_chunks_taken_from_freelist: 663.
num_chunk_merges: 0.
num_chunk_splits: 444.
num_chunks_enlarged: 354.
num_purges: 0.
num_inconsistent_stats: 0.

CodeHeap 'non-profiled nmethods': size=120064Kb used=1569Kb max_used=1569Kb free=118494Kb
 bounds [0x00000249b00b0000, 0x00000249b0320000, 0x00000249b75f0000]
CodeHeap 'profiled nmethods': size=120000Kb used=7795Kb max_used=7795Kb free=112204Kb
 bounds [0x00000249a85f0000, 0x00000249a8d90000, 0x00000249afb20000]
CodeHeap 'non-nmethods': size=5696Kb used=1176Kb max_used=1212Kb free=4520Kb
 bounds [0x00000249afb20000, 0x00000249afd90000, 0x00000249b00b0000]
 total_blobs=4230 nmethods=3763 adapters=379
 compilation: enabled
              stopped_count=0, restarted_count=0
 full_count=0

Compilation events (20 events):
Event: 5.072 Thread 0x00000249bb680920 3744   !   3       org.apache.maven.model.building.DefaultModelBuilder::configureResolver (140 bytes)
Event: 5.073 Thread 0x00000249bb680920 nmethod 3744 0x00000249a8d7e090 code [0x00000249a8d7e400, 0x00000249a8d7f978]
Event: 5.074 Thread 0x00000249bb680920 3745       1       java.util.Formatter$FixedString::index (3 bytes)
Event: 5.074 Thread 0x00000249bb680920 nmethod 3745 0x00000249b0237290 code [0x00000249b0237420, 0x00000249b02374f8]
Event: 5.078 Thread 0x00000249bb680920 3747       3       org.apache.maven.model.building.DefaultModelBuildingResult::addModelId (20 bytes)
Event: 5.079 Thread 0x00000249bb680920 nmethod 3747 0x00000249a8d80110 code [0x00000249a8d802e0, 0x00000249a8d80638]
Event: 5.079 Thread 0x00000249bb680920 3748       3       org.apache.maven.model.building.DefaultModelBuildingResult::setActivePomProfiles (46 bytes)
Event: 5.079 Thread 0x00000249bb680920 nmethod 3748 0x00000249a8d80790 code [0x00000249a8d80980, 0x00000249a8d80e98]
Event: 5.079 Thread 0x00000249bb680920 3749       3       org.apache.maven.model.building.DefaultModelBuildingResult::setRawModel (21 bytes)
Event: 5.079 Thread 0x00000249bb680920 nmethod 3749 0x00000249a8d81090 code [0x00000249a8d81260, 0x00000249a8d815b8]
Event: 5.080 Thread 0x00000249bb680920 3750       3       java.util.ArrayList::hashCodeRange (68 bytes)
Event: 5.080 Thread 0x00000249bb680920 nmethod 3750 0x00000249a8d81710 code [0x00000249a8d818e0, 0x00000249a8d81d38]
Event: 5.087 Thread 0x00000249bb680920 3752       1       org.apache.maven.model.IssueManagement::getUrl (5 bytes)
Event: 5.087 Thread 0x00000249bb680920 nmethod 3752 0x00000249b0237590 code [0x00000249b0237720, 0x00000249b02377f8]
Event: 5.087 Thread 0x00000249bb680920 3753       1       org.apache.maven.model.IssueManagement::getSystem (5 bytes)
Event: 5.087 Thread 0x00000249bb680920 nmethod 3753 0x00000249b0237890 code [0x00000249b0237a20, 0x00000249b0237af8]
Event: 5.091 Thread 0x00000249bb680920 3754       1       org.eclipse.aether.util.version.GenericVersionConstraint::getRange (5 bytes)
Event: 5.091 Thread 0x00000249bb680920 nmethod 3754 0x00000249b0237b90 code [0x00000249b0237d20, 0x00000249b0237df8]
Event: 5.096 Thread 0x00000249bb680920 3755       1       org.apache.maven.model.DependencyManagement::setDependencies (6 bytes)
Event: 5.096 Thread 0x00000249bb680920 nmethod 3755 0x00000249b0237e90 code [0x00000249b0238020, 0x00000249b0238138]

GC Heap History (12 events):
Event: 0.479 GC heap before
{Heap before GC invocations=0 (full 0):
 garbage-first heap   total 57344K, used 6144K [0x00000000c9400000, 0x0000000100000000)
  region size 1024K, 6 young (6144K), 0 survivors (0K)
 Metaspace       used 1883K, committed 2048K, reserved 1056768K
  class space    used 178K, committed 256K, reserved 1048576K
}
Event: 0.482 GC heap after
{Heap after GC invocations=1 (full 0):
 garbage-first heap   total 57344K, used 2056K [0x00000000c9400000, 0x0000000100000000)
  region size 1024K, 1 young (1024K), 1 survivors (1024K)
 Metaspace       used 1883K, committed 2048K, reserved 1056768K
  class space    used 178K, committed 256K, reserved 1048576K
}
Event: 0.934 GC heap before
{Heap before GC invocations=1 (full 0):
 garbage-first heap   total 57344K, used 7175K [0x00000000c9400000, 0x0000000100000000)
  region size 1024K, 6 young (6144K), 1 survivors (1024K)
 Metaspace       used 3146K, committed 3392K, reserved 1056768K
  class space    used 330K, committed 448K, reserved 1048576K
}
Event: 0.938 GC heap after
{Heap after GC invocations=2 (full 0):
 garbage-first heap   total 57344K, used 3271K [0x00000000c9400000, 0x0000000100000000)
  region size 1024K, 1 young (1024K), 1 survivors (1024K)
 Metaspace       used 3146K, committed 3392K, reserved 1056768K
  class space    used 330K, committed 448K, reserved 1048576K
}
Event: 1.327 GC heap before
{Heap before GC invocations=2 (full 0):
 garbage-first heap   total 57344K, used 12487K [0x00000000c9400000, 0x0000000100000000)
  region size 1024K, 11 young (11264K), 1 survivors (1024K)
 Metaspace       used 5602K, committed 5760K, reserved 1056768K
  class space    used 672K, committed 768K, reserved 1048576K
}
Event: 1.333 GC heap after
{Heap after GC invocations=3 (full 0):
 garbage-first heap   total 57344K, used 3761K [0x00000000c9400000, 0x0000000100000000)
  region size 1024K, 2 young (2048K), 2 survivors (2048K)
 Metaspace       used 5602K, committed 5760K, reserved 1056768K
  class space    used 672K, committed 768K, reserved 1048576K
}
Event: 2.232 GC heap before
{Heap before GC invocations=3 (full 0):
 garbage-first heap   total 57344K, used 35505K [0x00000000c9400000, 0x0000000100000000)
  region size 1024K, 33 young (33792K), 2 survivors (2048K)
 Metaspace       used 9364K, committed 9536K, reserved 1064960K
  class space    used 1139K, committed 1216K, reserved 1048576K
}
Event: 2.238 GC heap after
{Heap after GC invocations=4 (full 0):
 garbage-first heap   total 57344K, used 5140K [0x00000000c9400000, 0x0000000100000000)
  region size 1024K, 3 young (3072K), 3 survivors (3072K)
 Metaspace       used 9364K, committed 9536K, reserved 1064960K
  class space    used 1139K, committed 1216K, reserved 1048576K
}
Event: 3.613 GC heap before
{Heap before GC invocations=4 (full 0):
 garbage-first heap   total 57344K, used 35860K [0x00000000c9400000, 0x0000000100000000)
  region size 1024K, 33 young (33792K), 3 survivors (3072K)
 Metaspace       used 14757K, committed 14976K, reserved 1064960K
  class space    used 1798K, committed 1920K, reserved 1048576K
}
Event: 3.624 GC heap after
{Heap after GC invocations=5 (full 0):
 garbage-first heap   total 57344K, used 8072K [0x00000000c9400000, 0x0000000100000000)
  region size 1024K, 5 young (5120K), 5 survivors (5120K)
 Metaspace       used 14757K, committed 14976K, reserved 1064960K
  class space    used 1798K, committed 1920K, reserved 1048576K
}
Event: 4.468 GC heap before
{Heap before GC invocations=5 (full 0):
 garbage-first heap   total 57344K, used 36744K [0x00000000c9400000, 0x0000000100000000)
  region size 1024K, 33 young (33792K), 5 survivors (5120K)
 Metaspace       used 15558K, committed 15744K, reserved 1064960K
  class space    used 1867K, committed 1920K, reserved 1048576K
}
Event: 4.482 GC heap after
{Heap after GC invocations=6 (full 0):
 garbage-first heap   total 57344K, used 11535K [0x00000000c9400000, 0x0000000100000000)
  region size 1024K, 4 young (4096K), 4 survivors (4096K)
 Metaspace       used 15558K, committed 15744K, reserved 1064960K
  class space    used 1867K, committed 1920K, reserved 1048576K
}

Deoptimization events (20 events):
Event: 4.882 Thread 0x00000249a0d5f660 DEOPT PACKING pc=0x00000249b01ba7f8 sp=0x0000009940afc010
Event: 4.882 Thread 0x00000249a0d5f660 DEOPT UNPACKING pc=0x00000249afb723a3 sp=0x0000009940afbf88 mode 2
Event: 4.882 Thread 0x00000249a0d5f660 Uncommon trap: trap_request=0xffffffde fr.pc=0x00000249b00eb0e4 relative=0x0000000000000ec4
Event: 4.882 Thread 0x00000249a0d5f660 Uncommon trap: reason=class_check action=maybe_recompile pc=0x00000249b00eb0e4 method=java.util.concurrent.ConcurrentHashMap.putVal(Ljava/lang/Object;Ljava/lang/Object;Z)Ljava/lang/Object; @ 242 c2
Event: 4.882 Thread 0x00000249a0d5f660 DEOPT PACKING pc=0x00000249b00eb0e4 sp=0x0000009940afbf60
Event: 4.882 Thread 0x00000249a0d5f660 DEOPT UNPACKING pc=0x00000249afb723a3 sp=0x0000009940afbed0 mode 2
Event: 5.022 Thread 0x00000249a0d5f660 Uncommon trap: trap_request=0xffffff45 fr.pc=0x00000249b0113f38 relative=0x0000000000000578
Event: 5.022 Thread 0x00000249a0d5f660 Uncommon trap: reason=unstable_if action=reinterpret pc=0x00000249b0113f38 method=java.lang.String.regionMatches(ZILjava/lang/String;II)Z @ 21 c2
Event: 5.022 Thread 0x00000249a0d5f660 DEOPT PACKING pc=0x00000249b0113f38 sp=0x0000009940afbeb0
Event: 5.022 Thread 0x00000249a0d5f660 DEOPT UNPACKING pc=0x00000249afb723a3 sp=0x0000009940afbe58 mode 2
Event: 5.029 Thread 0x00000249a0d5f660 Uncommon trap: trap_request=0xffffff45 fr.pc=0x00000249b014604c relative=0x00000000000001ac
Event: 5.029 Thread 0x00000249a0d5f660 Uncommon trap: reason=unstable_if action=reinterpret pc=0x00000249b014604c method=java.util.HashMap.getNode(Ljava/lang/Object;)Ljava/util/HashMap$Node; @ 66 c2
Event: 5.029 Thread 0x00000249a0d5f660 DEOPT PACKING pc=0x00000249b014604c sp=0x0000009940afc360
Event: 5.029 Thread 0x00000249a0d5f660 DEOPT UNPACKING pc=0x00000249afb723a3 sp=0x0000009940afc270 mode 2
Event: 5.043 Thread 0x00000249a0d5f660 DEOPT PACKING pc=0x00000249a86568cb sp=0x0000009940afb970
Event: 5.043 Thread 0x00000249a0d5f660 DEOPT UNPACKING pc=0x00000249afb72b43 sp=0x0000009940afae90 mode 0
Event: 5.076 Thread 0x00000249a0d5f660 Uncommon trap: trap_request=0xffffff45 fr.pc=0x00000249b020222c relative=0x0000000000001d8c
Event: 5.077 Thread 0x00000249a0d5f660 Uncommon trap: reason=unstable_if action=reinterpret pc=0x00000249b020222c method=org.codehaus.plexus.util.xml.pull.MXParser.parseAttribute()C @ 779 c2
Event: 5.077 Thread 0x00000249a0d5f660 DEOPT PACKING pc=0x00000249b020222c sp=0x0000009940afb2d0
Event: 5.077 Thread 0x00000249a0d5f660 DEOPT UNPACKING pc=0x00000249afb723a3 sp=0x0000009940afb248 mode 2

Classes unloaded (0 events):
No events

Classes redefined (0 events):
No events

Internal exceptions (20 events):
Event: 1.044 Thread 0x00000249a0d5f660 Exception <a 'java/lang/NoSuchMethodError'{0x00000000cc99f738}: 'void java.lang.invoke.DirectMethodHandle$Holder.invokeSpecial(java.lang.Object, java.lang.Object, java.lang.Object)'> (0x00000000cc99f738) 
thrown [s\open\src\hotspot\share\interpreter\linkResolver.cpp, line 759]
Event: 1.097 Thread 0x00000249a0d5f660 Exception <a 'java/lang/NoSuchMethodError'{0x00000000cc721230}: 'java.lang.Object java.lang.invoke.DirectMethodHandle$Holder.invokeInterface(java.lang.Object, java.lang.Object)'> (0x00000000cc721230) 
thrown [s\open\src\hotspot\share\interpreter\linkResolver.cpp, line 759]
Event: 1.117 Thread 0x00000249a0d5f660 Exception <a 'java/lang/NoSuchMethodError'{0x00000000cc7ddd98}: 'java.lang.Object java.lang.invoke.Invokers$Holder.invokeExact_MT(java.lang.Object, java.lang.Object, java.lang.Object, java.lang.Object, java.lang.Object, java.lang.Object)'> (0x00000000cc7ddd98) 
thrown [s\open\src\hotspot\share\interpreter\linkResolver.cpp, line 759]
Event: 1.120 Thread 0x00000249a0d5f660 Exception <a 'java/lang/NoSuchMethodError'{0x00000000cc7ef288}: 'int java.lang.invoke.DirectMethodHandle$Holder.invokeSpecialIFC(java.lang.Object, java.lang.Object, java.lang.Object, java.lang.Object, java.lang.Object)'> (0x00000000cc7ef288) 
thrown [s\open\src\hotspot\share\interpreter\linkResolver.cpp, line 759]
Event: 1.204 Thread 0x00000249a0d5f660 Exception <a 'java/lang/NoSuchMethodError'{0x00000000cc4cdcb8}: 'java.lang.Object java.lang.invoke.DirectMethodHandle$Holder.newInvokeSpecial(java.lang.Object, java.lang.Object, java.lang.Object, java.lang.Object, java.lang.Object)'> (0x00000000cc4cdcb8) 
thrown [s\open\src\hotspot\share\interpreter\linkResolver.cpp, line 759]
Event: 1.271 Thread 0x00000249a0d5f660 Exception <a 'java/lang/NoSuchMethodError'{0x00000000cc3e5158}: 'int java.lang.invoke.DirectMethodHandle$Holder.invokeStaticInit(java.lang.Object, java.lang.Object)'> (0x00000000cc3e5158) 
thrown [s\open\src\hotspot\share\interpreter\linkResolver.cpp, line 759]
Event: 1.282 Thread 0x00000249a0d5f660 Exception <a 'java/lang/NoClassDefFoundError'{0x00000000cc223ae0}: javax/enterprise/inject/Typed> (0x00000000cc223ae0) 
thrown [s\open\src\hotspot\share\classfile\systemDictionary.cpp, line 245]
Event: 1.549 Thread 0x00000249a0d5f660 Exception <a 'java/lang/NoSuchMethodError'{0x00000000cc179780}: 'java.lang.Object java.lang.invoke.DirectMethodHandle$Holder.invokeStaticInit(java.lang.Object)'> (0x00000000cc179780) 
thrown [s\open\src\hotspot\share\interpreter\linkResolver.cpp, line 759]
Event: 2.433 Thread 0x00000249a0d5f660 Exception <a 'java/lang/NoSuchMethodError'{0x00000000cc57e0e0}: 'void java.lang.invoke.DirectMethodHandle$Holder.invokeStaticInit(java.lang.Object, java.lang.Object, java.lang.Object)'> (0x00000000cc57e0e0) 
thrown [s\open\src\hotspot\share\interpreter\linkResolver.cpp, line 759]
Event: 2.444 Thread 0x00000249a0d5f660 Exception <a 'java/lang/ExceptionInInitializerError'{0x00000000cc5abc98}> (0x00000000cc5abc98) 
thrown [s\open\src\hotspot\share\oops\instanceKlass.cpp, line 1216]
Event: 2.497 Thread 0x00000249a0d5f660 Implicit null exception at 0x00000249b011b82f to 0x00000249b011b98c
Event: 2.501 Thread 0x00000249a0d5f660 Exception <a 'java/lang/NoSuchMethodError'{0x00000000cc4cbea0}: 'java.lang.Object java.lang.invoke.Invokers$Holder.invokeExact_MT(java.lang.Object, int, java.lang.Object)'> (0x00000000cc4cbea0) 
thrown [s\open\src\hotspot\share\interpreter\linkResolver.cpp, line 759]
Event: 2.517 Thread 0x00000249a0d5f660 Exception <a 'java/lang/NoSuchMethodError'{0x00000000cc3266f0}: 'void java.lang.invoke.DirectMethodHandle$Holder.invokeStatic(java.lang.Object, java.lang.Object)'> (0x00000000cc3266f0) 
thrown [s\open\src\hotspot\share\interpreter\linkResolver.cpp, line 759]
Event: 2.523 Thread 0x00000249a0d5f660 Exception <a 'java/lang/NoSuchMethodError'{0x00000000cc3375a0}: 'int java.lang.invoke.DirectMethodHandle$Holder.invokeSpecial(java.lang.Object, java.lang.Object, java.lang.Object, java.lang.Object)'> (0x00000000cc3375a0) 
thrown [s\open\src\hotspot\share\interpreter\linkResolver.cpp, line 759]
Event: 3.050 Thread 0x00000249a0d5f660 Exception <a 'java/lang/NoClassDefFoundError'{0x00000000cbbb2da0}: com/google/inject/servlet/ServletModuleTargetVisitor> (0x00000000cbbb2da0) 
thrown [s\open\src\hotspot\share\classfile\systemDictionary.cpp, line 245]
Event: 3.156 Thread 0x00000249a0d5f660 Exception <a 'java/lang/NoSuchMethodError'{0x00000000cb852d28}: 'void java.lang.invoke.DirectMethodHandle$Holder.invokeVirtual(java.lang.Object, java.lang.Object)'> (0x00000000cb852d28) 
thrown [s\open\src\hotspot\share\interpreter\linkResolver.cpp, line 759]
Event: 3.191 Thread 0x00000249a0d5f660 Exception <a 'java/lang/NoSuchMethodError'{0x00000000cb8dc5c8}: 'java.lang.Object java.lang.invoke.DirectMethodHandle$Holder.invokeStaticInit(java.lang.Object, int, int, int, int)'> (0x00000000cb8dc5c8) 
thrown [s\open\src\hotspot\share\interpreter\linkResolver.cpp, line 759]
Event: 3.380 Thread 0x00000249a0d5f660 Implicit null exception at 0x00000249b00d7372 to 0x00000249b00d793c
Event: 3.381 Thread 0x00000249a0d5f660 Implicit null exception at 0x00000249b00ec572 to 0x00000249b00ecb4c
Event: 4.401 Thread 0x00000249a0d5f660 Exception <a 'java/lang/NoSuchMethodError'{0x00000000cb241b88}: 'int java.lang.invoke.DirectMethodHandle$Holder.invokeSpecialIFC(java.lang.Object, java.lang.Object, java.lang.Object, java.lang.Object)'> (0x00000000cb241b88) 
thrown [s\open\src\hotspot\share\interpreter\linkResolver.cpp, line 759]

VM Operations (20 events):
Event: 3.249 Executing VM operation: ICBufferFull
Event: 3.249 Executing VM operation: ICBufferFull done
Event: 3.319 Executing VM operation: HandshakeAllThreads
Event: 3.319 Executing VM operation: HandshakeAllThreads done
Event: 3.321 Executing VM operation: HandshakeAllThreads
Event: 3.321 Executing VM operation: HandshakeAllThreads done
Event: 3.409 Executing VM operation: HandshakeAllThreads
Event: 3.409 Executing VM operation: HandshakeAllThreads done
Event: 3.409 Executing VM operation: HandshakeAllThreads
Event: 3.409 Executing VM operation: HandshakeAllThreads done
Event: 3.410 Executing VM operation: HandshakeAllThreads
Event: 3.410 Executing VM operation: HandshakeAllThreads done
Event: 3.613 Executing VM operation: G1CollectForAllocation
Event: 3.624 Executing VM operation: G1CollectForAllocation done
Event: 4.381 Executing VM operation: ICBufferFull
Event: 4.381 Executing VM operation: ICBufferFull done
Event: 4.430 Executing VM operation: HandshakeAllThreads
Event: 4.430 Executing VM operation: HandshakeAllThreads done
Event: 4.468 Executing VM operation: G1CollectForAllocation
Event: 4.483 Executing VM operation: G1CollectForAllocation done

Events (20 events):
Event: 3.486 loading class sun/util/resources/Bundles$2
Event: 3.487 loading class sun/util/resources/Bundles$2 done
Event: 3.546 loading class java/lang/Short$ShortCache
Event: 3.546 loading class java/lang/Short$ShortCache done
Event: 3.546 loading class java/lang/Byte$ByteCache
Event: 3.547 loading class java/lang/Byte$ByteCache done
Event: 4.139 loading class java/lang/invoke/MethodHandle$1
Event: 4.139 loading class java/lang/invoke/MethodHandle$1 done
Event: 4.197 loading class java/util/stream/MatchOps$MatchKind
Event: 4.197 loading class java/util/stream/MatchOps$MatchKind done
Event: 4.197 loading class java/util/stream/MatchOps
Event: 4.197 loading class java/util/stream/MatchOps done
Event: 4.197 loading class java/util/stream/MatchOps$MatchOp
Event: 4.198 loading class java/util/stream/MatchOps$MatchOp done
Event: 4.198 loading class java/util/stream/MatchOps$BooleanTerminalSink
Event: 4.198 loading class java/util/stream/MatchOps$BooleanTerminalSink done
Event: 4.199 loading class java/util/stream/MatchOps$1MatchSink
Event: 4.199 loading class java/util/stream/MatchOps$1MatchSink done
Event: 4.291 loading class java/util/LinkedList$LLSpliterator
Event: 4.291 loading class java/util/LinkedList$LLSpliterator done


Dynamic libraries:
0x00007ff623250000 - 0x00007ff623260000 	C:\Program Files\Java\jdk-17\bin\java.exe
0x00007fff702f0000 - 0x00007fff704e8000 	C:\windows\SYSTEM32\ntdll.dll
0x00007fff6f530000 - 0x00007fff6f5ef000 	C:\windows\System32\KERNEL32.DLL
0x00007fff6def0000 - 0x00007fff6e1e6000 	C:\windows\System32\KERNELBASE.dll
0x00007fff6ddf0000 - 0x00007fff6def0000 	C:\windows\System32\ucrtbase.dll
0x00007fff401e0000 - 0x00007fff401f9000 	C:\Program Files\Java\jdk-17\bin\jli.dll
0x00007fff700b0000 - 0x00007fff7015f000 	C:\windows\System32\ADVAPI32.dll
0x00007fff6e350000 - 0x00007fff6e3ee000 	C:\windows\System32\msvcrt.dll
0x00007fff6fc00000 - 0x00007fff6fc9c000 	C:\windows\System32\sechost.dll
0x00007fff6fad0000 - 0x00007fff6fbf6000 	C:\windows\System32\RPCRT4.dll
0x00007fff6f6c0000 - 0x00007fff6f85d000 	C:\windows\System32\USER32.dll
0x00007fff6dd20000 - 0x00007fff6dd42000 	C:\windows\System32\win32u.dll
0x00007fff6f3c0000 - 0x00007fff6f3ec000 	C:\windows\System32\GDI32.dll
0x00007fff6d9d0000 - 0x00007fff6dae5000 	C:\windows\System32\gdi32full.dll
0x00007fff6db80000 - 0x00007fff6dc1d000 	C:\windows\System32\msvcp_win.dll
0x00007fff597a0000 - 0x00007fff59a3a000 	C:\windows\WinSxS\amd64_microsoft.windows.common-controls_6595b64144ccf1df_6.0.19041.1110_none_60b5254171f9507e\COMCTL32.dll
0x00007fff65850000 - 0x00007fff6585a000 	C:\windows\SYSTEM32\VERSION.dll
0x00007fff44d50000 - 0x00007fff44d6b000 	C:\Program Files\Java\jdk-17\bin\VCRUNTIME140.dll
0x00007fff6f390000 - 0x00007fff6f3c0000 	C:\windows\System32\IMM32.DLL
0x00007fff46110000 - 0x00007fff4611c000 	C:\Program Files\Java\jdk-17\bin\vcruntime140_1.dll
0x00007fff1de50000 - 0x00007fff1dede000 	C:\Program Files\Java\jdk-17\bin\msvcp140.dll
0x00007fff04220000 - 0x00007fff04dfd000 	C:\Program Files\Java\jdk-17\bin\server\jvm.dll
0x00007fff6f5f0000 - 0x00007fff6f5f8000 	C:\windows\System32\PSAPI.DLL
0x00007fff684a0000 - 0x00007fff684a9000 	C:\windows\SYSTEM32\WSOCK32.dll
0x00007fff70240000 - 0x00007fff702ab000 	C:\windows\System32\WS2_32.dll
0x00007fff645c0000 - 0x00007fff645e7000 	C:\windows\SYSTEM32\WINMM.dll
0x00007fff6b770000 - 0x00007fff6b782000 	C:\windows\SYSTEM32\kernel.appcore.dll
0x00007fff44dc0000 - 0x00007fff44dca000 	C:\Program Files\Java\jdk-17\bin\jimage.dll
0x00007fff5b100000 - 0x00007fff5b2e4000 	C:\windows\SYSTEM32\DBGHELP.DLL
0x00007fff59b00000 - 0x00007fff59b34000 	C:\windows\SYSTEM32\dbgcore.DLL
0x00007fff6daf0000 - 0x00007fff6db72000 	C:\windows\System32\bcryptPrimitives.dll
0x00007fff401b0000 - 0x00007fff401d5000 	C:\Program Files\Java\jdk-17\bin\java.dll
0x00007fff1a290000 - 0x00007fff1a367000 	C:\Program Files\Java\jdk-17\bin\jsvml.dll
0x00007fff6e8e0000 - 0x00007fff6f024000 	C:\windows\System32\SHELL32.dll
0x00007fff6ba80000 - 0x00007fff6c214000 	C:\windows\SYSTEM32\windows.storage.dll
0x00007fff6f030000 - 0x00007fff6f384000 	C:\windows\System32\combase.dll
0x00007fff6d340000 - 0x00007fff6d36e000 	C:\windows\SYSTEM32\Wldp.dll
0x00007fff6f610000 - 0x00007fff6f6bd000 	C:\windows\System32\SHCORE.dll
0x00007fff6f8c0000 - 0x00007fff6f915000 	C:\windows\System32\shlwapi.dll
0x00007fff6d900000 - 0x00007fff6d925000 	C:\windows\SYSTEM32\profapi.dll
0x00007fff40080000 - 0x00007fff40099000 	C:\Program Files\Java\jdk-17\bin\net.dll
0x00007fff63720000 - 0x00007fff6382a000 	C:\windows\SYSTEM32\WINHTTP.dll
0x00007fff6d0a0000 - 0x00007fff6d10a000 	C:\windows\system32\mswsock.dll
0x00007fff3ff70000 - 0x00007fff3ff86000 	C:\Program Files\Java\jdk-17\bin\nio.dll
0x00007fff3ff50000 - 0x00007fff3ff68000 	C:\Program Files\Java\jdk-17\bin\zip.dll
0x0000000069ac0000 - 0x0000000069ae4000 	C:\Users\carin\AppData\Local\Temp\jansi-2.4.0-e456c5f176dfdc3-jansi.dll
0x00007fff44d40000 - 0x00007fff44d50000 	C:\Program Files\Java\jdk-17\bin\verify.dll

dbghelp: loaded successfully - version: 4.0.5 - missing functions: none
symbol engine: initialized successfully - sym options: 0x614 - pdb path: .;C:\Program Files\Java\jdk-17\bin;C:\windows\SYSTEM32;C:\windows\WinSxS\amd64_microsoft.windows.common-controls_6595b64144ccf1df_6.0.19041.1110_none_60b5254171f9507e;C:\Program Files\Java\jdk-17\bin\server;C:\Users\carin\AppData\Local\Temp

VM Arguments:
jvm_args: -Dmaven.multiModuleProjectDirectory=C:\Users\carin\Desktop\springbootreact\gestion-clientes-backend 
java_command: org.apache.maven.wrapper.MavenWrapperMain -Dmaven.ext.class.path=C:\Program Files\NetBeans-17\netbeans\java\maven-nblib\netbeans-eventspy.jar --no-transfer-progress clean install
java_class_path (initial): C:\Users\carin\Desktop\springbootreact\gestion-clientes-backend\.mvn\wrapper\maven-wrapper.jar
Launcher Type: SUN_STANDARD

[Global flags]
     intx CICompilerCount                          = 2                                         {product} {ergonomic}
     uint ConcGCThreads                            = 1                                         {product} {ergonomic}
     uint G1ConcRefinementThreads                  = 2                                         {product} {ergonomic}
   size_t G1HeapRegionSize                         = 1048576                                   {product} {ergonomic}
    uintx GCDrainStackTargetSize                   = 64                                        {product} {ergonomic}
   size_t InitialHeapSize                          = 58720256                                  {product} {ergonomic}
   size_t MarkStackSize                            = 4194304                                   {product} {ergonomic}
   size_t MaxHeapSize                              = 918552576                                 {product} {ergonomic}
   size_t MaxNewSize                               = 550502400                                 {product} {ergonomic}
   size_t MinHeapDeltaBytes                        = 1048576                                   {product} {ergonomic}
   size_t MinHeapSize                              = 8388608                                   {product} {ergonomic}
    uintx NonNMethodCodeHeapSize                   = 5826188                                {pd product} {ergonomic}
    uintx NonProfiledCodeHeapSize                  = 122916026                              {pd product} {ergonomic}
    uintx ProfiledCodeHeapSize                     = 122916026                              {pd product} {ergonomic}
    uintx ReservedCodeCacheSize                    = 251658240                              {pd product} {ergonomic}
     bool SegmentedCodeCache                       = true                                      {product} {ergonomic}
   size_t SoftMaxHeapSize                          = 918552576                              {manageable} {ergonomic}
     bool UseCompressedClassPointers               = true                           {product lp64_product} {ergonomic}
     bool UseCompressedOops                        = true                           {product lp64_product} {ergonomic}
     bool UseG1GC                                  = true                                      {product} {ergonomic}
     bool UseLargePagesIndividualAllocation        = false                                  {pd product} {ergonomic}

Logging:
Log output configuration:
 #0: stdout all=warning uptime,level,tags
 #1: stderr all=off uptime,level,tags

Environment Variables:
JAVA_HOME=C:\Program Files\Java\jdk-17
PATH=C:\Program Files\Common Files\Oracle\Java\javapath;C:\windows\system32;C:\windows;C:\windows\System32\Wbem;C:\windows\System32\WindowsPowerShell\v1.0\;C:\windows\System32\OpenSSH\;C:\Program Files\Git\cmd;C:\Program Files\nodejs\;C:\gradle-8.1.1\bin;C:\Program Files\Java\jdk-20\bin;C:\Users\carin\AppData\Local\Microsoft\WindowsApps;C:\Users\carin\AppData\Local\Programs\Microsoft VS Code\bin;C:\Users\carin\AppData\Roaming\npm;C:\ProgramData\carin\GitHubDesktop\bin;C:\Users\carin\AppData\Local\GitHubDesktop\bin;C:\Users\carin\Downloads\mongodb-windows-x86_64-6.0.4.zip\mongodb-win32-x86_64-windows-6.0.4\bin;C:\Users\carin\Desktop\dataBase\data;C:\Program Files\MongoDB\Server\6.0\data;C:\Program Files\MongoDB\Server\6.0\bin;C:\Users\carin\Desktop\Backend\FastAPI;C:\Users\carin\Desktop\Backend;C:\Users\carin\Desktop\Backend\dataBase\data\log;C:\Program Files\MongoDB\Server\6.0\data;C:\Program Files\MongoDB\Server\6.0\bin;C:\Users\carin\AppData\Local\Packages\PythonSoftwareFoundation.Python.3.10_qbz5n2kfra8p0\LocalCache\local-packages\Python310\Scripts;C:\Users\carin\Documents\flutter\bin\;C:\Program Files\MySQL\MySQL Server 8.0\bin;C:\gradle-8.1.1\bin;C:\Program Files\Java\jdk-20\bin;
USERNAME=carin
OS=Windows_NT
PROCESSOR_IDENTIFIER=AMD64 Family 23 Model 24 Stepping 1, AuthenticAMD



---------------  S Y S T E M  ---------------

OS:
 Windows 10 , 64 bit Build 19041 (10.0.19041.3155)
OS uptime: 0 days 4:08 hours

CPU: total 2 (initial active 2) (2 cores per cpu, 1 threads per core) family 23 model 24 stepping 1 microcode 0x0, cx8, cmov, fxsr, mmx, 3dnowpref, sse, sse2, sse3, ssse3, sse4a, sse4.1, sse4.2, popcnt, lzcnt, tsc, tscinvbit, avx, avx2, aes, clmul, bmi1, bmi2, adx, sha, fma, vzeroupper, clflush, clflushopt

Memory: 4k page, system-wide physical 3500M (190M free)
TotalPageFile size 14252M (AvailPageFile size 6M)
current process WorkingSet (physical memory assigned to process): 124M, peak: 125M
current process commit charge ("private bytes"): 167M, peak: 169M

vm_info: Java HotSpot(TM) 64-Bit Server VM (17.0.7+8-LTS-224) for windows-amd64 JRE (17.0.7+8-LTS-224), built on Feb 28 2023 23:03:02 by "mach5one" with MS VC++ 17.1 (VS2022)

END.
