#
# There is insufficient memory for the Java Runtime Environment to continue.
# Native memory allocation (malloc) failed to allocate 32744 bytes for ChunkPool::allocate
# Possible reasons:
#   The system is out of physical RAM or swap space
#   The process is running with CompressedOops enabled, and the Java Heap may be blocking the growth of the native heap
# Possible solutions:
#   Reduce memory load on the system
#   Increase physical memory or swap space
#   Check if swap backing store is full
#   Decrease Java heap size (-Xmx/-Xms)
#   Decrease number of Java threads
#   Decrease Java thread stack sizes (-Xss)
#   Set larger code cache with -XX:ReservedCodeCacheSize=
#   JVM is running with Unscaled Compressed Oops mode in which the Java heap is
#     placed in the first 4GB address space. The Java Heap base address is the
#     maximum limit for the native heap growth. Please use -XX:HeapBaseMinAddress
#     to set the Java Heap base and to place the Java Heap above 4GB virtual address.
# This output file may be truncated or incomplete.
#
#  Out of Memory Error (arena.cpp:78), pid=7284, tid=3796
#
# JRE version: Java(TM) SE Runtime Environment (17.0.7+8) (build 17.0.7+8-LTS-224)
# Java VM: Java HotSpot(TM) 64-Bit Server VM (17.0.7+8-LTS-224, mixed mode, sharing, tiered, compressed oops, compressed class ptrs, g1 gc, windows-amd64)
# No core dump will be written. Minidumps are not enabled by default on client versions of Windows
#

---------------  S U M M A R Y ------------

Command Line: -Dmaven.multiModuleProjectDirectory=C:\Users\carin\Desktop\springbootreact\gestion-clientes-backend org.apache.maven.wrapper.MavenWrapperMain -Dexec.vmArgs= -Dexec.args=${exec.vmArgs} -classpath %classpath ${exec.mainClass} ${exec.appArgs} -Dexec.executable=C:\Program Files\Java\jdk-17\bin\java.exe -Dexec.mainClass=com.gestion.clientes.GestionClientesBackendApplication -Dexec.classpathScope=runtime -Dexec.appArgs= -Dmaven.ext.class.path=C:\Program Files\NetBeans-17\netbeans\java\maven-nblib\netbeans-eventspy.jar --no-transfer-progress org.codehaus.mojo:exec-maven-plugin:3.1.0:exec

Host: AMD Athlon Silver 3050U with Radeon Graphics   , 2 cores, 3G,  Windows 10 , 64 bit Build 19041 (10.0.19041.3155)
Time: Thu Aug  3 05:54:42 2023 Hora estándar de Argentina elapsed time: 0.540165 seconds (0d 0h 0m 0s)

---------------  T H R E A D  ---------------

Current thread (0x000001f5a2b3e4a0):  JavaThread "C1 CompilerThread0" daemon [_thread_in_native, id=3796, stack(0x0000006591100000,0x0000006591200000)]


Current CompileTask:
C1:    540  574       3       java.net.URLStreamHandler::parseURL (1201 bytes)

Stack: [0x0000006591100000,0x0000006591200000]
Native frames: (J=compiled Java code, j=interpreted, Vv=VM code, C=native code)
V  [jvm.dll+0x676a4a]
V  [jvm.dll+0x7d74f4]
V  [jvm.dll+0x7d8c9e]
V  [jvm.dll+0x7d9303]
V  [jvm.dll+0x2452c5]
V  [jvm.dll+0xaac80]
V  [jvm.dll+0xaafcc]
V  [jvm.dll+0x15e8fd]
V  [jvm.dll+0x16ac48]
V  [jvm.dll+0x16ad4b]
V  [jvm.dll+0x1604e1]
V  [jvm.dll+0x15d47e]
V  [jvm.dll+0x14b6c0]
V  [jvm.dll+0x134817]
V  [jvm.dll+0x1341af]
V  [jvm.dll+0x1343e8]
V  [jvm.dll+0x133881]
V  [jvm.dll+0x13552d]
V  [jvm.dll+0x226a6e]
V  [jvm.dll+0x224e15]
V  [jvm.dll+0x78d05c]
V  [jvm.dll+0x78759a]
V  [jvm.dll+0x675875]
C  [ucrtbase.dll+0x21bb2]
C  [KERNEL32.DLL+0x17614]
C  [ntdll.dll+0x526b1]


---------------  P R O C E S S  ---------------

Threads class SMR info:
_java_thread_list=0x000001f5a3854010, length=12, elements={
0x000001f5862e0f70, 0x000001f5a2b10fa0, 0x000001f5a2b11e10, 0x000001f5a2b23640,
0x000001f5a2b241f0, 0x000001f5a2b271c0, 0x000001f5a2b27b70, 0x000001f5a2b28d10,
0x000001f5a2b3e4a0, 0x000001f5a2b48e90, 0x000001f5a3850630, 0x000001f5a3857370
}

Java Threads: ( => current thread )
  0x000001f5862e0f70 JavaThread "main" [_thread_in_Java, id=12268, stack(0x0000006590300000,0x0000006590400000)]
  0x000001f5a2b10fa0 JavaThread "Reference Handler" daemon [_thread_blocked, id=6456, stack(0x0000006590a00000,0x0000006590b00000)]
  0x000001f5a2b11e10 JavaThread "Finalizer" daemon [_thread_blocked, id=14872, stack(0x0000006590b00000,0x0000006590c00000)]
  0x000001f5a2b23640 JavaThread "Signal Dispatcher" daemon [_thread_blocked, id=3828, stack(0x0000006590c00000,0x0000006590d00000)]
  0x000001f5a2b241f0 JavaThread "Attach Listener" daemon [_thread_blocked, id=352, stack(0x0000006590d00000,0x0000006590e00000)]
  0x000001f5a2b271c0 JavaThread "Service Thread" daemon [_thread_blocked, id=7300, stack(0x0000006590e00000,0x0000006590f00000)]
  0x000001f5a2b27b70 JavaThread "Monitor Deflation Thread" daemon [_thread_blocked, id=10832, stack(0x0000006590f00000,0x0000006591000000)]
  0x000001f5a2b28d10 JavaThread "C2 CompilerThread0" daemon [_thread_blocked, id=1132, stack(0x0000006591000000,0x0000006591100000)]
=>0x000001f5a2b3e4a0 JavaThread "C1 CompilerThread0" daemon [_thread_in_native, id=3796, stack(0x0000006591100000,0x0000006591200000)]
  0x000001f5a2b48e90 JavaThread "Sweeper thread" daemon [_thread_blocked, id=11592, stack(0x0000006591200000,0x0000006591300000)]
  0x000001f5a3850630 JavaThread "Notification Thread" daemon [_thread_blocked, id=12236, stack(0x0000006591300000,0x0000006591400000)]
  0x000001f5a3857370 JavaThread "Common-Cleaner" daemon [_thread_blocked, id=12464, stack(0x0000006591500000,0x0000006591600000)]

Other Threads:
  0x000001f5863b8b00 VMThread "VM Thread" [stack: 0x0000006590900000,0x0000006590a00000] [id=13592]
  0x000001f5a3856b30 WatcherThread [stack: 0x0000006591400000,0x0000006591500000] [id=13884]
  0x000001f586318e40 GCTaskThread "GC Thread#0" [stack: 0x0000006590400000,0x0000006590500000] [id=15068]
  0x000001f5a3b9df60 GCTaskThread "GC Thread#1" [stack: 0x0000006591600000,0x0000006591700000] [id=2440]
  0x000001f586320b00 ConcurrentGCThread "G1 Main Marker" [stack: 0x0000006590500000,0x0000006590600000] [id=1136]
  0x000001f586321510 ConcurrentGCThread "G1 Conc#0" [stack: 0x0000006590600000,0x0000006590700000] [id=12492]
  0x000001f586356230 ConcurrentGCThread "G1 Refine#0" [stack: 0x0000006590700000,0x0000006590800000] [id=13304]
  0x000001f586356c50 ConcurrentGCThread "G1 Service" [stack: 0x0000006590800000,0x0000006590900000] [id=12204]

Threads with active compile tasks:
C1 CompilerThread0      586  574       3       java.net.URLStreamHandler::parseURL (1201 bytes)

VM state: not at safepoint (normal execution)

VM Mutex/Monitor currently owned by a thread: None

Heap address: 0x00000000c9400000, size: 876 MB, Compressed Oops mode: 32-bit

CDS archive(s) mapped at: [0x0000000800000000-0x0000000800bd0000-0x0000000800bd0000), size 12386304, SharedBaseAddress: 0x0000000800000000, ArchiveRelocationMode: 0.
Compressed class space mapped at: 0x0000000800c00000-0x0000000840c00000, reserved size: 1073741824
Narrow klass base: 0x0000000800000000, Narrow klass shift: 0, Narrow klass range: 0x100000000

GC Precious Log:
 CPUs: 2 total, 2 available
 Memory: 3500M
 Large Page Support: Disabled
 NUMA Support: Disabled
 Compressed Oops: Enabled (32-bit)
 Heap Region Size: 1M
 Heap Min Capacity: 8M
 Heap Initial Capacity: 56M
 Heap Max Capacity: 876M
 Pre-touch: Disabled
 Parallel Workers: 2
 Concurrent Workers: 1
 Concurrent Refinement Workers: 2
 Periodic GC: Disabled

Heap:
 garbage-first heap   total 57344K, used 3096K [0x00000000c9400000, 0x0000000100000000)
  region size 1024K, 3 young (3072K), 1 survivors (1024K)
 Metaspace       used 2517K, committed 2688K, reserved 1056768K
  class space    used 244K, committed 320K, reserved 1048576K

Heap Regions: E=young(eden), S=young(survivor), O=old, HS=humongous(starts), HC=humongous(continues), CS=collection set, F=free, OA=open archive, CA=closed archive, TAMS=top-at-mark-start (previous, next)
|   0|0x00000000c9400000, 0x00000000c9500000, 0x00000000c9500000|100%| O|  |TAMS 0x00000000c9400000, 0x00000000c9400000| Untracked 
|   1|0x00000000c9500000, 0x00000000c9506000, 0x00000000c9600000|  2%| O|  |TAMS 0x00000000c9500000, 0x00000000c9500000| Untracked 
|   2|0x00000000c9600000, 0x00000000c9600000, 0x00000000c9700000|  0%| F|  |TAMS 0x00000000c9600000, 0x00000000c9600000| Untracked 
|   3|0x00000000c9700000, 0x00000000c9700000, 0x00000000c9800000|  0%| F|  |TAMS 0x00000000c9700000, 0x00000000c9700000| Untracked 
|   4|0x00000000c9800000, 0x00000000c9800000, 0x00000000c9900000|  0%| F|  |TAMS 0x00000000c9800000, 0x00000000c9800000| Untracked 
|   5|0x00000000c9900000, 0x00000000c9900000, 0x00000000c9a00000|  0%| F|  |TAMS 0x00000000c9900000, 0x00000000c9900000| Untracked 
|   6|0x00000000c9a00000, 0x00000000c9a00000, 0x00000000c9b00000|  0%| F|  |TAMS 0x00000000c9a00000, 0x00000000c9a00000| Untracked 
|   7|0x00000000c9b00000, 0x00000000c9b00000, 0x00000000c9c00000|  0%| F|  |TAMS 0x00000000c9b00000, 0x00000000c9b00000| Untracked 
|   8|0x00000000c9c00000, 0x00000000c9c00000, 0x00000000c9d00000|  0%| F|  |TAMS 0x00000000c9c00000, 0x00000000c9c00000| Untracked 
|   9|0x00000000c9d00000, 0x00000000c9d00000, 0x00000000c9e00000|  0%| F|  |TAMS 0x00000000c9d00000, 0x00000000c9d00000| Untracked 
|  10|0x00000000c9e00000, 0x00000000c9e00000, 0x00000000c9f00000|  0%| F|  |TAMS 0x00000000c9e00000, 0x00000000c9e00000| Untracked 
|  11|0x00000000c9f00000, 0x00000000c9f00000, 0x00000000ca000000|  0%| F|  |TAMS 0x00000000c9f00000, 0x00000000c9f00000| Untracked 
|  12|0x00000000ca000000, 0x00000000ca000000, 0x00000000ca100000|  0%| F|  |TAMS 0x00000000ca000000, 0x00000000ca000000| Untracked 
|  13|0x00000000ca100000, 0x00000000ca100000, 0x00000000ca200000|  0%| F|  |TAMS 0x00000000ca100000, 0x00000000ca100000| Untracked 
|  14|0x00000000ca200000, 0x00000000ca200000, 0x00000000ca300000|  0%| F|  |TAMS 0x00000000ca200000, 0x00000000ca200000| Untracked 
|  15|0x00000000ca300000, 0x00000000ca300000, 0x00000000ca400000|  0%| F|  |TAMS 0x00000000ca300000, 0x00000000ca300000| Untracked 
|  16|0x00000000ca400000, 0x00000000ca400000, 0x00000000ca500000|  0%| F|  |TAMS 0x00000000ca400000, 0x00000000ca400000| Untracked 
|  17|0x00000000ca500000, 0x00000000ca500000, 0x00000000ca600000|  0%| F|  |TAMS 0x00000000ca500000, 0x00000000ca500000| Untracked 
|  18|0x00000000ca600000, 0x00000000ca600000, 0x00000000ca700000|  0%| F|  |TAMS 0x00000000ca600000, 0x00000000ca600000| Untracked 
|  19|0x00000000ca700000, 0x00000000ca700000, 0x00000000ca800000|  0%| F|  |TAMS 0x00000000ca700000, 0x00000000ca700000| Untracked 
|  20|0x00000000ca800000, 0x00000000ca800000, 0x00000000ca900000|  0%| F|  |TAMS 0x00000000ca800000, 0x00000000ca800000| Untracked 
|  21|0x00000000ca900000, 0x00000000ca900000, 0x00000000caa00000|  0%| F|  |TAMS 0x00000000ca900000, 0x00000000ca900000| Untracked 
|  22|0x00000000caa00000, 0x00000000caa00000, 0x00000000cab00000|  0%| F|  |TAMS 0x00000000caa00000, 0x00000000caa00000| Untracked 
|  23|0x00000000cab00000, 0x00000000cab00000, 0x00000000cac00000|  0%| F|  |TAMS 0x00000000cab00000, 0x00000000cab00000| Untracked 
|  24|0x00000000cac00000, 0x00000000cac00000, 0x00000000cad00000|  0%| F|  |TAMS 0x00000000cac00000, 0x00000000cac00000| Untracked 
|  25|0x00000000cad00000, 0x00000000cad00000, 0x00000000cae00000|  0%| F|  |TAMS 0x00000000cad00000, 0x00000000cad00000| Untracked 
|  26|0x00000000cae00000, 0x00000000cae00000, 0x00000000caf00000|  0%| F|  |TAMS 0x00000000cae00000, 0x00000000cae00000| Untracked 
|  27|0x00000000caf00000, 0x00000000caf00000, 0x00000000cb000000|  0%| F|  |TAMS 0x00000000caf00000, 0x00000000caf00000| Untracked 
|  28|0x00000000cb000000, 0x00000000cb000000, 0x00000000cb100000|  0%| F|  |TAMS 0x00000000cb000000, 0x00000000cb000000| Untracked 
|  29|0x00000000cb100000, 0x00000000cb100000, 0x00000000cb200000|  0%| F|  |TAMS 0x00000000cb100000, 0x00000000cb100000| Untracked 
|  30|0x00000000cb200000, 0x00000000cb200000, 0x00000000cb300000|  0%| F|  |TAMS 0x00000000cb200000, 0x00000000cb200000| Untracked 
|  31|0x00000000cb300000, 0x00000000cb300000, 0x00000000cb400000|  0%| F|  |TAMS 0x00000000cb300000, 0x00000000cb300000| Untracked 
|  32|0x00000000cb400000, 0x00000000cb400000, 0x00000000cb500000|  0%| F|  |TAMS 0x00000000cb400000, 0x00000000cb400000| Untracked 
|  33|0x00000000cb500000, 0x00000000cb500000, 0x00000000cb600000|  0%| F|  |TAMS 0x00000000cb500000, 0x00000000cb500000| Untracked 
|  34|0x00000000cb600000, 0x00000000cb600000, 0x00000000cb700000|  0%| F|  |TAMS 0x00000000cb600000, 0x00000000cb600000| Untracked 
|  35|0x00000000cb700000, 0x00000000cb700000, 0x00000000cb800000|  0%| F|  |TAMS 0x00000000cb700000, 0x00000000cb700000| Untracked 
|  36|0x00000000cb800000, 0x00000000cb800000, 0x00000000cb900000|  0%| F|  |TAMS 0x00000000cb800000, 0x00000000cb800000| Untracked 
|  37|0x00000000cb900000, 0x00000000cb900000, 0x00000000cba00000|  0%| F|  |TAMS 0x00000000cb900000, 0x00000000cb900000| Untracked 
|  38|0x00000000cba00000, 0x00000000cba00000, 0x00000000cbb00000|  0%| F|  |TAMS 0x00000000cba00000, 0x00000000cba00000| Untracked 
|  39|0x00000000cbb00000, 0x00000000cbb00000, 0x00000000cbc00000|  0%| F|  |TAMS 0x00000000cbb00000, 0x00000000cbb00000| Untracked 
|  40|0x00000000cbc00000, 0x00000000cbc00000, 0x00000000cbd00000|  0%| F|  |TAMS 0x00000000cbc00000, 0x00000000cbc00000| Untracked 
|  41|0x00000000cbd00000, 0x00000000cbd00000, 0x00000000cbe00000|  0%| F|  |TAMS 0x00000000cbd00000, 0x00000000cbd00000| Untracked 
|  42|0x00000000cbe00000, 0x00000000cbe00000, 0x00000000cbf00000|  0%| F|  |TAMS 0x00000000cbe00000, 0x00000000cbe00000| Untracked 
|  43|0x00000000cbf00000, 0x00000000cbf00000, 0x00000000cc000000|  0%| F|  |TAMS 0x00000000cbf00000, 0x00000000cbf00000| Untracked 
|  44|0x00000000cc000000, 0x00000000cc000000, 0x00000000cc100000|  0%| F|  |TAMS 0x00000000cc000000, 0x00000000cc000000| Untracked 
|  45|0x00000000cc100000, 0x00000000cc100000, 0x00000000cc200000|  0%| F|  |TAMS 0x00000000cc100000, 0x00000000cc100000| Untracked 
|  46|0x00000000cc200000, 0x00000000cc200000, 0x00000000cc300000|  0%| F|  |TAMS 0x00000000cc200000, 0x00000000cc200000| Untracked 
|  47|0x00000000cc300000, 0x00000000cc300000, 0x00000000cc400000|  0%| F|  |TAMS 0x00000000cc300000, 0x00000000cc300000| Untracked 
|  48|0x00000000cc400000, 0x00000000cc400000, 0x00000000cc500000|  0%| F|  |TAMS 0x00000000cc400000, 0x00000000cc400000| Untracked 
|  49|0x00000000cc500000, 0x00000000cc600000, 0x00000000cc600000|100%| S|CS|TAMS 0x00000000cc500000, 0x00000000cc500000| Complete 
|  50|0x00000000cc600000, 0x00000000cc600000, 0x00000000cc700000|  0%| F|  |TAMS 0x00000000cc600000, 0x00000000cc600000| Untracked 
|  51|0x00000000cc700000, 0x00000000cc700000, 0x00000000cc800000|  0%| F|  |TAMS 0x00000000cc700000, 0x00000000cc700000| Untracked 
|  52|0x00000000cc800000, 0x00000000cc800000, 0x00000000cc900000|  0%| F|  |TAMS 0x00000000cc800000, 0x00000000cc800000| Untracked 
|  53|0x00000000cc900000, 0x00000000cc900000, 0x00000000cca00000|  0%| F|  |TAMS 0x00000000cc900000, 0x00000000cc900000| Untracked 
|  54|0x00000000cca00000, 0x00000000ccaef4f8, 0x00000000ccb00000| 93%| E|  |TAMS 0x00000000cca00000, 0x00000000cca00000| Complete 
|  55|0x00000000ccb00000, 0x00000000ccc00000, 0x00000000ccc00000|100%| E|CS|TAMS 0x00000000ccb00000, 0x00000000ccb00000| Complete 

Card table byte_map: [0x000001f59e910000,0x000001f59ead0000] _byte_map_base: 0x000001f59e2c6000

Marking Bits (Prev, Next): (CMBitMap*) 0x000001f586319450, (CMBitMap*) 0x000001f586319490
 Prev Bits: [0x000001f59ec90000, 0x000001f59fa40000)
 Next Bits: [0x000001f59fa40000, 0x000001f5a07f0000)

Polling page: 0x000001f5863c0000

Metaspace:

Usage:
  Non-class:      2.22 MB used.
      Class:    244.98 KB used.
       Both:      2.46 MB used.

Virtual space:
  Non-class space:        8.00 MB reserved,       2.31 MB ( 29%) committed,  1 nodes.
      Class space:        1.00 GB reserved,     320.00 KB ( <1%) committed,  1 nodes.
             Both:        1.01 GB reserved,       2.62 MB ( <1%) committed. 

Chunk freelists:
   Non-Class:  2.91 MB
       Class:  3.61 MB
        Both:  6.52 MB

MaxMetaspaceSize: unlimited
CompressedClassSpaceSize: 1.00 GB
Initial GC threshold: 21.00 MB
Current GC threshold: 21.00 MB
CDS: on
MetaspaceReclaimPolicy: balanced
 - commit_granule_bytes: 65536.
 - commit_granule_words: 8192.
 - virtual_space_node_default_size: 1048576.
 - enlarge_chunks_in_place: 1.
 - new_chunks_are_fully_committed: 0.
 - uncommit_free_chunks: 1.
 - use_allocation_guard: 0.
 - handle_deallocations: 1.


Internal statistics:

num_allocs_failed_limit: 0.
num_arena_births: 20.
num_arena_deaths: 0.
num_vsnodes_births: 2.
num_vsnodes_deaths: 0.
num_space_committed: 42.
num_space_uncommitted: 0.
num_chunks_returned_to_freelist: 0.
num_chunks_taken_from_freelist: 85.
num_chunk_merges: 0.
num_chunk_splits: 50.
num_chunks_enlarged: 50.
num_purges: 0.
num_inconsistent_stats: 0.

CodeHeap 'non-profiled nmethods': size=120064Kb used=166Kb max_used=166Kb free=119897Kb
 bounds [0x000001f596e10000, 0x000001f597080000, 0x000001f59e350000]
CodeHeap 'profiled nmethods': size=120000Kb used=934Kb max_used=934Kb free=119065Kb
 bounds [0x000001f58f350000, 0x000001f58f5c0000, 0x000001f596880000]
CodeHeap 'non-nmethods': size=5696Kb used=1119Kb max_used=1135Kb free=4576Kb
 bounds [0x000001f596880000, 0x000001f596af0000, 0x000001f596e10000]
 total_blobs=973 nmethods=574 adapters=312
 compilation: enabled
              stopped_count=0, restarted_count=0
 full_count=0

Compilation events (20 events):
Event: 0.462 Thread 0x000001f5a2b3e4a0 nmethod 564 0x000001f58f437910 code [0x000001f58f437ac0, 0x000001f58f437e88]
Event: 0.462 Thread 0x000001f5a2b3e4a0  565       3       java.util.zip.ZipCoder$UTF8ZipCoder::hasTrailingSlash (20 bytes)
Event: 0.462 Thread 0x000001f5a2b3e4a0 nmethod 565 0x000001f58f437f90 code [0x000001f58f438120, 0x000001f58f4382f8]
Event: 0.462 Thread 0x000001f5a2b3e4a0  566   !   3       java.util.zip.ZipFile$ZipFileInflaterInputStream::close (67 bytes)
Event: 0.463 Thread 0x000001f5a2b3e4a0 nmethod 566 0x000001f58f438410 code [0x000001f58f438640, 0x000001f58f438e98]
Event: 0.472 Thread 0x000001f5a2b28d10  567       4       java.lang.StringBuilder::append (8 bytes)
Event: 0.478 Thread 0x000001f5a2b28d10 nmethod 567 0x000001f596e36c10 code [0x000001f596e36dc0, 0x000001f596e37428]
Event: 0.478 Thread 0x000001f5a2b28d10  568       4       java.lang.AbstractStringBuilder::append (45 bytes)
Event: 0.483 Thread 0x000001f5a2b28d10 nmethod 568 0x000001f596e37810 code [0x000001f596e379c0, 0x000001f596e38048]
Event: 0.487 Thread 0x000001f5a2b3e4a0  569       1       sun.nio.fs.WindowsPath::getFileSystem (5 bytes)
Event: 0.487 Thread 0x000001f5a2b3e4a0 nmethod 569 0x000001f596e38410 code [0x000001f596e385a0, 0x000001f596e38678]
Event: 0.491 Thread 0x000001f5a2b3e4a0  570       3       org.codehaus.plexus.classworlds.realm.ClassRealm::loadClass (7 bytes)
Event: 0.491 Thread 0x000001f5a2b3e4a0 nmethod 570 0x000001f58f439210 code [0x000001f58f4393a0, 0x000001f58f439568]
Event: 0.491 Thread 0x000001f5a2b3e4a0  571   !   3       org.codehaus.plexus.classworlds.realm.ClassRealm::unsynchronizedLoadClass (19 bytes)
Event: 0.491 Thread 0x000001f5a2b3e4a0 nmethod 571 0x000001f58f439610 code [0x000001f58f4397c0, 0x000001f58f4399d8]
Event: 0.492 Thread 0x000001f5a2b28d10  572 %     4       java.lang.StringLatin1::inflate @ 3 (34 bytes)
Event: 0.499 Thread 0x000001f5a2b28d10 nmethod 572% 0x000001f596e38710 code [0x000001f596e388a0, 0x000001f596e38c78]
Event: 0.500 Thread 0x000001f5a2b28d10  573       4       java.lang.StringLatin1::inflate (34 bytes)
Event: 0.508 Thread 0x000001f5a2b28d10 nmethod 573 0x000001f596e38e10 code [0x000001f596e38f80, 0x000001f596e39298]
Event: 0.510 Thread 0x000001f5a2b3e4a0  574       3       java.net.URLStreamHandler::parseURL (1201 bytes)

GC Heap History (2 events):
Event: 0.331 GC heap before
{Heap before GC invocations=0 (full 0):
 garbage-first heap   total 57344K, used 6144K [0x00000000c9400000, 0x0000000100000000)
  region size 1024K, 6 young (6144K), 0 survivors (0K)
 Metaspace       used 1869K, committed 2048K, reserved 1056768K
  class space    used 175K, committed 256K, reserved 1048576K
}
Event: 0.338 GC heap after
{Heap after GC invocations=1 (full 0):
 garbage-first heap   total 57344K, used 2072K [0x00000000c9400000, 0x0000000100000000)
  region size 1024K, 1 young (1024K), 1 survivors (1024K)
 Metaspace       used 1869K, committed 2048K, reserved 1056768K
  class space    used 175K, committed 256K, reserved 1048576K
}

Deoptimization events (16 events):
Event: 0.142 Thread 0x000001f5862e0f70 DEOPT PACKING pc=0x000001f58f369867 sp=0x00000065903fe3f0
Event: 0.142 Thread 0x000001f5862e0f70 DEOPT UNPACKING pc=0x000001f5968d2b43 sp=0x00000065903fd810 mode 0
Event: 0.354 Thread 0x000001f5862e0f70 DEOPT PACKING pc=0x000001f58f3a34e5 sp=0x00000065903fbeb0
Event: 0.354 Thread 0x000001f5862e0f70 DEOPT UNPACKING pc=0x000001f5968d2b43 sp=0x00000065903fb300 mode 0
Event: 0.378 Thread 0x000001f5862e0f70 DEOPT PACKING pc=0x000001f58f38d41e sp=0x00000065903fd700
Event: 0.378 Thread 0x000001f5862e0f70 DEOPT UNPACKING pc=0x000001f5968d2b43 sp=0x00000065903fcbb0 mode 0
Event: 0.430 Thread 0x000001f5862e0f70 Uncommon trap: trap_request=0xffffff45 fr.pc=0x000001f596e352ac relative=0x00000000000000ac
Event: 0.430 Thread 0x000001f5862e0f70 Uncommon trap: reason=unstable_if action=reinterpret pc=0x000001f596e352ac method=org.codehaus.plexus.util.xml.pull.MXParser.more()C @ 8 c2
Event: 0.431 Thread 0x000001f5862e0f70 DEOPT PACKING pc=0x000001f596e352ac sp=0x00000065903fd900
Event: 0.431 Thread 0x000001f5862e0f70 DEOPT UNPACKING pc=0x000001f5968d23a3 sp=0x00000065903fd890 mode 2
Event: 0.442 Thread 0x000001f5862e0f70 Uncommon trap: trap_request=0xffffff45 fr.pc=0x000001f596e1dac8 relative=0x0000000000000048
Event: 0.442 Thread 0x000001f5862e0f70 Uncommon trap: reason=unstable_if action=reinterpret pc=0x000001f596e1dac8 method=java.net.URI.match(CJJ)Z @ 19 c2
Event: 0.442 Thread 0x000001f5862e0f70 DEOPT PACKING pc=0x000001f596e1dac8 sp=0x00000065903fd8a0
Event: 0.442 Thread 0x000001f5862e0f70 DEOPT UNPACKING pc=0x000001f5968d23a3 sp=0x00000065903fd850 mode 2
Event: 0.508 Thread 0x000001f5862e0f70 DEOPT PACKING pc=0x000001f58f38ffbe sp=0x00000065903f9790
Event: 0.508 Thread 0x000001f5862e0f70 DEOPT UNPACKING pc=0x000001f5968d2b43 sp=0x00000065903f8c08 mode 0

Classes unloaded (0 events):
No events

Classes redefined (0 events):
No events

Internal exceptions (16 events):
Event: 0.103 Thread 0x000001f5862e0f70 Exception <a 'sun/nio/fs/WindowsException'{0x00000000cca61630}> (0x00000000cca61630) 
thrown [s\open\src\hotspot\share\prims\jni.cpp, line 516]
Event: 0.104 Thread 0x000001f5862e0f70 Exception <a 'sun/nio/fs/WindowsException'{0x00000000cca61e18}> (0x00000000cca61e18) 
thrown [s\open\src\hotspot\share\prims\jni.cpp, line 516]
Event: 0.117 Thread 0x000001f5862e0f70 Exception <a 'sun/nio/fs/WindowsException'{0x00000000cca8cbb8}> (0x00000000cca8cbb8) 
thrown [s\open\src\hotspot\share\prims\jni.cpp, line 516]
Event: 0.155 Thread 0x000001f5862e0f70 Exception <a 'java/lang/NoSuchMethodError'{0x00000000cc90cb58}: 'int java.lang.invoke.DirectMethodHandle$Holder.invokeSpecial(java.lang.Object, java.lang.Object, java.lang.Object)'> (0x00000000cc90cb58) 
thrown [s\open\src\hotspot\share\interpreter\linkResolver.cpp, line 759]
Event: 0.239 Thread 0x000001f5862e0f70 Exception <a 'java/lang/NullPointerException'{0x00000000cc757d78}> (0x00000000cc757d78) 
thrown [s\open\src\hotspot\share\interpreter\linkResolver.cpp, line 1350]
Event: 0.279 Thread 0x000001f5862e0f70 Exception <a 'java/lang/NullPointerException'{0x00000000cc7bd0e0}> (0x00000000cc7bd0e0) 
thrown [s\open\src\hotspot\share\interpreter\linkResolver.cpp, line 1350]
Event: 0.279 Thread 0x000001f5862e0f70 Exception <a 'java/lang/NullPointerException'{0x00000000cc7bd3b8}> (0x00000000cc7bd3b8) 
thrown [s\open\src\hotspot\share\interpreter\linkResolver.cpp, line 1350]
Event: 0.279 Thread 0x000001f5862e0f70 Exception <a 'java/lang/NullPointerException'{0x00000000cc7bd690}> (0x00000000cc7bd690) 
thrown [s\open\src\hotspot\share\interpreter\linkResolver.cpp, line 1350]
Event: 0.283 Thread 0x000001f5862e0f70 Exception <a 'java/lang/NullPointerException'{0x00000000cc7c4078}> (0x00000000cc7c4078) 
thrown [s\open\src\hotspot\share\interpreter\linkResolver.cpp, line 1350]
Event: 0.286 Thread 0x000001f5862e0f70 Exception <a 'java/lang/NullPointerException'{0x00000000cc7da148}> (0x00000000cc7da148) 
thrown [s\open\src\hotspot\share\interpreter\linkResolver.cpp, line 1350]
Event: 0.286 Thread 0x000001f5862e0f70 Exception <a 'java/lang/NullPointerException'{0x00000000cc7da420}> (0x00000000cc7da420) 
thrown [s\open\src\hotspot\share\interpreter\linkResolver.cpp, line 1350]
Event: 0.286 Thread 0x000001f5862e0f70 Exception <a 'java/lang/NullPointerException'{0x00000000cc7da6f8}> (0x00000000cc7da6f8) 
thrown [s\open\src\hotspot\share\interpreter\linkResolver.cpp, line 1350]
Event: 0.286 Thread 0x000001f5862e0f70 Exception <a 'java/lang/NullPointerException'{0x00000000cc7da9d0}> (0x00000000cc7da9d0) 
thrown [s\open\src\hotspot\share\interpreter\linkResolver.cpp, line 1350]
Event: 0.311 Thread 0x000001f5862e0f70 Exception <a 'java/lang/NoSuchMethodError'{0x00000000cc691128}: 'void java.lang.invoke.DirectMethodHandle$Holder.invokeStatic(java.lang.Object, java.lang.Object, java.lang.Object)'> (0x00000000cc691128) 
thrown [s\open\src\hotspot\share\interpreter\linkResolver.cpp, line 759]
Event: 0.328 Thread 0x000001f5862e0f70 Exception <a 'java/lang/NoSuchMethodError'{0x00000000cc6edc38}: 'int java.lang.invoke.DirectMethodHandle$Holder.invokeStatic(java.lang.Object, java.lang.Object, int)'> (0x00000000cc6edc38) 
thrown [s\open\src\hotspot\share\interpreter\linkResolver.cpp, line 759]
Event: 0.454 Thread 0x000001f5862e0f70 Exception <a 'java/lang/NoSuchMethodError'{0x00000000cca83df8}: 'java.lang.Object java.lang.invoke.DirectMethodHandle$Holder.invokeSpecialIFC(java.lang.Object, java.lang.Object, java.lang.Object, java.lang.Object)'> (0x00000000cca83df8) 
thrown [s\open\src\hotspot\share\interpreter\linkResolver.cpp, line 759]

VM Operations (6 events):
Event: 0.065 Executing VM operation: HandshakeAllThreads
Event: 0.065 Executing VM operation: HandshakeAllThreads done
Event: 0.331 Executing VM operation: G1CollectForAllocation
Event: 0.338 Executing VM operation: G1CollectForAllocation done
Event: 0.367 Executing VM operation: HandshakeAllThreads
Event: 0.367 Executing VM operation: HandshakeAllThreads done

Events (20 events):
Event: 0.369 loading class sun/net/ProgressMeteringPolicy done
Event: 0.370 loading class sun/net/DefaultProgressMeteringPolicy done
Event: 0.375 loading class java/lang/InstantiationException
Event: 0.375 loading class java/lang/InstantiationException done
Event: 0.402 loading class java/lang/StringIndexOutOfBoundsException
Event: 0.402 loading class java/lang/IndexOutOfBoundsException
Event: 0.402 loading class java/lang/IndexOutOfBoundsException done
Event: 0.402 loading class java/lang/StringIndexOutOfBoundsException done
Event: 0.411 loading class java/io/StringReader
Event: 0.411 loading class java/io/StringReader done
Event: 0.412 loading class java/text/MessageFormat
Event: 0.412 loading class java/text/MessageFormat done
Event: 0.417 loading class java/io/EOFException
Event: 0.417 loading class java/io/EOFException done
Event: 0.426 loading class java/io/StringWriter
Event: 0.426 loading class java/io/StringWriter done
Event: 0.447 loading class sun/invoke/util/VerifyAccess$1
Event: 0.447 loading class sun/invoke/util/VerifyAccess$1 done
Event: 0.490 loading class java/lang/TypeNotPresentException
Event: 0.490 loading class java/lang/TypeNotPresentException done


Dynamic libraries:
0x00007ff623250000 - 0x00007ff623260000 	C:\Program Files\Java\jdk-17\bin\java.exe
0x00007fff702f0000 - 0x00007fff704e8000 	C:\windows\SYSTEM32\ntdll.dll
0x00007fff6f530000 - 0x00007fff6f5ef000 	C:\windows\System32\KERNEL32.DLL
0x00007fff6def0000 - 0x00007fff6e1e6000 	C:\windows\System32\KERNELBASE.dll
0x00007fff6ddf0000 - 0x00007fff6def0000 	C:\windows\System32\ucrtbase.dll
0x00007fff401e0000 - 0x00007fff401f9000 	C:\Program Files\Java\jdk-17\bin\jli.dll
0x00007fff700b0000 - 0x00007fff7015f000 	C:\windows\System32\ADVAPI32.dll
0x00007fff6e350000 - 0x00007fff6e3ee000 	C:\windows\System32\msvcrt.dll
0x00007fff6fc00000 - 0x00007fff6fc9c000 	C:\windows\System32\sechost.dll
0x00007fff6fad0000 - 0x00007fff6fbf6000 	C:\windows\System32\RPCRT4.dll
0x00007fff6f6c0000 - 0x00007fff6f85d000 	C:\windows\System32\USER32.dll
0x00007fff6dd20000 - 0x00007fff6dd42000 	C:\windows\System32\win32u.dll
0x00007fff6f3c0000 - 0x00007fff6f3ec000 	C:\windows\System32\GDI32.dll
0x00007fff6d9d0000 - 0x00007fff6dae5000 	C:\windows\System32\gdi32full.dll
0x00007fff6db80000 - 0x00007fff6dc1d000 	C:\windows\System32\msvcp_win.dll
0x00007fff44d50000 - 0x00007fff44d6b000 	C:\Program Files\Java\jdk-17\bin\VCRUNTIME140.dll
0x00007fff597a0000 - 0x00007fff59a3a000 	C:\windows\WinSxS\amd64_microsoft.windows.common-controls_6595b64144ccf1df_6.0.19041.1110_none_60b5254171f9507e\COMCTL32.dll
0x00007fff65850000 - 0x00007fff6585a000 	C:\windows\SYSTEM32\VERSION.dll
0x00007fff6f390000 - 0x00007fff6f3c0000 	C:\windows\System32\IMM32.DLL
0x00007fff46110000 - 0x00007fff4611c000 	C:\Program Files\Java\jdk-17\bin\vcruntime140_1.dll
0x00007fff1de50000 - 0x00007fff1dede000 	C:\Program Files\Java\jdk-17\bin\msvcp140.dll
0x00007fff04220000 - 0x00007fff04dfd000 	C:\Program Files\Java\jdk-17\bin\server\jvm.dll
0x00007fff6f5f0000 - 0x00007fff6f5f8000 	C:\windows\System32\PSAPI.DLL
0x00007fff684a0000 - 0x00007fff684a9000 	C:\windows\SYSTEM32\WSOCK32.dll
0x00007fff645c0000 - 0x00007fff645e7000 	C:\windows\SYSTEM32\WINMM.dll
0x00007fff70240000 - 0x00007fff702ab000 	C:\windows\System32\WS2_32.dll
0x00007fff6b770000 - 0x00007fff6b782000 	C:\windows\SYSTEM32\kernel.appcore.dll
0x00007fff44dc0000 - 0x00007fff44dca000 	C:\Program Files\Java\jdk-17\bin\jimage.dll
0x00007fff5b100000 - 0x00007fff5b2e4000 	C:\windows\SYSTEM32\DBGHELP.DLL
0x00007fff59b00000 - 0x00007fff59b34000 	C:\windows\SYSTEM32\dbgcore.DLL
0x00007fff6daf0000 - 0x00007fff6db72000 	C:\windows\System32\bcryptPrimitives.dll
0x00007fff401b0000 - 0x00007fff401d5000 	C:\Program Files\Java\jdk-17\bin\java.dll
0x00007fff1a290000 - 0x00007fff1a367000 	C:\Program Files\Java\jdk-17\bin\jsvml.dll
0x00007fff6e8e0000 - 0x00007fff6f024000 	C:\windows\System32\SHELL32.dll
0x00007fff6ba80000 - 0x00007fff6c214000 	C:\windows\SYSTEM32\windows.storage.dll
0x00007fff6f030000 - 0x00007fff6f384000 	C:\windows\System32\combase.dll
0x00007fff6d340000 - 0x00007fff6d36e000 	C:\windows\SYSTEM32\Wldp.dll
0x00007fff6f610000 - 0x00007fff6f6bd000 	C:\windows\System32\SHCORE.dll
0x00007fff6f8c0000 - 0x00007fff6f915000 	C:\windows\System32\shlwapi.dll
0x00007fff6d900000 - 0x00007fff6d925000 	C:\windows\SYSTEM32\profapi.dll
0x00007fff40080000 - 0x00007fff40099000 	C:\Program Files\Java\jdk-17\bin\net.dll
0x00007fff63720000 - 0x00007fff6382a000 	C:\windows\SYSTEM32\WINHTTP.dll
0x00007fff6d0a0000 - 0x00007fff6d10a000 	C:\windows\system32\mswsock.dll
0x00007fff3ff70000 - 0x00007fff3ff86000 	C:\Program Files\Java\jdk-17\bin\nio.dll
0x00007fff3ff50000 - 0x00007fff3ff68000 	C:\Program Files\Java\jdk-17\bin\zip.dll
0x0000000069ac0000 - 0x0000000069ae4000 	C:\Users\carin\AppData\Local\Temp\jansi-2.4.0-5494cd5a9a9cd59f-jansi.dll
0x00007fff44d40000 - 0x00007fff44d50000 	C:\Program Files\Java\jdk-17\bin\verify.dll

dbghelp: loaded successfully - version: 4.0.5 - missing functions: none
symbol engine: initialized successfully - sym options: 0x614 - pdb path: .;C:\Program Files\Java\jdk-17\bin;C:\windows\SYSTEM32;C:\windows\WinSxS\amd64_microsoft.windows.common-controls_6595b64144ccf1df_6.0.19041.1110_none_60b5254171f9507e;C:\Program Files\Java\jdk-17\bin\server;C:\Users\carin\AppData\Local\Temp

VM Arguments:
jvm_args: -Dmaven.multiModuleProjectDirectory=C:\Users\carin\Desktop\springbootreact\gestion-clientes-backend 
java_command: org.apache.maven.wrapper.MavenWrapperMain -Dexec.vmArgs= -Dexec.args=${exec.vmArgs} -classpath %classpath ${exec.mainClass} ${exec.appArgs} -Dexec.executable=C:\Program Files\Java\jdk-17\bin\java.exe -Dexec.mainClass=com.gestion.clientes.GestionClientesBackendApplication -Dexec.classpathScope=runtime -Dexec.appArgs= -Dmaven.ext.class.path=C:\Program Files\NetBeans-17\netbeans\java\maven-nblib\netbeans-eventspy.jar --no-transfer-progress org.codehaus.mojo:exec-maven-plugin:3.1.0:exec
java_class_path (initial): C:\Users\carin\Desktop\springbootreact\gestion-clientes-backend\.mvn\wrapper\maven-wrapper.jar
Launcher Type: SUN_STANDARD

[Global flags]
     intx CICompilerCount                          = 2                                         {product} {ergonomic}
     uint ConcGCThreads                            = 1                                         {product} {ergonomic}
     uint G1ConcRefinementThreads                  = 2                                         {product} {ergonomic}
   size_t G1HeapRegionSize                         = 1048576                                   {product} {ergonomic}
    uintx GCDrainStackTargetSize                   = 64                                        {product} {ergonomic}
   size_t InitialHeapSize                          = 58720256                                  {product} {ergonomic}
   size_t MarkStackSize                            = 4194304                                   {product} {ergonomic}
   size_t MaxHeapSize                              = 918552576                                 {product} {ergonomic}
   size_t MaxNewSize                               = 550502400                                 {product} {ergonomic}
   size_t MinHeapDeltaBytes                        = 1048576                                   {product} {ergonomic}
   size_t MinHeapSize                              = 8388608                                   {product} {ergonomic}
    uintx NonNMethodCodeHeapSize                   = 5826188                                {pd product} {ergonomic}
    uintx NonProfiledCodeHeapSize                  = 122916026                              {pd product} {ergonomic}
    uintx ProfiledCodeHeapSize                     = 122916026                              {pd product} {ergonomic}
    uintx ReservedCodeCacheSize                    = 251658240                              {pd product} {ergonomic}
     bool SegmentedCodeCache                       = true                                      {product} {ergonomic}
   size_t SoftMaxHeapSize                          = 918552576                              {manageable} {ergonomic}
     bool UseCompressedClassPointers               = true                           {product lp64_product} {ergonomic}
     bool UseCompressedOops                        = true                           {product lp64_product} {ergonomic}
     bool UseG1GC                                  = true                                      {product} {ergonomic}
     bool UseLargePagesIndividualAllocation        = false                                  {pd product} {ergonomic}

Logging:
Log output configuration:
 #0: stdout all=warning uptime,level,tags
 #1: stderr all=off uptime,level,tags

Environment Variables:
JAVA_HOME=C:\Program Files\Java\jdk-17
PATH=C:\Program Files\Common Files\Oracle\Java\javapath;C:\windows\system32;C:\windows;C:\windows\System32\Wbem;C:\windows\System32\WindowsPowerShell\v1.0\;C:\windows\System32\OpenSSH\;C:\Program Files\Git\cmd;C:\Program Files\nodejs\;C:\gradle-8.1.1\bin;C:\Program Files\Java\jdk-20\bin;C:\Users\carin\AppData\Local\Microsoft\WindowsApps;C:\Users\carin\AppData\Local\Programs\Microsoft VS Code\bin;C:\Users\carin\AppData\Roaming\npm;C:\ProgramData\carin\GitHubDesktop\bin;C:\Users\carin\AppData\Local\GitHubDesktop\bin;C:\Users\carin\Downloads\mongodb-windows-x86_64-6.0.4.zip\mongodb-win32-x86_64-windows-6.0.4\bin;C:\Users\carin\Desktop\dataBase\data;C:\Program Files\MongoDB\Server\6.0\data;C:\Program Files\MongoDB\Server\6.0\bin;C:\Users\carin\Desktop\Backend\FastAPI;C:\Users\carin\Desktop\Backend;C:\Users\carin\Desktop\Backend\dataBase\data\log;C:\Program Files\MongoDB\Server\6.0\data;C:\Program Files\MongoDB\Server\6.0\bin;C:\Users\carin\AppData\Local\Packages\PythonSoftwareFoundation.Python.3.10_qbz5n2kfra8p0\LocalCache\local-packages\Python310\Scripts;C:\Users\carin\Documents\flutter\bin\;C:\Program Files\MySQL\MySQL Server 8.0\bin;C:\gradle-8.1.1\bin;C:\Program Files\Java\jdk-20\bin;
USERNAME=carin
OS=Windows_NT
PROCESSOR_IDENTIFIER=AMD64 Family 23 Model 24 Stepping 1, AuthenticAMD



---------------  S Y S T E M  ---------------

OS:
 Windows 10 , 64 bit Build 19041 (10.0.19041.3155)
OS uptime: 0 days 4:08 hours

CPU: total 2 (initial active 2) (2 cores per cpu, 1 threads per core) family 23 model 24 stepping 1 microcode 0x0, cx8, cmov, fxsr, mmx, 3dnowpref, sse, sse2, sse3, ssse3, sse4a, sse4.1, sse4.2, popcnt, lzcnt, tsc, tscinvbit, avx, avx2, aes, clmul, bmi1, bmi2, adx, sha, fma, vzeroupper, clflush, clflushopt

Memory: 4k page, system-wide physical 3500M (267M free)
TotalPageFile size 14252M (AvailPageFile size 3M)
current process WorkingSet (physical memory assigned to process): 46M, peak: 46M
current process commit charge ("private bytes"): 129M, peak: 129M

vm_info: Java HotSpot(TM) 64-Bit Server VM (17.0.7+8-LTS-224) for windows-amd64 JRE (17.0.7+8-LTS-224), built on Feb 28 2023 23:03:02 by "mach5one" with MS VC++ 17.1 (VS2022)

END.
