#
# There is insufficient memory for the Java Runtime Environment to continue.
# Native memory allocation (malloc) failed to allocate 99536 bytes for Chunk::new
# Possible reasons:
#   The system is out of physical RAM or swap space
#   The process is running with CompressedOops enabled, and the Java Heap may be blocking the growth of the native heap
# Possible solutions:
#   Reduce memory load on the system
#   Increase physical memory or swap space
#   Check if swap backing store is full
#   Decrease Java heap size (-Xmx/-Xms)
#   Decrease number of Java threads
#   Decrease Java thread stack sizes (-Xss)
#   Set larger code cache with -XX:ReservedCodeCacheSize=
#   JVM is running with Unscaled Compressed Oops mode in which the Java heap is
#     placed in the first 4GB address space. The Java Heap base address is the
#     maximum limit for the native heap growth. Please use -XX:HeapBaseMinAddress
#     to set the Java Heap base and to place the Java Heap above 4GB virtual address.
# This output file may be truncated or incomplete.
#
#  Out of Memory Error (arena.cpp:189), pid=12900, tid=11084
#
# JRE version: Java(TM) SE Runtime Environment (17.0.7+8) (build 17.0.7+8-LTS-224)
# Java VM: Java HotSpot(TM) 64-Bit Server VM (17.0.7+8-LTS-224, mixed mode, sharing, tiered, compressed oops, compressed class ptrs, g1 gc, windows-amd64)
# No core dump will be written. Minidumps are not enabled by default on client versions of Windows
#

---------------  S U M M A R Y ------------

Command Line: -Dmaven.multiModuleProjectDirectory=C:\Users\carin\Desktop\springbootreact\gestion-clientes-backend org.apache.maven.wrapper.MavenWrapperMain -Dexec.vmArgs= -Dexec.args=${exec.vmArgs} -classpath %classpath ${exec.mainClass} ${exec.appArgs} -Dexec.executable=C:\Program Files\Java\jdk-17\bin\java.exe -Dexec.mainClass=com.gestion.clientes.GestionClientesBackendApplication -Dexec.classpathScope=runtime -Dexec.appArgs= -Dmaven.ext.class.path=C:\Program Files\NetBeans-17\netbeans\java\maven-nblib\netbeans-eventspy.jar --no-transfer-progress org.codehaus.mojo:exec-maven-plugin:3.1.0:exec

Host: AMD Athlon Silver 3050U with Radeon Graphics   , 2 cores, 3G,  Windows 10 , 64 bit Build 19041 (10.0.19041.3155)
Time: Thu Aug  3 05:29:02 2023 Hora estándar de Argentina elapsed time: 4.450305 seconds (0d 0h 0m 4s)

---------------  T H R E A D  ---------------

Current thread (0x000002daf7a16520):  JavaThread "C2 CompilerThread0" daemon [_thread_in_native, id=11084, stack(0x000000e2c2300000,0x000000e2c2400000)]


Current CompileTask:
C2:   4450 2577   !   4       java.net.URL::<init> (543 bytes)

Stack: [0x000000e2c2300000,0x000000e2c2400000]
Native frames: (J=compiled Java code, j=interpreted, Vv=VM code, C=native code)
V  [jvm.dll+0x676a4a]
V  [jvm.dll+0x7d74f4]
V  [jvm.dll+0x7d8c9e]
V  [jvm.dll+0x7d9303]
V  [jvm.dll+0x2452c5]
V  [jvm.dll+0xaaa2b]
V  [jvm.dll+0xaafcc]
V  [jvm.dll+0x560a1b]
V  [jvm.dll+0x1bb380]
V  [jvm.dll+0x217c27]
V  [jvm.dll+0x216f01]
V  [jvm.dll+0x1a35e0]
V  [jvm.dll+0x226a6e]
V  [jvm.dll+0x224e15]
V  [jvm.dll+0x78d05c]
V  [jvm.dll+0x78759a]
V  [jvm.dll+0x675875]
C  [ucrtbase.dll+0x21bb2]
C  [KERNEL32.DLL+0x17614]
C  [ntdll.dll+0x526b1]


---------------  P R O C E S S  ---------------

Threads class SMR info:
_java_thread_list=0x000002daf7b169b0, length=12, elements={
0x000002dadb1c1070, 0x000002dadb29b740, 0x000002dadb29d460, 0x000002daf7a11870,
0x000002daf7a12420, 0x000002daf7a14de0, 0x000002daf7a15790, 0x000002daf7a16520,
0x000002daf7a84e10, 0x000002daf7a85bb0, 0x000002daf8540dd0, 0x000002daf854b950
}

Java Threads: ( => current thread )
  0x000002dadb1c1070 JavaThread "main" [_thread_in_vm, id=12736, stack(0x000000e2c1600000,0x000000e2c1700000)]
  0x000002dadb29b740 JavaThread "Reference Handler" daemon [_thread_blocked, id=2604, stack(0x000000e2c1d00000,0x000000e2c1e00000)]
  0x000002dadb29d460 JavaThread "Finalizer" daemon [_thread_blocked, id=7312, stack(0x000000e2c1e00000,0x000000e2c1f00000)]
  0x000002daf7a11870 JavaThread "Signal Dispatcher" daemon [_thread_blocked, id=8164, stack(0x000000e2c1f00000,0x000000e2c2000000)]
  0x000002daf7a12420 JavaThread "Attach Listener" daemon [_thread_blocked, id=14576, stack(0x000000e2c2000000,0x000000e2c2100000)]
  0x000002daf7a14de0 JavaThread "Service Thread" daemon [_thread_blocked, id=5180, stack(0x000000e2c2100000,0x000000e2c2200000)]
  0x000002daf7a15790 JavaThread "Monitor Deflation Thread" daemon [_thread_blocked, id=14628, stack(0x000000e2c2200000,0x000000e2c2300000)]
=>0x000002daf7a16520 JavaThread "C2 CompilerThread0" daemon [_thread_in_native, id=11084, stack(0x000000e2c2300000,0x000000e2c2400000)]
  0x000002daf7a84e10 JavaThread "C1 CompilerThread0" daemon [_thread_blocked, id=7656, stack(0x000000e2c2400000,0x000000e2c2500000)]
  0x000002daf7a85bb0 JavaThread "Sweeper thread" daemon [_thread_blocked, id=7872, stack(0x000000e2c2500000,0x000000e2c2600000)]
  0x000002daf8540dd0 JavaThread "Notification Thread" daemon [_thread_blocked, id=6688, stack(0x000000e2c2600000,0x000000e2c2700000)]
  0x000002daf854b950 JavaThread "Common-Cleaner" daemon [_thread_blocked, id=14720, stack(0x000000e2c2800000,0x000000e2c2900000)]

Other Threads:
  0x000002dadb294ba0 VMThread "VM Thread" [stack: 0x000000e2c1c00000,0x000000e2c1d00000] [id=7208]
  0x000002daf854b6c0 WatcherThread [stack: 0x000000e2c2700000,0x000000e2c2800000] [id=5532]
  0x000002dadb1f8f40 GCTaskThread "GC Thread#0" [stack: 0x000000e2c1700000,0x000000e2c1800000] [id=1980]
  0x000002daf88292f0 GCTaskThread "GC Thread#1" [stack: 0x000000e2c2900000,0x000000e2c2a00000] [id=2784]
  0x000002dadb200c00 ConcurrentGCThread "G1 Main Marker" [stack: 0x000000e2c1800000,0x000000e2c1900000] [id=14384]
  0x000002dadb201610 ConcurrentGCThread "G1 Conc#0" [stack: 0x000000e2c1900000,0x000000e2c1a00000] [id=11052]
  0x000002dadb2342a0 ConcurrentGCThread "G1 Refine#0" [stack: 0x000000e2c1a00000,0x000000e2c1b00000] [id=15068]
  0x000002dadb234cc0 ConcurrentGCThread "G1 Service" [stack: 0x000000e2c1b00000,0x000000e2c1c00000] [id=14988]

Threads with active compile tasks:
C2 CompilerThread0     4484 2577   !   4       java.net.URL::<init> (543 bytes)

VM state: not at safepoint (normal execution)

VM Mutex/Monitor currently owned by a thread: None

Heap address: 0x00000000c9400000, size: 876 MB, Compressed Oops mode: 32-bit

CDS archive(s) mapped at: [0x0000000800000000-0x0000000800bd0000-0x0000000800bd0000), size 12386304, SharedBaseAddress: 0x0000000800000000, ArchiveRelocationMode: 0.
Compressed class space mapped at: 0x0000000800c00000-0x0000000840c00000, reserved size: 1073741824
Narrow klass base: 0x0000000800000000, Narrow klass shift: 0, Narrow klass range: 0x100000000

GC Precious Log:
 CPUs: 2 total, 2 available
 Memory: 3500M
 Large Page Support: Disabled
 NUMA Support: Disabled
 Compressed Oops: Enabled (32-bit)
 Heap Region Size: 1M
 Heap Min Capacity: 8M
 Heap Initial Capacity: 56M
 Heap Max Capacity: 876M
 Pre-touch: Disabled
 Parallel Workers: 2
 Concurrent Workers: 1
 Concurrent Refinement Workers: 2
 Periodic GC: Disabled

Heap:
 garbage-first heap   total 57344K, used 31011K [0x00000000c9400000, 0x0000000100000000)
  region size 1024K, 29 young (29696K), 3 survivors (3072K)
 Metaspace       used 14280K, committed 14528K, reserved 1064960K
  class space    used 1751K, committed 1856K, reserved 1048576K

Heap Regions: E=young(eden), S=young(survivor), O=old, HS=humongous(starts), HC=humongous(continues), CS=collection set, F=free, OA=open archive, CA=closed archive, TAMS=top-at-mark-start (previous, next)
|   0|0x00000000c9400000, 0x00000000c9500000, 0x00000000c9500000|100%| O|  |TAMS 0x00000000c9400000, 0x00000000c9400000| Untracked 
|   1|0x00000000c9500000, 0x00000000c9600000, 0x00000000c9600000|100%| O|  |TAMS 0x00000000c9500000, 0x00000000c9500000| Untracked 
|   2|0x00000000c9600000, 0x00000000c9659e00, 0x00000000c9700000| 35%| O|  |TAMS 0x00000000c9600000, 0x00000000c9600000| Untracked 
|   3|0x00000000c9700000, 0x00000000c9700000, 0x00000000c9800000|  0%| F|  |TAMS 0x00000000c9700000, 0x00000000c9700000| Untracked 
|   4|0x00000000c9800000, 0x00000000c9800000, 0x00000000c9900000|  0%| F|  |TAMS 0x00000000c9800000, 0x00000000c9800000| Untracked 
|   5|0x00000000c9900000, 0x00000000c9900000, 0x00000000c9a00000|  0%| F|  |TAMS 0x00000000c9900000, 0x00000000c9900000| Untracked 
|   6|0x00000000c9a00000, 0x00000000c9a00000, 0x00000000c9b00000|  0%| F|  |TAMS 0x00000000c9a00000, 0x00000000c9a00000| Untracked 
|   7|0x00000000c9b00000, 0x00000000c9b00000, 0x00000000c9c00000|  0%| F|  |TAMS 0x00000000c9b00000, 0x00000000c9b00000| Untracked 
|   8|0x00000000c9c00000, 0x00000000c9c00000, 0x00000000c9d00000|  0%| F|  |TAMS 0x00000000c9c00000, 0x00000000c9c00000| Untracked 
|   9|0x00000000c9d00000, 0x00000000c9d00000, 0x00000000c9e00000|  0%| F|  |TAMS 0x00000000c9d00000, 0x00000000c9d00000| Untracked 
|  10|0x00000000c9e00000, 0x00000000c9e00000, 0x00000000c9f00000|  0%| F|  |TAMS 0x00000000c9e00000, 0x00000000c9e00000| Untracked 
|  11|0x00000000c9f00000, 0x00000000c9f00000, 0x00000000ca000000|  0%| F|  |TAMS 0x00000000c9f00000, 0x00000000c9f00000| Untracked 
|  12|0x00000000ca000000, 0x00000000ca000000, 0x00000000ca100000|  0%| F|  |TAMS 0x00000000ca000000, 0x00000000ca000000| Untracked 
|  13|0x00000000ca100000, 0x00000000ca100000, 0x00000000ca200000|  0%| F|  |TAMS 0x00000000ca100000, 0x00000000ca100000| Untracked 
|  14|0x00000000ca200000, 0x00000000ca200000, 0x00000000ca300000|  0%| F|  |TAMS 0x00000000ca200000, 0x00000000ca200000| Untracked 
|  15|0x00000000ca300000, 0x00000000ca300000, 0x00000000ca400000|  0%| F|  |TAMS 0x00000000ca300000, 0x00000000ca300000| Untracked 
|  16|0x00000000ca400000, 0x00000000ca400000, 0x00000000ca500000|  0%| F|  |TAMS 0x00000000ca400000, 0x00000000ca400000| Untracked 
|  17|0x00000000ca500000, 0x00000000ca500000, 0x00000000ca600000|  0%| F|  |TAMS 0x00000000ca500000, 0x00000000ca500000| Untracked 
|  18|0x00000000ca600000, 0x00000000ca600000, 0x00000000ca700000|  0%| F|  |TAMS 0x00000000ca600000, 0x00000000ca600000| Untracked 
|  19|0x00000000ca700000, 0x00000000ca700000, 0x00000000ca800000|  0%| F|  |TAMS 0x00000000ca700000, 0x00000000ca700000| Untracked 
|  20|0x00000000ca800000, 0x00000000ca8eeea8, 0x00000000ca900000| 93%| S|CS|TAMS 0x00000000ca800000, 0x00000000ca800000| Complete 
|  21|0x00000000ca900000, 0x00000000caa00000, 0x00000000caa00000|100%| S|CS|TAMS 0x00000000ca900000, 0x00000000ca900000| Complete 
|  22|0x00000000caa00000, 0x00000000cab00000, 0x00000000cab00000|100%| S|CS|TAMS 0x00000000caa00000, 0x00000000caa00000| Complete 
|  23|0x00000000cab00000, 0x00000000cab00000, 0x00000000cac00000|  0%| F|  |TAMS 0x00000000cab00000, 0x00000000cab00000| Untracked 
|  24|0x00000000cac00000, 0x00000000cac00000, 0x00000000cad00000|  0%| F|  |TAMS 0x00000000cac00000, 0x00000000cac00000| Untracked 
|  25|0x00000000cad00000, 0x00000000cad00000, 0x00000000cae00000|  0%| F|  |TAMS 0x00000000cad00000, 0x00000000cad00000| Untracked 
|  26|0x00000000cae00000, 0x00000000cae00000, 0x00000000caf00000|  0%| F|  |TAMS 0x00000000cae00000, 0x00000000cae00000| Untracked 
|  27|0x00000000caf00000, 0x00000000caf00000, 0x00000000cb000000|  0%| F|  |TAMS 0x00000000caf00000, 0x00000000caf00000| Untracked 
|  28|0x00000000cb000000, 0x00000000cb000000, 0x00000000cb100000|  0%| F|  |TAMS 0x00000000cb000000, 0x00000000cb000000| Untracked 
|  29|0x00000000cb100000, 0x00000000cb180800, 0x00000000cb200000| 50%| E|  |TAMS 0x00000000cb100000, 0x00000000cb100000| Complete 
|  30|0x00000000cb200000, 0x00000000cb300000, 0x00000000cb300000|100%| E|CS|TAMS 0x00000000cb200000, 0x00000000cb200000| Complete 
|  31|0x00000000cb300000, 0x00000000cb400000, 0x00000000cb400000|100%| E|CS|TAMS 0x00000000cb300000, 0x00000000cb300000| Complete 
|  32|0x00000000cb400000, 0x00000000cb500000, 0x00000000cb500000|100%| E|CS|TAMS 0x00000000cb400000, 0x00000000cb400000| Complete 
|  33|0x00000000cb500000, 0x00000000cb600000, 0x00000000cb600000|100%| E|CS|TAMS 0x00000000cb500000, 0x00000000cb500000| Complete 
|  34|0x00000000cb600000, 0x00000000cb700000, 0x00000000cb700000|100%| E|CS|TAMS 0x00000000cb600000, 0x00000000cb600000| Complete 
|  35|0x00000000cb700000, 0x00000000cb800000, 0x00000000cb800000|100%| E|CS|TAMS 0x00000000cb700000, 0x00000000cb700000| Complete 
|  36|0x00000000cb800000, 0x00000000cb900000, 0x00000000cb900000|100%| E|CS|TAMS 0x00000000cb800000, 0x00000000cb800000| Complete 
|  37|0x00000000cb900000, 0x00000000cba00000, 0x00000000cba00000|100%| E|CS|TAMS 0x00000000cb900000, 0x00000000cb900000| Complete 
|  38|0x00000000cba00000, 0x00000000cbb00000, 0x00000000cbb00000|100%| E|CS|TAMS 0x00000000cba00000, 0x00000000cba00000| Complete 
|  39|0x00000000cbb00000, 0x00000000cbc00000, 0x00000000cbc00000|100%| E|CS|TAMS 0x00000000cbb00000, 0x00000000cbb00000| Complete 
|  40|0x00000000cbc00000, 0x00000000cbd00000, 0x00000000cbd00000|100%| E|CS|TAMS 0x00000000cbc00000, 0x00000000cbc00000| Complete 
|  41|0x00000000cbd00000, 0x00000000cbe00000, 0x00000000cbe00000|100%| E|CS|TAMS 0x00000000cbd00000, 0x00000000cbd00000| Complete 
|  42|0x00000000cbe00000, 0x00000000cbf00000, 0x00000000cbf00000|100%| E|CS|TAMS 0x00000000cbe00000, 0x00000000cbe00000| Complete 
|  43|0x00000000cbf00000, 0x00000000cc000000, 0x00000000cc000000|100%| E|CS|TAMS 0x00000000cbf00000, 0x00000000cbf00000| Complete 
|  44|0x00000000cc000000, 0x00000000cc100000, 0x00000000cc100000|100%| E|CS|TAMS 0x00000000cc000000, 0x00000000cc000000| Complete 
|  45|0x00000000cc100000, 0x00000000cc200000, 0x00000000cc200000|100%| E|CS|TAMS 0x00000000cc100000, 0x00000000cc100000| Complete 
|  46|0x00000000cc200000, 0x00000000cc300000, 0x00000000cc300000|100%| E|CS|TAMS 0x00000000cc200000, 0x00000000cc200000| Complete 
|  47|0x00000000cc300000, 0x00000000cc400000, 0x00000000cc400000|100%| E|CS|TAMS 0x00000000cc300000, 0x00000000cc300000| Complete 
|  48|0x00000000cc400000, 0x00000000cc500000, 0x00000000cc500000|100%| E|CS|TAMS 0x00000000cc400000, 0x00000000cc400000| Complete 
|  49|0x00000000cc500000, 0x00000000cc600000, 0x00000000cc600000|100%| E|CS|TAMS 0x00000000cc500000, 0x00000000cc500000| Complete 
|  50|0x00000000cc600000, 0x00000000cc700000, 0x00000000cc700000|100%| E|CS|TAMS 0x00000000cc600000, 0x00000000cc600000| Complete 
|  51|0x00000000cc700000, 0x00000000cc800000, 0x00000000cc800000|100%| E|CS|TAMS 0x00000000cc700000, 0x00000000cc700000| Complete 
|  52|0x00000000cc800000, 0x00000000cc900000, 0x00000000cc900000|100%| E|CS|TAMS 0x00000000cc800000, 0x00000000cc800000| Complete 
|  53|0x00000000cc900000, 0x00000000cca00000, 0x00000000cca00000|100%| E|CS|TAMS 0x00000000cc900000, 0x00000000cc900000| Complete 
|  54|0x00000000cca00000, 0x00000000ccb00000, 0x00000000ccb00000|100%| E|CS|TAMS 0x00000000cca00000, 0x00000000cca00000| Complete 
|  55|0x00000000ccb00000, 0x00000000ccc00000, 0x00000000ccc00000|100%| E|CS|TAMS 0x00000000ccb00000, 0x00000000ccb00000| Complete 

Card table byte_map: [0x000002daf3820000,0x000002daf39e0000] _byte_map_base: 0x000002daf31d6000

Marking Bits (Prev, Next): (CMBitMap*) 0x000002dadb1f9550, (CMBitMap*) 0x000002dadb1f9590
 Prev Bits: [0x000002daf3ba0000, 0x000002daf4950000)
 Next Bits: [0x000002daf4950000, 0x000002daf5700000)

Polling page: 0x000002dadb2a0000

Metaspace:

Usage:
  Non-class:     12.25 MB used.
      Class:      1.71 MB used.
       Both:     13.96 MB used.

Virtual space:
  Non-class space:       16.00 MB reserved,      12.38 MB ( 77%) committed,  2 nodes.
      Class space:        1.00 GB reserved,       1.81 MB ( <1%) committed,  1 nodes.
             Both:        1.02 GB reserved,      14.19 MB (  1%) committed. 

Chunk freelists:
   Non-Class:  2.83 MB
       Class:  2.05 MB
        Both:  4.88 MB

MaxMetaspaceSize: unlimited
CompressedClassSpaceSize: 1.00 GB
Initial GC threshold: 21.00 MB
Current GC threshold: 21.00 MB
CDS: on
MetaspaceReclaimPolicy: balanced
 - commit_granule_bytes: 65536.
 - commit_granule_words: 8192.
 - virtual_space_node_default_size: 1048576.
 - enlarge_chunks_in_place: 1.
 - new_chunks_are_fully_committed: 0.
 - uncommit_free_chunks: 1.
 - use_allocation_guard: 0.
 - handle_deallocations: 1.


Internal statistics:

num_allocs_failed_limit: 0.
num_arena_births: 76.
num_arena_deaths: 0.
num_vsnodes_births: 3.
num_vsnodes_deaths: 0.
num_space_committed: 227.
num_space_uncommitted: 0.
num_chunks_returned_to_freelist: 0.
num_chunks_taken_from_freelist: 577.
num_chunk_merges: 0.
num_chunk_splits: 394.
num_chunks_enlarged: 325.
num_purges: 0.
num_inconsistent_stats: 0.

CodeHeap 'non-profiled nmethods': size=120064Kb used=923Kb max_used=923Kb free=119140Kb
 bounds [0x000002daebd10000, 0x000002daebf80000, 0x000002daf3250000]
CodeHeap 'profiled nmethods': size=120000Kb used=5364Kb max_used=5364Kb free=114635Kb
 bounds [0x000002dae4250000, 0x000002dae4790000, 0x000002daeb780000]
CodeHeap 'non-nmethods': size=5696Kb used=1172Kb max_used=1199Kb free=4523Kb
 bounds [0x000002daeb780000, 0x000002daeb9f0000, 0x000002daebd10000]
 total_blobs=3074 nmethods=2612 adapters=374
 compilation: enabled
              stopped_count=0, restarted_count=0
 full_count=0

Compilation events (20 events):
Event: 4.420 Thread 0x000002daf7a84e10 2580       3       java.lang.String::valueOf (39 bytes)
Event: 4.420 Thread 0x000002daf7a84e10 nmethod 2580 0x000002dae477c390 code [0x000002dae477c580, 0x000002dae477cc98]
Event: 4.422 Thread 0x000002daf7a84e10 2581       3       java.util.Arrays$ArrayList::contains (14 bytes)
Event: 4.422 Thread 0x000002daf7a84e10 nmethod 2581 0x000002dae477ce90 code [0x000002dae477d040, 0x000002dae477d1e8]
Event: 4.422 Thread 0x000002daf7a84e10 2582       3       java.lang.StringBuilder::append (8 bytes)
Event: 4.422 Thread 0x000002daf7a84e10 nmethod 2582 0x000002dae477d290 code [0x000002dae477d420, 0x000002dae477d568]
Event: 4.422 Thread 0x000002daf7a84e10 2583       3       java.lang.AbstractStringBuilder::append (45 bytes)
Event: 4.423 Thread 0x000002daf7a84e10 nmethod 2583 0x000002dae477d610 code [0x000002dae477d7e0, 0x000002dae477db28]
Event: 4.426 Thread 0x000002daf7a84e10 2584       3       org.apache.maven.model.io.xpp3.MavenXpp3ReaderEx::checkFieldWithDuplicate (75 bytes)
Event: 4.427 Thread 0x000002daf7a84e10 nmethod 2584 0x000002dae477dc90 code [0x000002dae477df40, 0x000002dae477e9b8]
Event: 4.427 Thread 0x000002daf7a84e10 2586       3       org.codehaus.plexus.util.xml.pull.MXParser::nextTag (82 bytes)
Event: 4.428 Thread 0x000002daf7a84e10 nmethod 2586 0x000002dae477ee10 code [0x000002dae477f080, 0x000002dae477f9c8]
Event: 4.429 Thread 0x000002daf7a84e10 2587 %     3       org.codehaus.plexus.util.xml.pull.MXParser::isWhitespace @ 63 (114 bytes)
Event: 4.430 Thread 0x000002daf7a84e10 nmethod 2587% 0x000002dae477fd10 code [0x000002dae477ff40, 0x000002dae4780808]
Event: 4.431 Thread 0x000002daf7a84e10 2588   !   3       jdk.internal.reflect.NativeConstructorAccessorImpl::newInstance (122 bytes)
Event: 4.432 Thread 0x000002daf7a84e10 nmethod 2588 0x000002dae4780a90 code [0x000002dae4780ce0, 0x000002dae47818c8]
Event: 4.433 Thread 0x000002daf7a84e10 2590       3       sun.net.util.IPAddressUtil::checkHostString (53 bytes)
Event: 4.434 Thread 0x000002daf7a84e10 nmethod 2590 0x000002dae4781d90 code [0x000002dae4782040, 0x000002dae4782c28]
Event: 4.446 Thread 0x000002daf7a84e10 2591       1       com.google.inject.internal.InternalContext::getDependency (5 bytes)
Event: 4.446 Thread 0x000002daf7a84e10 nmethod 2591 0x000002daebdf5a90 code [0x000002daebdf5c20, 0x000002daebdf5cf8]

GC Heap History (8 events):
Event: 0.868 GC heap before
{Heap before GC invocations=0 (full 0):
 garbage-first heap   total 57344K, used 6144K [0x00000000c9400000, 0x0000000100000000)
  region size 1024K, 6 young (6144K), 0 survivors (0K)
 Metaspace       used 1868K, committed 2048K, reserved 1056768K
  class space    used 175K, committed 256K, reserved 1048576K
}
Event: 0.880 GC heap after
{Heap after GC invocations=1 (full 0):
 garbage-first heap   total 57344K, used 2080K [0x00000000c9400000, 0x0000000100000000)
  region size 1024K, 1 young (1024K), 1 survivors (1024K)
 Metaspace       used 1868K, committed 2048K, reserved 1056768K
  class space    used 175K, committed 256K, reserved 1048576K
}
Event: 1.218 GC heap before
{Heap before GC invocations=1 (full 0):
 garbage-first heap   total 57344K, used 7200K [0x00000000c9400000, 0x0000000100000000)
  region size 1024K, 6 young (6144K), 1 survivors (1024K)
 Metaspace       used 3123K, committed 3392K, reserved 1056768K
  class space    used 327K, committed 448K, reserved 1048576K
}
Event: 1.223 GC heap after
{Heap after GC invocations=2 (full 0):
 garbage-first heap   total 57344K, used 3431K [0x00000000c9400000, 0x0000000100000000)
  region size 1024K, 1 young (1024K), 1 survivors (1024K)
 Metaspace       used 3123K, committed 3392K, reserved 1056768K
  class space    used 327K, committed 448K, reserved 1048576K
}
Event: 1.576 GC heap before
{Heap before GC invocations=2 (full 0):
 garbage-first heap   total 57344K, used 12647K [0x00000000c9400000, 0x0000000100000000)
  region size 1024K, 11 young (11264K), 1 survivors (1024K)
 Metaspace       used 5605K, committed 5824K, reserved 1056768K
  class space    used 670K, committed 768K, reserved 1048576K
}
Event: 1.581 GC heap after
{Heap after GC invocations=3 (full 0):
 garbage-first heap   total 57344K, used 3969K [0x00000000c9400000, 0x0000000100000000)
  region size 1024K, 2 young (2048K), 2 survivors (2048K)
 Metaspace       used 5605K, committed 5824K, reserved 1056768K
  class space    used 670K, committed 768K, reserved 1048576K
}
Event: 2.845 GC heap before
{Heap before GC invocations=3 (full 0):
 garbage-first heap   total 57344K, used 35713K [0x00000000c9400000, 0x0000000100000000)
  region size 1024K, 33 young (33792K), 2 survivors (2048K)
 Metaspace       used 9354K, committed 9472K, reserved 1064960K
  class space    used 1136K, committed 1216K, reserved 1048576K
}
Event: 2.850 GC heap after
{Heap after GC invocations=4 (full 0):
 garbage-first heap   total 57344K, used 5411K [0x00000000c9400000, 0x0000000100000000)
  region size 1024K, 3 young (3072K), 3 survivors (3072K)
 Metaspace       used 9354K, committed 9472K, reserved 1064960K
  class space    used 1136K, committed 1216K, reserved 1048576K
}

Deoptimization events (20 events):
Event: 4.369 Thread 0x000002dadb1c1070 DEOPT PACKING pc=0x000002daebdc119c sp=0x000000e2c16fd3a0
Event: 4.369 Thread 0x000002dadb1c1070 DEOPT UNPACKING pc=0x000002daeb7d23a3 sp=0x000000e2c16fd220 mode 2
Event: 4.374 Thread 0x000002dadb1c1070 Uncommon trap: trap_request=0xffffff45 fr.pc=0x000002daebdad6c4 relative=0x0000000000000044
Event: 4.374 Thread 0x000002dadb1c1070 Uncommon trap: reason=unstable_if action=reinterpret pc=0x000002daebdad6c4 method=sun.net.util.IPAddressUtil.scan(Ljava/lang/String;JJ[C)I @ 14 c2
Event: 4.374 Thread 0x000002dadb1c1070 DEOPT PACKING pc=0x000002daebdad6c4 sp=0x000000e2c16fd320
Event: 4.374 Thread 0x000002dadb1c1070 DEOPT UNPACKING pc=0x000002daeb7d23a3 sp=0x000000e2c16fd208 mode 2
Event: 4.394 Thread 0x000002dadb1c1070 Uncommon trap: trap_request=0xffffff45 fr.pc=0x000002daebd94530 relative=0x0000000000000f30
Event: 4.394 Thread 0x000002dadb1c1070 Uncommon trap: reason=unstable_if action=reinterpret pc=0x000002daebd94530 method=java.lang.String.<init>([BIILjava/nio/charset/Charset;)V @ 47 c2
Event: 4.394 Thread 0x000002dadb1c1070 DEOPT PACKING pc=0x000002daebd94530 sp=0x000000e2c16fd110
Event: 4.394 Thread 0x000002dadb1c1070 DEOPT UNPACKING pc=0x000002daeb7d23a3 sp=0x000000e2c16fd0e8 mode 2
Event: 4.422 Thread 0x000002dadb1c1070 Uncommon trap: trap_request=0xffffff45 fr.pc=0x000002daebd384d4 relative=0x0000000000000614
Event: 4.422 Thread 0x000002dadb1c1070 Uncommon trap: reason=unstable_if action=reinterpret pc=0x000002daebd384d4 method=java.lang.AbstractStringBuilder.append(Ljava/lang/String;)Ljava/lang/AbstractStringBuilder; @ 1 c2
Event: 4.422 Thread 0x000002dadb1c1070 DEOPT PACKING pc=0x000002daebd384d4 sp=0x000000e2c16fd300
Event: 4.422 Thread 0x000002dadb1c1070 DEOPT UNPACKING pc=0x000002daeb7d23a3 sp=0x000000e2c16fd280 mode 2
Event: 4.422 Thread 0x000002dadb1c1070 Uncommon trap: trap_request=0xffffff45 fr.pc=0x000002daebd45164 relative=0x0000000000000624
Event: 4.422 Thread 0x000002dadb1c1070 Uncommon trap: reason=unstable_if action=reinterpret pc=0x000002daebd45164 method=java.lang.AbstractStringBuilder.append(Ljava/lang/String;)Ljava/lang/AbstractStringBuilder; @ 1 c2
Event: 4.422 Thread 0x000002dadb1c1070 DEOPT PACKING pc=0x000002daebd45164 sp=0x000000e2c16fd290
Event: 4.422 Thread 0x000002dadb1c1070 DEOPT UNPACKING pc=0x000002daeb7d23a3 sp=0x000000e2c16fd278 mode 2
Event: 4.430 Thread 0x000002dadb1c1070 DEOPT PACKING pc=0x000002dae4454334 sp=0x000000e2c16fce50
Event: 4.430 Thread 0x000002dadb1c1070 DEOPT UNPACKING pc=0x000002daeb7d2b43 sp=0x000000e2c16fc308 mode 0

Classes unloaded (0 events):
No events

Classes redefined (0 events):
No events

Internal exceptions (20 events):
Event: 1.031 Thread 0x000002dadb1c1070 Exception <a 'java/lang/NoSuchMethodError'{0x00000000cca83658}: 'java.lang.Object java.lang.invoke.DirectMethodHandle$Holder.invokeSpecialIFC(java.lang.Object, java.lang.Object, java.lang.Object, java.lang.Object)'> (0x00000000cca83658) 
thrown [s\open\src\hotspot\share\interpreter\linkResolver.cpp, line 759]
Event: 1.329 Thread 0x000002dadb1c1070 Exception <a 'java/lang/NoSuchMethodError'{0x00000000cc9ab020}: 'void java.lang.invoke.DirectMethodHandle$Holder.invokeSpecial(java.lang.Object, java.lang.Object, java.lang.Object)'> (0x00000000cc9ab020) 
thrown [s\open\src\hotspot\share\interpreter\linkResolver.cpp, line 759]
Event: 1.376 Thread 0x000002dadb1c1070 Exception <a 'java/lang/NoSuchMethodError'{0x00000000cc72bfb0}: 'java.lang.Object java.lang.invoke.DirectMethodHandle$Holder.invokeInterface(java.lang.Object, java.lang.Object)'> (0x00000000cc72bfb0) 
thrown [s\open\src\hotspot\share\interpreter\linkResolver.cpp, line 759]
Event: 1.397 Thread 0x000002dadb1c1070 Exception <a 'java/lang/NoSuchMethodError'{0x00000000cc7e8db8}: 'java.lang.Object java.lang.invoke.Invokers$Holder.invokeExact_MT(java.lang.Object, java.lang.Object, java.lang.Object, java.lang.Object, java.lang.Object, java.lang.Object)'> (0x00000000cc7e8db8) 
thrown [s\open\src\hotspot\share\interpreter\linkResolver.cpp, line 759]
Event: 1.400 Thread 0x000002dadb1c1070 Exception <a 'java/lang/NoSuchMethodError'{0x00000000cc7fa218}: 'int java.lang.invoke.DirectMethodHandle$Holder.invokeSpecialIFC(java.lang.Object, java.lang.Object, java.lang.Object, java.lang.Object, java.lang.Object)'> (0x00000000cc7fa218) 
thrown [s\open\src\hotspot\share\interpreter\linkResolver.cpp, line 759]
Event: 1.466 Thread 0x000002dadb1c1070 Exception <a 'java/lang/NoSuchMethodError'{0x00000000cc4d8018}: 'java.lang.Object java.lang.invoke.DirectMethodHandle$Holder.newInvokeSpecial(java.lang.Object, java.lang.Object, java.lang.Object, java.lang.Object, java.lang.Object)'> (0x00000000cc4d8018) 
thrown [s\open\src\hotspot\share\interpreter\linkResolver.cpp, line 759]
Event: 1.509 Thread 0x000002dadb1c1070 Exception <a 'java/lang/NoSuchMethodError'{0x00000000cc3eebe8}: 'int java.lang.invoke.DirectMethodHandle$Holder.invokeStaticInit(java.lang.Object, java.lang.Object)'> (0x00000000cc3eebe8) 
thrown [s\open\src\hotspot\share\interpreter\linkResolver.cpp, line 759]
Event: 1.521 Thread 0x000002dadb1c1070 Exception <a 'java/lang/NoClassDefFoundError'{0x00000000cc22d418}: javax/enterprise/inject/Typed> (0x00000000cc22d418) 
thrown [s\open\src\hotspot\share\classfile\systemDictionary.cpp, line 245]
Event: 1.842 Thread 0x000002dadb1c1070 Exception <a 'java/lang/NoSuchMethodError'{0x00000000cc183838}: 'java.lang.Object java.lang.invoke.DirectMethodHandle$Holder.invokeStaticInit(java.lang.Object)'> (0x00000000cc183838) 
thrown [s\open\src\hotspot\share\interpreter\linkResolver.cpp, line 759]
Event: 3.057 Thread 0x000002dadb1c1070 Exception <a 'java/lang/NoSuchMethodError'{0x00000000cc578ea0}: 'void java.lang.invoke.DirectMethodHandle$Holder.invokeStaticInit(java.lang.Object, java.lang.Object, java.lang.Object)'> (0x00000000cc578ea0) 
thrown [s\open\src\hotspot\share\interpreter\linkResolver.cpp, line 759]
Event: 3.066 Thread 0x000002dadb1c1070 Exception <a 'java/lang/ExceptionInInitializerError'{0x00000000cc5a69c8}> (0x00000000cc5a69c8) 
thrown [s\open\src\hotspot\share\oops\instanceKlass.cpp, line 1216]
Event: 3.106 Thread 0x000002dadb1c1070 Implicit null exception at 0x000002daebd6dcaf to 0x000002daebd6de0c
Event: 3.108 Thread 0x000002dadb1c1070 Exception <a 'java/lang/NoSuchMethodError'{0x00000000cc4c5d88}: 'java.lang.Object java.lang.invoke.Invokers$Holder.invokeExact_MT(java.lang.Object, int, java.lang.Object)'> (0x00000000cc4c5d88) 
thrown [s\open\src\hotspot\share\interpreter\linkResolver.cpp, line 759]
Event: 3.125 Thread 0x000002dadb1c1070 Exception <a 'java/lang/NoSuchMethodError'{0x00000000cc320600}: 'void java.lang.invoke.DirectMethodHandle$Holder.invokeStatic(java.lang.Object, java.lang.Object)'> (0x00000000cc320600) 
thrown [s\open\src\hotspot\share\interpreter\linkResolver.cpp, line 759]
Event: 3.130 Thread 0x000002dadb1c1070 Exception <a 'java/lang/NoSuchMethodError'{0x00000000cc3314b0}: 'int java.lang.invoke.DirectMethodHandle$Holder.invokeSpecial(java.lang.Object, java.lang.Object, java.lang.Object, java.lang.Object)'> (0x00000000cc3314b0) 
thrown [s\open\src\hotspot\share\interpreter\linkResolver.cpp, line 759]
Event: 3.648 Thread 0x000002dadb1c1070 Exception <a 'java/lang/NoClassDefFoundError'{0x00000000cbbad848}: com/google/inject/servlet/ServletModuleTargetVisitor> (0x00000000cbbad848) 
thrown [s\open\src\hotspot\share\classfile\systemDictionary.cpp, line 245]
Event: 3.767 Thread 0x000002dadb1c1070 Exception <a 'java/lang/NoSuchMethodError'{0x00000000cb84e308}: 'void java.lang.invoke.DirectMethodHandle$Holder.invokeVirtual(java.lang.Object, java.lang.Object)'> (0x00000000cb84e308) 
thrown [s\open\src\hotspot\share\interpreter\linkResolver.cpp, line 759]
Event: 3.822 Thread 0x000002dadb1c1070 Exception <a 'java/lang/NoSuchMethodError'{0x00000000cb8d85a0}: 'java.lang.Object java.lang.invoke.DirectMethodHandle$Holder.invokeStaticInit(java.lang.Object, int, int, int, int)'> (0x00000000cb8d85a0) 
thrown [s\open\src\hotspot\share\interpreter\linkResolver.cpp, line 759]
Event: 4.422 Thread 0x000002dadb1c1070 Implicit null exception at 0x000002daebd37ef2 to 0x000002daebd384bc
Event: 4.422 Thread 0x000002dadb1c1070 Implicit null exception at 0x000002daebd44b72 to 0x000002daebd4514c

VM Operations (20 events):
Event: 3.165 Executing VM operation: HandshakeAllThreads
Event: 3.165 Executing VM operation: HandshakeAllThreads done
Event: 3.168 Executing VM operation: HandshakeAllThreads
Event: 3.168 Executing VM operation: HandshakeAllThreads done
Event: 3.314 Executing VM operation: ICBufferFull
Event: 3.315 Executing VM operation: ICBufferFull done
Event: 3.334 Executing VM operation: HandshakeAllThreads
Event: 3.335 Executing VM operation: HandshakeAllThreads done
Event: 3.573 Executing VM operation: HandshakeAllThreads
Event: 3.573 Executing VM operation: HandshakeAllThreads done
Event: 3.786 Executing VM operation: HandshakeAllThreads
Event: 3.786 Executing VM operation: HandshakeAllThreads done
Event: 3.846 Executing VM operation: HandshakeAllThreads
Event: 3.846 Executing VM operation: HandshakeAllThreads done
Event: 3.931 Executing VM operation: ICBufferFull
Event: 3.931 Executing VM operation: ICBufferFull done
Event: 4.367 Executing VM operation: HandshakeAllThreads
Event: 4.367 Executing VM operation: HandshakeAllThreads done
Event: 4.369 Executing VM operation: HandshakeAllThreads
Event: 4.369 Executing VM operation: HandshakeAllThreads done

Events (20 events):
Event: 3.823 loading class jdk/internal/reflect/UnsafeQualifiedFieldAccessorImpl done
Event: 3.823 loading class jdk/internal/reflect/UnsafeQualifiedObjectFieldAccessorImpl done
Event: 3.912 loading class jdk/internal/math/FDBigInteger
Event: 3.913 loading class jdk/internal/math/FDBigInteger done
Event: 3.945 loading class java/lang/ProcessEnvironment$CheckedKeySet
Event: 3.946 loading class java/lang/ProcessEnvironment$CheckedKeySet done
Event: 4.365 loading class java/net/URL$2
Event: 4.366 loading class java/net/URL$2 done
Event: 4.366 loading class java/net/URL$1
Event: 4.366 loading class java/net/URL$1 done
Event: 4.366 loading class java/net/spi/URLStreamHandlerProvider
Event: 4.366 loading class java/net/spi/URLStreamHandlerProvider done
Event: 4.367 loading class sun/net/www/protocol/https/Handler
Event: 4.368 loading class sun/net/www/protocol/http/Handler
Event: 4.369 loading class sun/net/www/protocol/http/Handler done
Event: 4.369 loading class sun/net/www/protocol/https/Handler done
Event: 4.373 loading class java/util/regex/Pattern$Pos
Event: 4.373 loading class java/util/regex/Pattern$Pos done
Event: 4.381 loading class java/util/ArrayList$SubList$1
Event: 4.381 loading class java/util/ArrayList$SubList$1 done


Dynamic libraries:
0x00007ff623250000 - 0x00007ff623260000 	C:\Program Files\Java\jdk-17\bin\java.exe
0x00007fff702f0000 - 0x00007fff704e8000 	C:\windows\SYSTEM32\ntdll.dll
0x00007fff6f530000 - 0x00007fff6f5ef000 	C:\windows\System32\KERNEL32.DLL
0x00007fff6def0000 - 0x00007fff6e1e6000 	C:\windows\System32\KERNELBASE.dll
0x00007fff6ddf0000 - 0x00007fff6def0000 	C:\windows\System32\ucrtbase.dll
0x00007fff401e0000 - 0x00007fff401f9000 	C:\Program Files\Java\jdk-17\bin\jli.dll
0x00007fff700b0000 - 0x00007fff7015f000 	C:\windows\System32\ADVAPI32.dll
0x00007fff6e350000 - 0x00007fff6e3ee000 	C:\windows\System32\msvcrt.dll
0x00007fff6fc00000 - 0x00007fff6fc9c000 	C:\windows\System32\sechost.dll
0x00007fff6fad0000 - 0x00007fff6fbf6000 	C:\windows\System32\RPCRT4.dll
0x00007fff6f6c0000 - 0x00007fff6f85d000 	C:\windows\System32\USER32.dll
0x00007fff6dd20000 - 0x00007fff6dd42000 	C:\windows\System32\win32u.dll
0x00007fff6f3c0000 - 0x00007fff6f3ec000 	C:\windows\System32\GDI32.dll
0x00007fff6d9d0000 - 0x00007fff6dae5000 	C:\windows\System32\gdi32full.dll
0x00007fff6db80000 - 0x00007fff6dc1d000 	C:\windows\System32\msvcp_win.dll
0x00007fff44d50000 - 0x00007fff44d6b000 	C:\Program Files\Java\jdk-17\bin\VCRUNTIME140.dll
0x00007fff597a0000 - 0x00007fff59a3a000 	C:\windows\WinSxS\amd64_microsoft.windows.common-controls_6595b64144ccf1df_6.0.19041.1110_none_60b5254171f9507e\COMCTL32.dll
0x00007fff65850000 - 0x00007fff6585a000 	C:\windows\SYSTEM32\VERSION.dll
0x00007fff6f390000 - 0x00007fff6f3c0000 	C:\windows\System32\IMM32.DLL
0x00007fff46110000 - 0x00007fff4611c000 	C:\Program Files\Java\jdk-17\bin\vcruntime140_1.dll
0x00007fff1de50000 - 0x00007fff1dede000 	C:\Program Files\Java\jdk-17\bin\msvcp140.dll
0x00007fff04220000 - 0x00007fff04dfd000 	C:\Program Files\Java\jdk-17\bin\server\jvm.dll
0x00007fff6f5f0000 - 0x00007fff6f5f8000 	C:\windows\System32\PSAPI.DLL
0x00007fff684a0000 - 0x00007fff684a9000 	C:\windows\SYSTEM32\WSOCK32.dll
0x00007fff70240000 - 0x00007fff702ab000 	C:\windows\System32\WS2_32.dll
0x00007fff645c0000 - 0x00007fff645e7000 	C:\windows\SYSTEM32\WINMM.dll
0x00007fff6b770000 - 0x00007fff6b782000 	C:\windows\SYSTEM32\kernel.appcore.dll
0x00007fff44dc0000 - 0x00007fff44dca000 	C:\Program Files\Java\jdk-17\bin\jimage.dll
0x00007fff5b100000 - 0x00007fff5b2e4000 	C:\windows\SYSTEM32\DBGHELP.DLL
0x00007fff59b00000 - 0x00007fff59b34000 	C:\windows\SYSTEM32\dbgcore.DLL
0x00007fff6daf0000 - 0x00007fff6db72000 	C:\windows\System32\bcryptPrimitives.dll
0x00007fff401b0000 - 0x00007fff401d5000 	C:\Program Files\Java\jdk-17\bin\java.dll
0x00007fff1a290000 - 0x00007fff1a367000 	C:\Program Files\Java\jdk-17\bin\jsvml.dll
0x00007fff6e8e0000 - 0x00007fff6f024000 	C:\windows\System32\SHELL32.dll
0x00007fff6ba80000 - 0x00007fff6c214000 	C:\windows\SYSTEM32\windows.storage.dll
0x00007fff6f030000 - 0x00007fff6f384000 	C:\windows\System32\combase.dll
0x00007fff6d340000 - 0x00007fff6d36e000 	C:\windows\SYSTEM32\Wldp.dll
0x00007fff6f610000 - 0x00007fff6f6bd000 	C:\windows\System32\SHCORE.dll
0x00007fff6f8c0000 - 0x00007fff6f915000 	C:\windows\System32\shlwapi.dll
0x00007fff6d900000 - 0x00007fff6d925000 	C:\windows\SYSTEM32\profapi.dll
0x00007fff40080000 - 0x00007fff40099000 	C:\Program Files\Java\jdk-17\bin\net.dll
0x00007fff63720000 - 0x00007fff6382a000 	C:\windows\SYSTEM32\WINHTTP.dll
0x00007fff6d0a0000 - 0x00007fff6d10a000 	C:\windows\system32\mswsock.dll
0x00007fff3ff70000 - 0x00007fff3ff86000 	C:\Program Files\Java\jdk-17\bin\nio.dll
0x00007fff3ff50000 - 0x00007fff3ff68000 	C:\Program Files\Java\jdk-17\bin\zip.dll
0x0000000069ac0000 - 0x0000000069ae4000 	C:\Users\carin\AppData\Local\Temp\jansi-2.4.0-43dd12ae6af953e8-jansi.dll
0x00007fff44d40000 - 0x00007fff44d50000 	C:\Program Files\Java\jdk-17\bin\verify.dll

dbghelp: loaded successfully - version: 4.0.5 - missing functions: none
symbol engine: initialized successfully - sym options: 0x614 - pdb path: .;C:\Program Files\Java\jdk-17\bin;C:\windows\SYSTEM32;C:\windows\WinSxS\amd64_microsoft.windows.common-controls_6595b64144ccf1df_6.0.19041.1110_none_60b5254171f9507e;C:\Program Files\Java\jdk-17\bin\server;C:\Users\carin\AppData\Local\Temp

VM Arguments:
jvm_args: -Dmaven.multiModuleProjectDirectory=C:\Users\carin\Desktop\springbootreact\gestion-clientes-backend 
java_command: org.apache.maven.wrapper.MavenWrapperMain -Dexec.vmArgs= -Dexec.args=${exec.vmArgs} -classpath %classpath ${exec.mainClass} ${exec.appArgs} -Dexec.executable=C:\Program Files\Java\jdk-17\bin\java.exe -Dexec.mainClass=com.gestion.clientes.GestionClientesBackendApplication -Dexec.classpathScope=runtime -Dexec.appArgs= -Dmaven.ext.class.path=C:\Program Files\NetBeans-17\netbeans\java\maven-nblib\netbeans-eventspy.jar --no-transfer-progress org.codehaus.mojo:exec-maven-plugin:3.1.0:exec
java_class_path (initial): C:\Users\carin\Desktop\springbootreact\gestion-clientes-backend\.mvn\wrapper\maven-wrapper.jar
Launcher Type: SUN_STANDARD

[Global flags]
     intx CICompilerCount                          = 2                                         {product} {ergonomic}
     uint ConcGCThreads                            = 1                                         {product} {ergonomic}
     uint G1ConcRefinementThreads                  = 2                                         {product} {ergonomic}
   size_t G1HeapRegionSize                         = 1048576                                   {product} {ergonomic}
    uintx GCDrainStackTargetSize                   = 64                                        {product} {ergonomic}
   size_t InitialHeapSize                          = 58720256                                  {product} {ergonomic}
   size_t MarkStackSize                            = 4194304                                   {product} {ergonomic}
   size_t MaxHeapSize                              = 918552576                                 {product} {ergonomic}
   size_t MaxNewSize                               = 550502400                                 {product} {ergonomic}
   size_t MinHeapDeltaBytes                        = 1048576                                   {product} {ergonomic}
   size_t MinHeapSize                              = 8388608                                   {product} {ergonomic}
    uintx NonNMethodCodeHeapSize                   = 5826188                                {pd product} {ergonomic}
    uintx NonProfiledCodeHeapSize                  = 122916026                              {pd product} {ergonomic}
    uintx ProfiledCodeHeapSize                     = 122916026                              {pd product} {ergonomic}
    uintx ReservedCodeCacheSize                    = 251658240                              {pd product} {ergonomic}
     bool SegmentedCodeCache                       = true                                      {product} {ergonomic}
   size_t SoftMaxHeapSize                          = 918552576                              {manageable} {ergonomic}
     bool UseCompressedClassPointers               = true                           {product lp64_product} {ergonomic}
     bool UseCompressedOops                        = true                           {product lp64_product} {ergonomic}
     bool UseG1GC                                  = true                                      {product} {ergonomic}
     bool UseLargePagesIndividualAllocation        = false                                  {pd product} {ergonomic}

Logging:
Log output configuration:
 #0: stdout all=warning uptime,level,tags
 #1: stderr all=off uptime,level,tags

Environment Variables:
JAVA_HOME=C:\Program Files\Java\jdk-17
PATH=C:\Program Files\Common Files\Oracle\Java\javapath;C:\windows\system32;C:\windows;C:\windows\System32\Wbem;C:\windows\System32\WindowsPowerShell\v1.0\;C:\windows\System32\OpenSSH\;C:\Program Files\Git\cmd;C:\Program Files\nodejs\;C:\gradle-8.1.1\bin;C:\Program Files\Java\jdk-20\bin;C:\Users\carin\AppData\Local\Microsoft\WindowsApps;C:\Users\carin\AppData\Local\Programs\Microsoft VS Code\bin;C:\Users\carin\AppData\Roaming\npm;C:\ProgramData\carin\GitHubDesktop\bin;C:\Users\carin\AppData\Local\GitHubDesktop\bin;C:\Users\carin\Downloads\mongodb-windows-x86_64-6.0.4.zip\mongodb-win32-x86_64-windows-6.0.4\bin;C:\Users\carin\Desktop\dataBase\data;C:\Program Files\MongoDB\Server\6.0\data;C:\Program Files\MongoDB\Server\6.0\bin;C:\Users\carin\Desktop\Backend\FastAPI;C:\Users\carin\Desktop\Backend;C:\Users\carin\Desktop\Backend\dataBase\data\log;C:\Program Files\MongoDB\Server\6.0\data;C:\Program Files\MongoDB\Server\6.0\bin;C:\Users\carin\AppData\Local\Packages\PythonSoftwareFoundation.Python.3.10_qbz5n2kfra8p0\LocalCache\local-packages\Python310\Scripts;C:\Users\carin\Documents\flutter\bin\;C:\Program Files\MySQL\MySQL Server 8.0\bin;C:\gradle-8.1.1\bin;C:\Program Files\Java\jdk-20\bin;
USERNAME=carin
OS=Windows_NT
PROCESSOR_IDENTIFIER=AMD64 Family 23 Model 24 Stepping 1, AuthenticAMD



---------------  S Y S T E M  ---------------

OS:
 Windows 10 , 64 bit Build 19041 (10.0.19041.3155)
OS uptime: 0 days 3:43 hours

CPU: total 2 (initial active 2) (2 cores per cpu, 1 threads per core) family 23 model 24 stepping 1 microcode 0x0, cx8, cmov, fxsr, mmx, 3dnowpref, sse, sse2, sse3, ssse3, sse4a, sse4.1, sse4.2, popcnt, lzcnt, tsc, tscinvbit, avx, avx2, aes, clmul, bmi1, bmi2, adx, sha, fma, vzeroupper, clflush, clflushopt

Memory: 4k page, system-wide physical 3500M (249M free)
TotalPageFile size 14252M (AvailPageFile size 5M)
current process WorkingSet (physical memory assigned to process): 110M, peak: 110M
current process commit charge ("private bytes"): 158M, peak: 159M

vm_info: Java HotSpot(TM) 64-Bit Server VM (17.0.7+8-LTS-224) for windows-amd64 JRE (17.0.7+8-LTS-224), built on Feb 28 2023 23:03:02 by "mach5one" with MS VC++ 17.1 (VS2022)

END.
