#
# There is insufficient memory for the Java Runtime Environment to continue.
# Native memory allocation (malloc) failed to allocate 99312 bytes for Chunk::new
# Possible reasons:
#   The system is out of physical RAM or swap space
#   The process is running with CompressedOops enabled, and the Java Heap may be blocking the growth of the native heap
# Possible solutions:
#   Reduce memory load on the system
#   Increase physical memory or swap space
#   Check if swap backing store is full
#   Decrease Java heap size (-Xmx/-Xms)
#   Decrease number of Java threads
#   Decrease Java thread stack sizes (-Xss)
#   Set larger code cache with -XX:ReservedCodeCacheSize=
#   JVM is running with Unscaled Compressed Oops mode in which the Java heap is
#     placed in the first 4GB address space. The Java Heap base address is the
#     maximum limit for the native heap growth. Please use -XX:HeapBaseMinAddress
#     to set the Java Heap base and to place the Java Heap above 4GB virtual address.
# This output file may be truncated or incomplete.
#
#  Out of Memory Error (arena.cpp:189), pid=12460, tid=13272
#
# JRE version: Java(TM) SE Runtime Environment (17.0.7+8) (build 17.0.7+8-LTS-224)
# Java VM: Java HotSpot(TM) 64-Bit Server VM (17.0.7+8-LTS-224, mixed mode, sharing, tiered, compressed oops, compressed class ptrs, g1 gc, windows-amd64)
# No core dump will be written. Minidumps are not enabled by default on client versions of Windows
#

---------------  S U M M A R Y ------------

Command Line: -Dmaven.multiModuleProjectDirectory=C:\Users\carin\Desktop\springbootreact\gestion-clientes-backend org.apache.maven.wrapper.MavenWrapperMain -Dmaven.ext.class.path=C:\Program Files\NetBeans-17\netbeans\java\maven-nblib\netbeans-eventspy.jar --no-transfer-progress clean install

Host: AMD Athlon Silver 3050U with Radeon Graphics   , 2 cores, 3G,  Windows 10 , 64 bit Build 19041 (10.0.19041.3155)
Time: Tue Aug  1 01:39:09 2023 Hora estándar de Argentina elapsed time: 17.464460 seconds (0d 0h 0m 17s)

---------------  T H R E A D  ---------------

Current thread (0x00000177e109b4b0):  JavaThread "C2 CompilerThread0" daemon [_thread_in_native, id=13272, stack(0x0000000e9f500000,0x0000000e9f600000)]


Current CompileTask:
C2:  17464 7325   !   4       org.codehaus.plexus.classworlds.realm.ClassRealm::loadClass (33 bytes)

Stack: [0x0000000e9f500000,0x0000000e9f600000]
Native frames: (J=compiled Java code, j=interpreted, Vv=VM code, C=native code)
V  [jvm.dll+0x676a4a]
V  [jvm.dll+0x7d74f4]
V  [jvm.dll+0x7d8c9e]
V  [jvm.dll+0x7d9303]
V  [jvm.dll+0x2452c5]
V  [jvm.dll+0xaaa2b]
V  [jvm.dll+0xaafcc]
V  [jvm.dll+0x57f332]
V  [jvm.dll+0x2205f2]
V  [jvm.dll+0x2194b5]
V  [jvm.dll+0x216df9]
V  [jvm.dll+0x1a35e0]
V  [jvm.dll+0x226a6e]
V  [jvm.dll+0x224e15]
V  [jvm.dll+0x78d05c]
V  [jvm.dll+0x78759a]
V  [jvm.dll+0x675875]
C  [ucrtbase.dll+0x21bb2]
C  [KERNEL32.DLL+0x17614]
C  [ntdll.dll+0x526b1]


---------------  P R O C E S S  ---------------

Threads class SMR info:
_java_thread_list=0x00000177e4d841a0, length=14, elements={
0x00000177c68dff80, 0x00000177e107ecf0, 0x00000177e107fa70, 0x00000177e1096160,
0x00000177e1098c20, 0x00000177e10995d0, 0x00000177e1099f80, 0x00000177e109b4b0,
0x00000177e109c6f0, 0x00000177e10a2d90, 0x00000177e1c2cab0, 0x00000177e1c337b0,
0x00000177e30371c0, 0x00000177e4a7a010
}
_to_delete_list=0x00000177e4d865d0, length=15, elements={
0x00000177c68dff80, 0x00000177e107ecf0, 0x00000177e107fa70, 0x00000177e1096160,
0x00000177e1098c20, 0x00000177e10995d0, 0x00000177e1099f80, 0x00000177e109b4b0,
0x00000177e109c6f0, 0x00000177e10a2d90, 0x00000177e1c2cab0, 0x00000177e1c337b0,
0x00000177e30371c0, 0x00000177e4a7a010, 0x00000177e2ec70e0
}

Java Threads: ( => current thread )
  0x00000177c68dff80 JavaThread "main" [_thread_in_native, id=7900, stack(0x0000000e9e800000,0x0000000e9e900000)]
  0x00000177e107ecf0 JavaThread "Reference Handler" daemon [_thread_blocked, id=11168, stack(0x0000000e9ef00000,0x0000000e9f000000)]
  0x00000177e107fa70 JavaThread "Finalizer" daemon [_thread_blocked, id=9896, stack(0x0000000e9f000000,0x0000000e9f100000)]
  0x00000177e1096160 JavaThread "Signal Dispatcher" daemon [_thread_blocked, id=12688, stack(0x0000000e9f100000,0x0000000e9f200000)]
  0x00000177e1098c20 JavaThread "Attach Listener" daemon [_thread_blocked, id=14884, stack(0x0000000e9f200000,0x0000000e9f300000)]
  0x00000177e10995d0 JavaThread "Service Thread" daemon [_thread_blocked, id=16244, stack(0x0000000e9f300000,0x0000000e9f400000)]
  0x00000177e1099f80 JavaThread "Monitor Deflation Thread" daemon [_thread_blocked, id=9136, stack(0x0000000e9f400000,0x0000000e9f500000)]
=>0x00000177e109b4b0 JavaThread "C2 CompilerThread0" daemon [_thread_in_native, id=13272, stack(0x0000000e9f500000,0x0000000e9f600000)]
  0x00000177e109c6f0 JavaThread "C1 CompilerThread0" daemon [_thread_blocked, id=13356, stack(0x0000000e9f600000,0x0000000e9f700000)]
  0x00000177e10a2d90 JavaThread "Sweeper thread" daemon [_thread_blocked, id=10184, stack(0x0000000e9f700000,0x0000000e9f800000)]
  0x00000177e1c2cab0 JavaThread "Notification Thread" daemon [_thread_blocked, id=2944, stack(0x0000000e9f800000,0x0000000e9f900000)]
  0x00000177e1c337b0 JavaThread "Common-Cleaner" daemon [_thread_blocked, id=12028, stack(0x0000000e9fa00000,0x0000000e9fb00000)]
  0x00000177e30371c0 JavaThread "timeout-check-timer" daemon [_thread_blocked, id=4712, stack(0x0000000e9fd00000,0x0000000e9fe00000)]
  0x00000177e4a7a010 JavaThread "ping-timer-10s" daemon [_thread_blocked, id=15216, stack(0x0000000e9fe00000,0x0000000e9ff00000)]

Other Threads:
  0x00000177c69b7860 VMThread "VM Thread" [stack: 0x0000000e9ee00000,0x0000000e9ef00000] [id=12428]
  0x00000177c69bd9d0 WatcherThread [stack: 0x0000000e9f900000,0x0000000e9fa00000] [id=7600]
  0x00000177c6916a30 GCTaskThread "GC Thread#0" [stack: 0x0000000e9e900000,0x0000000e9ea00000] [id=6068]
  0x00000177e1fd3160 GCTaskThread "GC Thread#1" [stack: 0x0000000e9fb00000,0x0000000e9fc00000] [id=14612]
  0x00000177c691e6f0 ConcurrentGCThread "G1 Main Marker" [stack: 0x0000000e9ea00000,0x0000000e9eb00000] [id=8612]
  0x00000177c691f8a0 ConcurrentGCThread "G1 Conc#0" [stack: 0x0000000e9eb00000,0x0000000e9ec00000] [id=1144]
  0x00000177c6955330 ConcurrentGCThread "G1 Refine#0" [stack: 0x0000000e9ec00000,0x0000000e9ed00000] [id=14460]
  0x00000177e466a7c0 ConcurrentGCThread "G1 Refine#1" [stack: 0x0000000e9fc00000,0x0000000e9fd00000] [id=9924]
  0x00000177c6955d50 ConcurrentGCThread "G1 Service" [stack: 0x0000000e9ed00000,0x0000000e9ee00000] [id=11924]

Threads with active compile tasks:
C2 CompilerThread0    17499 7325   !   4       org.codehaus.plexus.classworlds.realm.ClassRealm::loadClass (33 bytes)

VM state: not at safepoint (normal execution)

VM Mutex/Monitor currently owned by a thread: None

Heap address: 0x00000000c9400000, size: 876 MB, Compressed Oops mode: 32-bit

CDS archive(s) mapped at: [0x0000000800000000-0x0000000800bd0000-0x0000000800bd0000), size 12386304, SharedBaseAddress: 0x0000000800000000, ArchiveRelocationMode: 0.
Compressed class space mapped at: 0x0000000800c00000-0x0000000840c00000, reserved size: 1073741824
Narrow klass base: 0x0000000800000000, Narrow klass shift: 0, Narrow klass range: 0x100000000

GC Precious Log:
 CPUs: 2 total, 2 available
 Memory: 3500M
 Large Page Support: Disabled
 NUMA Support: Disabled
 Compressed Oops: Enabled (32-bit)
 Heap Region Size: 1M
 Heap Min Capacity: 8M
 Heap Initial Capacity: 56M
 Heap Max Capacity: 876M
 Pre-touch: Disabled
 Parallel Workers: 2
 Concurrent Workers: 1
 Concurrent Refinement Workers: 2
 Periodic GC: Disabled

Heap:
 garbage-first heap   total 208896K, used 46462K [0x00000000c9400000, 0x0000000100000000)
  region size 1024K, 17 young (17408K), 1 survivors (1024K)
 Metaspace       used 32838K, committed 33280K, reserved 1081344K
  class space    used 3756K, committed 3968K, reserved 1048576K

Heap Regions: E=young(eden), S=young(survivor), O=old, HS=humongous(starts), HC=humongous(continues), CS=collection set, F=free, OA=open archive, CA=closed archive, TAMS=top-at-mark-start (previous, next)
|   0|0x00000000c9400000, 0x00000000c9500000, 0x00000000c9500000|100%| O|  |TAMS 0x00000000c9500000, 0x00000000c9400000| Untracked 
|   1|0x00000000c9500000, 0x00000000c9600000, 0x00000000c9600000|100%| O|  |TAMS 0x00000000c9600000, 0x00000000c9500000| Untracked 
|   2|0x00000000c9600000, 0x00000000c9700000, 0x00000000c9700000|100%| O|  |TAMS 0x00000000c9700000, 0x00000000c9600000| Untracked 
|   3|0x00000000c9700000, 0x00000000c9800000, 0x00000000c9800000|100%| O|  |TAMS 0x00000000c9800000, 0x00000000c9700000| Untracked 
|   4|0x00000000c9800000, 0x00000000c9900000, 0x00000000c9900000|100%| O|  |TAMS 0x00000000c9900000, 0x00000000c9800000| Untracked 
|   5|0x00000000c9900000, 0x00000000c9a00000, 0x00000000c9a00000|100%| O|  |TAMS 0x00000000c9a00000, 0x00000000c9900000| Untracked 
|   6|0x00000000c9a00000, 0x00000000c9b00000, 0x00000000c9b00000|100%| O|  |TAMS 0x00000000c9b00000, 0x00000000c9a00000| Untracked 
|   7|0x00000000c9b00000, 0x00000000c9c00000, 0x00000000c9c00000|100%| O|  |TAMS 0x00000000c9c00000, 0x00000000c9b00000| Untracked 
|   8|0x00000000c9c00000, 0x00000000c9d00000, 0x00000000c9d00000|100%| O|  |TAMS 0x00000000c9d00000, 0x00000000c9c00000| Untracked 
|   9|0x00000000c9d00000, 0x00000000c9e00000, 0x00000000c9e00000|100%| O|  |TAMS 0x00000000c9e00000, 0x00000000c9d00000| Untracked 
|  10|0x00000000c9e00000, 0x00000000c9f00000, 0x00000000c9f00000|100%| O|  |TAMS 0x00000000c9f00000, 0x00000000c9e00000| Untracked 
|  11|0x00000000c9f00000, 0x00000000c9f00000, 0x00000000ca000000|  0%| F|  |TAMS 0x00000000c9f00000, 0x00000000c9f00000| Untracked 
|  12|0x00000000ca000000, 0x00000000ca100000, 0x00000000ca100000|100%| O|  |TAMS 0x00000000ca000000, 0x00000000ca000000| Untracked 
|  13|0x00000000ca100000, 0x00000000ca200000, 0x00000000ca200000|100%| O|  |TAMS 0x00000000ca200000, 0x00000000ca100000| Untracked 
|  14|0x00000000ca200000, 0x00000000ca200000, 0x00000000ca300000|  0%| F|  |TAMS 0x00000000ca200000, 0x00000000ca200000| Untracked 
|  15|0x00000000ca300000, 0x00000000ca3ed600, 0x00000000ca400000| 92%| O|  |TAMS 0x00000000ca300000, 0x00000000ca300000| Untracked 
|  16|0x00000000ca400000, 0x00000000ca500000, 0x00000000ca500000|100%| O|  |TAMS 0x00000000ca500000, 0x00000000ca400000| Untracked 
|  17|0x00000000ca500000, 0x00000000ca500000, 0x00000000ca600000|  0%| F|  |TAMS 0x00000000ca500000, 0x00000000ca500000| Untracked 
|  18|0x00000000ca600000, 0x00000000ca700000, 0x00000000ca700000|100%| O|  |TAMS 0x00000000ca700000, 0x00000000ca600000| Untracked 
|  19|0x00000000ca700000, 0x00000000ca800000, 0x00000000ca800000|100%| O|  |TAMS 0x00000000ca700000, 0x00000000ca700000| Untracked 
|  20|0x00000000ca800000, 0x00000000ca800000, 0x00000000ca900000|  0%| F|  |TAMS 0x00000000ca800000, 0x00000000ca800000| Untracked 
|  21|0x00000000ca900000, 0x00000000ca900000, 0x00000000caa00000|  0%| F|  |TAMS 0x00000000ca900000, 0x00000000ca900000| Untracked 
|  22|0x00000000caa00000, 0x00000000caa00000, 0x00000000cab00000|  0%| F|  |TAMS 0x00000000caa00000, 0x00000000caa00000| Untracked 
|  23|0x00000000cab00000, 0x00000000cac00000, 0x00000000cac00000|100%| O|  |TAMS 0x00000000cac00000, 0x00000000cab00000| Untracked 
|  24|0x00000000cac00000, 0x00000000cac00000, 0x00000000cad00000|  0%| F|  |TAMS 0x00000000cac00000, 0x00000000cac00000| Untracked 
|  25|0x00000000cad00000, 0x00000000cad00000, 0x00000000cae00000|  0%| F|  |TAMS 0x00000000cad00000, 0x00000000cad00000| Untracked 
|  26|0x00000000cae00000, 0x00000000cae00000, 0x00000000caf00000|  0%| F|  |TAMS 0x00000000cae00000, 0x00000000cae00000| Untracked 
|  27|0x00000000caf00000, 0x00000000caf00000, 0x00000000cb000000|  0%| F|  |TAMS 0x00000000caf00000, 0x00000000caf00000| Untracked 
|  28|0x00000000cb000000, 0x00000000cb000000, 0x00000000cb100000|  0%| F|  |TAMS 0x00000000cb000000, 0x00000000cb000000| Untracked 
|  29|0x00000000cb100000, 0x00000000cb200000, 0x00000000cb200000|100%| O|  |TAMS 0x00000000cb200000, 0x00000000cb100000| Untracked 
|  30|0x00000000cb200000, 0x00000000cb200000, 0x00000000cb300000|  0%| F|  |TAMS 0x00000000cb200000, 0x00000000cb200000| Untracked 
|  31|0x00000000cb300000, 0x00000000cb400000, 0x00000000cb400000|100%| O|  |TAMS 0x00000000cb400000, 0x00000000cb300000| Untracked 
|  32|0x00000000cb400000, 0x00000000cb400000, 0x00000000cb500000|  0%| F|  |TAMS 0x00000000cb400000, 0x00000000cb400000| Untracked 
|  33|0x00000000cb500000, 0x00000000cb600000, 0x00000000cb600000|100%|HS|  |TAMS 0x00000000cb600000, 0x00000000cb500000| Complete 
|  34|0x00000000cb600000, 0x00000000cb700000, 0x00000000cb700000|100%|HS|  |TAMS 0x00000000cb700000, 0x00000000cb600000| Complete 
|  35|0x00000000cb700000, 0x00000000cb800000, 0x00000000cb800000|100%|HC|  |TAMS 0x00000000cb800000, 0x00000000cb700000| Complete 
|  36|0x00000000cb800000, 0x00000000cb900000, 0x00000000cb900000|100%| O|  |TAMS 0x00000000cb900000, 0x00000000cb800000| Untracked 
|  37|0x00000000cb900000, 0x00000000cba00000, 0x00000000cba00000|100%| O|  |TAMS 0x00000000cb98a400, 0x00000000cb900000| Untracked 
|  38|0x00000000cba00000, 0x00000000cba00000, 0x00000000cbb00000|  0%| F|  |TAMS 0x00000000cba00000, 0x00000000cba00000| Untracked 
|  39|0x00000000cbb00000, 0x00000000cbc00000, 0x00000000cbc00000|100%| O|  |TAMS 0x00000000cbc00000, 0x00000000cbb00000| Untracked 
|  40|0x00000000cbc00000, 0x00000000cbc00000, 0x00000000cbd00000|  0%| F|  |TAMS 0x00000000cbc00000, 0x00000000cbc00000| Untracked 
|  41|0x00000000cbd00000, 0x00000000cbd00000, 0x00000000cbe00000|  0%| F|  |TAMS 0x00000000cbd00000, 0x00000000cbd00000| Untracked 
|  42|0x00000000cbe00000, 0x00000000cbe00000, 0x00000000cbf00000|  0%| F|  |TAMS 0x00000000cbe00000, 0x00000000cbe00000| Untracked 
|  43|0x00000000cbf00000, 0x00000000cbf00000, 0x00000000cc000000|  0%| F|  |TAMS 0x00000000cbf00000, 0x00000000cbf00000| Untracked 
|  44|0x00000000cc000000, 0x00000000cc000000, 0x00000000cc100000|  0%| F|  |TAMS 0x00000000cc000000, 0x00000000cc000000| Untracked 
|  45|0x00000000cc100000, 0x00000000cc100000, 0x00000000cc200000|  0%| F|  |TAMS 0x00000000cc100000, 0x00000000cc100000| Untracked 
|  46|0x00000000cc200000, 0x00000000cc200000, 0x00000000cc300000|  0%| F|  |TAMS 0x00000000cc200000, 0x00000000cc200000| Untracked 
|  47|0x00000000cc300000, 0x00000000cc400000, 0x00000000cc400000|100%| O|  |TAMS 0x00000000cc400000, 0x00000000cc300000| Untracked 
|  48|0x00000000cc400000, 0x00000000cc400000, 0x00000000cc500000|  0%| F|  |TAMS 0x00000000cc400000, 0x00000000cc400000| Untracked 
|  49|0x00000000cc500000, 0x00000000cc500000, 0x00000000cc600000|  0%| F|  |TAMS 0x00000000cc500000, 0x00000000cc500000| Untracked 
|  50|0x00000000cc600000, 0x00000000cc600000, 0x00000000cc700000|  0%| F|  |TAMS 0x00000000cc600000, 0x00000000cc600000| Untracked 
|  51|0x00000000cc700000, 0x00000000cc700000, 0x00000000cc800000|  0%| F|  |TAMS 0x00000000cc700000, 0x00000000cc700000| Untracked 
|  52|0x00000000cc800000, 0x00000000cc800000, 0x00000000cc900000|  0%| F|  |TAMS 0x00000000cc800000, 0x00000000cc800000| Untracked 
|  53|0x00000000cc900000, 0x00000000cca00000, 0x00000000cca00000|100%| O|  |TAMS 0x00000000cca00000, 0x00000000cc900000| Untracked 
|  54|0x00000000cca00000, 0x00000000cca00000, 0x00000000ccb00000|  0%| F|  |TAMS 0x00000000cca00000, 0x00000000cca00000| Untracked 
|  55|0x00000000ccb00000, 0x00000000ccc00000, 0x00000000ccc00000|100%| O|  |TAMS 0x00000000ccc00000, 0x00000000ccb00000| Untracked 
|  56|0x00000000ccc00000, 0x00000000ccc00000, 0x00000000ccd00000|  0%| F|  |TAMS 0x00000000ccc00000, 0x00000000ccc00000| Untracked 
|  57|0x00000000ccd00000, 0x00000000ccd00000, 0x00000000cce00000|  0%| F|  |TAMS 0x00000000ccd00000, 0x00000000ccd00000| Untracked 
|  58|0x00000000cce00000, 0x00000000cce00000, 0x00000000ccf00000|  0%| F|  |TAMS 0x00000000cce00000, 0x00000000cce00000| Untracked 
|  59|0x00000000ccf00000, 0x00000000ccf00000, 0x00000000cd000000|  0%| F|  |TAMS 0x00000000ccf00000, 0x00000000ccf00000| Untracked 
|  60|0x00000000cd000000, 0x00000000cd000000, 0x00000000cd100000|  0%| F|  |TAMS 0x00000000cd000000, 0x00000000cd000000| Untracked 
|  61|0x00000000cd100000, 0x00000000cd100000, 0x00000000cd200000|  0%| F|  |TAMS 0x00000000cd100000, 0x00000000cd100000| Untracked 
|  62|0x00000000cd200000, 0x00000000cd200000, 0x00000000cd300000|  0%| F|  |TAMS 0x00000000cd200000, 0x00000000cd200000| Untracked 
|  63|0x00000000cd300000, 0x00000000cd300000, 0x00000000cd400000|  0%| F|  |TAMS 0x00000000cd300000, 0x00000000cd300000| Untracked 
|  64|0x00000000cd400000, 0x00000000cd400000, 0x00000000cd500000|  0%| F|  |TAMS 0x00000000cd400000, 0x00000000cd400000| Untracked 
|  65|0x00000000cd500000, 0x00000000cd500000, 0x00000000cd600000|  0%| F|  |TAMS 0x00000000cd500000, 0x00000000cd500000| Untracked 
|  66|0x00000000cd600000, 0x00000000cd600000, 0x00000000cd700000|  0%| F|  |TAMS 0x00000000cd600000, 0x00000000cd600000| Untracked 
|  67|0x00000000cd700000, 0x00000000cd700000, 0x00000000cd800000|  0%| F|  |TAMS 0x00000000cd700000, 0x00000000cd700000| Untracked 
|  68|0x00000000cd800000, 0x00000000cd800000, 0x00000000cd900000|  0%| F|  |TAMS 0x00000000cd800000, 0x00000000cd800000| Untracked 
|  69|0x00000000cd900000, 0x00000000cd900000, 0x00000000cda00000|  0%| F|  |TAMS 0x00000000cd900000, 0x00000000cd900000| Untracked 
|  70|0x00000000cda00000, 0x00000000cda00000, 0x00000000cdb00000|  0%| F|  |TAMS 0x00000000cda00000, 0x00000000cda00000| Untracked 
|  71|0x00000000cdb00000, 0x00000000cdb00000, 0x00000000cdc00000|  0%| F|  |TAMS 0x00000000cdb00000, 0x00000000cdb00000| Untracked 
|  72|0x00000000cdc00000, 0x00000000cdc00000, 0x00000000cdd00000|  0%| F|  |TAMS 0x00000000cdc00000, 0x00000000cdc00000| Untracked 
|  73|0x00000000cdd00000, 0x00000000cdd00000, 0x00000000cde00000|  0%| F|  |TAMS 0x00000000cdd00000, 0x00000000cdd00000| Untracked 
|  74|0x00000000cde00000, 0x00000000cde00000, 0x00000000cdf00000|  0%| F|  |TAMS 0x00000000cde00000, 0x00000000cde00000| Untracked 
|  75|0x00000000cdf00000, 0x00000000cdf00000, 0x00000000ce000000|  0%| F|  |TAMS 0x00000000cdf00000, 0x00000000cdf00000| Untracked 
|  76|0x00000000ce000000, 0x00000000ce000000, 0x00000000ce100000|  0%| F|  |TAMS 0x00000000ce000000, 0x00000000ce000000| Untracked 
|  77|0x00000000ce100000, 0x00000000ce100000, 0x00000000ce200000|  0%| F|  |TAMS 0x00000000ce100000, 0x00000000ce100000| Untracked 
|  78|0x00000000ce200000, 0x00000000ce200000, 0x00000000ce300000|  0%| F|  |TAMS 0x00000000ce200000, 0x00000000ce200000| Untracked 
|  79|0x00000000ce300000, 0x00000000ce300000, 0x00000000ce400000|  0%| F|  |TAMS 0x00000000ce300000, 0x00000000ce300000| Untracked 
|  80|0x00000000ce400000, 0x00000000ce472368, 0x00000000ce500000| 44%| S|CS|TAMS 0x00000000ce400000, 0x00000000ce400000| Complete 
|  81|0x00000000ce500000, 0x00000000ce500000, 0x00000000ce600000|  0%| F|  |TAMS 0x00000000ce500000, 0x00000000ce500000| Untracked 
|  82|0x00000000ce600000, 0x00000000ce600000, 0x00000000ce700000|  0%| F|  |TAMS 0x00000000ce600000, 0x00000000ce600000| Untracked 
|  83|0x00000000ce700000, 0x00000000ce700000, 0x00000000ce800000|  0%| F|  |TAMS 0x00000000ce700000, 0x00000000ce700000| Untracked 
|  84|0x00000000ce800000, 0x00000000ce800000, 0x00000000ce900000|  0%| F|  |TAMS 0x00000000ce800000, 0x00000000ce800000| Untracked 
|  85|0x00000000ce900000, 0x00000000ce900000, 0x00000000cea00000|  0%| F|  |TAMS 0x00000000ce900000, 0x00000000ce900000| Untracked 
|  86|0x00000000cea00000, 0x00000000cea00000, 0x00000000ceb00000|  0%| F|  |TAMS 0x00000000cea00000, 0x00000000cea00000| Untracked 
|  87|0x00000000ceb00000, 0x00000000ceb00000, 0x00000000cec00000|  0%| F|  |TAMS 0x00000000ceb00000, 0x00000000ceb00000| Untracked 
|  88|0x00000000cec00000, 0x00000000cec00000, 0x00000000ced00000|  0%| F|  |TAMS 0x00000000cec00000, 0x00000000cec00000| Untracked 
|  89|0x00000000ced00000, 0x00000000ced00000, 0x00000000cee00000|  0%| F|  |TAMS 0x00000000ced00000, 0x00000000ced00000| Untracked 
|  90|0x00000000cee00000, 0x00000000cee00000, 0x00000000cef00000|  0%| F|  |TAMS 0x00000000cee00000, 0x00000000cee00000| Untracked 
|  91|0x00000000cef00000, 0x00000000cef00000, 0x00000000cf000000|  0%| F|  |TAMS 0x00000000cef00000, 0x00000000cef00000| Untracked 
|  92|0x00000000cf000000, 0x00000000cf000000, 0x00000000cf100000|  0%| F|  |TAMS 0x00000000cf000000, 0x00000000cf000000| Untracked 
|  93|0x00000000cf100000, 0x00000000cf100000, 0x00000000cf200000|  0%| F|  |TAMS 0x00000000cf100000, 0x00000000cf100000| Untracked 
|  94|0x00000000cf200000, 0x00000000cf200000, 0x00000000cf300000|  0%| F|  |TAMS 0x00000000cf200000, 0x00000000cf200000| Untracked 
|  95|0x00000000cf300000, 0x00000000cf300000, 0x00000000cf400000|  0%| F|  |TAMS 0x00000000cf300000, 0x00000000cf300000| Untracked 
|  96|0x00000000cf400000, 0x00000000cf400000, 0x00000000cf500000|  0%| F|  |TAMS 0x00000000cf400000, 0x00000000cf400000| Untracked 
|  97|0x00000000cf500000, 0x00000000cf500000, 0x00000000cf600000|  0%| F|  |TAMS 0x00000000cf500000, 0x00000000cf500000| Untracked 
|  98|0x00000000cf600000, 0x00000000cf600000, 0x00000000cf700000|  0%| F|  |TAMS 0x00000000cf600000, 0x00000000cf600000| Untracked 
|  99|0x00000000cf700000, 0x00000000cf700000, 0x00000000cf800000|  0%| F|  |TAMS 0x00000000cf700000, 0x00000000cf700000| Untracked 
| 100|0x00000000cf800000, 0x00000000cf800000, 0x00000000cf900000|  0%| F|  |TAMS 0x00000000cf800000, 0x00000000cf800000| Untracked 
| 101|0x00000000cf900000, 0x00000000cf900000, 0x00000000cfa00000|  0%| F|  |TAMS 0x00000000cf900000, 0x00000000cf900000| Untracked 
| 102|0x00000000cfa00000, 0x00000000cfa00000, 0x00000000cfb00000|  0%| F|  |TAMS 0x00000000cfa00000, 0x00000000cfa00000| Untracked 
| 103|0x00000000cfb00000, 0x00000000cfb00000, 0x00000000cfc00000|  0%| F|  |TAMS 0x00000000cfb00000, 0x00000000cfb00000| Untracked 
| 104|0x00000000cfc00000, 0x00000000cfc00000, 0x00000000cfd00000|  0%| F|  |TAMS 0x00000000cfc00000, 0x00000000cfc00000| Untracked 
| 105|0x00000000cfd00000, 0x00000000cfd00000, 0x00000000cfe00000|  0%| F|  |TAMS 0x00000000cfd00000, 0x00000000cfd00000| Untracked 
| 106|0x00000000cfe00000, 0x00000000cfe00000, 0x00000000cff00000|  0%| F|  |TAMS 0x00000000cfe00000, 0x00000000cfe00000| Untracked 
| 107|0x00000000cff00000, 0x00000000cff00000, 0x00000000d0000000|  0%| F|  |TAMS 0x00000000cff00000, 0x00000000cff00000| Untracked 
| 108|0x00000000d0000000, 0x00000000d0000000, 0x00000000d0100000|  0%| F|  |TAMS 0x00000000d0000000, 0x00000000d0000000| Untracked 
| 109|0x00000000d0100000, 0x00000000d0100000, 0x00000000d0200000|  0%| F|  |TAMS 0x00000000d0100000, 0x00000000d0100000| Untracked 
| 110|0x00000000d0200000, 0x00000000d0200000, 0x00000000d0300000|  0%| F|  |TAMS 0x00000000d0200000, 0x00000000d0200000| Untracked 
| 111|0x00000000d0300000, 0x00000000d0300000, 0x00000000d0400000|  0%| F|  |TAMS 0x00000000d0300000, 0x00000000d0300000| Untracked 
| 112|0x00000000d0400000, 0x00000000d0400000, 0x00000000d0500000|  0%| F|  |TAMS 0x00000000d0400000, 0x00000000d0400000| Untracked 
| 113|0x00000000d0500000, 0x00000000d0500000, 0x00000000d0600000|  0%| F|  |TAMS 0x00000000d0500000, 0x00000000d0500000| Untracked 
| 114|0x00000000d0600000, 0x00000000d0600000, 0x00000000d0700000|  0%| F|  |TAMS 0x00000000d0600000, 0x00000000d0600000| Untracked 
| 115|0x00000000d0700000, 0x00000000d0700000, 0x00000000d0800000|  0%| F|  |TAMS 0x00000000d0700000, 0x00000000d0700000| Untracked 
| 116|0x00000000d0800000, 0x00000000d0800000, 0x00000000d0900000|  0%| F|  |TAMS 0x00000000d0800000, 0x00000000d0800000| Untracked 
| 117|0x00000000d0900000, 0x00000000d0900000, 0x00000000d0a00000|  0%| F|  |TAMS 0x00000000d0900000, 0x00000000d0900000| Untracked 
| 118|0x00000000d0a00000, 0x00000000d0a00000, 0x00000000d0b00000|  0%| F|  |TAMS 0x00000000d0a00000, 0x00000000d0a00000| Untracked 
| 119|0x00000000d0b00000, 0x00000000d0b00000, 0x00000000d0c00000|  0%| F|  |TAMS 0x00000000d0b00000, 0x00000000d0b00000| Untracked 
| 120|0x00000000d0c00000, 0x00000000d0c00000, 0x00000000d0d00000|  0%| F|  |TAMS 0x00000000d0c00000, 0x00000000d0c00000| Untracked 
| 121|0x00000000d0d00000, 0x00000000d0d00000, 0x00000000d0e00000|  0%| F|  |TAMS 0x00000000d0d00000, 0x00000000d0d00000| Untracked 
| 122|0x00000000d0e00000, 0x00000000d0e00000, 0x00000000d0f00000|  0%| F|  |TAMS 0x00000000d0e00000, 0x00000000d0e00000| Untracked 
| 123|0x00000000d0f00000, 0x00000000d0f00000, 0x00000000d1000000|  0%| F|  |TAMS 0x00000000d0f00000, 0x00000000d0f00000| Untracked 
| 124|0x00000000d1000000, 0x00000000d1000000, 0x00000000d1100000|  0%| F|  |TAMS 0x00000000d1000000, 0x00000000d1000000| Untracked 
| 125|0x00000000d1100000, 0x00000000d1100000, 0x00000000d1200000|  0%| F|  |TAMS 0x00000000d1100000, 0x00000000d1100000| Untracked 
| 126|0x00000000d1200000, 0x00000000d1200000, 0x00000000d1300000|  0%| F|  |TAMS 0x00000000d1200000, 0x00000000d1200000| Untracked 
| 127|0x00000000d1300000, 0x00000000d1300000, 0x00000000d1400000|  0%| F|  |TAMS 0x00000000d1300000, 0x00000000d1300000| Untracked 
| 128|0x00000000d1400000, 0x00000000d1400000, 0x00000000d1500000|  0%| F|  |TAMS 0x00000000d1400000, 0x00000000d1400000| Untracked 
| 129|0x00000000d1500000, 0x00000000d1500000, 0x00000000d1600000|  0%| F|  |TAMS 0x00000000d1500000, 0x00000000d1500000| Untracked 
| 130|0x00000000d1600000, 0x00000000d1600000, 0x00000000d1700000|  0%| F|  |TAMS 0x00000000d1600000, 0x00000000d1600000| Untracked 
| 131|0x00000000d1700000, 0x00000000d1700000, 0x00000000d1800000|  0%| F|  |TAMS 0x00000000d1700000, 0x00000000d1700000| Untracked 
| 132|0x00000000d1800000, 0x00000000d1800000, 0x00000000d1900000|  0%| F|  |TAMS 0x00000000d1800000, 0x00000000d1800000| Untracked 
| 133|0x00000000d1900000, 0x00000000d1900000, 0x00000000d1a00000|  0%| F|  |TAMS 0x00000000d1900000, 0x00000000d1900000| Untracked 
| 134|0x00000000d1a00000, 0x00000000d1a00000, 0x00000000d1b00000|  0%| F|  |TAMS 0x00000000d1a00000, 0x00000000d1a00000| Untracked 
| 135|0x00000000d1b00000, 0x00000000d1b00000, 0x00000000d1c00000|  0%| F|  |TAMS 0x00000000d1b00000, 0x00000000d1b00000| Untracked 
| 136|0x00000000d1c00000, 0x00000000d1c00000, 0x00000000d1d00000|  0%| F|  |TAMS 0x00000000d1c00000, 0x00000000d1c00000| Untracked 
| 137|0x00000000d1d00000, 0x00000000d1d00000, 0x00000000d1e00000|  0%| F|  |TAMS 0x00000000d1d00000, 0x00000000d1d00000| Untracked 
| 138|0x00000000d1e00000, 0x00000000d1e00000, 0x00000000d1f00000|  0%| F|  |TAMS 0x00000000d1e00000, 0x00000000d1e00000| Untracked 
| 139|0x00000000d1f00000, 0x00000000d1f00000, 0x00000000d2000000|  0%| F|  |TAMS 0x00000000d1f00000, 0x00000000d1f00000| Untracked 
| 140|0x00000000d2000000, 0x00000000d2000000, 0x00000000d2100000|  0%| F|  |TAMS 0x00000000d2000000, 0x00000000d2000000| Untracked 
| 141|0x00000000d2100000, 0x00000000d2100000, 0x00000000d2200000|  0%| F|  |TAMS 0x00000000d2100000, 0x00000000d2100000| Untracked 
| 142|0x00000000d2200000, 0x00000000d2200000, 0x00000000d2300000|  0%| F|  |TAMS 0x00000000d2200000, 0x00000000d2200000| Untracked 
| 143|0x00000000d2300000, 0x00000000d2300000, 0x00000000d2400000|  0%| F|  |TAMS 0x00000000d2300000, 0x00000000d2300000| Untracked 
| 144|0x00000000d2400000, 0x00000000d2400000, 0x00000000d2500000|  0%| F|  |TAMS 0x00000000d2400000, 0x00000000d2400000| Untracked 
| 145|0x00000000d2500000, 0x00000000d2500000, 0x00000000d2600000|  0%| F|  |TAMS 0x00000000d2500000, 0x00000000d2500000| Untracked 
| 146|0x00000000d2600000, 0x00000000d2600000, 0x00000000d2700000|  0%| F|  |TAMS 0x00000000d2600000, 0x00000000d2600000| Untracked 
| 147|0x00000000d2700000, 0x00000000d2700000, 0x00000000d2800000|  0%| F|  |TAMS 0x00000000d2700000, 0x00000000d2700000| Untracked 
| 148|0x00000000d2800000, 0x00000000d2800000, 0x00000000d2900000|  0%| F|  |TAMS 0x00000000d2800000, 0x00000000d2800000| Untracked 
| 149|0x00000000d2900000, 0x00000000d2900000, 0x00000000d2a00000|  0%| F|  |TAMS 0x00000000d2900000, 0x00000000d2900000| Untracked 
| 150|0x00000000d2a00000, 0x00000000d2a00000, 0x00000000d2b00000|  0%| F|  |TAMS 0x00000000d2a00000, 0x00000000d2a00000| Untracked 
| 151|0x00000000d2b00000, 0x00000000d2b00000, 0x00000000d2c00000|  0%| F|  |TAMS 0x00000000d2b00000, 0x00000000d2b00000| Untracked 
| 152|0x00000000d2c00000, 0x00000000d2c00000, 0x00000000d2d00000|  0%| F|  |TAMS 0x00000000d2c00000, 0x00000000d2c00000| Untracked 
| 153|0x00000000d2d00000, 0x00000000d2d00000, 0x00000000d2e00000|  0%| F|  |TAMS 0x00000000d2d00000, 0x00000000d2d00000| Untracked 
| 154|0x00000000d2e00000, 0x00000000d2e00000, 0x00000000d2f00000|  0%| F|  |TAMS 0x00000000d2e00000, 0x00000000d2e00000| Untracked 
| 155|0x00000000d2f00000, 0x00000000d2f00000, 0x00000000d3000000|  0%| F|  |TAMS 0x00000000d2f00000, 0x00000000d2f00000| Untracked 
| 156|0x00000000d3000000, 0x00000000d3000000, 0x00000000d3100000|  0%| F|  |TAMS 0x00000000d3000000, 0x00000000d3000000| Untracked 
| 157|0x00000000d3100000, 0x00000000d3100000, 0x00000000d3200000|  0%| F|  |TAMS 0x00000000d3100000, 0x00000000d3100000| Untracked 
| 158|0x00000000d3200000, 0x00000000d3200000, 0x00000000d3300000|  0%| F|  |TAMS 0x00000000d3200000, 0x00000000d3200000| Untracked 
| 159|0x00000000d3300000, 0x00000000d3300000, 0x00000000d3400000|  0%| F|  |TAMS 0x00000000d3300000, 0x00000000d3300000| Untracked 
| 160|0x00000000d3400000, 0x00000000d3400000, 0x00000000d3500000|  0%| F|  |TAMS 0x00000000d3400000, 0x00000000d3400000| Untracked 
| 161|0x00000000d3500000, 0x00000000d3500000, 0x00000000d3600000|  0%| F|  |TAMS 0x00000000d3500000, 0x00000000d3500000| Untracked 
| 162|0x00000000d3600000, 0x00000000d3600000, 0x00000000d3700000|  0%| F|  |TAMS 0x00000000d3600000, 0x00000000d3600000| Untracked 
| 163|0x00000000d3700000, 0x00000000d3700000, 0x00000000d3800000|  0%| F|  |TAMS 0x00000000d3700000, 0x00000000d3700000| Untracked 
| 164|0x00000000d3800000, 0x00000000d3800000, 0x00000000d3900000|  0%| F|  |TAMS 0x00000000d3800000, 0x00000000d3800000| Untracked 
| 165|0x00000000d3900000, 0x00000000d3900000, 0x00000000d3a00000|  0%| F|  |TAMS 0x00000000d3900000, 0x00000000d3900000| Untracked 
| 166|0x00000000d3a00000, 0x00000000d3a00000, 0x00000000d3b00000|  0%| F|  |TAMS 0x00000000d3a00000, 0x00000000d3a00000| Untracked 
| 167|0x00000000d3b00000, 0x00000000d3b00000, 0x00000000d3c00000|  0%| F|  |TAMS 0x00000000d3b00000, 0x00000000d3b00000| Untracked 
| 168|0x00000000d3c00000, 0x00000000d3c00000, 0x00000000d3d00000|  0%| F|  |TAMS 0x00000000d3c00000, 0x00000000d3c00000| Untracked 
| 169|0x00000000d3d00000, 0x00000000d3d00000, 0x00000000d3e00000|  0%| F|  |TAMS 0x00000000d3d00000, 0x00000000d3d00000| Untracked 
| 170|0x00000000d3e00000, 0x00000000d3e00000, 0x00000000d3f00000|  0%| F|  |TAMS 0x00000000d3e00000, 0x00000000d3e00000| Untracked 
| 171|0x00000000d3f00000, 0x00000000d3f00000, 0x00000000d4000000|  0%| F|  |TAMS 0x00000000d3f00000, 0x00000000d3f00000| Untracked 
| 172|0x00000000d4000000, 0x00000000d4000000, 0x00000000d4100000|  0%| F|  |TAMS 0x00000000d4000000, 0x00000000d4000000| Untracked 
| 173|0x00000000d4100000, 0x00000000d4100000, 0x00000000d4200000|  0%| F|  |TAMS 0x00000000d4100000, 0x00000000d4100000| Untracked 
| 174|0x00000000d4200000, 0x00000000d4200000, 0x00000000d4300000|  0%| F|  |TAMS 0x00000000d4200000, 0x00000000d4200000| Untracked 
| 175|0x00000000d4300000, 0x00000000d4300000, 0x00000000d4400000|  0%| F|  |TAMS 0x00000000d4300000, 0x00000000d4300000| Untracked 
| 176|0x00000000d4400000, 0x00000000d4400000, 0x00000000d4500000|  0%| F|  |TAMS 0x00000000d4400000, 0x00000000d4400000| Untracked 
| 177|0x00000000d4500000, 0x00000000d4500000, 0x00000000d4600000|  0%| F|  |TAMS 0x00000000d4500000, 0x00000000d4500000| Untracked 
| 178|0x00000000d4600000, 0x00000000d4600000, 0x00000000d4700000|  0%| F|  |TAMS 0x00000000d4600000, 0x00000000d4600000| Untracked 
| 179|0x00000000d4700000, 0x00000000d4700000, 0x00000000d4800000|  0%| F|  |TAMS 0x00000000d4700000, 0x00000000d4700000| Untracked 
| 180|0x00000000d4800000, 0x00000000d4800000, 0x00000000d4900000|  0%| F|  |TAMS 0x00000000d4800000, 0x00000000d4800000| Untracked 
| 181|0x00000000d4900000, 0x00000000d4900000, 0x00000000d4a00000|  0%| F|  |TAMS 0x00000000d4900000, 0x00000000d4900000| Untracked 
| 182|0x00000000d4a00000, 0x00000000d4a00000, 0x00000000d4b00000|  0%| F|  |TAMS 0x00000000d4a00000, 0x00000000d4a00000| Untracked 
| 183|0x00000000d4b00000, 0x00000000d4b00000, 0x00000000d4c00000|  0%| F|  |TAMS 0x00000000d4b00000, 0x00000000d4b00000| Untracked 
| 184|0x00000000d4c00000, 0x00000000d4c00000, 0x00000000d4d00000|  0%| F|  |TAMS 0x00000000d4c00000, 0x00000000d4c00000| Untracked 
| 185|0x00000000d4d00000, 0x00000000d4d00000, 0x00000000d4e00000|  0%| F|  |TAMS 0x00000000d4d00000, 0x00000000d4d00000| Untracked 
| 186|0x00000000d4e00000, 0x00000000d4e00000, 0x00000000d4f00000|  0%| F|  |TAMS 0x00000000d4e00000, 0x00000000d4e00000| Untracked 
| 187|0x00000000d4f00000, 0x00000000d5000000, 0x00000000d5000000|100%| E|  |TAMS 0x00000000d4f00000, 0x00000000d4f00000| Complete 
| 188|0x00000000d5000000, 0x00000000d5100000, 0x00000000d5100000|100%| E|CS|TAMS 0x00000000d5000000, 0x00000000d5000000| Complete 
| 189|0x00000000d5100000, 0x00000000d5200000, 0x00000000d5200000|100%| E|CS|TAMS 0x00000000d5100000, 0x00000000d5100000| Complete 
| 190|0x00000000d5200000, 0x00000000d5300000, 0x00000000d5300000|100%| E|CS|TAMS 0x00000000d5200000, 0x00000000d5200000| Complete 
| 191|0x00000000d5300000, 0x00000000d5400000, 0x00000000d5400000|100%| E|CS|TAMS 0x00000000d5300000, 0x00000000d5300000| Complete 
| 192|0x00000000d5400000, 0x00000000d5500000, 0x00000000d5500000|100%| E|CS|TAMS 0x00000000d5400000, 0x00000000d5400000| Complete 
| 193|0x00000000d5500000, 0x00000000d5600000, 0x00000000d5600000|100%| E|CS|TAMS 0x00000000d5500000, 0x00000000d5500000| Complete 
| 194|0x00000000d5600000, 0x00000000d5700000, 0x00000000d5700000|100%| E|CS|TAMS 0x00000000d5600000, 0x00000000d5600000| Complete 
| 195|0x00000000d5700000, 0x00000000d5800000, 0x00000000d5800000|100%| E|CS|TAMS 0x00000000d5700000, 0x00000000d5700000| Complete 
| 196|0x00000000d5800000, 0x00000000d5900000, 0x00000000d5900000|100%| E|CS|TAMS 0x00000000d5800000, 0x00000000d5800000| Complete 
| 197|0x00000000d5900000, 0x00000000d5a00000, 0x00000000d5a00000|100%| E|CS|TAMS 0x00000000d5900000, 0x00000000d5900000| Complete 
| 198|0x00000000d5a00000, 0x00000000d5b00000, 0x00000000d5b00000|100%| E|CS|TAMS 0x00000000d5a00000, 0x00000000d5a00000| Complete 
| 199|0x00000000d5b00000, 0x00000000d5c00000, 0x00000000d5c00000|100%| E|CS|TAMS 0x00000000d5b00000, 0x00000000d5b00000| Complete 
| 200|0x00000000d5c00000, 0x00000000d5d00000, 0x00000000d5d00000|100%| E|CS|TAMS 0x00000000d5c00000, 0x00000000d5c00000| Complete 
| 201|0x00000000d5d00000, 0x00000000d5e00000, 0x00000000d5e00000|100%| E|CS|TAMS 0x00000000d5d00000, 0x00000000d5d00000| Complete 
| 202|0x00000000d5e00000, 0x00000000d5f00000, 0x00000000d5f00000|100%| E|CS|TAMS 0x00000000d5e00000, 0x00000000d5e00000| Complete 
| 875|0x00000000fff00000, 0x0000000100000000, 0x0000000100000000|100%| O|  |TAMS 0x0000000100000000, 0x00000000fff00000| Untracked 

Card table byte_map: [0x00000177c6590000,0x00000177c6750000] _byte_map_base: 0x00000177c5f46000

Marking Bits (Prev, Next): (CMBitMap*) 0x00000177c6917080, (CMBitMap*) 0x00000177c6917040
 Prev Bits: [0x00000177de0e0000, 0x00000177dee90000)
 Next Bits: [0x00000177dd330000, 0x00000177de0e0000)

Polling page: 0x00000177c4690000

Metaspace:

Usage:
  Non-class:     28.46 MB used.
      Class:      3.67 MB used.
       Both:     32.14 MB used.

Virtual space:
  Non-class space:       32.00 MB reserved,      28.69 MB ( 90%) committed,  4 nodes.
      Class space:        1.00 GB reserved,       3.88 MB ( <1%) committed,  1 nodes.
             Both:        1.03 GB reserved,      32.56 MB (  3%) committed. 

Chunk freelists:
   Non-Class:  2.55 MB
       Class:  3.95 MB
        Both:  6.50 MB

MaxMetaspaceSize: unlimited
CompressedClassSpaceSize: 1.00 GB
Initial GC threshold: 21.00 MB
Current GC threshold: 49.62 MB
CDS: on
MetaspaceReclaimPolicy: balanced
 - commit_granule_bytes: 65536.
 - commit_granule_words: 8192.
 - virtual_space_node_default_size: 1048576.
 - enlarge_chunks_in_place: 1.
 - new_chunks_are_fully_committed: 0.
 - uncommit_free_chunks: 1.
 - use_allocation_guard: 0.
 - handle_deallocations: 1.


Internal statistics:

num_allocs_failed_limit: 3.
num_arena_births: 250.
num_arena_deaths: 6.
num_vsnodes_births: 5.
num_vsnodes_deaths: 0.
num_space_committed: 536.
num_space_uncommitted: 15.
num_chunks_returned_to_freelist: 89.
num_chunks_taken_from_freelist: 1541.
num_chunk_merges: 25.
num_chunk_splits: 1048.
num_chunks_enlarged: 813.
num_purges: 2.
num_inconsistent_stats: 0.

CodeHeap 'non-profiled nmethods': size=120064Kb used=3433Kb max_used=3447Kb free=116631Kb
 bounds [0x00000177d5c30000, 0x00000177d5f90000, 0x00000177dd170000]
CodeHeap 'profiled nmethods': size=120000Kb used=13817Kb max_used=14064Kb free=106183Kb
 bounds [0x00000177ce170000, 0x00000177cef40000, 0x00000177d56a0000]
CodeHeap 'non-nmethods': size=5696Kb used=1243Kb max_used=1264Kb free=4452Kb
 bounds [0x00000177d56a0000, 0x00000177d5910000, 0x00000177d5c30000]
 total_blobs=6922 nmethods=6366 adapters=468
 compilation: enabled
              stopped_count=0, restarted_count=0
 full_count=0

Compilation events (20 events):
Event: 17.009 Thread 0x00000177e109c6f0 7317       3       java.lang.ProcessEnvironment$CheckedEntrySet$1::next (5 bytes)
Event: 17.009 Thread 0x00000177e109c6f0 nmethod 7317 0x00000177cec76690 code [0x00000177cec76860, 0x00000177cec76d48]
Event: 17.010 Thread 0x00000177e109c6f0 7318       3       java.lang.ProcessEnvironment$CheckedEntry::getKey (5 bytes)
Event: 17.011 Thread 0x00000177e109c6f0 nmethod 7318 0x00000177ce544810 code [0x00000177ce5449c0, 0x00000177ce544d08]
Event: 17.011 Thread 0x00000177e109c6f0 7319       3       java.lang.ProcessEnvironment$EntryComparator::compare (13 bytes)
Event: 17.011 Thread 0x00000177e109c6f0 nmethod 7319 0x00000177cec75b90 code [0x00000177cec75d80, 0x00000177cec764e8]
Event: 17.011 Thread 0x00000177e109c6f0 7320       3       java.lang.ProcessEnvironment$CheckedEntry::getValue (5 bytes)
Event: 17.011 Thread 0x00000177e109c6f0 nmethod 7320 0x00000177cec75590 code [0x00000177cec75740, 0x00000177cec75a88]
Event: 17.019 Thread 0x00000177e109b4b0 nmethod 7283 0x00000177d5f89910 code [0x00000177d5f89be0, 0x00000177d5f8c000]
Event: 17.019 Thread 0x00000177e109b4b0 7286       4       sun.nio.fs.WindowsPath::elementAsString (62 bytes)
Event: 17.031 Thread 0x00000177e109b4b0 nmethod 7286 0x00000177d5f8cc10 code [0x00000177d5f8ce00, 0x00000177d5f8d908]
Event: 17.149 Thread 0x00000177e109c6f0 7321       1       java.util.concurrent.atomic.AtomicInteger::get (5 bytes)
Event: 17.149 Thread 0x00000177e109c6f0 nmethod 7321 0x00000177d5ebf290 code [0x00000177d5ebf420, 0x00000177d5ebf4f8]
Event: 17.378 Thread 0x00000177e109c6f0 7324       3       java.lang.invoke.InvokerBytecodeGenerator::getInternalName (103 bytes)
Event: 17.378 Thread 0x00000177e109c6f0 nmethod 7324 0x00000177cec74d10 code [0x00000177cec74f20, 0x00000177cec75478]
Event: 17.387 Thread 0x00000177e109b4b0 7325   !   4       org.codehaus.plexus.classworlds.realm.ClassRealm::loadClass (33 bytes)
Event: 17.411 Thread 0x00000177e109c6f0 7327       3       java.util.zip.CRC32::update (51 bytes)
Event: 17.411 Thread 0x00000177e109c6f0 nmethod 7327 0x00000177cec74490 code [0x00000177cec74680, 0x00000177cec74b08]
Event: 17.414 Thread 0x00000177e109c6f0 7328       3       java.util.AbstractList::listIterator (6 bytes)
Event: 17.415 Thread 0x00000177e109c6f0 nmethod 7328 0x00000177cec74090 code [0x00000177cec74240, 0x00000177cec74408]

GC Heap History (20 events):
Event: 13.205 GC heap before
{Heap before GC invocations=22 (full 0):
 garbage-first heap   total 71680K, used 59954K [0x00000000c9400000, 0x0000000100000000)
  region size 1024K, 19 young (19456K), 2 survivors (2048K)
 Metaspace       used 30135K, committed 30528K, reserved 1081344K
  class space    used 3476K, committed 3648K, reserved 1048576K
}
Event: 13.216 GC heap after
{Heap after GC invocations=23 (full 0):
 garbage-first heap   total 88064K, used 52577K [0x00000000c9400000, 0x0000000100000000)
  region size 1024K, 3 young (3072K), 3 survivors (3072K)
 Metaspace       used 30135K, committed 30528K, reserved 1081344K
  class space    used 3476K, committed 3648K, reserved 1048576K
}
Event: 13.221 GC heap before
{Heap before GC invocations=23 (full 0):
 garbage-first heap   total 88064K, used 53601K [0x00000000c9400000, 0x0000000100000000)
  region size 1024K, 4 young (4096K), 3 survivors (3072K)
 Metaspace       used 30135K, committed 30528K, reserved 1081344K
  class space    used 3476K, committed 3648K, reserved 1048576K
}
Event: 13.228 GC heap after
{Heap after GC invocations=24 (full 0):
 garbage-first heap   total 88064K, used 45836K [0x00000000c9400000, 0x0000000100000000)
  region size 1024K, 1 young (1024K), 1 survivors (1024K)
 Metaspace       used 30135K, committed 30528K, reserved 1081344K
  class space    used 3476K, committed 3648K, reserved 1048576K
}
Event: 13.283 GC heap before
{Heap before GC invocations=24 (full 0):
 garbage-first heap   total 88064K, used 48908K [0x00000000c9400000, 0x0000000100000000)
  region size 1024K, 4 young (4096K), 1 survivors (1024K)
 Metaspace       used 30136K, committed 30528K, reserved 1081344K
  class space    used 3476K, committed 3648K, reserved 1048576K
}
Event: 13.285 GC heap after
{Heap after GC invocations=25 (full 0):
 garbage-first heap   total 88064K, used 45684K [0x00000000c9400000, 0x0000000100000000)
  region size 1024K, 1 young (1024K), 1 survivors (1024K)
 Metaspace       used 30136K, committed 30528K, reserved 1081344K
  class space    used 3476K, committed 3648K, reserved 1048576K
}
Event: 13.909 GC heap before
{Heap before GC invocations=25 (full 0):
 garbage-first heap   total 88064K, used 63092K [0x00000000c9400000, 0x0000000100000000)
  region size 1024K, 18 young (18432K), 1 survivors (1024K)
 Metaspace       used 30157K, committed 30528K, reserved 1081344K
  class space    used 3476K, committed 3648K, reserved 1048576K
}
Event: 13.916 GC heap after
{Heap after GC invocations=26 (full 0):
 garbage-first heap   total 88064K, used 51852K [0x00000000c9400000, 0x0000000100000000)
  region size 1024K, 3 young (3072K), 3 survivors (3072K)
 Metaspace       used 30157K, committed 30528K, reserved 1081344K
  class space    used 3476K, committed 3648K, reserved 1048576K
}
Event: 14.462 GC heap before
{Heap before GC invocations=27 (full 0):
 garbage-first heap   total 88064K, used 63116K [0x00000000c9400000, 0x0000000100000000)
  region size 1024K, 17 young (17408K), 3 survivors (3072K)
 Metaspace       used 28988K, committed 29568K, reserved 1081344K
  class space    used 3337K, committed 3584K, reserved 1048576K
}
Event: 14.466 GC heap after
{Heap after GC invocations=28 (full 0):
 garbage-first heap   total 88064K, used 50989K [0x00000000c9400000, 0x0000000100000000)
  region size 1024K, 1 young (1024K), 1 survivors (1024K)
 Metaspace       used 28988K, committed 29568K, reserved 1081344K
  class space    used 3337K, committed 3584K, reserved 1048576K
}
Event: 14.555 GC heap before
{Heap before GC invocations=28 (full 0):
 garbage-first heap   total 88064K, used 53037K [0x00000000c9400000, 0x0000000100000000)
  region size 1024K, 4 young (4096K), 1 survivors (1024K)
 Metaspace       used 29111K, committed 29568K, reserved 1081344K
  class space    used 3356K, committed 3584K, reserved 1048576K
}
Event: 14.558 GC heap after
{Heap after GC invocations=29 (full 0):
 garbage-first heap   total 88064K, used 46829K [0x00000000c9400000, 0x0000000100000000)
  region size 1024K, 1 young (1024K), 1 survivors (1024K)
 Metaspace       used 29111K, committed 29568K, reserved 1081344K
  class space    used 3356K, committed 3584K, reserved 1048576K
}
Event: 15.516 GC heap before
{Heap before GC invocations=29 (full 0):
 garbage-first heap   total 88064K, used 63213K [0x00000000c9400000, 0x0000000100000000)
  region size 1024K, 18 young (18432K), 1 survivors (1024K)
 Metaspace       used 29880K, committed 30208K, reserved 1081344K
  class space    used 3438K, committed 3584K, reserved 1048576K
}
Event: 15.519 GC heap after
{Heap after GC invocations=30 (full 0):
 garbage-first heap   total 88064K, used 46271K [0x00000000c9400000, 0x0000000100000000)
  region size 1024K, 1 young (1024K), 1 survivors (1024K)
 Metaspace       used 29880K, committed 30208K, reserved 1081344K
  class space    used 3438K, committed 3584K, reserved 1048576K
}
Event: 16.158 GC heap before
{Heap before GC invocations=31 (full 0):
 garbage-first heap   total 88064K, used 64703K [0x00000000c9400000, 0x0000000100000000)
  region size 1024K, 20 young (20480K), 1 survivors (1024K)
 Metaspace       used 30352K, committed 30720K, reserved 1081344K
  class space    used 3475K, committed 3648K, reserved 1048576K
}
Event: 16.165 GC heap after
{Heap after GC invocations=32 (full 0):
 garbage-first heap   total 88064K, used 46036K [0x00000000c9400000, 0x0000000100000000)
  region size 1024K, 2 young (2048K), 2 survivors (2048K)
 Metaspace       used 30352K, committed 30720K, reserved 1081344K
  class space    used 3475K, committed 3648K, reserved 1048576K
}
Event: 16.220 GC heap before
{Heap before GC invocations=32 (full 0):
 garbage-first heap   total 88064K, used 48084K [0x00000000c9400000, 0x0000000100000000)
  region size 1024K, 4 young (4096K), 2 survivors (2048K)
 Metaspace       used 30449K, committed 30848K, reserved 1081344K
  class space    used 3487K, committed 3648K, reserved 1048576K
}
Event: 16.223 GC heap after
{Heap after GC invocations=33 (full 0):
 garbage-first heap   total 88064K, used 36459K [0x00000000c9400000, 0x0000000100000000)
  region size 1024K, 1 young (1024K), 1 survivors (1024K)
 Metaspace       used 30449K, committed 30848K, reserved 1081344K
  class space    used 3487K, committed 3648K, reserved 1048576K
}
Event: 16.511 GC heap before
{Heap before GC invocations=33 (full 0):
 garbage-first heap   total 88064K, used 39531K [0x00000000c9400000, 0x0000000100000000)
  region size 1024K, 4 young (4096K), 1 survivors (1024K)
 Metaspace       used 31038K, committed 31488K, reserved 1081344K
  class space    used 3545K, committed 3776K, reserved 1048576K
}
Event: 16.516 GC heap after
{Heap after GC invocations=34 (full 0):
 garbage-first heap   total 208896K, used 31102K [0x00000000c9400000, 0x0000000100000000)
  region size 1024K, 1 young (1024K), 1 survivors (1024K)
 Metaspace       used 31038K, committed 31488K, reserved 1081344K
  class space    used 3545K, committed 3776K, reserved 1048576K
}

Deoptimization events (20 events):
Event: 16.521 Thread 0x00000177c68dff80 Uncommon trap: trap_request=0xffffff45 fr.pc=0x00000177d5e50074 relative=0x0000000000000af4
Event: 16.521 Thread 0x00000177c68dff80 Uncommon trap: reason=unstable_if action=reinterpret pc=0x00000177d5e50074 method=org.codehaus.plexus.classworlds.realm.Entry.matches(Ljava/lang/String;)Z @ 20 c2
Event: 16.521 Thread 0x00000177c68dff80 DEOPT PACKING pc=0x00000177d5e50074 sp=0x0000000e9e8fcd40
Event: 16.521 Thread 0x00000177c68dff80 DEOPT UNPACKING pc=0x00000177d56f23a3 sp=0x0000000e9e8fcd08 mode 2
Event: 16.861 Thread 0x00000177c68dff80 Uncommon trap: trap_request=0xffffff45 fr.pc=0x00000177d5ea0dcc relative=0x000000000000022c
Event: 16.861 Thread 0x00000177c68dff80 Uncommon trap: reason=unstable_if action=reinterpret pc=0x00000177d5ea0dcc method=java.lang.StringLatin1.lastIndexOf([BI[BII)I @ 86 c2
Event: 16.861 Thread 0x00000177c68dff80 DEOPT PACKING pc=0x00000177d5ea0dcc sp=0x0000000e9e8fbfa0
Event: 16.861 Thread 0x00000177c68dff80 DEOPT UNPACKING pc=0x00000177d56f23a3 sp=0x0000000e9e8fbd90 mode 2
Event: 16.980 Thread 0x00000177c68dff80 Uncommon trap: trap_request=0xffffff45 fr.pc=0x00000177d5eda1b4 relative=0x0000000000000114
Event: 16.980 Thread 0x00000177c68dff80 Uncommon trap: reason=unstable_if action=reinterpret pc=0x00000177d5eda1b4 method=java.util.zip.CRC32.updateBytesCheck([BII)V @ 1 c2
Event: 16.980 Thread 0x00000177c68dff80 DEOPT PACKING pc=0x00000177d5eda1b4 sp=0x0000000e9e8fcac0
Event: 16.980 Thread 0x00000177c68dff80 DEOPT UNPACKING pc=0x00000177d56f23a3 sp=0x0000000e9e8fc988 mode 2
Event: 17.010 Thread 0x00000177c68dff80 Uncommon trap: trap_request=0xffffffbe fr.pc=0x00000177d5d257c4 relative=0x0000000000001de4
Event: 17.010 Thread 0x00000177c68dff80 Uncommon trap: reason=profile_predicate action=maybe_recompile pc=0x00000177d5d257c4 method=java.util.TimSort.binarySort([Ljava/lang/Object;IIILjava/util/Comparator;)V @ 34 c2
Event: 17.010 Thread 0x00000177c68dff80 DEOPT PACKING pc=0x00000177d5d257c4 sp=0x0000000e9e8fc7f0
Event: 17.010 Thread 0x00000177c68dff80 DEOPT UNPACKING pc=0x00000177d56f23a3 sp=0x0000000e9e8fc7d0 mode 2
Event: 17.011 Thread 0x00000177c68dff80 Uncommon trap: trap_request=0xffffffbe fr.pc=0x00000177d5d257c4 relative=0x0000000000001de4
Event: 17.011 Thread 0x00000177c68dff80 Uncommon trap: reason=profile_predicate action=maybe_recompile pc=0x00000177d5d257c4 method=java.util.TimSort.binarySort([Ljava/lang/Object;IIILjava/util/Comparator;)V @ 34 c2
Event: 17.011 Thread 0x00000177c68dff80 DEOPT PACKING pc=0x00000177d5d257c4 sp=0x0000000e9e8fc7f0
Event: 17.011 Thread 0x00000177c68dff80 DEOPT UNPACKING pc=0x00000177d56f23a3 sp=0x0000000e9e8fc7d0 mode 2

Classes unloaded (20 events):
Event: 13.958 Thread 0x00000177c69b7860 Unloading class 0x0000000800f2ac00 'lombok/javac/apt/LombokFileObject'
Event: 13.958 Thread 0x00000177c69b7860 Unloading class 0x0000000800f2aa00 'lombok/javac/apt/LombokFileObjects'
Event: 13.958 Thread 0x00000177c69b7860 Unloading class 0x0000000800f2a7c8 'lombok/javac/apt/MessagerDiagnosticsReceiver'
Event: 13.958 Thread 0x00000177c69b7860 Unloading class 0x0000000800f2a420 'lombok/javac/apt/InterceptingJavaFileManager'
Event: 13.958 Thread 0x00000177c69b7860 Unloading class 0x0000000800f2a218 'lombok/permit/dummy/Parent'
Event: 13.958 Thread 0x00000177c69b7860 Unloading class 0x0000000800f2a000 'lombok/core/CleanupRegistry'
Event: 13.958 Thread 0x00000177c69b7860 Unloading class 0x0000000800f29ce8 'lombok/permit/Permit$Fake'
Event: 13.958 Thread 0x00000177c69b7860 Unloading class 0x0000000800f29ae8 'lombok/permit/Permit'
Event: 13.958 Thread 0x00000177c69b7860 Unloading class 0x0000000800f29800 'lombok/javac/apt/LombokProcessor$1'
Event: 13.958 Thread 0x00000177c69b7860 Unloading class 0x0000000800f28d88 'lombok/core/DiagnosticsReceiver'
Event: 13.958 Thread 0x00000177c69b7860 Unloading class 0x0000000800f28af0 'lombok/javac/apt/LombokProcessor'
Event: 13.958 Thread 0x00000177c69b7860 Unloading class 0x0000000800f288c0 'lombok/core/AnnotationProcessor$EcjDescriptor'
Event: 13.958 Thread 0x00000177c69b7860 Unloading class 0x0000000800f28688 'lombok/core/AnnotationProcessor$JavacDescriptor'
Event: 13.958 Thread 0x00000177c69b7860 Unloading class 0x0000000800f28280 'lombok/core/AnnotationProcessor$ProcessorDescriptor'
Event: 13.958 Thread 0x00000177c69b7860 Unloading class 0x0000000800f28000 'lombok/core/AnnotationProcessor'
Event: 13.958 Thread 0x00000177c69b7860 Unloading class 0x0000000800f29200 'lombok/launch/AnnotationProcessorHider$ClaimingProcessor'
Event: 13.958 Thread 0x00000177c69b7860 Unloading class 0x0000000800f29000 'lombok/launch/AnnotationProcessorHider$AstModificationNotifierData'
Event: 13.958 Thread 0x00000177c69b7860 Unloading class 0x0000000800f04480 'lombok/launch/ShadowClassLoader'
Event: 13.958 Thread 0x00000177c69b7860 Unloading class 0x0000000800f04280 'lombok/launch/Main'
Event: 13.958 Thread 0x00000177c69b7860 Unloading class 0x0000000800f04000 'lombok/launch/AnnotationProcessorHider$AnnotationProcessor'

Classes redefined (0 events):
No events

Internal exceptions (20 events):
Event: 15.206 Thread 0x00000177c68dff80 Exception <a 'sun/nio/fs/WindowsException'{0x00000000cdc76c50}> (0x00000000cdc76c50) 
thrown [s\open\src\hotspot\share\prims\jni.cpp, line 516]
Event: 15.206 Thread 0x00000177c68dff80 Exception <a 'sun/nio/fs/WindowsException'{0x00000000cdc77080}> (0x00000000cdc77080) 
thrown [s\open\src\hotspot\share\prims\jni.cpp, line 516]
Event: 15.206 Thread 0x00000177c68dff80 Exception <a 'sun/nio/fs/WindowsException'{0x00000000cdc78108}> (0x00000000cdc78108) 
thrown [s\open\src\hotspot\share\prims\jni.cpp, line 516]
Event: 15.206 Thread 0x00000177c68dff80 Exception <a 'sun/nio/fs/WindowsException'{0x00000000cdc78498}> (0x00000000cdc78498) 
thrown [s\open\src\hotspot\share\prims\jni.cpp, line 516]
Event: 15.215 Thread 0x00000177c68dff80 Exception <a 'sun/nio/fs/WindowsException'{0x00000000cdb4d030}> (0x00000000cdb4d030) 
thrown [s\open\src\hotspot\share\prims\jni.cpp, line 516]
Event: 15.228 Thread 0x00000177c68dff80 Exception <a 'sun/nio/fs/WindowsException'{0x00000000cdb53b20}> (0x00000000cdb53b20) 
thrown [s\open\src\hotspot\share\prims\jni.cpp, line 516]
Event: 15.231 Thread 0x00000177c68dff80 Exception <a 'sun/nio/fs/WindowsException'{0x00000000cdb7e030}> (0x00000000cdb7e030) 
thrown [s\open\src\hotspot\share\prims\jni.cpp, line 516]
Event: 15.231 Thread 0x00000177c68dff80 Exception <a 'sun/nio/fs/WindowsException'{0x00000000cdb7e7a0}> (0x00000000cdb7e7a0) 
thrown [s\open\src\hotspot\share\prims\jni.cpp, line 516]
Event: 15.231 Thread 0x00000177c68dff80 Exception <a 'sun/nio/fs/WindowsException'{0x00000000cdb7ed60}> (0x00000000cdb7ed60) 
thrown [s\open\src\hotspot\share\prims\jni.cpp, line 516]
Event: 15.232 Thread 0x00000177c68dff80 Exception <a 'sun/nio/fs/WindowsException'{0x00000000cdb7f4c0}> (0x00000000cdb7f4c0) 
thrown [s\open\src\hotspot\share\prims\jni.cpp, line 516]
Event: 15.232 Thread 0x00000177c68dff80 Exception <a 'sun/nio/fs/WindowsException'{0x00000000cdb7f830}> (0x00000000cdb7f830) 
thrown [s\open\src\hotspot\share\prims\jni.cpp, line 516]
Event: 15.232 Thread 0x00000177c68dff80 Exception <a 'sun/nio/fs/WindowsException'{0x00000000cdb804f8}> (0x00000000cdb804f8) 
thrown [s\open\src\hotspot\share\prims\jni.cpp, line 516]
Event: 15.232 Thread 0x00000177c68dff80 Exception <a 'sun/nio/fs/WindowsException'{0x00000000cdb80838}> (0x00000000cdb80838) 
thrown [s\open\src\hotspot\share\prims\jni.cpp, line 516]
Event: 15.232 Thread 0x00000177c68dff80 Exception <a 'sun/nio/fs/WindowsException'{0x00000000cdb814f8}> (0x00000000cdb814f8) 
thrown [s\open\src\hotspot\share\prims\jni.cpp, line 516]
Event: 16.405 Thread 0x00000177e4b433c0 Exception <a 'java/lang/NoSuchMethodError'{0x00000000ce571798}: 'java.lang.Object java.lang.invoke.DirectMethodHandle$Holder.invokeStaticInit(java.lang.Object, java.lang.Object, long, java.lang.Object)'> (0x00000000ce571798) 
thrown [s\open\src\hotspot\share\interpreter\linkResolver.cpp, line 759]
Event: 16.406 Thread 0x00000177e4b433c0 Exception <a 'java/lang/NoSuchMethodError'{0x00000000ce578190}: 'java.lang.Object java.lang.invoke.DirectMethodHandle$Holder.newInvokeSpecial(java.lang.Object, java.lang.Object, long)'> (0x00000000ce578190) 
thrown [s\open\src\hotspot\share\interpreter\linkResolver.cpp, line 759]
Event: 16.406 Thread 0x00000177e4b433c0 Exception <a 'java/lang/NoSuchMethodError'{0x00000000ce57bd00}: 'java.lang.Object java.lang.invoke.Invokers$Holder.linkToTargetMethod(java.lang.Object, long, java.lang.Object)'> (0x00000000ce57bd00) 
thrown [s\open\src\hotspot\share\interpreter\linkResolver.cpp, line 759]
Event: 16.652 Thread 0x00000177c68dff80 Exception <a 'java/lang/NoSuchMethodError'{0x00000000d5d50230}: 'java.lang.Object java.lang.invoke.DirectMethodHandle$Holder.invokeStaticInit(java.lang.Object, java.lang.Object, int, int, int, int)'> (0x00000000d5d50230) 
thrown [s\open\src\hotspot\share\interpreter\linkResolver.cpp, line 759]
Event: 17.375 Thread 0x00000177c68dff80 Exception <a 'java/lang/NoSuchMethodError'{0x00000000d53f8ac0}: 'void java.lang.invoke.DirectMethodHandle$Holder.invokeStatic(java.lang.Object, long)'> (0x00000000d53f8ac0) 
thrown [s\open\src\hotspot\share\interpreter\linkResolver.cpp, line 759]
Event: 17.378 Thread 0x00000177c68dff80 Exception <a 'java/lang/NoSuchMethodError'{0x00000000d53fe110}: 'java.lang.Object java.lang.invoke.DirectMethodHandle$Holder.newInvokeSpecial(java.lang.Object, long)'> (0x00000000d53fe110) 
thrown [s\open\src\hotspot\share\interpreter\linkResolver.cpp, line 759]

VM Operations (20 events):
Event: 16.297 Executing VM operation: HandshakeAllThreads
Event: 16.297 Executing VM operation: HandshakeAllThreads done
Event: 16.301 Executing VM operation: HandshakeAllThreads
Event: 16.301 Executing VM operation: HandshakeAllThreads done
Event: 16.511 Executing VM operation: G1CollectForAllocation
Event: 16.516 Executing VM operation: G1CollectForAllocation done
Event: 16.550 Executing VM operation: HandshakeAllThreads
Event: 16.550 Executing VM operation: HandshakeAllThreads done
Event: 16.908 Executing VM operation: HandshakeAllThreads
Event: 16.908 Executing VM operation: HandshakeAllThreads done
Event: 16.914 Executing VM operation: HandshakeAllThreads
Event: 16.914 Executing VM operation: HandshakeAllThreads done
Event: 16.915 Executing VM operation: HandshakeAllThreads
Event: 16.915 Executing VM operation: HandshakeAllThreads done
Event: 17.019 Executing VM operation: HandshakeAllThreads
Event: 17.040 Executing VM operation: HandshakeAllThreads done
Event: 17.383 Executing VM operation: HandshakeAllThreads
Event: 17.383 Executing VM operation: HandshakeAllThreads done
Event: 17.405 Executing VM operation: HandshakeAllThreads
Event: 17.406 Executing VM operation: HandshakeAllThreads done

Events (20 events):
Event: 17.052 loading class java/util/concurrent/locks/AbstractQueuedSynchronizer$SharedNode done
Event: 17.053 loading class java/util/concurrent/locks/AbstractQueuedSynchronizer$ExclusiveNode
Event: 17.053 loading class java/util/concurrent/locks/AbstractQueuedSynchronizer$ExclusiveNode done
Event: 17.379 loading class java/lang/ProcessImpl$2
Event: 17.382 loading class java/lang/ProcessImpl$2 done
Event: 17.382 loading class java/lang/Process$PipeInputStream
Event: 17.383 loading class java/lang/Process$PipeInputStream done
Event: 17.383 loading class jdk/internal/event/ProcessStartEvent
Event: 17.384 loading class jdk/internal/event/Event
Event: 17.385 loading class jdk/internal/event/Event done
Event: 17.385 loading class jdk/internal/event/ProcessStartEvent done
Event: 17.385 loading class java/nio/channels/ClosedChannelException
Event: 17.386 loading class java/nio/channels/ClosedChannelException done
Event: 17.406 loading class java/nio/channels/NonReadableChannelException
Event: 17.407 loading class java/nio/channels/NonReadableChannelException done
Event: 17.408 loading class java/nio/channels/NonWritableChannelException
Event: 17.408 loading class java/nio/channels/NonWritableChannelException done
Event: 17.423 Thread 0x00000177e2ec8420 Thread added: 0x00000177e2ec8420
Event: 17.424 Thread 0x00000177e2ec70e0 Thread added: 0x00000177e2ec70e0
Event: 17.435 Thread 0x00000177e2ec4f30 Thread added: 0x00000177e2ec4f30


Dynamic libraries:
0x00007ff78af10000 - 0x00007ff78af20000 	C:\Program Files\Java\jdk-17\bin\java.exe
0x00007ff9c7390000 - 0x00007ff9c7588000 	C:\windows\SYSTEM32\ntdll.dll
0x00007ff9c64b0000 - 0x00007ff9c656f000 	C:\windows\System32\KERNEL32.DLL
0x00007ff9c4c50000 - 0x00007ff9c4f46000 	C:\windows\System32\KERNELBASE.dll
0x00007ff9c4f50000 - 0x00007ff9c5050000 	C:\windows\System32\ucrtbase.dll
0x00007ff9bc290000 - 0x00007ff9bc2a9000 	C:\Program Files\Java\jdk-17\bin\jli.dll
0x00007ff9ba380000 - 0x00007ff9ba39b000 	C:\Program Files\Java\jdk-17\bin\VCRUNTIME140.dll
0x00007ff9c58a0000 - 0x00007ff9c594f000 	C:\windows\System32\ADVAPI32.dll
0x00007ff9c5970000 - 0x00007ff9c5a0e000 	C:\windows\System32\msvcrt.dll
0x00007ff9c6b50000 - 0x00007ff9c6bec000 	C:\windows\System32\sechost.dll
0x00007ff9c6650000 - 0x00007ff9c6776000 	C:\windows\System32\RPCRT4.dll
0x00007ff9c5480000 - 0x00007ff9c561d000 	C:\windows\System32\USER32.dll
0x00007ff9c4c20000 - 0x00007ff9c4c42000 	C:\windows\System32\win32u.dll
0x00007ff9c57b0000 - 0x00007ff9c57dc000 	C:\windows\System32\GDI32.dll
0x00007ff9c5220000 - 0x00007ff9c5335000 	C:\windows\System32\gdi32full.dll
0x00007ff9adc60000 - 0x00007ff9adefa000 	C:\windows\WinSxS\amd64_microsoft.windows.common-controls_6595b64144ccf1df_6.0.19041.1110_none_60b5254171f9507e\COMCTL32.dll
0x00007ff9c4ac0000 - 0x00007ff9c4b5d000 	C:\windows\System32\msvcp_win.dll
0x00007ff9bc710000 - 0x00007ff9bc71a000 	C:\windows\SYSTEM32\VERSION.dll
0x00007ff9c6620000 - 0x00007ff9c6650000 	C:\windows\System32\IMM32.DLL
0x00007ff9be4d0000 - 0x00007ff9be4dc000 	C:\Program Files\Java\jdk-17\bin\vcruntime140_1.dll
0x00007ff996480000 - 0x00007ff99650e000 	C:\Program Files\Java\jdk-17\bin\msvcp140.dll
0x00007ff96fc60000 - 0x00007ff97083d000 	C:\Program Files\Java\jdk-17\bin\server\jvm.dll
0x00007ff9c7340000 - 0x00007ff9c7348000 	C:\windows\System32\PSAPI.DLL
0x00007ff999790000 - 0x00007ff999799000 	C:\windows\SYSTEM32\WSOCK32.dll
0x00007ff9bc6e0000 - 0x00007ff9bc707000 	C:\windows\SYSTEM32\WINMM.dll
0x00007ff9c6a50000 - 0x00007ff9c6abb000 	C:\windows\System32\WS2_32.dll
0x00007ff9c2920000 - 0x00007ff9c2932000 	C:\windows\SYSTEM32\kernel.appcore.dll
0x00007ff9b5e60000 - 0x00007ff9b5e6a000 	C:\Program Files\Java\jdk-17\bin\jimage.dll
0x00007ff9afaa0000 - 0x00007ff9afc84000 	C:\windows\SYSTEM32\DBGHELP.DLL
0x00007ff9a76e0000 - 0x00007ff9a7714000 	C:\windows\SYSTEM32\dbgcore.DLL
0x00007ff9c4b60000 - 0x00007ff9c4be2000 	C:\windows\System32\bcryptPrimitives.dll
0x00007ff9ad490000 - 0x00007ff9ad4b5000 	C:\Program Files\Java\jdk-17\bin\java.dll
0x00007ff980520000 - 0x00007ff9805f7000 	C:\Program Files\Java\jdk-17\bin\jsvml.dll
0x00007ff9c6bf0000 - 0x00007ff9c7334000 	C:\windows\System32\SHELL32.dll
0x00007ff9c2b20000 - 0x00007ff9c32b4000 	C:\windows\SYSTEM32\windows.storage.dll
0x00007ff9c6020000 - 0x00007ff9c6374000 	C:\windows\System32\combase.dll
0x00007ff9c43e0000 - 0x00007ff9c440e000 	C:\windows\SYSTEM32\Wldp.dll
0x00007ff9c5700000 - 0x00007ff9c57ad000 	C:\windows\System32\SHCORE.dll
0x00007ff9c5fc0000 - 0x00007ff9c6015000 	C:\windows\System32\shlwapi.dll
0x00007ff9c49a0000 - 0x00007ff9c49c5000 	C:\windows\SYSTEM32\profapi.dll
0x00007ff9ae1e0000 - 0x00007ff9ae1f9000 	C:\Program Files\Java\jdk-17\bin\net.dll
0x00007ff9b97b0000 - 0x00007ff9b98ba000 	C:\windows\SYSTEM32\WINHTTP.dll
0x00007ff9c4140000 - 0x00007ff9c41aa000 	C:\windows\system32\mswsock.dll
0x00007ff9aca30000 - 0x00007ff9aca46000 	C:\Program Files\Java\jdk-17\bin\nio.dll
0x00007ff9ac730000 - 0x00007ff9ac748000 	C:\Program Files\Java\jdk-17\bin\zip.dll
0x0000000069ac0000 - 0x0000000069ae4000 	C:\Users\carin\AppData\Local\Temp\jansi-2.4.0-5a2f5ca827f7c087-jansi.dll
0x00007ff9b5e50000 - 0x00007ff9b5e60000 	C:\Program Files\Java\jdk-17\bin\verify.dll
0x00007ff9c4330000 - 0x00007ff9c4348000 	C:\windows\SYSTEM32\CRYPTSP.dll
0x00007ff9c3a60000 - 0x00007ff9c3a94000 	C:\windows\system32\rsaenh.dll
0x00007ff9c4bf0000 - 0x00007ff9c4c17000 	C:\windows\System32\bcrypt.dll
0x00007ff9c4920000 - 0x00007ff9c494e000 	C:\windows\SYSTEM32\USERENV.dll
0x00007ff9c4350000 - 0x00007ff9c435c000 	C:\windows\SYSTEM32\CRYPTBASE.dll
0x00007ff9c3e30000 - 0x00007ff9c3e6c000 	C:\windows\SYSTEM32\IPHLPAPI.DLL
0x00007ff9c53f0000 - 0x00007ff9c53f8000 	C:\windows\System32\NSI.dll
0x00007ff9bb3c0000 - 0x00007ff9bb3d7000 	C:\windows\SYSTEM32\dhcpcsvc6.DLL
0x00007ff9b99f0000 - 0x00007ff9b9a0d000 	C:\windows\SYSTEM32\dhcpcsvc.DLL
0x00007ff9c3e70000 - 0x00007ff9c3f3a000 	C:\windows\SYSTEM32\DNSAPI.dll

dbghelp: loaded successfully - version: 4.0.5 - missing functions: none
symbol engine: initialized successfully - sym options: 0x614 - pdb path: .;C:\Program Files\Java\jdk-17\bin;C:\windows\SYSTEM32;C:\windows\WinSxS\amd64_microsoft.windows.common-controls_6595b64144ccf1df_6.0.19041.1110_none_60b5254171f9507e;C:\Program Files\Java\jdk-17\bin\server;C:\Users\carin\AppData\Local\Temp

VM Arguments:
jvm_args: -Dmaven.multiModuleProjectDirectory=C:\Users\carin\Desktop\springbootreact\gestion-clientes-backend 
java_command: org.apache.maven.wrapper.MavenWrapperMain -Dmaven.ext.class.path=C:\Program Files\NetBeans-17\netbeans\java\maven-nblib\netbeans-eventspy.jar --no-transfer-progress clean install
java_class_path (initial): C:\Users\carin\Desktop\springbootreact\gestion-clientes-backend\.mvn\wrapper\maven-wrapper.jar
Launcher Type: SUN_STANDARD

[Global flags]
     intx CICompilerCount                          = 2                                         {product} {ergonomic}
     uint ConcGCThreads                            = 1                                         {product} {ergonomic}
     uint G1ConcRefinementThreads                  = 2                                         {product} {ergonomic}
   size_t G1HeapRegionSize                         = 1048576                                   {product} {ergonomic}
    uintx GCDrainStackTargetSize                   = 64                                        {product} {ergonomic}
   size_t InitialHeapSize                          = 58720256                                  {product} {ergonomic}
   size_t MarkStackSize                            = 4194304                                   {product} {ergonomic}
   size_t MaxHeapSize                              = 918552576                                 {product} {ergonomic}
   size_t MaxNewSize                               = 550502400                                 {product} {ergonomic}
   size_t MinHeapDeltaBytes                        = 1048576                                   {product} {ergonomic}
   size_t MinHeapSize                              = 8388608                                   {product} {ergonomic}
    uintx NonNMethodCodeHeapSize                   = 5826188                                {pd product} {ergonomic}
    uintx NonProfiledCodeHeapSize                  = 122916026                              {pd product} {ergonomic}
    uintx ProfiledCodeHeapSize                     = 122916026                              {pd product} {ergonomic}
    uintx ReservedCodeCacheSize                    = 251658240                              {pd product} {ergonomic}
     bool SegmentedCodeCache                       = true                                      {product} {ergonomic}
   size_t SoftMaxHeapSize                          = 918552576                              {manageable} {ergonomic}
     bool UseCompressedClassPointers               = true                           {product lp64_product} {ergonomic}
     bool UseCompressedOops                        = true                           {product lp64_product} {ergonomic}
     bool UseG1GC                                  = true                                      {product} {ergonomic}
     bool UseLargePagesIndividualAllocation        = false                                  {pd product} {ergonomic}

Logging:
Log output configuration:
 #0: stdout all=warning uptime,level,tags
 #1: stderr all=off uptime,level,tags

Environment Variables:
JAVA_HOME=C:\Program Files\Java\jdk-17
PATH=C:\Program Files\Common Files\Oracle\Java\javapath;C:\windows\system32;C:\windows;C:\windows\System32\Wbem;C:\windows\System32\WindowsPowerShell\v1.0\;C:\windows\System32\OpenSSH\;C:\Program Files\Git\cmd;C:\Program Files\nodejs\;C:\gradle-8.1.1\bin;C:\Program Files\Java\jdk-20\bin;C:\Users\carin\AppData\Local\Microsoft\WindowsApps;C:\Users\carin\AppData\Local\Programs\Microsoft VS Code\bin;C:\Users\carin\AppData\Roaming\npm;C:\ProgramData\carin\GitHubDesktop\bin;C:\Users\carin\AppData\Local\GitHubDesktop\bin;C:\Users\carin\Downloads\mongodb-windows-x86_64-6.0.4.zip\mongodb-win32-x86_64-windows-6.0.4\bin;C:\Users\carin\Desktop\dataBase\data;C:\Program Files\MongoDB\Server\6.0\data;C:\Program Files\MongoDB\Server\6.0\bin;C:\Users\carin\Desktop\Backend\FastAPI;C:\Users\carin\Desktop\Backend;C:\Users\carin\Desktop\Backend\dataBase\data\log;C:\Program Files\MongoDB\Server\6.0\data;C:\Program Files\MongoDB\Server\6.0\bin;C:\Users\carin\AppData\Local\Packages\PythonSoftwareFoundation.Python.3.10_qbz5n2kfra8p0\LocalCache\local-packages\Python310\Scripts;C:\Users\carin\Documents\flutter\bin\;C:\Program Files\MySQL\MySQL Server 8.0\bin;C:\gradle-8.1.1\bin;C:\Program Files\Java\jdk-20\bin;
USERNAME=carin
OS=Windows_NT
PROCESSOR_IDENTIFIER=AMD64 Family 23 Model 24 Stepping 1, AuthenticAMD



---------------  S Y S T E M  ---------------

OS:
 Windows 10 , 64 bit Build 19041 (10.0.19041.3155)
OS uptime: 1 days 18:47 hours

CPU: total 2 (initial active 2) (2 cores per cpu, 1 threads per core) family 23 model 24 stepping 1 microcode 0x0, cx8, cmov, fxsr, mmx, 3dnowpref, sse, sse2, sse3, ssse3, sse4a, sse4.1, sse4.2, popcnt, lzcnt, tsc, tscinvbit, avx, avx2, aes, clmul, bmi1, bmi2, adx, sha, fma, vzeroupper, clflush, clflushopt

Memory: 4k page, system-wide physical 3500M (176M free)
TotalPageFile size 14252M (AvailPageFile size 5M)
current process WorkingSet (physical memory assigned to process): 230M, peak: 230M
current process commit charge ("private bytes"): 356M, peak: 357M

vm_info: Java HotSpot(TM) 64-Bit Server VM (17.0.7+8-LTS-224) for windows-amd64 JRE (17.0.7+8-LTS-224), built on Feb 28 2023 23:03:02 by "mach5one" with MS VC++ 17.1 (VS2022)

END.
