#
# There is insufficient memory for the Java Runtime Environment to continue.
# Native memory allocation (malloc) failed to allocate 2238736 bytes for Chunk::new
# Possible reasons:
#   The system is out of physical RAM or swap space
#   The process is running with CompressedOops enabled, and the Java Heap may be blocking the growth of the native heap
# Possible solutions:
#   Reduce memory load on the system
#   Increase physical memory or swap space
#   Check if swap backing store is full
#   Decrease Java heap size (-Xmx/-Xms)
#   Decrease number of Java threads
#   Decrease Java thread stack sizes (-Xss)
#   Set larger code cache with -XX:ReservedCodeCacheSize=
#   JVM is running with Unscaled Compressed Oops mode in which the Java heap is
#     placed in the first 4GB address space. The Java Heap base address is the
#     maximum limit for the native heap growth. Please use -XX:HeapBaseMinAddress
#     to set the Java Heap base and to place the Java Heap above 4GB virtual address.
# This output file may be truncated or incomplete.
#
#  Out of Memory Error (arena.cpp:189), pid=9592, tid=8908
#
# JRE version: Java(TM) SE Runtime Environment (17.0.7+8) (build 17.0.7+8-LTS-224)
# Java VM: Java HotSpot(TM) 64-Bit Server VM (17.0.7+8-LTS-224, mixed mode, sharing, tiered, compressed oops, compressed class ptrs, g1 gc, windows-amd64)
# No core dump will be written. Minidumps are not enabled by default on client versions of Windows
#

---------------  S U M M A R Y ------------

Command Line: -Dmaven.multiModuleProjectDirectory=C:\Users\carin\Desktop\springbootreact\gestion-clientes-backend org.apache.maven.wrapper.MavenWrapperMain -Dmaven.ext.class.path=C:\Program Files\NetBeans-17\netbeans\java\maven-nblib\netbeans-eventspy.jar --no-transfer-progress clean install

Host: AMD Athlon Silver 3050U with Radeon Graphics   , 2 cores, 3G,  Windows 10 , 64 bit Build 19041 (10.0.19041.3155)
Time: Thu Aug  3 00:49:01 2023 Hora estándar de Argentina elapsed time: 19.533057 seconds (0d 0h 0m 19s)

---------------  T H R E A D  ---------------

Current thread (0x000001ce7e3b5160):  JavaThread "C2 CompilerThread0" daemon [_thread_in_native, id=8908, stack(0x0000008488900000,0x0000008488a00000)]


Current CompileTask:
C2:  19533 7327   !   4       org.codehaus.plexus.classworlds.realm.ClassRealm::loadClass (33 bytes)

Stack: [0x0000008488900000,0x0000008488a00000]
Native frames: (J=compiled Java code, j=interpreted, Vv=VM code, C=native code)
V  [jvm.dll+0x676a4a]
V  [jvm.dll+0x7d74f4]
V  [jvm.dll+0x7d8c9e]
V  [jvm.dll+0x7d9303]
V  [jvm.dll+0x2452c5]
V  [jvm.dll+0xaaa2b]
V  [jvm.dll+0xaafcc]
V  [jvm.dll+0x36141e]
V  [jvm.dll+0x1bb55a]
V  [jvm.dll+0x217c27]
V  [jvm.dll+0x216f01]
V  [jvm.dll+0x1a35e0]
V  [jvm.dll+0x226a6e]
V  [jvm.dll+0x224e15]
V  [jvm.dll+0x78d05c]
V  [jvm.dll+0x78759a]
V  [jvm.dll+0x675875]
C  [ucrtbase.dll+0x21bb2]
C  [KERNEL32.DLL+0x17614]
C  [ntdll.dll+0x526b1]


---------------  P R O C E S S  ---------------

Threads class SMR info:
_java_thread_list=0x000001ce135f7260, length=18, elements={
0x000001ce72aefd80, 0x000001ce7e3a0f90, 0x000001ce7e3a1d10, 0x000001ce7e3b15b0,
0x000001ce7e3b2060, 0x000001ce7e3b2a10, 0x000001ce7e3b43d0, 0x000001ce7e3b5160,
0x000001ce7e3b6c10, 0x000001ce7e3d3350, 0x000001ce7f073370, 0x000001ce7f07c230,
0x000001ce1186b870, 0x000001ce1186a060, 0x000001ce1186aa00, 0x000001ce1186aed0,
0x000001ce1186b3a0, 0x000001ce1186bd40
}

Java Threads: ( => current thread )
  0x000001ce72aefd80 JavaThread "main" [_thread_in_native, id=15120, stack(0x0000008487c00000,0x0000008487d00000)]
  0x000001ce7e3a0f90 JavaThread "Reference Handler" daemon [_thread_blocked, id=6524, stack(0x0000008488300000,0x0000008488400000)]
  0x000001ce7e3a1d10 JavaThread "Finalizer" daemon [_thread_blocked, id=8048, stack(0x0000008488400000,0x0000008488500000)]
  0x000001ce7e3b15b0 JavaThread "Signal Dispatcher" daemon [_thread_blocked, id=11900, stack(0x0000008488500000,0x0000008488600000)]
  0x000001ce7e3b2060 JavaThread "Attach Listener" daemon [_thread_blocked, id=10016, stack(0x0000008488600000,0x0000008488700000)]
  0x000001ce7e3b2a10 JavaThread "Service Thread" daemon [_thread_blocked, id=6816, stack(0x0000008488700000,0x0000008488800000)]
  0x000001ce7e3b43d0 JavaThread "Monitor Deflation Thread" daemon [_thread_blocked, id=7832, stack(0x0000008488800000,0x0000008488900000)]
=>0x000001ce7e3b5160 JavaThread "C2 CompilerThread0" daemon [_thread_in_native, id=8908, stack(0x0000008488900000,0x0000008488a00000)]
  0x000001ce7e3b6c10 JavaThread "C1 CompilerThread0" daemon [_thread_blocked, id=6992, stack(0x0000008488a00000,0x0000008488b00000)]
  0x000001ce7e3d3350 JavaThread "Sweeper thread" daemon [_thread_blocked, id=8364, stack(0x0000008488b00000,0x0000008488c00000)]
  0x000001ce7f073370 JavaThread "Notification Thread" daemon [_thread_blocked, id=7576, stack(0x0000008488c00000,0x0000008488d00000)]
  0x000001ce7f07c230 JavaThread "Common-Cleaner" daemon [_thread_blocked, id=15992, stack(0x0000008488e00000,0x0000008488f00000)]
  0x000001ce1186b870 JavaThread "timeout-check-timer" daemon [_thread_blocked, id=10112, stack(0x0000008489100000,0x0000008489200000)]
  0x000001ce1186a060 JavaThread "ping-timer-10s" daemon [_thread_blocked, id=11604, stack(0x0000008489200000,0x0000008489300000)]
  0x000001ce1186aa00 JavaThread "ThreadedStreamConsumer" daemon [_thread_blocked, id=11936, stack(0x0000008489300000,0x0000008489400000)]
  0x000001ce1186aed0 JavaThread "fork-1-err-thread" daemon [_thread_in_native, id=6492, stack(0x0000008489400000,0x0000008489500000)]
  0x000001ce1186b3a0 JavaThread "commands-fork-1" daemon [_thread_blocked, id=3348, stack(0x0000008489500000,0x0000008489600000)]
  0x000001ce1186bd40 JavaThread "fork-1-event-thread" daemon [_thread_in_native, id=17200, stack(0x0000008489600000,0x0000008489700000)]

Other Threads:
  0x000001ce72bc5a30 VMThread "VM Thread" [stack: 0x0000008488200000,0x0000008488300000] [id=7732]
  0x000001ce72b367a0 WatcherThread [stack: 0x0000008488d00000,0x0000008488e00000] [id=3960]
  0x000001ce72b26640 GCTaskThread "GC Thread#0" [stack: 0x0000008487d00000,0x0000008487e00000] [id=3404]
  0x000001ce7f3f69b0 GCTaskThread "GC Thread#1" [stack: 0x0000008488f00000,0x0000008489000000] [id=9844]
  0x000001ce72b2e300 ConcurrentGCThread "G1 Main Marker" [stack: 0x0000008487e00000,0x0000008487f00000] [id=4564]
  0x000001ce72b2f4b0 ConcurrentGCThread "G1 Conc#0" [stack: 0x0000008487f00000,0x0000008488000000] [id=1428]
  0x000001ce72ba6900 ConcurrentGCThread "G1 Refine#0" [stack: 0x0000008488000000,0x0000008488100000] [id=17220]
  0x000001ce12fb80b0 ConcurrentGCThread "G1 Refine#1" [stack: 0x0000008489000000,0x0000008489100000] [id=16640]
  0x000001ce72ba8730 ConcurrentGCThread "G1 Service" [stack: 0x0000008488100000,0x0000008488200000] [id=13196]

Threads with active compile tasks:
C2 CompilerThread0    19569 7327   !   4       org.codehaus.plexus.classworlds.realm.ClassRealm::loadClass (33 bytes)

VM state: not at safepoint (normal execution)

VM Mutex/Monitor currently owned by a thread: None

Heap address: 0x00000000c9400000, size: 876 MB, Compressed Oops mode: 32-bit

CDS archive(s) mapped at: [0x0000000800000000-0x0000000800bd0000-0x0000000800bd0000), size 12386304, SharedBaseAddress: 0x0000000800000000, ArchiveRelocationMode: 0.
Compressed class space mapped at: 0x0000000800c00000-0x0000000840c00000, reserved size: 1073741824
Narrow klass base: 0x0000000800000000, Narrow klass shift: 0, Narrow klass range: 0x100000000

GC Precious Log:
 CPUs: 2 total, 2 available
 Memory: 3500M
 Large Page Support: Disabled
 NUMA Support: Disabled
 Compressed Oops: Enabled (32-bit)
 Heap Region Size: 1M
 Heap Min Capacity: 8M
 Heap Initial Capacity: 56M
 Heap Max Capacity: 876M
 Pre-touch: Disabled
 Parallel Workers: 2
 Concurrent Workers: 1
 Concurrent Refinement Workers: 2
 Periodic GC: Disabled

Heap:
 garbage-first heap   total 145408K, used 68904K [0x00000000c9400000, 0x0000000100000000)
  region size 1024K, 21 young (21504K), 2 survivors (2048K)
 Metaspace       used 34571K, committed 35008K, reserved 1081344K
  class space    used 3958K, committed 4160K, reserved 1048576K

Heap Regions: E=young(eden), S=young(survivor), O=old, HS=humongous(starts), HC=humongous(continues), CS=collection set, F=free, OA=open archive, CA=closed archive, TAMS=top-at-mark-start (previous, next)
|   0|0x00000000c9400000, 0x00000000c9500000, 0x00000000c9500000|100%| O|  |TAMS 0x00000000c9500000, 0x00000000c9400000| Untracked 
|   1|0x00000000c9500000, 0x00000000c9600000, 0x00000000c9600000|100%| O|  |TAMS 0x00000000c9600000, 0x00000000c9500000| Untracked 
|   2|0x00000000c9600000, 0x00000000c9700000, 0x00000000c9700000|100%| O|  |TAMS 0x00000000c9700000, 0x00000000c9600000| Untracked 
|   3|0x00000000c9700000, 0x00000000c9800000, 0x00000000c9800000|100%| O|  |TAMS 0x00000000c9800000, 0x00000000c9700000| Untracked 
|   4|0x00000000c9800000, 0x00000000c9900000, 0x00000000c9900000|100%| O|  |TAMS 0x00000000c9900000, 0x00000000c9800000| Untracked 
|   5|0x00000000c9900000, 0x00000000c9a00000, 0x00000000c9a00000|100%| O|  |TAMS 0x00000000c9a00000, 0x00000000c9900000| Untracked 
|   6|0x00000000c9a00000, 0x00000000c9b00000, 0x00000000c9b00000|100%| O|  |TAMS 0x00000000c9b00000, 0x00000000c9a00000| Untracked 
|   7|0x00000000c9b00000, 0x00000000c9c00000, 0x00000000c9c00000|100%| O|  |TAMS 0x00000000c9c00000, 0x00000000c9b00000| Untracked 
|   8|0x00000000c9c00000, 0x00000000c9d00000, 0x00000000c9d00000|100%| O|  |TAMS 0x00000000c9d00000, 0x00000000c9c00000| Untracked 
|   9|0x00000000c9d00000, 0x00000000c9e00000, 0x00000000c9e00000|100%| O|  |TAMS 0x00000000c9e00000, 0x00000000c9d00000| Untracked 
|  10|0x00000000c9e00000, 0x00000000c9f00000, 0x00000000c9f00000|100%| O|  |TAMS 0x00000000c9f00000, 0x00000000c9e00000| Untracked 
|  11|0x00000000c9f00000, 0x00000000ca000000, 0x00000000ca000000|100%| O|  |TAMS 0x00000000ca000000, 0x00000000c9f00000| Untracked 
|  12|0x00000000ca000000, 0x00000000ca100000, 0x00000000ca100000|100%| O|  |TAMS 0x00000000ca100000, 0x00000000ca000000| Untracked 
|  13|0x00000000ca100000, 0x00000000ca200000, 0x00000000ca200000|100%| O|  |TAMS 0x00000000ca100000, 0x00000000ca100000| Untracked 
|  14|0x00000000ca200000, 0x00000000ca300000, 0x00000000ca300000|100%| O|  |TAMS 0x00000000ca300000, 0x00000000ca200000| Untracked 
|  15|0x00000000ca300000, 0x00000000ca400000, 0x00000000ca400000|100%| O|  |TAMS 0x00000000ca400000, 0x00000000ca300000| Untracked 
|  16|0x00000000ca400000, 0x00000000ca500000, 0x00000000ca500000|100%| O|  |TAMS 0x00000000ca400000, 0x00000000ca400000| Untracked 
|  17|0x00000000ca500000, 0x00000000ca600000, 0x00000000ca600000|100%| O|  |TAMS 0x00000000ca500000, 0x00000000ca500000| Untracked 
|  18|0x00000000ca600000, 0x00000000ca700000, 0x00000000ca700000|100%| O|  |TAMS 0x00000000ca600000, 0x00000000ca600000| Untracked 
|  19|0x00000000ca700000, 0x00000000ca700000, 0x00000000ca800000|  0%| F|  |TAMS 0x00000000ca700000, 0x00000000ca700000| Untracked 
|  20|0x00000000ca800000, 0x00000000ca900000, 0x00000000ca900000|100%| O|  |TAMS 0x00000000ca800000, 0x00000000ca800000| Untracked 
|  21|0x00000000ca900000, 0x00000000caa00000, 0x00000000caa00000|100%| O|  |TAMS 0x00000000caa00000, 0x00000000ca900000| Untracked 
|  22|0x00000000caa00000, 0x00000000cab00000, 0x00000000cab00000|100%| O|  |TAMS 0x00000000cab00000, 0x00000000caa00000| Untracked 
|  23|0x00000000cab00000, 0x00000000cac00000, 0x00000000cac00000|100%| O|  |TAMS 0x00000000cac00000, 0x00000000cab00000| Untracked 
|  24|0x00000000cac00000, 0x00000000cad00000, 0x00000000cad00000|100%| O|  |TAMS 0x00000000cac00000, 0x00000000cac00000| Untracked 
|  25|0x00000000cad00000, 0x00000000cae00000, 0x00000000cae00000|100%| O|  |TAMS 0x00000000cad00000, 0x00000000cad00000| Untracked 
|  26|0x00000000cae00000, 0x00000000caf00000, 0x00000000caf00000|100%| O|  |TAMS 0x00000000caf00000, 0x00000000cae00000| Untracked 
|  27|0x00000000caf00000, 0x00000000caf74400, 0x00000000cb000000| 45%| O|  |TAMS 0x00000000caf00000, 0x00000000caf00000| Untracked 
|  28|0x00000000cb000000, 0x00000000cb000000, 0x00000000cb100000|  0%| F|  |TAMS 0x00000000cb000000, 0x00000000cb000000| Untracked 
|  29|0x00000000cb100000, 0x00000000cb100000, 0x00000000cb200000|  0%| F|  |TAMS 0x00000000cb100000, 0x00000000cb100000| Untracked 
|  30|0x00000000cb200000, 0x00000000cb200000, 0x00000000cb300000|  0%| F|  |TAMS 0x00000000cb200000, 0x00000000cb200000| Untracked 
|  31|0x00000000cb300000, 0x00000000cb400000, 0x00000000cb400000|100%| O|  |TAMS 0x00000000cb400000, 0x00000000cb300000| Untracked 
|  32|0x00000000cb400000, 0x00000000cb500000, 0x00000000cb500000|100%| O|  |TAMS 0x00000000cb4ac800, 0x00000000cb400000| Untracked 
|  33|0x00000000cb500000, 0x00000000cb600000, 0x00000000cb600000|100%|HS|  |TAMS 0x00000000cb600000, 0x00000000cb500000| Complete 
|  34|0x00000000cb600000, 0x00000000cb700000, 0x00000000cb700000|100%| O|  |TAMS 0x00000000cb600000, 0x00000000cb600000| Untracked 
|  35|0x00000000cb700000, 0x00000000cb800000, 0x00000000cb800000|100%|HS|  |TAMS 0x00000000cb700000, 0x00000000cb700000| Complete 
|  36|0x00000000cb800000, 0x00000000cb800000, 0x00000000cb900000|  0%| F|  |TAMS 0x00000000cb800000, 0x00000000cb800000| Untracked 
|  37|0x00000000cb900000, 0x00000000cb900000, 0x00000000cba00000|  0%| F|  |TAMS 0x00000000cb900000, 0x00000000cb900000| Untracked 
|  38|0x00000000cba00000, 0x00000000cba00000, 0x00000000cbb00000|  0%| F|  |TAMS 0x00000000cba00000, 0x00000000cba00000| Untracked 
|  39|0x00000000cbb00000, 0x00000000cbc00000, 0x00000000cbc00000|100%| O|  |TAMS 0x00000000cbc00000, 0x00000000cbb00000| Untracked 
|  40|0x00000000cbc00000, 0x00000000cbd00000, 0x00000000cbd00000|100%|HS|  |TAMS 0x00000000cbc00000, 0x00000000cbc00000| Complete 
|  41|0x00000000cbd00000, 0x00000000cbe00000, 0x00000000cbe00000|100%|HC|  |TAMS 0x00000000cbd00000, 0x00000000cbd00000| Complete 
|  42|0x00000000cbe00000, 0x00000000cbf00000, 0x00000000cbf00000|100%| O|  |TAMS 0x00000000cbe00000, 0x00000000cbe00000| Untracked 
|  43|0x00000000cbf00000, 0x00000000cc000000, 0x00000000cc000000|100%| O|  |TAMS 0x00000000cbf00000, 0x00000000cbf00000| Untracked 
|  44|0x00000000cc000000, 0x00000000cc100000, 0x00000000cc100000|100%| O|  |TAMS 0x00000000cc000000, 0x00000000cc000000| Untracked 
|  45|0x00000000cc100000, 0x00000000cc200000, 0x00000000cc200000|100%| O|  |TAMS 0x00000000cc100000, 0x00000000cc100000| Untracked 
|  46|0x00000000cc200000, 0x00000000cc300000, 0x00000000cc300000|100%| O|  |TAMS 0x00000000cc200000, 0x00000000cc200000| Untracked 
|  47|0x00000000cc300000, 0x00000000cc400000, 0x00000000cc400000|100%| O|  |TAMS 0x00000000cc300000, 0x00000000cc300000| Untracked 
|  48|0x00000000cc400000, 0x00000000cc400000, 0x00000000cc500000|  0%| F|  |TAMS 0x00000000cc400000, 0x00000000cc400000| Untracked 
|  49|0x00000000cc500000, 0x00000000cc500000, 0x00000000cc600000|  0%| F|  |TAMS 0x00000000cc500000, 0x00000000cc500000| Untracked 
|  50|0x00000000cc600000, 0x00000000cc600000, 0x00000000cc700000|  0%| F|  |TAMS 0x00000000cc600000, 0x00000000cc600000| Untracked 
|  51|0x00000000cc700000, 0x00000000cc800000, 0x00000000cc800000|100%| O|  |TAMS 0x00000000cc700000, 0x00000000cc700000| Untracked 
|  52|0x00000000cc800000, 0x00000000cc900000, 0x00000000cc900000|100%| O|  |TAMS 0x00000000cc800000, 0x00000000cc800000| Untracked 
|  53|0x00000000cc900000, 0x00000000cca00000, 0x00000000cca00000|100%| O|  |TAMS 0x00000000cc900000, 0x00000000cc900000| Untracked 
|  54|0x00000000cca00000, 0x00000000ccb00000, 0x00000000ccb00000|100%| O|  |TAMS 0x00000000cca00000, 0x00000000cca00000| Untracked 
|  55|0x00000000ccb00000, 0x00000000ccb00000, 0x00000000ccc00000|  0%| F|  |TAMS 0x00000000ccb00000, 0x00000000ccb00000| Untracked 
|  56|0x00000000ccc00000, 0x00000000ccc00000, 0x00000000ccd00000|  0%| F|  |TAMS 0x00000000ccc00000, 0x00000000ccc00000| Untracked 
|  57|0x00000000ccd00000, 0x00000000ccd00000, 0x00000000cce00000|  0%| F|  |TAMS 0x00000000ccd00000, 0x00000000ccd00000| Untracked 
|  58|0x00000000cce00000, 0x00000000cce00000, 0x00000000ccf00000|  0%| F|  |TAMS 0x00000000cce00000, 0x00000000cce00000| Untracked 
|  59|0x00000000ccf00000, 0x00000000ccf00000, 0x00000000cd000000|  0%| F|  |TAMS 0x00000000ccf00000, 0x00000000ccf00000| Untracked 
|  60|0x00000000cd000000, 0x00000000cd000000, 0x00000000cd100000|  0%| F|  |TAMS 0x00000000cd000000, 0x00000000cd000000| Untracked 
|  61|0x00000000cd100000, 0x00000000cd100000, 0x00000000cd200000|  0%| F|  |TAMS 0x00000000cd100000, 0x00000000cd100000| Untracked 
|  62|0x00000000cd200000, 0x00000000cd200000, 0x00000000cd300000|  0%| F|  |TAMS 0x00000000cd200000, 0x00000000cd200000| Untracked 
|  63|0x00000000cd300000, 0x00000000cd300000, 0x00000000cd400000|  0%| F|  |TAMS 0x00000000cd300000, 0x00000000cd300000| Untracked 
|  64|0x00000000cd400000, 0x00000000cd400000, 0x00000000cd500000|  0%| F|  |TAMS 0x00000000cd400000, 0x00000000cd400000| Untracked 
|  65|0x00000000cd500000, 0x00000000cd500000, 0x00000000cd600000|  0%| F|  |TAMS 0x00000000cd500000, 0x00000000cd500000| Untracked 
|  66|0x00000000cd600000, 0x00000000cd600000, 0x00000000cd700000|  0%| F|  |TAMS 0x00000000cd600000, 0x00000000cd600000| Untracked 
|  67|0x00000000cd700000, 0x00000000cd700000, 0x00000000cd800000|  0%| F|  |TAMS 0x00000000cd700000, 0x00000000cd700000| Untracked 
|  68|0x00000000cd800000, 0x00000000cd800000, 0x00000000cd900000|  0%| F|  |TAMS 0x00000000cd800000, 0x00000000cd800000| Untracked 
|  69|0x00000000cd900000, 0x00000000cd900000, 0x00000000cda00000|  0%| F|  |TAMS 0x00000000cd900000, 0x00000000cd900000| Untracked 
|  70|0x00000000cda00000, 0x00000000cda00000, 0x00000000cdb00000|  0%| F|  |TAMS 0x00000000cda00000, 0x00000000cda00000| Untracked 
|  71|0x00000000cdb00000, 0x00000000cdb00000, 0x00000000cdc00000|  0%| F|  |TAMS 0x00000000cdb00000, 0x00000000cdb00000| Untracked 
|  72|0x00000000cdc00000, 0x00000000cdc00000, 0x00000000cdd00000|  0%| F|  |TAMS 0x00000000cdc00000, 0x00000000cdc00000| Untracked 
|  73|0x00000000cdd00000, 0x00000000cdd00000, 0x00000000cde00000|  0%| F|  |TAMS 0x00000000cdd00000, 0x00000000cdd00000| Untracked 
|  74|0x00000000cde00000, 0x00000000cde00000, 0x00000000cdf00000|  0%| F|  |TAMS 0x00000000cde00000, 0x00000000cde00000| Untracked 
|  75|0x00000000cdf00000, 0x00000000cdf00000, 0x00000000ce000000|  0%| F|  |TAMS 0x00000000cdf00000, 0x00000000cdf00000| Untracked 
|  76|0x00000000ce000000, 0x00000000ce000000, 0x00000000ce100000|  0%| F|  |TAMS 0x00000000ce000000, 0x00000000ce000000| Untracked 
|  77|0x00000000ce100000, 0x00000000ce100000, 0x00000000ce200000|  0%| F|  |TAMS 0x00000000ce100000, 0x00000000ce100000| Untracked 
|  78|0x00000000ce200000, 0x00000000ce200000, 0x00000000ce300000|  0%| F|  |TAMS 0x00000000ce200000, 0x00000000ce200000| Untracked 
|  79|0x00000000ce300000, 0x00000000ce300000, 0x00000000ce400000|  0%| F|  |TAMS 0x00000000ce300000, 0x00000000ce300000| Untracked 
|  80|0x00000000ce400000, 0x00000000ce400000, 0x00000000ce500000|  0%| F|  |TAMS 0x00000000ce400000, 0x00000000ce400000| Untracked 
|  81|0x00000000ce500000, 0x00000000ce500000, 0x00000000ce600000|  0%| F|  |TAMS 0x00000000ce500000, 0x00000000ce500000| Untracked 
|  82|0x00000000ce600000, 0x00000000ce600000, 0x00000000ce700000|  0%| F|  |TAMS 0x00000000ce600000, 0x00000000ce600000| Untracked 
|  83|0x00000000ce700000, 0x00000000ce700000, 0x00000000ce800000|  0%| F|  |TAMS 0x00000000ce700000, 0x00000000ce700000| Untracked 
|  84|0x00000000ce800000, 0x00000000ce800000, 0x00000000ce900000|  0%| F|  |TAMS 0x00000000ce800000, 0x00000000ce800000| Untracked 
|  85|0x00000000ce900000, 0x00000000ce900000, 0x00000000cea00000|  0%| F|  |TAMS 0x00000000ce900000, 0x00000000ce900000| Untracked 
|  86|0x00000000cea00000, 0x00000000cea00000, 0x00000000ceb00000|  0%| F|  |TAMS 0x00000000cea00000, 0x00000000cea00000| Untracked 
|  87|0x00000000ceb00000, 0x00000000ceb00000, 0x00000000cec00000|  0%| F|  |TAMS 0x00000000ceb00000, 0x00000000ceb00000| Untracked 
|  88|0x00000000cec00000, 0x00000000cec00000, 0x00000000ced00000|  0%| F|  |TAMS 0x00000000cec00000, 0x00000000cec00000| Untracked 
|  89|0x00000000ced00000, 0x00000000ced00000, 0x00000000cee00000|  0%| F|  |TAMS 0x00000000ced00000, 0x00000000ced00000| Untracked 
|  90|0x00000000cee00000, 0x00000000cee00000, 0x00000000cef00000|  0%| F|  |TAMS 0x00000000cee00000, 0x00000000cee00000| Untracked 
|  91|0x00000000cef00000, 0x00000000cef00000, 0x00000000cf000000|  0%| F|  |TAMS 0x00000000cef00000, 0x00000000cef00000| Untracked 
|  92|0x00000000cf000000, 0x00000000cf000000, 0x00000000cf100000|  0%| F|  |TAMS 0x00000000cf000000, 0x00000000cf000000| Untracked 
|  93|0x00000000cf100000, 0x00000000cf100000, 0x00000000cf200000|  0%| F|  |TAMS 0x00000000cf100000, 0x00000000cf100000| Untracked 
|  94|0x00000000cf200000, 0x00000000cf200000, 0x00000000cf300000|  0%| F|  |TAMS 0x00000000cf200000, 0x00000000cf200000| Untracked 
|  95|0x00000000cf300000, 0x00000000cf3d5c18, 0x00000000cf400000| 83%| S|CS|TAMS 0x00000000cf300000, 0x00000000cf300000| Complete 
|  96|0x00000000cf400000, 0x00000000cf400000, 0x00000000cf500000|  0%| F|  |TAMS 0x00000000cf400000, 0x00000000cf400000| Untracked 
|  97|0x00000000cf500000, 0x00000000cf500000, 0x00000000cf600000|  0%| F|  |TAMS 0x00000000cf500000, 0x00000000cf500000| Untracked 
|  98|0x00000000cf600000, 0x00000000cf600000, 0x00000000cf700000|  0%| F|  |TAMS 0x00000000cf600000, 0x00000000cf600000| Untracked 
|  99|0x00000000cf700000, 0x00000000cf700000, 0x00000000cf800000|  0%| F|  |TAMS 0x00000000cf700000, 0x00000000cf700000| Untracked 
| 100|0x00000000cf800000, 0x00000000cf800000, 0x00000000cf900000|  0%| F|  |TAMS 0x00000000cf800000, 0x00000000cf800000| Untracked 
| 101|0x00000000cf900000, 0x00000000cfa00000, 0x00000000cfa00000|100%| S|CS|TAMS 0x00000000cf900000, 0x00000000cf900000| Complete 
| 102|0x00000000cfa00000, 0x00000000cfa00000, 0x00000000cfb00000|  0%| F|  |TAMS 0x00000000cfa00000, 0x00000000cfa00000| Untracked 
| 103|0x00000000cfb00000, 0x00000000cfb00000, 0x00000000cfc00000|  0%| F|  |TAMS 0x00000000cfb00000, 0x00000000cfb00000| Untracked 
| 104|0x00000000cfc00000, 0x00000000cfc00000, 0x00000000cfd00000|  0%| F|  |TAMS 0x00000000cfc00000, 0x00000000cfc00000| Untracked 
| 105|0x00000000cfd00000, 0x00000000cfd00000, 0x00000000cfe00000|  0%| F|  |TAMS 0x00000000cfd00000, 0x00000000cfd00000| Untracked 
| 106|0x00000000cfe00000, 0x00000000cfe00000, 0x00000000cff00000|  0%| F|  |TAMS 0x00000000cfe00000, 0x00000000cfe00000| Untracked 
| 107|0x00000000cff00000, 0x00000000cff00000, 0x00000000d0000000|  0%| F|  |TAMS 0x00000000cff00000, 0x00000000cff00000| Untracked 
| 108|0x00000000d0000000, 0x00000000d0000000, 0x00000000d0100000|  0%| F|  |TAMS 0x00000000d0000000, 0x00000000d0000000| Untracked 
| 109|0x00000000d0100000, 0x00000000d0100000, 0x00000000d0200000|  0%| F|  |TAMS 0x00000000d0100000, 0x00000000d0100000| Untracked 
| 110|0x00000000d0200000, 0x00000000d0200000, 0x00000000d0300000|  0%| F|  |TAMS 0x00000000d0200000, 0x00000000d0200000| Untracked 
| 111|0x00000000d0300000, 0x00000000d0300000, 0x00000000d0400000|  0%| F|  |TAMS 0x00000000d0300000, 0x00000000d0300000| Untracked 
| 112|0x00000000d0400000, 0x00000000d0400000, 0x00000000d0500000|  0%| F|  |TAMS 0x00000000d0400000, 0x00000000d0400000| Untracked 
| 113|0x00000000d0500000, 0x00000000d0500000, 0x00000000d0600000|  0%| F|  |TAMS 0x00000000d0500000, 0x00000000d0500000| Untracked 
| 114|0x00000000d0600000, 0x00000000d0600000, 0x00000000d0700000|  0%| F|  |TAMS 0x00000000d0600000, 0x00000000d0600000| Untracked 
| 115|0x00000000d0700000, 0x00000000d0700000, 0x00000000d0800000|  0%| F|  |TAMS 0x00000000d0700000, 0x00000000d0700000| Untracked 
| 116|0x00000000d0800000, 0x00000000d0800000, 0x00000000d0900000|  0%| F|  |TAMS 0x00000000d0800000, 0x00000000d0800000| Untracked 
| 117|0x00000000d0900000, 0x00000000d0900000, 0x00000000d0a00000|  0%| F|  |TAMS 0x00000000d0900000, 0x00000000d0900000| Untracked 
| 118|0x00000000d0a00000, 0x00000000d0a00000, 0x00000000d0b00000|  0%| F|  |TAMS 0x00000000d0a00000, 0x00000000d0a00000| Untracked 
| 119|0x00000000d0b00000, 0x00000000d0b00000, 0x00000000d0c00000|  0%| F|  |TAMS 0x00000000d0b00000, 0x00000000d0b00000| Untracked 
| 120|0x00000000d0c00000, 0x00000000d0c78e28, 0x00000000d0d00000| 47%| E|  |TAMS 0x00000000d0c00000, 0x00000000d0c00000| Complete 
| 121|0x00000000d0d00000, 0x00000000d0e00000, 0x00000000d0e00000|100%| E|CS|TAMS 0x00000000d0d00000, 0x00000000d0d00000| Complete 
| 122|0x00000000d0e00000, 0x00000000d0f00000, 0x00000000d0f00000|100%| E|CS|TAMS 0x00000000d0e00000, 0x00000000d0e00000| Complete 
| 123|0x00000000d0f00000, 0x00000000d1000000, 0x00000000d1000000|100%| E|CS|TAMS 0x00000000d0f00000, 0x00000000d0f00000| Complete 
| 124|0x00000000d1000000, 0x00000000d1100000, 0x00000000d1100000|100%| E|CS|TAMS 0x00000000d1000000, 0x00000000d1000000| Complete 
| 125|0x00000000d1100000, 0x00000000d1200000, 0x00000000d1200000|100%| E|CS|TAMS 0x00000000d1100000, 0x00000000d1100000| Complete 
| 126|0x00000000d1200000, 0x00000000d1300000, 0x00000000d1300000|100%| E|CS|TAMS 0x00000000d1200000, 0x00000000d1200000| Complete 
| 127|0x00000000d1300000, 0x00000000d1400000, 0x00000000d1400000|100%| E|CS|TAMS 0x00000000d1300000, 0x00000000d1300000| Complete 
| 128|0x00000000d1400000, 0x00000000d1500000, 0x00000000d1500000|100%| E|CS|TAMS 0x00000000d1400000, 0x00000000d1400000| Complete 
| 129|0x00000000d1500000, 0x00000000d1600000, 0x00000000d1600000|100%| E|CS|TAMS 0x00000000d1500000, 0x00000000d1500000| Complete 
| 130|0x00000000d1600000, 0x00000000d1700000, 0x00000000d1700000|100%| E|CS|TAMS 0x00000000d1600000, 0x00000000d1600000| Complete 
| 131|0x00000000d1700000, 0x00000000d1800000, 0x00000000d1800000|100%| E|CS|TAMS 0x00000000d1700000, 0x00000000d1700000| Complete 
| 132|0x00000000d1800000, 0x00000000d1900000, 0x00000000d1900000|100%| E|CS|TAMS 0x00000000d1800000, 0x00000000d1800000| Complete 
| 133|0x00000000d1900000, 0x00000000d1a00000, 0x00000000d1a00000|100%| E|CS|TAMS 0x00000000d1900000, 0x00000000d1900000| Complete 
| 134|0x00000000d1a00000, 0x00000000d1b00000, 0x00000000d1b00000|100%| E|CS|TAMS 0x00000000d1a00000, 0x00000000d1a00000| Complete 
| 135|0x00000000d1b00000, 0x00000000d1c00000, 0x00000000d1c00000|100%| E|CS|TAMS 0x00000000d1b00000, 0x00000000d1b00000| Complete 
| 136|0x00000000d1c00000, 0x00000000d1d00000, 0x00000000d1d00000|100%| E|CS|TAMS 0x00000000d1c00000, 0x00000000d1c00000| Complete 
| 137|0x00000000d1d00000, 0x00000000d1e00000, 0x00000000d1e00000|100%| E|CS|TAMS 0x00000000d1d00000, 0x00000000d1d00000| Complete 
| 138|0x00000000d1e00000, 0x00000000d1f00000, 0x00000000d1f00000|100%| E|CS|TAMS 0x00000000d1e00000, 0x00000000d1e00000| Complete 
| 873|0x00000000ffd00000, 0x00000000ffe00000, 0x00000000ffe00000|100%| O|  |TAMS 0x00000000ffd00000, 0x00000000ffd00000| Untracked 
| 874|0x00000000ffe00000, 0x00000000fff00000, 0x00000000fff00000|100%| O|  |TAMS 0x00000000ffe00000, 0x00000000ffe00000| Untracked 
| 875|0x00000000fff00000, 0x0000000100000000, 0x0000000100000000|100%| O|  |TAMS 0x0000000100000000, 0x00000000fff00000| Untracked 

Card table byte_map: [0x000001ce7c170000,0x000001ce7c330000] _byte_map_base: 0x000001ce7bb26000

Marking Bits (Prev, Next): (CMBitMap*) 0x000001ce72b26c90, (CMBitMap*) 0x000001ce72b26c50
 Prev Bits: [0x000001ce7d2a0000, 0x000001ce7e050000)
 Next Bits: [0x000001ce7c4f0000, 0x000001ce7d2a0000)

Polling page: 0x000001ce72920000

Metaspace:

Usage:
  Non-class:     29.90 MB used.
      Class:      3.87 MB used.
       Both:     33.76 MB used.

Virtual space:
  Non-class space:       32.00 MB reserved,      30.12 MB ( 94%) committed,  4 nodes.
      Class space:        1.00 GB reserved,       4.06 MB ( <1%) committed,  1 nodes.
             Both:        1.03 GB reserved,      34.19 MB (  3%) committed. 

Chunk freelists:
   Non-Class:  1.67 MB
       Class:  3.94 MB
        Both:  5.61 MB

MaxMetaspaceSize: unlimited
CompressedClassSpaceSize: 1.00 GB
Initial GC threshold: 21.00 MB
Current GC threshold: 49.69 MB
CDS: on
MetaspaceReclaimPolicy: balanced
 - commit_granule_bytes: 65536.
 - commit_granule_words: 8192.
 - virtual_space_node_default_size: 1048576.
 - enlarge_chunks_in_place: 1.
 - new_chunks_are_fully_committed: 0.
 - uncommit_free_chunks: 1.
 - use_allocation_guard: 0.
 - handle_deallocations: 1.


Internal statistics:

num_allocs_failed_limit: 3.
num_arena_births: 250.
num_arena_deaths: 0.
num_vsnodes_births: 5.
num_vsnodes_deaths: 0.
num_space_committed: 547.
num_space_uncommitted: 0.
num_chunks_returned_to_freelist: 3.
num_chunks_taken_from_freelist: 1531.
num_chunk_merges: 3.
num_chunk_splits: 1064.
num_chunks_enlarged: 826.
num_purges: 0.
num_inconsistent_stats: 0.

CodeHeap 'non-profiled nmethods': size=120064Kb used=3317Kb max_used=3317Kb free=116746Kb
 bounds [0x000001ce07ac0000, 0x000001ce07e00000, 0x000001ce0f000000]
CodeHeap 'profiled nmethods': size=120000Kb used=14418Kb max_used=14418Kb free=105581Kb
 bounds [0x000001ce00000000, 0x000001ce00e20000, 0x000001ce07530000]
CodeHeap 'non-nmethods': size=5696Kb used=1244Kb max_used=1260Kb free=4451Kb
 bounds [0x000001ce07530000, 0x000001ce077a0000, 0x000001ce07ac0000]
 total_blobs=6969 nmethods=6413 adapters=468
 compilation: enabled
              stopped_count=0, restarted_count=0
 full_count=0

Compilation events (20 events):
Event: 18.876 Thread 0x000001ce7e3b6c10 nmethod 7317 0x000001ce00e11110 code [0x000001ce00e112e0, 0x000001ce00e117c8]
Event: 18.876 Thread 0x000001ce7e3b6c10 7318       3       java.lang.ProcessEnvironment$CheckedEntry::getKey (5 bytes)
Event: 18.877 Thread 0x000001ce7e3b6c10 nmethod 7318 0x000001ce00e11990 code [0x000001ce00e11b40, 0x000001ce00e11e68]
Event: 18.877 Thread 0x000001ce7e3b6c10 7319       3       java.lang.ProcessEnvironment$CheckedEntry::getKey (13 bytes)
Event: 18.877 Thread 0x000001ce7e3b6c10 nmethod 7319 0x000001ce00e11f90 code [0x000001ce00e12140, 0x000001ce00e12408]
Event: 18.877 Thread 0x000001ce7e3b6c10 7320       3       java.lang.ProcessEnvironment$EntryComparator::compare (13 bytes)
Event: 18.877 Thread 0x000001ce7e3b6c10 nmethod 7320 0x000001ce00e12510 code [0x000001ce00e12700, 0x000001ce00e12e68]
Event: 18.877 Thread 0x000001ce7e3b6c10 7322       3       java.lang.ProcessEnvironment$CheckedEntry::getValue (5 bytes)
Event: 18.877 Thread 0x000001ce7e3b6c10 nmethod 7322 0x000001ce00e13010 code [0x000001ce00e131c0, 0x000001ce00e13508]
Event: 18.877 Thread 0x000001ce7e3b6c10 7321       3       java.lang.ProcessEnvironment$EntryComparator::compare (25 bytes)
Event: 18.877 Thread 0x000001ce7e3b6c10 nmethod 7321 0x000001ce00e13610 code [0x000001ce00e137e0, 0x000001ce00e13cc8]
Event: 19.153 Thread 0x000001ce7e3b6c10 7326       3       java.lang.invoke.InvokerBytecodeGenerator::getInternalName (103 bytes)
Event: 19.153 Thread 0x000001ce7e3b6c10 nmethod 7326 0x000001ce00e13e10 code [0x000001ce00e14020, 0x000001ce00e14578]
Event: 19.157 Thread 0x000001ce7e3b5160 7327   !   4       org.codehaus.plexus.classworlds.realm.ClassRealm::loadClass (33 bytes)
Event: 19.254 Thread 0x000001ce7e3b6c10 7329       3       java.util.AbstractList::listIterator (6 bytes)
Event: 19.254 Thread 0x000001ce7e3b6c10 nmethod 7329 0x000001ce00e14690 code [0x000001ce00e14840, 0x000001ce00e14a08]
Event: 19.276 Thread 0x000001ce7e3b6c10 7331       1       java.util.concurrent.atomic.AtomicInteger::get (5 bytes)
Event: 19.277 Thread 0x000001ce7e3b6c10 nmethod 7331 0x000001ce07dfd390 code [0x000001ce07dfd520, 0x000001ce07dfd5f8]
Event: 19.307 Thread 0x000001ce7e3b6c10 7332       3       java.lang.AbstractStringBuilder::append (45 bytes)
Event: 19.307 Thread 0x000001ce7e3b6c10 nmethod 7332 0x000001ce00e14a90 code [0x000001ce00e14c60, 0x000001ce00e14fa8]

GC Heap History (20 events):
Event: 10.979 GC heap before
{Heap before GC invocations=11 (full 0):
 garbage-first heap   total 70656K, used 52349K [0x00000000c9400000, 0x0000000100000000)
  region size 1024K, 19 young (19456K), 4 survivors (4096K)
 Metaspace       used 26177K, committed 26496K, reserved 1073152K
  class space    used 3021K, committed 3200K, reserved 1048576K
}
Event: 10.987 GC heap after
{Heap after GC invocations=12 (full 0):
 garbage-first heap   total 70656K, used 40448K [0x00000000c9400000, 0x0000000100000000)
  region size 1024K, 3 young (3072K), 3 survivors (3072K)
 Metaspace       used 26177K, committed 26496K, reserved 1073152K
  class space    used 3021K, committed 3200K, reserved 1048576K
}
Event: 11.935 GC heap before
{Heap before GC invocations=13 (full 0):
 garbage-first heap   total 70656K, used 50688K [0x00000000c9400000, 0x0000000100000000)
  region size 1024K, 16 young (16384K), 3 survivors (3072K)
 Metaspace       used 27135K, committed 27456K, reserved 1081344K
  class space    used 3133K, committed 3264K, reserved 1048576K
}
Event: 11.965 GC heap after
{Heap after GC invocations=14 (full 0):
 garbage-first heap   total 70656K, used 39602K [0x00000000c9400000, 0x0000000100000000)
  region size 1024K, 1 young (1024K), 1 survivors (1024K)
 Metaspace       used 27135K, committed 27456K, reserved 1081344K
  class space    used 3133K, committed 3264K, reserved 1048576K
}
Event: 12.818 GC heap before
{Heap before GC invocations=14 (full 0):
 garbage-first heap   total 70656K, used 53938K [0x00000000c9400000, 0x0000000100000000)
  region size 1024K, 16 young (16384K), 1 survivors (1024K)
 Metaspace       used 28197K, committed 28480K, reserved 1081344K
  class space    used 3242K, committed 3392K, reserved 1048576K
}
Event: 12.960 GC heap after
{Heap after GC invocations=15 (full 0):
 garbage-first heap   total 70656K, used 39855K [0x00000000c9400000, 0x0000000100000000)
  region size 1024K, 2 young (2048K), 2 survivors (2048K)
 Metaspace       used 28197K, committed 28480K, reserved 1081344K
  class space    used 3242K, committed 3392K, reserved 1048576K
}
Event: 13.862 GC heap before
{Heap before GC invocations=16 (full 0):
 garbage-first heap   total 70656K, used 53167K [0x00000000c9400000, 0x0000000100000000)
  region size 1024K, 17 young (17408K), 2 survivors (2048K)
 Metaspace       used 29463K, committed 29760K, reserved 1081344K
  class space    used 3384K, committed 3520K, reserved 1048576K
}
Event: 13.867 GC heap after
{Heap after GC invocations=17 (full 0):
 garbage-first heap   total 70656K, used 40474K [0x00000000c9400000, 0x0000000100000000)
  region size 1024K, 2 young (2048K), 2 survivors (2048K)
 Metaspace       used 29463K, committed 29760K, reserved 1081344K
  class space    used 3384K, committed 3520K, reserved 1048576K
}
Event: 14.683 GC heap before
{Heap before GC invocations=18 (full 0):
 garbage-first heap   total 70656K, used 49690K [0x00000000c9400000, 0x0000000100000000)
  region size 1024K, 12 young (12288K), 2 survivors (2048K)
 Metaspace       used 30197K, committed 30528K, reserved 1081344K
  class space    used 3483K, committed 3648K, reserved 1048576K
}
Event: 14.688 GC heap after
{Heap after GC invocations=19 (full 0):
 garbage-first heap   total 70656K, used 41111K [0x00000000c9400000, 0x0000000100000000)
  region size 1024K, 2 young (2048K), 2 survivors (2048K)
 Metaspace       used 30197K, committed 30528K, reserved 1081344K
  class space    used 3483K, committed 3648K, reserved 1048576K
}
Event: 14.960 GC heap before
{Heap before GC invocations=20 (full 0):
 garbage-first heap   total 70656K, used 59543K [0x00000000c9400000, 0x0000000100000000)
  region size 1024K, 17 young (17408K), 2 survivors (2048K)
 Metaspace       used 30261K, committed 30592K, reserved 1081344K
  class space    used 3483K, committed 3648K, reserved 1048576K
}
Event: 14.970 GC heap after
{Heap after GC invocations=21 (full 0):
 garbage-first heap   total 72704K, used 54402K [0x00000000c9400000, 0x0000000100000000)
  region size 1024K, 3 young (3072K), 3 survivors (3072K)
 Metaspace       used 30261K, committed 30592K, reserved 1081344K
  class space    used 3483K, committed 3648K, reserved 1048576K
}
Event: 14.978 GC heap before
{Heap before GC invocations=21 (full 0):
 garbage-first heap   total 72704K, used 55426K [0x00000000c9400000, 0x0000000100000000)
  region size 1024K, 4 young (4096K), 3 survivors (3072K)
 Metaspace       used 30261K, committed 30592K, reserved 1081344K
  class space    used 3483K, committed 3648K, reserved 1048576K
}
Event: 14.983 GC heap after
{Heap after GC invocations=22 (full 0):
 garbage-first heap   total 72704K, used 46836K [0x00000000c9400000, 0x0000000100000000)
  region size 1024K, 1 young (1024K), 1 survivors (1024K)
 Metaspace       used 30261K, committed 30592K, reserved 1081344K
  class space    used 3483K, committed 3648K, reserved 1048576K
}
Event: 15.016 GC heap before
{Heap before GC invocations=22 (full 0):
 garbage-first heap   total 72704K, used 47860K [0x00000000c9400000, 0x0000000100000000)
  region size 1024K, 3 young (3072K), 1 survivors (1024K)
 Metaspace       used 30263K, committed 30592K, reserved 1081344K
  class space    used 3483K, committed 3648K, reserved 1048576K
}
Event: 15.019 GC heap after
{Heap after GC invocations=23 (full 0):
 garbage-first heap   total 145408K, used 43912K [0x00000000c9400000, 0x0000000100000000)
  region size 1024K, 1 young (1024K), 1 survivors (1024K)
 Metaspace       used 30263K, committed 30592K, reserved 1081344K
  class space    used 3483K, committed 3648K, reserved 1048576K
}
Event: 16.592 GC heap before
{Heap before GC invocations=23 (full 0):
 garbage-first heap   total 145408K, used 81800K [0x00000000c9400000, 0x0000000100000000)
  region size 1024K, 39 young (39936K), 1 survivors (1024K)
 Metaspace       used 30995K, committed 31296K, reserved 1081344K
  class space    used 3572K, committed 3712K, reserved 1048576K
}
Event: 16.603 GC heap after
{Heap after GC invocations=24 (full 0):
 garbage-first heap   total 145408K, used 51530K [0x00000000c9400000, 0x0000000100000000)
  region size 1024K, 5 young (5120K), 5 survivors (5120K)
 Metaspace       used 30995K, committed 31296K, reserved 1081344K
  class space    used 3572K, committed 3712K, reserved 1048576K
}
Event: 17.950 GC heap before
{Heap before GC invocations=24 (full 0):
 garbage-first heap   total 145408K, used 88394K [0x00000000c9400000, 0x0000000100000000)
  region size 1024K, 42 young (43008K), 5 survivors (5120K)
 Metaspace       used 32230K, committed 32576K, reserved 1081344K
  class space    used 3695K, committed 3840K, reserved 1048576K
}
Event: 17.957 GC heap after
{Heap after GC invocations=25 (full 0):
 garbage-first heap   total 145408K, used 50472K [0x00000000c9400000, 0x0000000100000000)
  region size 1024K, 2 young (2048K), 2 survivors (2048K)
 Metaspace       used 32230K, committed 32576K, reserved 1081344K
  class space    used 3695K, committed 3840K, reserved 1048576K
}

Deoptimization events (20 events):
Event: 19.295 Thread 0x000001ce1186aed0 Uncommon trap: trap_request=0xffffff45 fr.pc=0x000001ce07bb6130 relative=0x00000000000004f0
Event: 19.295 Thread 0x000001ce1186aed0 Uncommon trap: reason=unstable_if action=reinterpret pc=0x000001ce07bb6130 method=java.lang.AbstractStringBuilder.putStringAt(ILjava/lang/String;II)V @ 8 c2
Event: 19.295 Thread 0x000001ce1186aed0 DEOPT PACKING pc=0x000001ce07bb6130 sp=0x00000084894ff090
Event: 19.295 Thread 0x000001ce1186aed0 DEOPT UNPACKING pc=0x000001ce075823a3 sp=0x00000084894fef80 mode 2
Event: 19.295 Thread 0x000001ce1186aed0 Uncommon trap: trap_request=0xffffff45 fr.pc=0x000001ce07b689f4 relative=0x00000000000003d4
Event: 19.295 Thread 0x000001ce1186aed0 Uncommon trap: reason=unstable_if action=reinterpret pc=0x000001ce07b689f4 method=java.lang.StringBuilder.toString()Ljava/lang/String; @ 4 c2
Event: 19.295 Thread 0x000001ce1186aed0 DEOPT PACKING pc=0x000001ce07b689f4 sp=0x00000084894ff110
Event: 19.295 Thread 0x000001ce1186aed0 DEOPT UNPACKING pc=0x000001ce075823a3 sp=0x00000084894ff0f0 mode 2
Event: 19.295 Thread 0x000001ce1186aed0 Uncommon trap: trap_request=0xffffff76 fr.pc=0x000001ce07cb2124 relative=0x0000000000001cc4
Event: 19.295 Thread 0x000001ce1186aed0 Uncommon trap: reason=predicate action=maybe_recompile pc=0x000001ce07cb2124 method=java.util.regex.Pattern.compile()V @ 78 c2
Event: 19.295 Thread 0x000001ce1186aed0 DEOPT PACKING pc=0x000001ce07cb2124 sp=0x00000084894ff100
Event: 19.295 Thread 0x000001ce1186aed0 DEOPT UNPACKING pc=0x000001ce075823a3 sp=0x00000084894ff0e0 mode 2
Event: 19.295 Thread 0x000001ce1186aed0 Uncommon trap: trap_request=0xffffff45 fr.pc=0x000001ce07c9bf80 relative=0x0000000000000080
Event: 19.295 Thread 0x000001ce1186aed0 Uncommon trap: reason=unstable_if action=reinterpret pc=0x000001ce07c9bf80 method=java.lang.String.codePointAt(I)I @ 4 c2
Event: 19.295 Thread 0x000001ce1186aed0 DEOPT PACKING pc=0x000001ce07c9bf80 sp=0x00000084894ff0c0
Event: 19.295 Thread 0x000001ce1186aed0 DEOPT UNPACKING pc=0x000001ce075823a3 sp=0x00000084894ff068 mode 2
Event: 19.295 Thread 0x000001ce1186aed0 Uncommon trap: trap_request=0xffffffc6 fr.pc=0x000001ce07c29304 relative=0x0000000000000264
Event: 19.295 Thread 0x000001ce1186aed0 Uncommon trap: reason=bimorphic_or_optimized_type_check action=maybe_recompile pc=0x000001ce07c29304 method=java.util.regex.Matcher.getTextLength()I @ 4 c2
Event: 19.295 Thread 0x000001ce1186aed0 DEOPT PACKING pc=0x000001ce07c29304 sp=0x00000084894ff170
Event: 19.295 Thread 0x000001ce1186aed0 DEOPT UNPACKING pc=0x000001ce075823a3 sp=0x00000084894ff0a0 mode 2

Classes unloaded (0 events):
No events

Classes redefined (0 events):
No events

Internal exceptions (20 events):
Event: 17.196 Thread 0x000001ce72aefd80 Exception <a 'sun/nio/fs/WindowsException'{0x00000000d15af2a0}> (0x00000000d15af2a0) 
thrown [s\open\src\hotspot\share\prims\jni.cpp, line 516]
Event: 17.196 Thread 0x000001ce72aefd80 Exception <a 'sun/nio/fs/WindowsException'{0x00000000d15af6d0}> (0x00000000d15af6d0) 
thrown [s\open\src\hotspot\share\prims\jni.cpp, line 516]
Event: 17.196 Thread 0x000001ce72aefd80 Exception <a 'sun/nio/fs/WindowsException'{0x00000000d15b0758}> (0x00000000d15b0758) 
thrown [s\open\src\hotspot\share\prims\jni.cpp, line 516]
Event: 17.196 Thread 0x000001ce72aefd80 Exception <a 'sun/nio/fs/WindowsException'{0x00000000d15b0ae8}> (0x00000000d15b0ae8) 
thrown [s\open\src\hotspot\share\prims\jni.cpp, line 516]
Event: 17.253 Thread 0x000001ce72aefd80 Exception <a 'sun/nio/fs/WindowsException'{0x00000000d1485f18}> (0x00000000d1485f18) 
thrown [s\open\src\hotspot\share\prims\jni.cpp, line 516]
Event: 17.256 Thread 0x000001ce72aefd80 Exception <a 'sun/nio/fs/WindowsException'{0x00000000d149beb8}> (0x00000000d149beb8) 
thrown [s\open\src\hotspot\share\prims\jni.cpp, line 516]
Event: 17.260 Thread 0x000001ce72aefd80 Exception <a 'sun/nio/fs/WindowsException'{0x00000000d14b4b20}> (0x00000000d14b4b20) 
thrown [s\open\src\hotspot\share\prims\jni.cpp, line 516]
Event: 17.260 Thread 0x000001ce72aefd80 Exception <a 'sun/nio/fs/WindowsException'{0x00000000d14b5290}> (0x00000000d14b5290) 
thrown [s\open\src\hotspot\share\prims\jni.cpp, line 516]
Event: 17.260 Thread 0x000001ce72aefd80 Exception <a 'sun/nio/fs/WindowsException'{0x00000000d14b5850}> (0x00000000d14b5850) 
thrown [s\open\src\hotspot\share\prims\jni.cpp, line 516]
Event: 17.260 Thread 0x000001ce72aefd80 Exception <a 'sun/nio/fs/WindowsException'{0x00000000d14b5fb0}> (0x00000000d14b5fb0) 
thrown [s\open\src\hotspot\share\prims\jni.cpp, line 516]
Event: 17.260 Thread 0x000001ce72aefd80 Exception <a 'sun/nio/fs/WindowsException'{0x00000000d14b6320}> (0x00000000d14b6320) 
thrown [s\open\src\hotspot\share\prims\jni.cpp, line 516]
Event: 17.260 Thread 0x000001ce72aefd80 Exception <a 'sun/nio/fs/WindowsException'{0x00000000d14b6fe8}> (0x00000000d14b6fe8) 
thrown [s\open\src\hotspot\share\prims\jni.cpp, line 516]
Event: 17.260 Thread 0x000001ce72aefd80 Exception <a 'sun/nio/fs/WindowsException'{0x00000000d14b7328}> (0x00000000d14b7328) 
thrown [s\open\src\hotspot\share\prims\jni.cpp, line 516]
Event: 17.260 Thread 0x000001ce72aefd80 Exception <a 'sun/nio/fs/WindowsException'{0x00000000d14b7fe8}> (0x00000000d14b7fe8) 
thrown [s\open\src\hotspot\share\prims\jni.cpp, line 516]
Event: 18.367 Thread 0x000001ce13382570 Exception <a 'java/lang/NoSuchMethodError'{0x00000000d1e1e808}: 'java.lang.Object java.lang.invoke.DirectMethodHandle$Holder.invokeStaticInit(java.lang.Object, java.lang.Object, long, java.lang.Object)'> (0x00000000d1e1e808) 
thrown [s\open\src\hotspot\share\interpreter\linkResolver.cpp, line 759]
Event: 18.367 Thread 0x000001ce13382570 Exception <a 'java/lang/NoSuchMethodError'{0x00000000d1e24f48}: 'java.lang.Object java.lang.invoke.DirectMethodHandle$Holder.newInvokeSpecial(java.lang.Object, java.lang.Object, long)'> (0x00000000d1e24f48) 
thrown [s\open\src\hotspot\share\interpreter\linkResolver.cpp, line 759]
Event: 18.367 Thread 0x000001ce13382570 Exception <a 'java/lang/NoSuchMethodError'{0x00000000d1e28ab8}: 'java.lang.Object java.lang.invoke.Invokers$Holder.linkToTargetMethod(java.lang.Object, long, java.lang.Object)'> (0x00000000d1e28ab8) 
thrown [s\open\src\hotspot\share\interpreter\linkResolver.cpp, line 759]
Event: 18.472 Thread 0x000001ce72aefd80 Exception <a 'java/lang/NoSuchMethodError'{0x00000000d1bdf298}: 'java.lang.Object java.lang.invoke.DirectMethodHandle$Holder.invokeStaticInit(java.lang.Object, java.lang.Object, int, int, int, int)'> (0x00000000d1bdf298) 
thrown [s\open\src\hotspot\share\interpreter\linkResolver.cpp, line 759]
Event: 19.153 Thread 0x000001ce72aefd80 Exception <a 'java/lang/NoSuchMethodError'{0x00000000d10f5a38}: 'void java.lang.invoke.DirectMethodHandle$Holder.invokeStatic(java.lang.Object, long)'> (0x00000000d10f5a38) 
thrown [s\open\src\hotspot\share\interpreter\linkResolver.cpp, line 759]
Event: 19.153 Thread 0x000001ce72aefd80 Exception <a 'java/lang/NoSuchMethodError'{0x00000000d10fb088}: 'java.lang.Object java.lang.invoke.DirectMethodHandle$Holder.newInvokeSpecial(java.lang.Object, long)'> (0x00000000d10fb088) 
thrown [s\open\src\hotspot\share\interpreter\linkResolver.cpp, line 759]

VM Operations (20 events):
Event: 17.932 Executing VM operation: G1CollectForAllocation
Event: 17.957 Executing VM operation: G1CollectForAllocation done
Event: 18.159 Executing VM operation: HandshakeAllThreads
Event: 18.160 Executing VM operation: HandshakeAllThreads done
Event: 18.173 Executing VM operation: HandshakeAllThreads
Event: 18.173 Executing VM operation: HandshakeAllThreads done
Event: 18.332 Executing VM operation: HandshakeAllThreads
Event: 18.343 Executing VM operation: HandshakeAllThreads done
Event: 18.777 Executing VM operation: HandshakeAllThreads
Event: 18.777 Executing VM operation: HandshakeAllThreads done
Event: 18.780 Executing VM operation: HandshakeAllThreads
Event: 18.780 Executing VM operation: HandshakeAllThreads done
Event: 18.781 Executing VM operation: HandshakeAllThreads
Event: 18.781 Executing VM operation: HandshakeAllThreads done
Event: 19.155 Executing VM operation: HandshakeAllThreads
Event: 19.155 Executing VM operation: HandshakeAllThreads done
Event: 19.155 Executing VM operation: Cleanup
Event: 19.155 Executing VM operation: Cleanup done
Event: 19.245 Executing VM operation: HandshakeAllThreads
Event: 19.245 Executing VM operation: HandshakeAllThreads done

Events (20 events):
Event: 19.154 loading class java/lang/ProcessImpl$2 done
Event: 19.154 loading class java/lang/Process$PipeInputStream
Event: 19.154 loading class java/lang/Process$PipeInputStream done
Event: 19.155 loading class jdk/internal/event/ProcessStartEvent
Event: 19.156 loading class jdk/internal/event/Event
Event: 19.156 loading class jdk/internal/event/Event done
Event: 19.157 loading class jdk/internal/event/ProcessStartEvent done
Event: 19.157 loading class java/nio/channels/ClosedChannelException
Event: 19.157 loading class java/nio/channels/ClosedChannelException done
Event: 19.245 loading class java/nio/channels/NonReadableChannelException
Event: 19.247 loading class java/nio/channels/NonReadableChannelException done
Event: 19.248 loading class java/nio/channels/NonWritableChannelException
Event: 19.248 loading class java/nio/channels/NonWritableChannelException done
Event: 19.263 Thread 0x000001ce1186aed0 Thread added: 0x000001ce1186aed0
Event: 19.263 Thread 0x000001ce1186b3a0 Thread added: 0x000001ce1186b3a0
Event: 19.270 Thread 0x000001ce1186bd40 Thread added: 0x000001ce1186bd40
Event: 19.291 loading class java/util/Scanner
Event: 19.292 loading class java/util/Scanner done
Event: 19.294 loading class java/util/Scanner$PatternLRUCache
Event: 19.294 loading class java/util/Scanner$PatternLRUCache done


Dynamic libraries:
0x00007ff6cd7f0000 - 0x00007ff6cd800000 	C:\Program Files\Java\jdk-17\bin\java.exe
0x00007ff9c7390000 - 0x00007ff9c7588000 	C:\windows\SYSTEM32\ntdll.dll
0x00007ff9c64b0000 - 0x00007ff9c656f000 	C:\windows\System32\KERNEL32.DLL
0x00007ff9c4c50000 - 0x00007ff9c4f46000 	C:\windows\System32\KERNELBASE.dll
0x00007ff9c4f50000 - 0x00007ff9c5050000 	C:\windows\System32\ucrtbase.dll
0x00007ff9c1a20000 - 0x00007ff9c1a3b000 	C:\Program Files\Java\jdk-17\bin\VCRUNTIME140.dll
0x00007ff9c1a40000 - 0x00007ff9c1a59000 	C:\Program Files\Java\jdk-17\bin\jli.dll
0x00007ff9c58a0000 - 0x00007ff9c594f000 	C:\windows\System32\ADVAPI32.dll
0x00007ff9c5970000 - 0x00007ff9c5a0e000 	C:\windows\System32\msvcrt.dll
0x00007ff9c6b50000 - 0x00007ff9c6bec000 	C:\windows\System32\sechost.dll
0x00007ff9c6650000 - 0x00007ff9c6776000 	C:\windows\System32\RPCRT4.dll
0x00007ff9c5480000 - 0x00007ff9c561d000 	C:\windows\System32\USER32.dll
0x00007ff9c4c20000 - 0x00007ff9c4c42000 	C:\windows\System32\win32u.dll
0x00007ff9c57b0000 - 0x00007ff9c57dc000 	C:\windows\System32\GDI32.dll
0x00007ff9c5220000 - 0x00007ff9c5335000 	C:\windows\System32\gdi32full.dll
0x00007ff9c4ac0000 - 0x00007ff9c4b5d000 	C:\windows\System32\msvcp_win.dll
0x00007ff9adc60000 - 0x00007ff9adefa000 	C:\windows\WinSxS\amd64_microsoft.windows.common-controls_6595b64144ccf1df_6.0.19041.1110_none_60b5254171f9507e\COMCTL32.dll
0x00007ff9bc710000 - 0x00007ff9bc71a000 	C:\windows\SYSTEM32\VERSION.dll
0x00007ff9c6620000 - 0x00007ff9c6650000 	C:\windows\System32\IMM32.DLL
0x00007ff9c0e90000 - 0x00007ff9c0e9c000 	C:\Program Files\Java\jdk-17\bin\vcruntime140_1.dll
0x00007ff9bc540000 - 0x00007ff9bc5ce000 	C:\Program Files\Java\jdk-17\bin\msvcp140.dll
0x00007ff9513b0000 - 0x00007ff951f8d000 	C:\Program Files\Java\jdk-17\bin\server\jvm.dll
0x00007ff9c7340000 - 0x00007ff9c7348000 	C:\windows\System32\PSAPI.DLL
0x00007ff9bc6e0000 - 0x00007ff9bc707000 	C:\windows\SYSTEM32\WINMM.dll
0x00007ff9c1280000 - 0x00007ff9c1289000 	C:\windows\SYSTEM32\WSOCK32.dll
0x00007ff9c6a50000 - 0x00007ff9c6abb000 	C:\windows\System32\WS2_32.dll
0x00007ff9c2920000 - 0x00007ff9c2932000 	C:\windows\SYSTEM32\kernel.appcore.dll
0x00007ff9be510000 - 0x00007ff9be51a000 	C:\Program Files\Java\jdk-17\bin\jimage.dll
0x00007ff9afaa0000 - 0x00007ff9afc84000 	C:\windows\SYSTEM32\DBGHELP.DLL
0x00007ff9a76e0000 - 0x00007ff9a7714000 	C:\windows\SYSTEM32\dbgcore.DLL
0x00007ff9c4b60000 - 0x00007ff9c4be2000 	C:\windows\System32\bcryptPrimitives.dll
0x00007ff9bc720000 - 0x00007ff9bc745000 	C:\Program Files\Java\jdk-17\bin\java.dll
0x00007ff97dc60000 - 0x00007ff97dd37000 	C:\Program Files\Java\jdk-17\bin\jsvml.dll
0x00007ff9c6bf0000 - 0x00007ff9c7334000 	C:\windows\System32\SHELL32.dll
0x00007ff9c2b20000 - 0x00007ff9c32b4000 	C:\windows\SYSTEM32\windows.storage.dll
0x00007ff9c6020000 - 0x00007ff9c6374000 	C:\windows\System32\combase.dll
0x00007ff9c43e0000 - 0x00007ff9c440e000 	C:\windows\SYSTEM32\Wldp.dll
0x00007ff9c5700000 - 0x00007ff9c57ad000 	C:\windows\System32\SHCORE.dll
0x00007ff9c5fc0000 - 0x00007ff9c6015000 	C:\windows\System32\shlwapi.dll
0x00007ff9c49a0000 - 0x00007ff9c49c5000 	C:\windows\SYSTEM32\profapi.dll
0x00007ff9bc3b0000 - 0x00007ff9bc3c9000 	C:\Program Files\Java\jdk-17\bin\net.dll
0x00007ff9b97b0000 - 0x00007ff9b98ba000 	C:\windows\SYSTEM32\WINHTTP.dll
0x00007ff9c4140000 - 0x00007ff9c41aa000 	C:\windows\system32\mswsock.dll
0x00007ff9b7840000 - 0x00007ff9b7856000 	C:\Program Files\Java\jdk-17\bin\nio.dll
0x00007ff9adfc0000 - 0x00007ff9adfd8000 	C:\Program Files\Java\jdk-17\bin\zip.dll
0x0000000069ac0000 - 0x0000000069ae4000 	C:\Users\carin\AppData\Local\Temp\jansi-2.4.0-6a913247651a82c-jansi.dll
0x00007ff9bc3a0000 - 0x00007ff9bc3b0000 	C:\Program Files\Java\jdk-17\bin\verify.dll
0x00007ff9c4330000 - 0x00007ff9c4348000 	C:\windows\SYSTEM32\CRYPTSP.dll
0x00007ff9c3a60000 - 0x00007ff9c3a94000 	C:\windows\system32\rsaenh.dll
0x00007ff9c4bf0000 - 0x00007ff9c4c17000 	C:\windows\System32\bcrypt.dll
0x00007ff9c4920000 - 0x00007ff9c494e000 	C:\windows\SYSTEM32\USERENV.dll
0x00007ff9c4350000 - 0x00007ff9c435c000 	C:\windows\SYSTEM32\CRYPTBASE.dll
0x00007ff9c3e30000 - 0x00007ff9c3e6c000 	C:\windows\SYSTEM32\IPHLPAPI.DLL
0x00007ff9c53f0000 - 0x00007ff9c53f8000 	C:\windows\System32\NSI.dll
0x00007ff9bb3c0000 - 0x00007ff9bb3d7000 	C:\windows\SYSTEM32\dhcpcsvc6.DLL
0x00007ff9b99f0000 - 0x00007ff9b9a0d000 	C:\windows\SYSTEM32\dhcpcsvc.DLL
0x00007ff9c3e70000 - 0x00007ff9c3f3a000 	C:\windows\SYSTEM32\DNSAPI.dll

dbghelp: loaded successfully - version: 4.0.5 - missing functions: none
symbol engine: initialized successfully - sym options: 0x614 - pdb path: .;C:\Program Files\Java\jdk-17\bin;C:\windows\SYSTEM32;C:\windows\WinSxS\amd64_microsoft.windows.common-controls_6595b64144ccf1df_6.0.19041.1110_none_60b5254171f9507e;C:\Program Files\Java\jdk-17\bin\server;C:\Users\carin\AppData\Local\Temp

VM Arguments:
jvm_args: -Dmaven.multiModuleProjectDirectory=C:\Users\carin\Desktop\springbootreact\gestion-clientes-backend 
java_command: org.apache.maven.wrapper.MavenWrapperMain -Dmaven.ext.class.path=C:\Program Files\NetBeans-17\netbeans\java\maven-nblib\netbeans-eventspy.jar --no-transfer-progress clean install
java_class_path (initial): C:\Users\carin\Desktop\springbootreact\gestion-clientes-backend\.mvn\wrapper\maven-wrapper.jar
Launcher Type: SUN_STANDARD

[Global flags]
     intx CICompilerCount                          = 2                                         {product} {ergonomic}
     uint ConcGCThreads                            = 1                                         {product} {ergonomic}
     uint G1ConcRefinementThreads                  = 2                                         {product} {ergonomic}
   size_t G1HeapRegionSize                         = 1048576                                   {product} {ergonomic}
    uintx GCDrainStackTargetSize                   = 64                                        {product} {ergonomic}
   size_t InitialHeapSize                          = 58720256                                  {product} {ergonomic}
   size_t MarkStackSize                            = 4194304                                   {product} {ergonomic}
   size_t MaxHeapSize                              = 918552576                                 {product} {ergonomic}
   size_t MaxNewSize                               = 550502400                                 {product} {ergonomic}
   size_t MinHeapDeltaBytes                        = 1048576                                   {product} {ergonomic}
   size_t MinHeapSize                              = 8388608                                   {product} {ergonomic}
    uintx NonNMethodCodeHeapSize                   = 5826188                                {pd product} {ergonomic}
    uintx NonProfiledCodeHeapSize                  = 122916026                              {pd product} {ergonomic}
    uintx ProfiledCodeHeapSize                     = 122916026                              {pd product} {ergonomic}
    uintx ReservedCodeCacheSize                    = 251658240                              {pd product} {ergonomic}
     bool SegmentedCodeCache                       = true                                      {product} {ergonomic}
   size_t SoftMaxHeapSize                          = 918552576                              {manageable} {ergonomic}
     bool UseCompressedClassPointers               = true                           {product lp64_product} {ergonomic}
     bool UseCompressedOops                        = true                           {product lp64_product} {ergonomic}
     bool UseG1GC                                  = true                                      {product} {ergonomic}
     bool UseLargePagesIndividualAllocation        = false                                  {pd product} {ergonomic}

Logging:
Log output configuration:
 #0: stdout all=warning uptime,level,tags
 #1: stderr all=off uptime,level,tags

Environment Variables:
JAVA_HOME=C:\Program Files\Java\jdk-17
PATH=C:\Program Files\Common Files\Oracle\Java\javapath;C:\windows\system32;C:\windows;C:\windows\System32\Wbem;C:\windows\System32\WindowsPowerShell\v1.0\;C:\windows\System32\OpenSSH\;C:\Program Files\Git\cmd;C:\Program Files\nodejs\;C:\gradle-8.1.1\bin;C:\Program Files\Java\jdk-20\bin;C:\Users\carin\AppData\Local\Microsoft\WindowsApps;C:\Users\carin\AppData\Local\Programs\Microsoft VS Code\bin;C:\Users\carin\AppData\Roaming\npm;C:\ProgramData\carin\GitHubDesktop\bin;C:\Users\carin\AppData\Local\GitHubDesktop\bin;C:\Users\carin\Downloads\mongodb-windows-x86_64-6.0.4.zip\mongodb-win32-x86_64-windows-6.0.4\bin;C:\Users\carin\Desktop\dataBase\data;C:\Program Files\MongoDB\Server\6.0\data;C:\Program Files\MongoDB\Server\6.0\bin;C:\Users\carin\Desktop\Backend\FastAPI;C:\Users\carin\Desktop\Backend;C:\Users\carin\Desktop\Backend\dataBase\data\log;C:\Program Files\MongoDB\Server\6.0\data;C:\Program Files\MongoDB\Server\6.0\bin;C:\Users\carin\AppData\Local\Packages\PythonSoftwareFoundation.Python.3.10_qbz5n2kfra8p0\LocalCache\local-packages\Python310\Scripts;C:\Users\carin\Documents\flutter\bin\;C:\Program Files\MySQL\MySQL Server 8.0\bin;C:\gradle-8.1.1\bin;C:\Program Files\Java\jdk-20\bin;
USERNAME=carin
OS=Windows_NT
PROCESSOR_IDENTIFIER=AMD64 Family 23 Model 24 Stepping 1, AuthenticAMD



---------------  S Y S T E M  ---------------

OS:
 Windows 10 , 64 bit Build 19041 (10.0.19041.3155)
OS uptime: 3 days 17:57 hours

CPU: total 2 (initial active 2) (2 cores per cpu, 1 threads per core) family 23 model 24 stepping 1 microcode 0x0, cx8, cmov, fxsr, mmx, 3dnowpref, sse, sse2, sse3, ssse3, sse4a, sse4.1, sse4.2, popcnt, lzcnt, tsc, tscinvbit, avx, avx2, aes, clmul, bmi1, bmi2, adx, sha, fma, vzeroupper, clflush, clflushopt

Memory: 4k page, system-wide physical 3500M (88M free)
TotalPageFile size 14252M (AvailPageFile size 4M)
current process WorkingSet (physical memory assigned to process): 228M, peak: 234M
current process commit charge ("private bytes"): 306M, peak: 309M

vm_info: Java HotSpot(TM) 64-Bit Server VM (17.0.7+8-LTS-224) for windows-amd64 JRE (17.0.7+8-LTS-224), built on Feb 28 2023 23:03:02 by "mach5one" with MS VC++ 17.1 (VS2022)

END.
