#
# There is insufficient memory for the Java Runtime Environment to continue.
# Native memory allocation (mmap) failed to map 65536 bytes for Failed to commit metaspace.
# Possible reasons:
#   The system is out of physical RAM or swap space
#   The process is running with CompressedOops enabled, and the Java Heap may be blocking the growth of the native heap
# Possible solutions:
#   Reduce memory load on the system
#   Increase physical memory or swap space
#   Check if swap backing store is full
#   Decrease Java heap size (-Xmx/-Xms)
#   Decrease number of Java threads
#   Decrease Java thread stack sizes (-Xss)
#   Set larger code cache with -XX:ReservedCodeCacheSize=
#   JVM is running with Unscaled Compressed Oops mode in which the Java heap is
#     placed in the first 4GB address space. The Java Heap base address is the
#     maximum limit for the native heap growth. Please use -XX:HeapBaseMinAddress
#     to set the Java Heap base and to place the Java Heap above 4GB virtual address.
# This output file may be truncated or incomplete.
#
#  Out of Memory Error (virtualSpaceNode.cpp:110), pid=12600, tid=12120
#
# JRE version: Java(TM) SE Runtime Environment (17.0.7+8) (build 17.0.7+8-LTS-224)
# Java VM: Java HotSpot(TM) 64-Bit Server VM (17.0.7+8-LTS-224, mixed mode, sharing, tiered, compressed oops, compressed class ptrs, g1 gc, windows-amd64)
# No core dump will be written. Minidumps are not enabled by default on client versions of Windows
#

---------------  S U M M A R Y ------------

Command Line: -Dmaven.multiModuleProjectDirectory=C:\Users\carin\Desktop\springbootreact\gestion-clientes-backend org.apache.maven.wrapper.MavenWrapperMain -Dmaven.ext.class.path=C:\Program Files\NetBeans-17\netbeans\java\maven-nblib\netbeans-eventspy.jar --no-transfer-progress clean install

Host: AMD Athlon Silver 3050U with Radeon Graphics   , 2 cores, 3G,  Windows 10 , 64 bit Build 19041 (10.0.19041.3155)
Time: Tue Aug  1 01:07:30 2023 Hora estándar de Argentina elapsed time: 31.128747 seconds (0d 0h 0m 31s)

---------------  T H R E A D  ---------------

Current thread (0x0000023433969b00):  JavaThread "fork-1-event-thread" daemon [_thread_in_vm, id=12120, stack(0x000000516b100000,0x000000516b200000)]

Stack: [0x000000516b100000,0x000000516b200000]
Native frames: (J=compiled Java code, j=interpreted, Vv=VM code, C=native code)
V  [jvm.dll+0x676a4a]
V  [jvm.dll+0x7d74f4]
V  [jvm.dll+0x7d8c9e]
V  [jvm.dll+0x7d9303]
V  [jvm.dll+0x2452c5]
V  [jvm.dll+0x7d35fb]
V  [jvm.dll+0x61ca36]
V  [jvm.dll+0x1bfbf7]
V  [jvm.dll+0x61f390]
V  [jvm.dll+0x61d3f6]
V  [jvm.dll+0x239ea1]
V  [jvm.dll+0x1e9762]
V  [jvm.dll+0x1e9c75]
V  [jvm.dll+0x1ea5bb]
V  [jvm.dll+0x1dfdc1]
V  [jvm.dll+0x53cf0c]
V  [jvm.dll+0x752158]
V  [jvm.dll+0x752244]
V  [jvm.dll+0x40b12f]
V  [jvm.dll+0x411149]
C  [java.dll+0x17ec]

Java frames: (J=compiled Java code, j=interpreted, Vv=VM code)
J 729  java.lang.ClassLoader.defineClass1(Ljava/lang/ClassLoader;Ljava/lang/String;[BIILjava/security/ProtectionDomain;Ljava/lang/String;)Ljava/lang/Class; java.base@17.0.7 (0 bytes) @ 0x0000023424855b63 [0x0000023424855aa0+0x00000000000000c3]
J 812 c1 java.lang.ClassLoader.defineClass(Ljava/lang/String;[BIILjava/security/ProtectionDomain;)Ljava/lang/Class; java.base@17.0.7 (43 bytes) @ 0x000002341cef1654 [0x000002341cef1300+0x0000000000000354]
J 821 c1 java.security.SecureClassLoader.defineClass(Ljava/lang/String;[BIILjava/security/CodeSource;)Ljava/lang/Class; java.base@17.0.7 (16 bytes) @ 0x000002341cef5e8c [0x000002341cef5dc0+0x00000000000000cc]
J 741 c1 java.net.URLClassLoader.defineClass(Ljava/lang/String;Ljdk/internal/loader/Resource;)Ljava/lang/Class; java.base@17.0.7 (224 bytes) @ 0x000002341cec1074 [0x000002341cebf9a0+0x00000000000016d4]
J 7330 c2 org.codehaus.plexus.classworlds.realm.ClassRealm.loadClass(Ljava/lang/String;Z)Ljava/lang/Class; (33 bytes) @ 0x0000023424b7c250 [0x0000023424b780e0+0x0000000000004170]
J 7331 c2 org.codehaus.plexus.classworlds.realm.ClassRealm.loadClass(Ljava/lang/String;)Ljava/lang/Class; (7 bytes) @ 0x0000023424b868d4 [0x0000023424b868a0+0x0000000000000034]
v  ~StubRoutines::call_stub
j  org.apache.maven.plugin.surefire.booterclient.ForkStarter$ForkedNodeArg.dumpStreamText(Ljava/lang/String;)Ljava/io/File;+0
j  org.apache.maven.surefire.api.stream.AbstractStreamDecoder$BufferedStream.printExistingLine()V+225
j  org.apache.maven.surefire.api.stream.AbstractStreamDecoder$BufferedStream.write(Ljava/nio/ByteBuffer;II)V+68
j  org.apache.maven.surefire.stream.EventDecoder.decode(Lorg/apache/maven/surefire/api/stream/AbstractStreamDecoder$Memento;)Lorg/apache/maven/surefire/api/event/Event;+331
j  org.apache.maven.plugin.surefire.extensions.EventConsumerThread.run()V+33
v  ~StubRoutines::call_stub

---------------  P R O C E S S  ---------------

Threads class SMR info:
_java_thread_list=0x0000023430f96e60, length=18, elements={
0x00000234154d0830, 0x00000234155a7820, 0x000002342fd81d60, 0x000002342fd946c0,
0x000002342fd95080, 0x000002342fd95940, 0x000002342fd979b0, 0x000002342fd98650,
0x000002342fdfaf00, 0x000002342fdff430, 0x000002343082bec0, 0x0000023430838c20,
0x00000234310ad350, 0x0000023430cc8550, 0x0000023430dd9620, 0x0000023430dd8010,
0x0000023433969630, 0x0000023433969b00
}

Java Threads: ( => current thread )
  0x00000234154d0830 JavaThread "main" [_thread_in_native, id=11364, stack(0x0000005169700000,0x0000005169800000)]
  0x00000234155a7820 JavaThread "Reference Handler" daemon [_thread_blocked, id=13164, stack(0x0000005169e00000,0x0000005169f00000)]
  0x000002342fd81d60 JavaThread "Finalizer" daemon [_thread_blocked, id=10132, stack(0x0000005169f00000,0x000000516a000000)]
  0x000002342fd946c0 JavaThread "Signal Dispatcher" daemon [_thread_blocked, id=11008, stack(0x000000516a000000,0x000000516a100000)]
  0x000002342fd95080 JavaThread "Attach Listener" daemon [_thread_blocked, id=1800, stack(0x000000516a100000,0x000000516a200000)]
  0x000002342fd95940 JavaThread "Service Thread" daemon [_thread_blocked, id=14400, stack(0x000000516a200000,0x000000516a300000)]
  0x000002342fd979b0 JavaThread "Monitor Deflation Thread" daemon [_thread_blocked, id=12156, stack(0x000000516a300000,0x000000516a400000)]
  0x000002342fd98650 JavaThread "C2 CompilerThread0" daemon [_thread_blocked, id=12256, stack(0x000000516a400000,0x000000516a500000)]
  0x000002342fdfaf00 JavaThread "C1 CompilerThread0" daemon [_thread_blocked, id=9736, stack(0x000000516a500000,0x000000516a600000)]
  0x000002342fdff430 JavaThread "Sweeper thread" daemon [_thread_blocked, id=17356, stack(0x000000516a600000,0x000000516a700000)]
  0x000002343082bec0 JavaThread "Notification Thread" daemon [_thread_blocked, id=12836, stack(0x000000516a700000,0x000000516a800000)]
  0x0000023430838c20 JavaThread "Common-Cleaner" daemon [_thread_blocked, id=11428, stack(0x000000516a900000,0x000000516aa00000)]
  0x00000234310ad350 JavaThread "timeout-check-timer" daemon [_thread_blocked, id=11908, stack(0x000000516ac00000,0x000000516ad00000)]
  0x0000023430cc8550 JavaThread "ping-timer-10s" daemon [_thread_blocked, id=14192, stack(0x000000516ad00000,0x000000516ae00000)]
  0x0000023430dd9620 JavaThread "ThreadedStreamConsumer" daemon [_thread_blocked, id=10072, stack(0x000000516ae00000,0x000000516af00000)]
  0x0000023430dd8010 JavaThread "fork-1-err-thread" daemon [_thread_in_native, id=2788, stack(0x000000516af00000,0x000000516b000000)]
  0x0000023433969630 JavaThread "commands-fork-1" daemon [_thread_blocked, id=7940, stack(0x000000516b000000,0x000000516b100000)]
=>0x0000023433969b00 JavaThread "fork-1-event-thread" daemon [_thread_in_vm, id=12120, stack(0x000000516b100000,0x000000516b200000)]

Other Threads:
  0x00000234155a65a0 VMThread "VM Thread" [stack: 0x0000005169d00000,0x0000005169e00000] [id=10832]
  0x00000234308383d0 WatcherThread [stack: 0x000000516a800000,0x000000516a900000] [id=16716]
  0x00000234155071f0 GCTaskThread "GC Thread#0" [stack: 0x0000005169800000,0x0000005169900000] [id=14340]
  0x0000023430970510 GCTaskThread "GC Thread#1" [stack: 0x000000516aa00000,0x000000516ab00000] [id=11436]
  0x000002341550edc0 ConcurrentGCThread "G1 Main Marker" [stack: 0x0000005169900000,0x0000005169a00000] [id=17372]
  0x000002341550fe80 ConcurrentGCThread "G1 Conc#0" [stack: 0x0000005169a00000,0x0000005169b00000] [id=14388]
  0x0000023415544810 ConcurrentGCThread "G1 Refine#0" [stack: 0x0000005169b00000,0x0000005169c00000] [id=15316]
  0x0000023433159fd0 ConcurrentGCThread "G1 Refine#1" [stack: 0x000000516ab00000,0x000000516ac00000] [id=11680]
  0x0000023415545140 ConcurrentGCThread "G1 Service" [stack: 0x0000005169c00000,0x0000005169d00000] [id=7172]

Threads with active compile tasks:

VM state: not at safepoint (normal execution)

VM Mutex/Monitor currently owned by a thread:  ([mutex/lock_event])
[0x00000234154c8810] Metaspace_lock - owner thread: 0x0000023433969b00

Heap address: 0x00000000c9400000, size: 876 MB, Compressed Oops mode: 32-bit

CDS archive(s) mapped at: [0x0000000800000000-0x0000000800bd0000-0x0000000800bd0000), size 12386304, SharedBaseAddress: 0x0000000800000000, ArchiveRelocationMode: 0.
Compressed class space mapped at: 0x0000000800c00000-0x0000000840c00000, reserved size: 1073741824
Narrow klass base: 0x0000000800000000, Narrow klass shift: 0, Narrow klass range: 0x100000000

GC Precious Log:
 CPUs: 2 total, 2 available
 Memory: 3500M
 Large Page Support: Disabled
 NUMA Support: Disabled
 Compressed Oops: Enabled (32-bit)
 Heap Region Size: 1M
 Heap Min Capacity: 8M
 Heap Initial Capacity: 56M
 Heap Max Capacity: 876M
 Pre-touch: Disabled
 Parallel Workers: 2
 Concurrent Workers: 1
 Concurrent Refinement Workers: 2
 Periodic GC: Disabled

Heap:
 garbage-first heap   total 157696K, used 82771K [0x00000000c9400000, 0x0000000100000000)
  region size 1024K, 36 young (36864K), 1 survivors (1024K)
 Metaspace       used 32895K, committed 33280K, reserved 1081344K
  class space    used 3756K, committed 3968K, reserved 1048576K

Heap Regions: E=young(eden), S=young(survivor), O=old, HS=humongous(starts), HC=humongous(continues), CS=collection set, F=free, OA=open archive, CA=closed archive, TAMS=top-at-mark-start (previous, next)
|   0|0x00000000c9400000, 0x00000000c9500000, 0x00000000c9500000|100%| O|  |TAMS 0x00000000c9500000, 0x00000000c9400000| Untracked 
|   1|0x00000000c9500000, 0x00000000c9600000, 0x00000000c9600000|100%| O|  |TAMS 0x00000000c9600000, 0x00000000c9500000| Untracked 
|   2|0x00000000c9600000, 0x00000000c9700000, 0x00000000c9700000|100%| O|  |TAMS 0x00000000c9700000, 0x00000000c9600000| Untracked 
|   3|0x00000000c9700000, 0x00000000c9800000, 0x00000000c9800000|100%| O|  |TAMS 0x00000000c9800000, 0x00000000c9700000| Untracked 
|   4|0x00000000c9800000, 0x00000000c9900000, 0x00000000c9900000|100%| O|  |TAMS 0x00000000c9900000, 0x00000000c9800000| Untracked 
|   5|0x00000000c9900000, 0x00000000c9a00000, 0x00000000c9a00000|100%| O|  |TAMS 0x00000000c9a00000, 0x00000000c9900000| Untracked 
|   6|0x00000000c9a00000, 0x00000000c9b00000, 0x00000000c9b00000|100%| O|  |TAMS 0x00000000c9b00000, 0x00000000c9a00000| Untracked 
|   7|0x00000000c9b00000, 0x00000000c9c00000, 0x00000000c9c00000|100%| O|  |TAMS 0x00000000c9c00000, 0x00000000c9b00000| Untracked 
|   8|0x00000000c9c00000, 0x00000000c9d00000, 0x00000000c9d00000|100%| O|  |TAMS 0x00000000c9d00000, 0x00000000c9c00000| Untracked 
|   9|0x00000000c9d00000, 0x00000000c9e00000, 0x00000000c9e00000|100%| O|  |TAMS 0x00000000c9e00000, 0x00000000c9d00000| Untracked 
|  10|0x00000000c9e00000, 0x00000000c9f00000, 0x00000000c9f00000|100%| O|  |TAMS 0x00000000c9f00000, 0x00000000c9e00000| Untracked 
|  11|0x00000000c9f00000, 0x00000000ca000000, 0x00000000ca000000|100%| O|  |TAMS 0x00000000ca000000, 0x00000000c9f00000| Untracked 
|  12|0x00000000ca000000, 0x00000000ca100000, 0x00000000ca100000|100%| O|  |TAMS 0x00000000ca100000, 0x00000000ca000000| Untracked 
|  13|0x00000000ca100000, 0x00000000ca200000, 0x00000000ca200000|100%| O|  |TAMS 0x00000000ca1e5600, 0x00000000ca100000| Untracked 
|  14|0x00000000ca200000, 0x00000000ca300000, 0x00000000ca300000|100%| O|  |TAMS 0x00000000ca200000, 0x00000000ca200000| Untracked 
|  15|0x00000000ca300000, 0x00000000ca400000, 0x00000000ca400000|100%| O|  |TAMS 0x00000000ca300000, 0x00000000ca300000| Untracked 
|  16|0x00000000ca400000, 0x00000000ca500000, 0x00000000ca500000|100%| O|  |TAMS 0x00000000ca400000, 0x00000000ca400000| Untracked 
|  17|0x00000000ca500000, 0x00000000ca600000, 0x00000000ca600000|100%| O|  |TAMS 0x00000000ca500000, 0x00000000ca500000| Untracked 
|  18|0x00000000ca600000, 0x00000000ca700000, 0x00000000ca700000|100%| O|  |TAMS 0x00000000ca600000, 0x00000000ca600000| Untracked 
|  19|0x00000000ca700000, 0x00000000ca800000, 0x00000000ca800000|100%| O|  |TAMS 0x00000000ca700000, 0x00000000ca700000| Untracked 
|  20|0x00000000ca800000, 0x00000000ca900000, 0x00000000ca900000|100%| O|  |TAMS 0x00000000ca800000, 0x00000000ca800000| Untracked 
|  21|0x00000000ca900000, 0x00000000caa00000, 0x00000000caa00000|100%| O|  |TAMS 0x00000000caa00000, 0x00000000ca900000| Untracked 
|  22|0x00000000caa00000, 0x00000000cab00000, 0x00000000cab00000|100%| O|  |TAMS 0x00000000cab00000, 0x00000000caa00000| Untracked 
|  23|0x00000000cab00000, 0x00000000cac00000, 0x00000000cac00000|100%| O|  |TAMS 0x00000000cac00000, 0x00000000cab00000| Untracked 
|  24|0x00000000cac00000, 0x00000000cad00000, 0x00000000cad00000|100%| O|  |TAMS 0x00000000cad00000, 0x00000000cac00000| Untracked 
|  25|0x00000000cad00000, 0x00000000cae00000, 0x00000000cae00000|100%| O|  |TAMS 0x00000000cae00000, 0x00000000cad00000| Untracked 
|  26|0x00000000cae00000, 0x00000000cae54000, 0x00000000caf00000| 32%| O|  |TAMS 0x00000000cae00000, 0x00000000cae00000| Untracked 
|  27|0x00000000caf00000, 0x00000000caf00000, 0x00000000cb000000|  0%| F|  |TAMS 0x00000000caf00000, 0x00000000caf00000| Untracked 
|  28|0x00000000cb000000, 0x00000000cb000000, 0x00000000cb100000|  0%| F|  |TAMS 0x00000000cb000000, 0x00000000cb000000| Untracked 
|  29|0x00000000cb100000, 0x00000000cb100000, 0x00000000cb200000|  0%| F|  |TAMS 0x00000000cb100000, 0x00000000cb100000| Untracked 
|  30|0x00000000cb200000, 0x00000000cb300000, 0x00000000cb300000|100%| O|  |TAMS 0x00000000cb300000, 0x00000000cb200000| Untracked 
|  31|0x00000000cb300000, 0x00000000cb300000, 0x00000000cb400000|  0%| F|  |TAMS 0x00000000cb300000, 0x00000000cb300000| Untracked 
|  32|0x00000000cb400000, 0x00000000cb500000, 0x00000000cb500000|100%| O|  |TAMS 0x00000000cb500000, 0x00000000cb400000| Untracked 
|  33|0x00000000cb500000, 0x00000000cb600000, 0x00000000cb600000|100%| O|  |TAMS 0x00000000cb600000, 0x00000000cb500000| Untracked 
|  34|0x00000000cb600000, 0x00000000cb600000, 0x00000000cb700000|  0%| F|  |TAMS 0x00000000cb600000, 0x00000000cb600000| Untracked 
|  35|0x00000000cb700000, 0x00000000cb800000, 0x00000000cb800000|100%|HS|  |TAMS 0x00000000cb800000, 0x00000000cb700000| Complete 
|  36|0x00000000cb800000, 0x00000000cb800000, 0x00000000cb900000|  0%| F|  |TAMS 0x00000000cb800000, 0x00000000cb800000| Untracked 
|  37|0x00000000cb900000, 0x00000000cb900000, 0x00000000cba00000|  0%| F|  |TAMS 0x00000000cb900000, 0x00000000cb900000| Untracked 
|  38|0x00000000cba00000, 0x00000000cbb00000, 0x00000000cbb00000|100%| O|  |TAMS 0x00000000cbb00000, 0x00000000cba00000| Untracked 
|  39|0x00000000cbb00000, 0x00000000cbc00000, 0x00000000cbc00000|100%|HS|  |TAMS 0x00000000cbc00000, 0x00000000cbb00000| Complete 
|  40|0x00000000cbc00000, 0x00000000cbd00000, 0x00000000cbd00000|100%|HC|  |TAMS 0x00000000cbd00000, 0x00000000cbc00000| Complete 
|  41|0x00000000cbd00000, 0x00000000cbe00000, 0x00000000cbe00000|100%|HS|  |TAMS 0x00000000cbe00000, 0x00000000cbd00000| Complete 
|  42|0x00000000cbe00000, 0x00000000cbf00000, 0x00000000cbf00000|100%| O|  |TAMS 0x00000000cbf00000, 0x00000000cbe00000| Untracked 
|  43|0x00000000cbf00000, 0x00000000cc000000, 0x00000000cc000000|100%| O|  |TAMS 0x00000000cc000000, 0x00000000cbf00000| Untracked 
|  44|0x00000000cc000000, 0x00000000cc100000, 0x00000000cc100000|100%| O|  |TAMS 0x00000000cc100000, 0x00000000cc000000| Untracked 
|  45|0x00000000cc100000, 0x00000000cc200000, 0x00000000cc200000|100%| O|  |TAMS 0x00000000cc200000, 0x00000000cc100000| Untracked 
|  46|0x00000000cc200000, 0x00000000cc300000, 0x00000000cc300000|100%| O|  |TAMS 0x00000000cc300000, 0x00000000cc200000| Untracked 
|  47|0x00000000cc300000, 0x00000000cc400000, 0x00000000cc400000|100%| O|  |TAMS 0x00000000cc400000, 0x00000000cc300000| Untracked 
|  48|0x00000000cc400000, 0x00000000cc500000, 0x00000000cc500000|100%| O|  |TAMS 0x00000000cc500000, 0x00000000cc400000| Untracked 
|  49|0x00000000cc500000, 0x00000000cc600000, 0x00000000cc600000|100%| O|  |TAMS 0x00000000cc600000, 0x00000000cc500000| Untracked 
|  50|0x00000000cc600000, 0x00000000cc700000, 0x00000000cc700000|100%| O|  |TAMS 0x00000000cc700000, 0x00000000cc600000| Untracked 
|  51|0x00000000cc700000, 0x00000000cc800000, 0x00000000cc800000|100%| O|  |TAMS 0x00000000cc800000, 0x00000000cc700000| Untracked 
|  52|0x00000000cc800000, 0x00000000cc900000, 0x00000000cc900000|100%| O|  |TAMS 0x00000000cc900000, 0x00000000cc800000| Untracked 
|  53|0x00000000cc900000, 0x00000000cca00000, 0x00000000cca00000|100%| O|  |TAMS 0x00000000cca00000, 0x00000000cc900000| Untracked 
|  54|0x00000000cca00000, 0x00000000cca00000, 0x00000000ccb00000|  0%| F|  |TAMS 0x00000000cca00000, 0x00000000cca00000| Untracked 
|  55|0x00000000ccb00000, 0x00000000ccb00000, 0x00000000ccc00000|  0%| F|  |TAMS 0x00000000ccb00000, 0x00000000ccb00000| Untracked 
|  56|0x00000000ccc00000, 0x00000000ccc00000, 0x00000000ccd00000|  0%| F|  |TAMS 0x00000000ccc00000, 0x00000000ccc00000| Untracked 
|  57|0x00000000ccd00000, 0x00000000ccd00000, 0x00000000cce00000|  0%| F|  |TAMS 0x00000000ccd00000, 0x00000000ccd00000| Untracked 
|  58|0x00000000cce00000, 0x00000000cce00000, 0x00000000ccf00000|  0%| F|  |TAMS 0x00000000cce00000, 0x00000000cce00000| Untracked 
|  59|0x00000000ccf00000, 0x00000000ccf00000, 0x00000000cd000000|  0%| F|  |TAMS 0x00000000ccf00000, 0x00000000ccf00000| Untracked 
|  60|0x00000000cd000000, 0x00000000cd000000, 0x00000000cd100000|  0%| F|  |TAMS 0x00000000cd000000, 0x00000000cd000000| Untracked 
|  61|0x00000000cd100000, 0x00000000cd100000, 0x00000000cd200000|  0%| F|  |TAMS 0x00000000cd100000, 0x00000000cd100000| Untracked 
|  62|0x00000000cd200000, 0x00000000cd200000, 0x00000000cd300000|  0%| F|  |TAMS 0x00000000cd200000, 0x00000000cd200000| Untracked 
|  63|0x00000000cd300000, 0x00000000cd300000, 0x00000000cd400000|  0%| F|  |TAMS 0x00000000cd300000, 0x00000000cd300000| Untracked 
|  64|0x00000000cd400000, 0x00000000cd400000, 0x00000000cd500000|  0%| F|  |TAMS 0x00000000cd400000, 0x00000000cd400000| Untracked 
|  65|0x00000000cd500000, 0x00000000cd500000, 0x00000000cd600000|  0%| F|  |TAMS 0x00000000cd500000, 0x00000000cd500000| Untracked 
|  66|0x00000000cd600000, 0x00000000cd600000, 0x00000000cd700000|  0%| F|  |TAMS 0x00000000cd600000, 0x00000000cd600000| Untracked 
|  67|0x00000000cd700000, 0x00000000cd700000, 0x00000000cd800000|  0%| F|  |TAMS 0x00000000cd700000, 0x00000000cd700000| Untracked 
|  68|0x00000000cd800000, 0x00000000cd800000, 0x00000000cd900000|  0%| F|  |TAMS 0x00000000cd800000, 0x00000000cd800000| Untracked 
|  69|0x00000000cd900000, 0x00000000cd900000, 0x00000000cda00000|  0%| F|  |TAMS 0x00000000cd900000, 0x00000000cd900000| Untracked 
|  70|0x00000000cda00000, 0x00000000cda00000, 0x00000000cdb00000|  0%| F|  |TAMS 0x00000000cda00000, 0x00000000cda00000| Untracked 
|  71|0x00000000cdb00000, 0x00000000cdb00000, 0x00000000cdc00000|  0%| F|  |TAMS 0x00000000cdb00000, 0x00000000cdb00000| Untracked 
|  72|0x00000000cdc00000, 0x00000000cdc00000, 0x00000000cdd00000|  0%| F|  |TAMS 0x00000000cdc00000, 0x00000000cdc00000| Untracked 
|  73|0x00000000cdd00000, 0x00000000cdd00000, 0x00000000cde00000|  0%| F|  |TAMS 0x00000000cdd00000, 0x00000000cdd00000| Untracked 
|  74|0x00000000cde00000, 0x00000000cde00000, 0x00000000cdf00000|  0%| F|  |TAMS 0x00000000cde00000, 0x00000000cde00000| Untracked 
|  75|0x00000000cdf00000, 0x00000000cdf00000, 0x00000000ce000000|  0%| F|  |TAMS 0x00000000cdf00000, 0x00000000cdf00000| Untracked 
|  76|0x00000000ce000000, 0x00000000ce000000, 0x00000000ce100000|  0%| F|  |TAMS 0x00000000ce000000, 0x00000000ce000000| Untracked 
|  77|0x00000000ce100000, 0x00000000ce100000, 0x00000000ce200000|  0%| F|  |TAMS 0x00000000ce100000, 0x00000000ce100000| Untracked 
|  78|0x00000000ce200000, 0x00000000ce200000, 0x00000000ce300000|  0%| F|  |TAMS 0x00000000ce200000, 0x00000000ce200000| Untracked 
|  79|0x00000000ce300000, 0x00000000ce300000, 0x00000000ce400000|  0%| F|  |TAMS 0x00000000ce300000, 0x00000000ce300000| Untracked 
|  80|0x00000000ce400000, 0x00000000ce400000, 0x00000000ce500000|  0%| F|  |TAMS 0x00000000ce400000, 0x00000000ce400000| Untracked 
|  81|0x00000000ce500000, 0x00000000ce500000, 0x00000000ce600000|  0%| F|  |TAMS 0x00000000ce500000, 0x00000000ce500000| Untracked 
|  82|0x00000000ce600000, 0x00000000ce600000, 0x00000000ce700000|  0%| F|  |TAMS 0x00000000ce600000, 0x00000000ce600000| Untracked 
|  83|0x00000000ce700000, 0x00000000ce700000, 0x00000000ce800000|  0%| F|  |TAMS 0x00000000ce700000, 0x00000000ce700000| Untracked 
|  84|0x00000000ce800000, 0x00000000ce800000, 0x00000000ce900000|  0%| F|  |TAMS 0x00000000ce800000, 0x00000000ce800000| Untracked 
|  85|0x00000000ce900000, 0x00000000ce900000, 0x00000000cea00000|  0%| F|  |TAMS 0x00000000ce900000, 0x00000000ce900000| Untracked 
|  86|0x00000000cea00000, 0x00000000cea00000, 0x00000000ceb00000|  0%| F|  |TAMS 0x00000000cea00000, 0x00000000cea00000| Untracked 
|  87|0x00000000ceb00000, 0x00000000ceb00000, 0x00000000cec00000|  0%| F|  |TAMS 0x00000000ceb00000, 0x00000000ceb00000| Untracked 
|  88|0x00000000cec00000, 0x00000000cec00000, 0x00000000ced00000|  0%| F|  |TAMS 0x00000000cec00000, 0x00000000cec00000| Untracked 
|  89|0x00000000ced00000, 0x00000000ced00000, 0x00000000cee00000|  0%| F|  |TAMS 0x00000000ced00000, 0x00000000ced00000| Untracked 
|  90|0x00000000cee00000, 0x00000000cee00000, 0x00000000cef00000|  0%| F|  |TAMS 0x00000000cee00000, 0x00000000cee00000| Untracked 
|  91|0x00000000cef00000, 0x00000000cef00000, 0x00000000cf000000|  0%| F|  |TAMS 0x00000000cef00000, 0x00000000cef00000| Untracked 
|  92|0x00000000cf000000, 0x00000000cf000000, 0x00000000cf100000|  0%| F|  |TAMS 0x00000000cf000000, 0x00000000cf000000| Untracked 
|  93|0x00000000cf100000, 0x00000000cf100000, 0x00000000cf200000|  0%| F|  |TAMS 0x00000000cf100000, 0x00000000cf100000| Untracked 
|  94|0x00000000cf200000, 0x00000000cf200000, 0x00000000cf300000|  0%| F|  |TAMS 0x00000000cf200000, 0x00000000cf200000| Untracked 
|  95|0x00000000cf300000, 0x00000000cf300000, 0x00000000cf400000|  0%| F|  |TAMS 0x00000000cf300000, 0x00000000cf300000| Untracked 
|  96|0x00000000cf400000, 0x00000000cf400000, 0x00000000cf500000|  0%| F|  |TAMS 0x00000000cf400000, 0x00000000cf400000| Untracked 
|  97|0x00000000cf500000, 0x00000000cf500000, 0x00000000cf600000|  0%| F|  |TAMS 0x00000000cf500000, 0x00000000cf500000| Untracked 
|  98|0x00000000cf600000, 0x00000000cf600000, 0x00000000cf700000|  0%| F|  |TAMS 0x00000000cf600000, 0x00000000cf600000| Untracked 
|  99|0x00000000cf700000, 0x00000000cf700000, 0x00000000cf800000|  0%| F|  |TAMS 0x00000000cf700000, 0x00000000cf700000| Untracked 
| 100|0x00000000cf800000, 0x00000000cf800000, 0x00000000cf900000|  0%| F|  |TAMS 0x00000000cf800000, 0x00000000cf800000| Untracked 
| 101|0x00000000cf900000, 0x00000000cf900000, 0x00000000cfa00000|  0%| F|  |TAMS 0x00000000cf900000, 0x00000000cf900000| Untracked 
| 102|0x00000000cfa00000, 0x00000000cfa00000, 0x00000000cfb00000|  0%| F|  |TAMS 0x00000000cfa00000, 0x00000000cfa00000| Untracked 
| 103|0x00000000cfb00000, 0x00000000cfb00000, 0x00000000cfc00000|  0%| F|  |TAMS 0x00000000cfb00000, 0x00000000cfb00000| Untracked 
| 104|0x00000000cfc00000, 0x00000000cfc00000, 0x00000000cfd00000|  0%| F|  |TAMS 0x00000000cfc00000, 0x00000000cfc00000| Untracked 
| 105|0x00000000cfd00000, 0x00000000cfd00000, 0x00000000cfe00000|  0%| F|  |TAMS 0x00000000cfd00000, 0x00000000cfd00000| Untracked 
| 106|0x00000000cfe00000, 0x00000000cfe00000, 0x00000000cff00000|  0%| F|  |TAMS 0x00000000cfe00000, 0x00000000cfe00000| Untracked 
| 107|0x00000000cff00000, 0x00000000cff00000, 0x00000000d0000000|  0%| F|  |TAMS 0x00000000cff00000, 0x00000000cff00000| Untracked 
| 108|0x00000000d0000000, 0x00000000d0000000, 0x00000000d0100000|  0%| F|  |TAMS 0x00000000d0000000, 0x00000000d0000000| Untracked 
| 109|0x00000000d0100000, 0x00000000d0100000, 0x00000000d0200000|  0%| F|  |TAMS 0x00000000d0100000, 0x00000000d0100000| Untracked 
| 110|0x00000000d0200000, 0x00000000d0200000, 0x00000000d0300000|  0%| F|  |TAMS 0x00000000d0200000, 0x00000000d0200000| Untracked 
| 111|0x00000000d0300000, 0x00000000d0300000, 0x00000000d0400000|  0%| F|  |TAMS 0x00000000d0300000, 0x00000000d0300000| Untracked 
| 112|0x00000000d0400000, 0x00000000d0400000, 0x00000000d0500000|  0%| F|  |TAMS 0x00000000d0400000, 0x00000000d0400000| Untracked 
| 113|0x00000000d0500000, 0x00000000d0500000, 0x00000000d0600000|  0%| F|  |TAMS 0x00000000d0500000, 0x00000000d0500000| Untracked 
| 114|0x00000000d0600000, 0x00000000d0600000, 0x00000000d0700000|  0%| F|  |TAMS 0x00000000d0600000, 0x00000000d0600000| Untracked 
| 115|0x00000000d0700000, 0x00000000d0700000, 0x00000000d0800000|  0%| F|  |TAMS 0x00000000d0700000, 0x00000000d0700000| Untracked 
| 116|0x00000000d0800000, 0x00000000d0800000, 0x00000000d0900000|  0%| F|  |TAMS 0x00000000d0800000, 0x00000000d0800000| Untracked 
| 117|0x00000000d0900000, 0x00000000d0900000, 0x00000000d0a00000|  0%| F|  |TAMS 0x00000000d0900000, 0x00000000d0900000| Untracked 
| 118|0x00000000d0a00000, 0x00000000d0a7df48, 0x00000000d0b00000| 49%| E|  |TAMS 0x00000000d0a00000, 0x00000000d0a00000| Complete 
| 119|0x00000000d0b00000, 0x00000000d0c00000, 0x00000000d0c00000|100%| E|CS|TAMS 0x00000000d0b00000, 0x00000000d0b00000| Complete 
| 120|0x00000000d0c00000, 0x00000000d0d00000, 0x00000000d0d00000|100%| E|CS|TAMS 0x00000000d0c00000, 0x00000000d0c00000| Complete 
| 121|0x00000000d0d00000, 0x00000000d0e00000, 0x00000000d0e00000|100%| E|CS|TAMS 0x00000000d0d00000, 0x00000000d0d00000| Complete 
| 122|0x00000000d0e00000, 0x00000000d0f00000, 0x00000000d0f00000|100%| E|CS|TAMS 0x00000000d0e00000, 0x00000000d0e00000| Complete 
| 123|0x00000000d0f00000, 0x00000000d1000000, 0x00000000d1000000|100%| E|CS|TAMS 0x00000000d0f00000, 0x00000000d0f00000| Complete 
| 124|0x00000000d1000000, 0x00000000d1100000, 0x00000000d1100000|100%| E|CS|TAMS 0x00000000d1000000, 0x00000000d1000000| Complete 
| 125|0x00000000d1100000, 0x00000000d1200000, 0x00000000d1200000|100%| E|CS|TAMS 0x00000000d1100000, 0x00000000d1100000| Complete 
| 126|0x00000000d1200000, 0x00000000d1300000, 0x00000000d1300000|100%| E|CS|TAMS 0x00000000d1200000, 0x00000000d1200000| Complete 
| 127|0x00000000d1300000, 0x00000000d1400000, 0x00000000d1400000|100%| E|CS|TAMS 0x00000000d1300000, 0x00000000d1300000| Complete 
| 128|0x00000000d1400000, 0x00000000d1500000, 0x00000000d1500000|100%| E|CS|TAMS 0x00000000d1400000, 0x00000000d1400000| Complete 
| 129|0x00000000d1500000, 0x00000000d1600000, 0x00000000d1600000|100%| E|CS|TAMS 0x00000000d1500000, 0x00000000d1500000| Complete 
| 130|0x00000000d1600000, 0x00000000d1700000, 0x00000000d1700000|100%| E|CS|TAMS 0x00000000d1600000, 0x00000000d1600000| Complete 
| 131|0x00000000d1700000, 0x00000000d1800000, 0x00000000d1800000|100%| E|CS|TAMS 0x00000000d1700000, 0x00000000d1700000| Complete 
| 132|0x00000000d1800000, 0x00000000d1900000, 0x00000000d1900000|100%| E|CS|TAMS 0x00000000d1800000, 0x00000000d1800000| Complete 
| 133|0x00000000d1900000, 0x00000000d1a00000, 0x00000000d1a00000|100%| E|CS|TAMS 0x00000000d1900000, 0x00000000d1900000| Complete 
| 134|0x00000000d1a00000, 0x00000000d1b00000, 0x00000000d1b00000|100%| E|CS|TAMS 0x00000000d1a00000, 0x00000000d1a00000| Complete 
| 135|0x00000000d1b00000, 0x00000000d1c00000, 0x00000000d1c00000|100%| E|CS|TAMS 0x00000000d1b00000, 0x00000000d1b00000| Complete 
| 136|0x00000000d1c00000, 0x00000000d1d00000, 0x00000000d1d00000|100%| E|CS|TAMS 0x00000000d1c00000, 0x00000000d1c00000| Complete 
| 137|0x00000000d1d00000, 0x00000000d1e00000, 0x00000000d1e00000|100%| E|CS|TAMS 0x00000000d1d00000, 0x00000000d1d00000| Complete 
| 138|0x00000000d1e00000, 0x00000000d1f00000, 0x00000000d1f00000|100%| E|CS|TAMS 0x00000000d1e00000, 0x00000000d1e00000| Complete 
| 139|0x00000000d1f00000, 0x00000000d2000000, 0x00000000d2000000|100%| E|CS|TAMS 0x00000000d1f00000, 0x00000000d1f00000| Complete 
| 140|0x00000000d2000000, 0x00000000d2100000, 0x00000000d2100000|100%| E|CS|TAMS 0x00000000d2000000, 0x00000000d2000000| Complete 
| 141|0x00000000d2100000, 0x00000000d2200000, 0x00000000d2200000|100%| E|CS|TAMS 0x00000000d2100000, 0x00000000d2100000| Complete 
| 142|0x00000000d2200000, 0x00000000d2300000, 0x00000000d2300000|100%| E|CS|TAMS 0x00000000d2200000, 0x00000000d2200000| Complete 
| 143|0x00000000d2300000, 0x00000000d2400000, 0x00000000d2400000|100%| E|CS|TAMS 0x00000000d2300000, 0x00000000d2300000| Complete 
| 144|0x00000000d2400000, 0x00000000d2500000, 0x00000000d2500000|100%| E|CS|TAMS 0x00000000d2400000, 0x00000000d2400000| Complete 
| 145|0x00000000d2500000, 0x00000000d2600000, 0x00000000d2600000|100%| E|CS|TAMS 0x00000000d2500000, 0x00000000d2500000| Complete 
| 146|0x00000000d2600000, 0x00000000d2700000, 0x00000000d2700000|100%| E|CS|TAMS 0x00000000d2600000, 0x00000000d2600000| Complete 
| 147|0x00000000d2700000, 0x00000000d2800000, 0x00000000d2800000|100%| E|CS|TAMS 0x00000000d2700000, 0x00000000d2700000| Complete 
| 148|0x00000000d2800000, 0x00000000d2900000, 0x00000000d2900000|100%| E|CS|TAMS 0x00000000d2800000, 0x00000000d2800000| Complete 
| 149|0x00000000d2900000, 0x00000000d2a00000, 0x00000000d2a00000|100%| E|CS|TAMS 0x00000000d2900000, 0x00000000d2900000| Complete 
| 150|0x00000000d2a00000, 0x00000000d2a80cf0, 0x00000000d2b00000| 50%| S|CS|TAMS 0x00000000d2a00000, 0x00000000d2a00000| Complete 
| 151|0x00000000d2b00000, 0x00000000d2c00000, 0x00000000d2c00000|100%| E|CS|TAMS 0x00000000d2b00000, 0x00000000d2b00000| Complete 
| 152|0x00000000d2c00000, 0x00000000d2d00000, 0x00000000d2d00000|100%| E|CS|TAMS 0x00000000d2c00000, 0x00000000d2c00000| Complete 
| 153|0x00000000d2d00000, 0x00000000d2e00000, 0x00000000d2e00000|100%| E|CS|TAMS 0x00000000d2d00000, 0x00000000d2d00000| Complete 

Card table byte_map: [0x0000023415270000,0x0000023415430000] _byte_map_base: 0x0000023414c26000

Marking Bits (Prev, Next): (CMBitMap*) 0x0000023415507710, (CMBitMap*) 0x0000023415507750
 Prev Bits: [0x000002342bf20000, 0x000002342ccd0000)
 Next Bits: [0x000002342ccd0000, 0x000002342da80000)

Polling page: 0x00000234134d0000

Metaspace:

Usage:
  Non-class:     28.46 MB used.
      Class:      3.67 MB used.
       Both:     32.12 MB used.

Virtual space:
  Non-class space:       32.00 MB reserved,      28.62 MB ( 89%) committed,  4 nodes.
      Class space:        1.00 GB reserved,       3.88 MB ( <1%) committed,  1 nodes.
             Both:        1.03 GB reserved,      32.50 MB (  3%) committed. 

Chunk freelists:
   Non-Class:  2.48 MB
       Class:  3.97 MB
        Both:  6.45 MB

MaxMetaspaceSize: unlimited
CompressedClassSpaceSize: 1.00 GB
Initial GC threshold: 21.00 MB
Current GC threshold: 49.50 MB
CDS: on
MetaspaceReclaimPolicy: balanced
 - commit_granule_bytes: 65536.
 - commit_granule_words: 8192.
 - virtual_space_node_default_size: 1048576.
 - enlarge_chunks_in_place: 1.
 - new_chunks_are_fully_committed: 0.
 - uncommit_free_chunks: 1.
 - use_allocation_guard: 0.
 - handle_deallocations: 1.


Internal statistics:

num_allocs_failed_limit: 6.
num_arena_births: 250.
num_arena_deaths: 6.
num_vsnodes_births: 5.
num_vsnodes_deaths: 0.
num_space_committed: 537.
num_space_uncommitted: 17.
num_chunks_returned_to_freelist: 92.
num_chunks_taken_from_freelist: 1532.
num_chunk_merges: 30.
num_chunk_splits: 1053.
num_chunks_enlarged: 818.
num_purges: 2.
num_inconsistent_stats: 0.

CodeHeap 'non-profiled nmethods': size=120064Kb used=3499Kb max_used=3499Kb free=116564Kb
 bounds [0x0000023424820000, 0x0000023424b90000, 0x000002342bd60000]
CodeHeap 'profiled nmethods': size=120000Kb used=14174Kb max_used=14174Kb free=105825Kb
 bounds [0x000002341cd60000, 0x000002341db40000, 0x0000023424290000]
CodeHeap 'non-nmethods': size=5696Kb used=1246Kb max_used=1288Kb free=4449Kb
 bounds [0x0000023424290000, 0x0000023424500000, 0x0000023424820000]
 total_blobs=7019 nmethods=6462 adapters=468
 compilation: enabled
              stopped_count=0, restarted_count=0
 full_count=0

Compilation events (20 events):
Event: 27.373 Thread 0x000002342fd98650 7369       4       java.nio.ByteBuffer::array (35 bytes)
Event: 27.373 Thread 0x000002342fd98650 nmethod 7369 0x0000023424b89210 code [0x0000023424b89380, 0x0000023424b89438]
Event: 28.530 Thread 0x000002342fd98650 7370       4       java.nio.Buffer::remaining (20 bytes)
Event: 28.530 Thread 0x000002342fd98650 nmethod 7370 0x0000023424b89510 code [0x0000023424b89680, 0x0000023424b89718]
Event: 28.532 Thread 0x000002342fd98650 7371       4       java.nio.CharBuffer::limit (6 bytes)
Event: 28.533 Thread 0x000002342fd98650 nmethod 7371 0x0000023424b89810 code [0x0000023424b89980, 0x0000023424b89a78]
Event: 28.857 Thread 0x000002342fdfaf00 7372       3       java.nio.Buffer::clear (20 bytes)
Event: 28.858 Thread 0x000002342fdfaf00 nmethod 7372 0x000002341db37110 code [0x000002341db372a0, 0x000002341db373b8]
Event: 28.858 Thread 0x000002342fd98650 7373       4       java.util.concurrent.locks.AbstractQueuedSynchronizer::releaseShared (19 bytes)
Event: 28.860 Thread 0x000002342fd98650 nmethod 7373 0x0000023424b89b90 code [0x0000023424b89d40, 0x0000023424b89f78]
Event: 29.456 Thread 0x000002342fd98650 7374       4       java.lang.String::decodeASCII (64 bytes)
Event: 29.460 Thread 0x000002342fd98650 nmethod 7374 0x0000023424b8a190 code [0x0000023424b8a320, 0x0000023424b8a7b8]
Event: 29.848 Thread 0x000002342fdfaf00 7375       3       java.util.concurrent.locks.LockSupport::setBlocker (12 bytes)
Event: 29.848 Thread 0x000002342fdfaf00 nmethod 7375 0x000002341db37490 code [0x000002341db37640, 0x000002341db37848]
Event: 30.303 Thread 0x000002342fdfaf00 7376       1       org.apache.maven.surefire.api.stream.AbstractStreamDecoder$Memento::getData (5 bytes)
Event: 30.303 Thread 0x000002342fdfaf00 nmethod 7376 0x0000023424b8a990 code [0x0000023424b8ab20, 0x0000023424b8abf8]
Event: 30.303 Thread 0x000002342fdfaf00 7377   !   3       org.apache.maven.surefire.api.stream.AbstractStreamDecoder::read (242 bytes)
Event: 30.305 Thread 0x000002342fdfaf00 nmethod 7377 0x000002341db37910 code [0x000002341db37c80, 0x000002341db393f8]
Event: 30.306 Thread 0x000002342fdfaf00 7378       3       java.util.concurrent.atomic.AtomicBoolean::get (13 bytes)
Event: 30.306 Thread 0x000002342fdfaf00 nmethod 7378 0x000002341db39c10 code [0x000002341db39da0, 0x000002341db39f18]

GC Heap History (20 events):
Event: 10.768 GC heap before
{Heap before GC invocations=13 (full 0):
 garbage-first heap   total 69632K, used 51200K [0x00000000c9400000, 0x0000000100000000)
  region size 1024K, 17 young (17408K), 3 survivors (3072K)
 Metaspace       used 27098K, committed 27456K, reserved 1081344K
  class space    used 3132K, committed 3328K, reserved 1048576K
}
Event: 10.773 GC heap after
{Heap after GC invocations=14 (full 0):
 garbage-first heap   total 69632K, used 38621K [0x00000000c9400000, 0x0000000100000000)
  region size 1024K, 1 young (1024K), 1 survivors (1024K)
 Metaspace       used 27098K, committed 27456K, reserved 1081344K
  class space    used 3132K, committed 3328K, reserved 1048576K
}
Event: 11.322 GC heap before
{Heap before GC invocations=15 (full 0):
 garbage-first heap   total 69632K, used 52957K [0x00000000c9400000, 0x0000000100000000)
  region size 1024K, 16 young (16384K), 1 survivors (1024K)
 Metaspace       used 28191K, committed 28544K, reserved 1081344K
  class space    used 3250K, committed 3392K, reserved 1048576K
}
Event: 11.325 GC heap after
{Heap after GC invocations=16 (full 0):
 garbage-first heap   total 69632K, used 38893K [0x00000000c9400000, 0x0000000100000000)
  region size 1024K, 2 young (2048K), 2 survivors (2048K)
 Metaspace       used 28191K, committed 28544K, reserved 1081344K
  class space    used 3250K, committed 3392K, reserved 1048576K
}
Event: 11.842 GC heap before
{Heap before GC invocations=16 (full 0):
 garbage-first heap   total 69632K, used 51181K [0x00000000c9400000, 0x0000000100000000)
  region size 1024K, 16 young (16384K), 2 survivors (2048K)
 Metaspace       used 29576K, committed 29888K, reserved 1081344K
  class space    used 3416K, committed 3584K, reserved 1048576K
}
Event: 11.847 GC heap after
{Heap after GC invocations=17 (full 0):
 garbage-first heap   total 69632K, used 39716K [0x00000000c9400000, 0x0000000100000000)
  region size 1024K, 2 young (2048K), 2 survivors (2048K)
 Metaspace       used 29576K, committed 29888K, reserved 1081344K
  class space    used 3416K, committed 3584K, reserved 1048576K
}
Event: 12.302 GC heap before
{Heap before GC invocations=18 (full 0):
 garbage-first heap   total 70656K, used 46884K [0x00000000c9400000, 0x0000000100000000)
  region size 1024K, 10 young (10240K), 2 survivors (2048K)
 Metaspace       used 30035K, committed 30400K, reserved 1081344K
  class space    used 3469K, committed 3648K, reserved 1048576K
}
Event: 12.308 GC heap after
{Heap after GC invocations=19 (full 0):
 garbage-first heap   total 70656K, used 40065K [0x00000000c9400000, 0x0000000100000000)
  region size 1024K, 2 young (2048K), 2 survivors (2048K)
 Metaspace       used 30035K, committed 30400K, reserved 1081344K
  class space    used 3469K, committed 3648K, reserved 1048576K
}
Event: 12.551 GC heap before
{Heap before GC invocations=20 (full 0):
 garbage-first heap   total 78848K, used 60545K [0x00000000c9400000, 0x0000000100000000)
  region size 1024K, 18 young (18432K), 2 survivors (2048K)
 Metaspace       used 30088K, committed 30464K, reserved 1081344K
  class space    used 3470K, committed 3648K, reserved 1048576K
}
Event: 12.561 GC heap after
{Heap after GC invocations=21 (full 0):
 garbage-first heap   total 78848K, used 53016K [0x00000000c9400000, 0x0000000100000000)
  region size 1024K, 3 young (3072K), 3 survivors (3072K)
 Metaspace       used 30088K, committed 30464K, reserved 1081344K
  class space    used 3470K, committed 3648K, reserved 1048576K
}
Event: 12.597 GC heap before
{Heap before GC invocations=21 (full 0):
 garbage-first heap   total 78848K, used 54040K [0x00000000c9400000, 0x0000000100000000)
  region size 1024K, 4 young (4096K), 3 survivors (3072K)
 Metaspace       used 30089K, committed 30464K, reserved 1081344K
  class space    used 3470K, committed 3648K, reserved 1048576K
}
Event: 12.603 GC heap after
{Heap after GC invocations=22 (full 0):
 garbage-first heap   total 78848K, used 47345K [0x00000000c9400000, 0x0000000100000000)
  region size 1024K, 1 young (1024K), 1 survivors (1024K)
 Metaspace       used 30089K, committed 30464K, reserved 1081344K
  class space    used 3470K, committed 3648K, reserved 1048576K
}
Event: 12.617 GC heap before
{Heap before GC invocations=22 (full 0):
 garbage-first heap   total 78848K, used 49393K [0x00000000c9400000, 0x0000000100000000)
  region size 1024K, 3 young (3072K), 1 survivors (1024K)
 Metaspace       used 30090K, committed 30464K, reserved 1081344K
  class space    used 3470K, committed 3648K, reserved 1048576K
}
Event: 12.621 GC heap after
{Heap after GC invocations=23 (full 0):
 garbage-first heap   total 78848K, used 45528K [0x00000000c9400000, 0x0000000100000000)
  region size 1024K, 1 young (1024K), 1 survivors (1024K)
 Metaspace       used 30090K, committed 30464K, reserved 1081344K
  class space    used 3470K, committed 3648K, reserved 1048576K
}
Event: 13.511 GC heap before
{Heap before GC invocations=23 (full 0):
 garbage-first heap   total 78848K, used 58840K [0x00000000c9400000, 0x0000000100000000)
  region size 1024K, 14 young (14336K), 1 survivors (1024K)
 Metaspace       used 30108K, committed 30464K, reserved 1081344K
  class space    used 3470K, committed 3648K, reserved 1048576K
}
Event: 13.516 GC heap after
{Heap after GC invocations=24 (full 0):
 garbage-first heap   total 157696K, used 50745K [0x00000000c9400000, 0x0000000100000000)
  region size 1024K, 2 young (2048K), 2 survivors (2048K)
 Metaspace       used 30108K, committed 30464K, reserved 1081344K
  class space    used 3470K, committed 3648K, reserved 1048576K
}
Event: 15.384 GC heap before
{Heap before GC invocations=25 (full 0):
 garbage-first heap   total 157696K, used 90681K [0x00000000c9400000, 0x0000000100000000)
  region size 1024K, 44 young (45056K), 2 survivors (2048K)
 Metaspace       used 29857K, committed 30208K, reserved 1081344K
  class space    used 3433K, committed 3584K, reserved 1048576K
}
Event: 15.390 GC heap after
{Heap after GC invocations=26 (full 0):
 garbage-first heap   total 157696K, used 49424K [0x00000000c9400000, 0x0000000100000000)
  region size 1024K, 4 young (4096K), 4 survivors (4096K)
 Metaspace       used 29857K, committed 30208K, reserved 1081344K
  class space    used 3433K, committed 3584K, reserved 1048576K
}
Event: 15.467 GC heap before
{Heap before GC invocations=26 (full 0):
 garbage-first heap   total 157696K, used 51472K [0x00000000c9400000, 0x0000000100000000)
  region size 1024K, 7 young (7168K), 4 survivors (4096K)
 Metaspace       used 29910K, committed 30208K, reserved 1081344K
  class space    used 3434K, committed 3584K, reserved 1048576K
}
Event: 15.472 GC heap after
{Heap after GC invocations=27 (full 0):
 garbage-first heap   total 157696K, used 47955K [0x00000000c9400000, 0x0000000100000000)
  region size 1024K, 1 young (1024K), 1 survivors (1024K)
 Metaspace       used 29910K, committed 30208K, reserved 1081344K
  class space    used 3434K, committed 3584K, reserved 1048576K
}

Deoptimization events (20 events):
Event: 18.950 Thread 0x0000023430dd9620 Uncommon trap: trap_request=0xffffffc6 fr.pc=0x00000234249339d0 relative=0x00000000000002f0
Event: 18.950 Thread 0x0000023430dd9620 Uncommon trap: reason=bimorphic_or_optimized_type_check action=maybe_recompile pc=0x00000234249339d0 method=java.util.regex.Pattern$BmpCharPredicate.lambda$union$2(Ljava/util/regex/Pattern$CharPredicate;I)Z @ 2 c2
Event: 18.950 Thread 0x0000023430dd9620 DEOPT PACKING pc=0x00000234249339d0 sp=0x000000516aefe320
Event: 18.950 Thread 0x0000023430dd9620 DEOPT UNPACKING pc=0x00000234242e23a3 sp=0x000000516aefe168 mode 2
Event: 18.950 Thread 0x0000023430dd9620 Uncommon trap: trap_request=0xffffffde fr.pc=0x000002342489f3d4 relative=0x00000000000001b4
Event: 18.950 Thread 0x0000023430dd9620 Uncommon trap: reason=class_check action=maybe_recompile pc=0x000002342489f3d4 method=java.util.regex.Pattern$BmpCharPredicate.lambda$union$2(Ljava/util/regex/Pattern$CharPredicate;I)Z @ 12 c2
Event: 18.950 Thread 0x0000023430dd9620 DEOPT PACKING pc=0x000002342489f3d4 sp=0x000000516aefe130
Event: 18.950 Thread 0x0000023430dd9620 DEOPT UNPACKING pc=0x00000234242e23a3 sp=0x000000516aefe048 mode 2
Event: 18.953 Thread 0x0000023430dd9620 Uncommon trap: trap_request=0xffffffde fr.pc=0x000002342489f3d4 relative=0x00000000000001b4
Event: 18.953 Thread 0x0000023430dd9620 Uncommon trap: reason=class_check action=maybe_recompile pc=0x000002342489f3d4 method=java.util.regex.Pattern$BmpCharPredicate.lambda$union$2(Ljava/util/regex/Pattern$CharPredicate;I)Z @ 12 c2
Event: 18.953 Thread 0x0000023430dd9620 DEOPT PACKING pc=0x000002342489f3d4 sp=0x000000516aefe1d0
Event: 18.953 Thread 0x0000023430dd9620 DEOPT UNPACKING pc=0x00000234242e23a3 sp=0x000000516aefe0e8 mode 2
Event: 18.953 Thread 0x0000023430dd9620 Uncommon trap: trap_request=0xffffffde fr.pc=0x000002342489f3d4 relative=0x00000000000001b4
Event: 18.953 Thread 0x0000023430dd9620 Uncommon trap: reason=class_check action=maybe_recompile pc=0x000002342489f3d4 method=java.util.regex.Pattern$BmpCharPredicate.lambda$union$2(Ljava/util/regex/Pattern$CharPredicate;I)Z @ 12 c2
Event: 18.953 Thread 0x0000023430dd9620 DEOPT PACKING pc=0x000002342489f3d4 sp=0x000000516aefe230
Event: 18.953 Thread 0x0000023430dd9620 DEOPT UNPACKING pc=0x00000234242e23a3 sp=0x000000516aefe148 mode 2
Event: 18.953 Thread 0x0000023430dd9620 Uncommon trap: trap_request=0xffffffde fr.pc=0x000002342489f3d4 relative=0x00000000000001b4
Event: 18.953 Thread 0x0000023430dd9620 Uncommon trap: reason=class_check action=maybe_recompile pc=0x000002342489f3d4 method=java.util.regex.Pattern$BmpCharPredicate.lambda$union$2(Ljava/util/regex/Pattern$CharPredicate;I)Z @ 12 c2
Event: 18.953 Thread 0x0000023430dd9620 DEOPT PACKING pc=0x000002342489f3d4 sp=0x000000516aefe230
Event: 18.953 Thread 0x0000023430dd9620 DEOPT UNPACKING pc=0x00000234242e23a3 sp=0x000000516aefe148 mode 2

Classes unloaded (20 events):
Event: 13.567 Thread 0x00000234155a65a0 Unloading class 0x0000000800f2ec00 'lombok/javac/apt/LombokFileObject'
Event: 13.567 Thread 0x00000234155a65a0 Unloading class 0x0000000800f2ea00 'lombok/javac/apt/LombokFileObjects'
Event: 13.567 Thread 0x00000234155a65a0 Unloading class 0x0000000800f2e7c8 'lombok/javac/apt/MessagerDiagnosticsReceiver'
Event: 13.567 Thread 0x00000234155a65a0 Unloading class 0x0000000800f2e420 'lombok/javac/apt/InterceptingJavaFileManager'
Event: 13.567 Thread 0x00000234155a65a0 Unloading class 0x0000000800f2e218 'lombok/permit/dummy/Parent'
Event: 13.567 Thread 0x00000234155a65a0 Unloading class 0x0000000800f2e000 'lombok/core/CleanupRegistry'
Event: 13.567 Thread 0x00000234155a65a0 Unloading class 0x0000000800f2dce8 'lombok/permit/Permit$Fake'
Event: 13.567 Thread 0x00000234155a65a0 Unloading class 0x0000000800f2dae8 'lombok/permit/Permit'
Event: 13.567 Thread 0x00000234155a65a0 Unloading class 0x0000000800f2cd88 'lombok/core/DiagnosticsReceiver'
Event: 13.567 Thread 0x00000234155a65a0 Unloading class 0x0000000800f2d800 'lombok/javac/apt/LombokProcessor$1'
Event: 13.567 Thread 0x00000234155a65a0 Unloading class 0x0000000800f2caf0 'lombok/javac/apt/LombokProcessor'
Event: 13.567 Thread 0x00000234155a65a0 Unloading class 0x0000000800f2c8c0 'lombok/core/AnnotationProcessor$EcjDescriptor'
Event: 13.567 Thread 0x00000234155a65a0 Unloading class 0x0000000800f2c688 'lombok/core/AnnotationProcessor$JavacDescriptor'
Event: 13.567 Thread 0x00000234155a65a0 Unloading class 0x0000000800f2c280 'lombok/core/AnnotationProcessor$ProcessorDescriptor'
Event: 13.567 Thread 0x00000234155a65a0 Unloading class 0x0000000800f2c000 'lombok/core/AnnotationProcessor'
Event: 13.567 Thread 0x00000234155a65a0 Unloading class 0x0000000800f2d200 'lombok/launch/AnnotationProcessorHider$ClaimingProcessor'
Event: 13.567 Thread 0x00000234155a65a0 Unloading class 0x0000000800f2d000 'lombok/launch/AnnotationProcessorHider$AstModificationNotifierData'
Event: 13.567 Thread 0x00000234155a65a0 Unloading class 0x0000000800f04480 'lombok/launch/ShadowClassLoader'
Event: 13.567 Thread 0x00000234155a65a0 Unloading class 0x0000000800f04280 'lombok/launch/Main'
Event: 13.567 Thread 0x00000234155a65a0 Unloading class 0x0000000800f04000 'lombok/launch/AnnotationProcessorHider$AnnotationProcessor'

Classes redefined (0 events):
No events

Internal exceptions (20 events):
Event: 15.130 Thread 0x00000234154d0830 Exception <a 'sun/nio/fs/WindowsException'{0x00000000d0cae828}> (0x00000000d0cae828) 
thrown [s\open\src\hotspot\share\prims\jni.cpp, line 516]
Event: 15.131 Thread 0x00000234154d0830 Exception <a 'sun/nio/fs/WindowsException'{0x00000000d0caec58}> (0x00000000d0caec58) 
thrown [s\open\src\hotspot\share\prims\jni.cpp, line 516]
Event: 15.131 Thread 0x00000234154d0830 Exception <a 'sun/nio/fs/WindowsException'{0x00000000d0cafce0}> (0x00000000d0cafce0) 
thrown [s\open\src\hotspot\share\prims\jni.cpp, line 516]
Event: 15.131 Thread 0x00000234154d0830 Exception <a 'sun/nio/fs/WindowsException'{0x00000000d0cb0070}> (0x00000000d0cb0070) 
thrown [s\open\src\hotspot\share\prims\jni.cpp, line 516]
Event: 15.208 Thread 0x00000234154d0830 Exception <a 'sun/nio/fs/WindowsException'{0x00000000d0b8b5e8}> (0x00000000d0b8b5e8) 
thrown [s\open\src\hotspot\share\prims\jni.cpp, line 516]
Event: 15.211 Thread 0x00000234154d0830 Exception <a 'sun/nio/fs/WindowsException'{0x00000000d0ba2168}> (0x00000000d0ba2168) 
thrown [s\open\src\hotspot\share\prims\jni.cpp, line 516]
Event: 15.215 Thread 0x00000234154d0830 Exception <a 'sun/nio/fs/WindowsException'{0x00000000d0bbc518}> (0x00000000d0bbc518) 
thrown [s\open\src\hotspot\share\prims\jni.cpp, line 516]
Event: 15.215 Thread 0x00000234154d0830 Exception <a 'sun/nio/fs/WindowsException'{0x00000000d0bbcc88}> (0x00000000d0bbcc88) 
thrown [s\open\src\hotspot\share\prims\jni.cpp, line 516]
Event: 15.215 Thread 0x00000234154d0830 Exception <a 'sun/nio/fs/WindowsException'{0x00000000d0bbd248}> (0x00000000d0bbd248) 
thrown [s\open\src\hotspot\share\prims\jni.cpp, line 516]
Event: 15.215 Thread 0x00000234154d0830 Exception <a 'sun/nio/fs/WindowsException'{0x00000000d0bbd9a8}> (0x00000000d0bbd9a8) 
thrown [s\open\src\hotspot\share\prims\jni.cpp, line 516]
Event: 15.215 Thread 0x00000234154d0830 Exception <a 'sun/nio/fs/WindowsException'{0x00000000d0bbdd18}> (0x00000000d0bbdd18) 
thrown [s\open\src\hotspot\share\prims\jni.cpp, line 516]
Event: 15.215 Thread 0x00000234154d0830 Exception <a 'sun/nio/fs/WindowsException'{0x00000000d0bbe9e0}> (0x00000000d0bbe9e0) 
thrown [s\open\src\hotspot\share\prims\jni.cpp, line 516]
Event: 15.215 Thread 0x00000234154d0830 Exception <a 'sun/nio/fs/WindowsException'{0x00000000d0bbed20}> (0x00000000d0bbed20) 
thrown [s\open\src\hotspot\share\prims\jni.cpp, line 516]
Event: 15.215 Thread 0x00000234154d0830 Exception <a 'sun/nio/fs/WindowsException'{0x00000000d0bbf9e0}> (0x00000000d0bbf9e0) 
thrown [s\open\src\hotspot\share\prims\jni.cpp, line 516]
Event: 16.174 Thread 0x00000234313ab630 Exception <a 'java/lang/NoSuchMethodError'{0x00000000d1a14fa0}: 'java.lang.Object java.lang.invoke.DirectMethodHandle$Holder.invokeStaticInit(java.lang.Object, java.lang.Object, long, java.lang.Object)'> (0x00000000d1a14fa0) 
thrown [s\open\src\hotspot\share\interpreter\linkResolver.cpp, line 759]
Event: 16.174 Thread 0x00000234313ab630 Exception <a 'java/lang/NoSuchMethodError'{0x00000000d1a1b6e0}: 'java.lang.Object java.lang.invoke.DirectMethodHandle$Holder.newInvokeSpecial(java.lang.Object, java.lang.Object, long)'> (0x00000000d1a1b6e0) 
thrown [s\open\src\hotspot\share\interpreter\linkResolver.cpp, line 759]
Event: 16.174 Thread 0x00000234313ab630 Exception <a 'java/lang/NoSuchMethodError'{0x00000000d1a1f250}: 'java.lang.Object java.lang.invoke.Invokers$Holder.linkToTargetMethod(java.lang.Object, long, java.lang.Object)'> (0x00000000d1a1f250) 
thrown [s\open\src\hotspot\share\interpreter\linkResolver.cpp, line 759]
Event: 16.307 Thread 0x00000234154d0830 Exception <a 'java/lang/NoSuchMethodError'{0x00000000d1819510}: 'java.lang.Object java.lang.invoke.DirectMethodHandle$Holder.invokeStaticInit(java.lang.Object, java.lang.Object, int, int, int, int)'> (0x00000000d1819510) 
thrown [s\open\src\hotspot\share\interpreter\linkResolver.cpp, line 759]
Event: 16.763 Thread 0x00000234154d0830 Exception <a 'java/lang/NoSuchMethodError'{0x00000000d0eb67e8}: 'void java.lang.invoke.DirectMethodHandle$Holder.invokeStatic(java.lang.Object, long)'> (0x00000000d0eb67e8) 
thrown [s\open\src\hotspot\share\interpreter\linkResolver.cpp, line 759]
Event: 16.764 Thread 0x00000234154d0830 Exception <a 'java/lang/NoSuchMethodError'{0x00000000d0ebbe38}: 'java.lang.Object java.lang.invoke.DirectMethodHandle$Holder.newInvokeSpecial(java.lang.Object, long)'> (0x00000000d0ebbe38) 
thrown [s\open\src\hotspot\share\interpreter\linkResolver.cpp, line 759]

VM Operations (20 events):
Event: 16.765 Executing VM operation: HandshakeAllThreads
Event: 16.765 Executing VM operation: HandshakeAllThreads done
Event: 16.774 Executing VM operation: HandshakeAllThreads
Event: 16.774 Executing VM operation: HandshakeAllThreads done
Event: 17.787 Executing VM operation: Cleanup
Event: 17.787 Executing VM operation: Cleanup done
Event: 18.788 Executing VM operation: Cleanup
Event: 18.789 Executing VM operation: Cleanup done
Event: 19.802 Executing VM operation: Cleanup
Event: 19.802 Executing VM operation: Cleanup done
Event: 20.806 Executing VM operation: Cleanup
Event: 20.806 Executing VM operation: Cleanup done
Event: 23.818 Executing VM operation: Cleanup
Event: 23.818 Executing VM operation: Cleanup done
Event: 24.831 Executing VM operation: Cleanup
Event: 24.831 Executing VM operation: Cleanup done
Event: 26.846 Executing VM operation: Cleanup
Event: 26.846 Executing VM operation: Cleanup done
Event: 29.867 Executing VM operation: Cleanup
Event: 29.868 Executing VM operation: Cleanup done

Events (20 events):
Event: 16.764 loading class java/lang/ProcessImpl$2 done
Event: 16.764 loading class java/lang/Process$PipeInputStream
Event: 16.764 loading class java/lang/Process$PipeInputStream done
Event: 16.765 loading class jdk/internal/event/ProcessStartEvent
Event: 16.766 loading class jdk/internal/event/Event
Event: 16.767 loading class jdk/internal/event/Event done
Event: 16.767 loading class jdk/internal/event/ProcessStartEvent done
Event: 16.768 loading class java/nio/channels/ClosedChannelException
Event: 16.768 loading class java/nio/channels/ClosedChannelException done
Event: 16.774 loading class java/nio/channels/NonReadableChannelException
Event: 16.774 loading class java/nio/channels/NonReadableChannelException done
Event: 16.775 loading class java/nio/channels/NonWritableChannelException
Event: 16.775 loading class java/nio/channels/NonWritableChannelException done
Event: 16.792 Thread 0x0000023430dd8010 Thread added: 0x0000023430dd8010
Event: 16.792 Thread 0x0000023433969630 Thread added: 0x0000023433969630
Event: 16.799 Thread 0x0000023433969b00 Thread added: 0x0000023433969b00
Event: 16.826 loading class java/util/Scanner
Event: 16.827 loading class java/util/Scanner done
Event: 16.828 loading class java/util/Scanner$PatternLRUCache
Event: 16.828 loading class java/util/Scanner$PatternLRUCache done


Dynamic libraries:
0x00007ff78af10000 - 0x00007ff78af20000 	C:\Program Files\Java\jdk-17\bin\java.exe
0x00007ff9c7390000 - 0x00007ff9c7588000 	C:\windows\SYSTEM32\ntdll.dll
0x00007ff9c64b0000 - 0x00007ff9c656f000 	C:\windows\System32\KERNEL32.DLL
0x00007ff9c4c50000 - 0x00007ff9c4f46000 	C:\windows\System32\KERNELBASE.dll
0x00007ff9c4f50000 - 0x00007ff9c5050000 	C:\windows\System32\ucrtbase.dll
0x00007ff9ba380000 - 0x00007ff9ba39b000 	C:\Program Files\Java\jdk-17\bin\VCRUNTIME140.dll
0x00007ff9bc290000 - 0x00007ff9bc2a9000 	C:\Program Files\Java\jdk-17\bin\jli.dll
0x00007ff9c58a0000 - 0x00007ff9c594f000 	C:\windows\System32\ADVAPI32.dll
0x00007ff9c5970000 - 0x00007ff9c5a0e000 	C:\windows\System32\msvcrt.dll
0x00007ff9c6b50000 - 0x00007ff9c6bec000 	C:\windows\System32\sechost.dll
0x00007ff9c6650000 - 0x00007ff9c6776000 	C:\windows\System32\RPCRT4.dll
0x00007ff9c5480000 - 0x00007ff9c561d000 	C:\windows\System32\USER32.dll
0x00007ff9c4c20000 - 0x00007ff9c4c42000 	C:\windows\System32\win32u.dll
0x00007ff9c57b0000 - 0x00007ff9c57dc000 	C:\windows\System32\GDI32.dll
0x00007ff9c5220000 - 0x00007ff9c5335000 	C:\windows\System32\gdi32full.dll
0x00007ff9c4ac0000 - 0x00007ff9c4b5d000 	C:\windows\System32\msvcp_win.dll
0x00007ff9adc60000 - 0x00007ff9adefa000 	C:\windows\WinSxS\amd64_microsoft.windows.common-controls_6595b64144ccf1df_6.0.19041.1110_none_60b5254171f9507e\COMCTL32.dll
0x00007ff9bc710000 - 0x00007ff9bc71a000 	C:\windows\SYSTEM32\VERSION.dll
0x00007ff9c6620000 - 0x00007ff9c6650000 	C:\windows\System32\IMM32.DLL
0x00007ff9be4d0000 - 0x00007ff9be4dc000 	C:\Program Files\Java\jdk-17\bin\vcruntime140_1.dll
0x00007ff996480000 - 0x00007ff99650e000 	C:\Program Files\Java\jdk-17\bin\msvcp140.dll
0x00007ff96fc60000 - 0x00007ff97083d000 	C:\Program Files\Java\jdk-17\bin\server\jvm.dll
0x00007ff9c7340000 - 0x00007ff9c7348000 	C:\windows\System32\PSAPI.DLL
0x00007ff999790000 - 0x00007ff999799000 	C:\windows\SYSTEM32\WSOCK32.dll
0x00007ff9c6a50000 - 0x00007ff9c6abb000 	C:\windows\System32\WS2_32.dll
0x00007ff9bc6e0000 - 0x00007ff9bc707000 	C:\windows\SYSTEM32\WINMM.dll
0x00007ff9c2920000 - 0x00007ff9c2932000 	C:\windows\SYSTEM32\kernel.appcore.dll
0x00007ff9b5e60000 - 0x00007ff9b5e6a000 	C:\Program Files\Java\jdk-17\bin\jimage.dll
0x00007ff9afaa0000 - 0x00007ff9afc84000 	C:\windows\SYSTEM32\DBGHELP.DLL
0x00007ff9a76e0000 - 0x00007ff9a7714000 	C:\windows\SYSTEM32\dbgcore.DLL
0x00007ff9c4b60000 - 0x00007ff9c4be2000 	C:\windows\System32\bcryptPrimitives.dll
0x00007ff9ad490000 - 0x00007ff9ad4b5000 	C:\Program Files\Java\jdk-17\bin\java.dll
0x00007ff980520000 - 0x00007ff9805f7000 	C:\Program Files\Java\jdk-17\bin\jsvml.dll
0x00007ff9c6bf0000 - 0x00007ff9c7334000 	C:\windows\System32\SHELL32.dll
0x00007ff9c2b20000 - 0x00007ff9c32b4000 	C:\windows\SYSTEM32\windows.storage.dll
0x00007ff9c6020000 - 0x00007ff9c6374000 	C:\windows\System32\combase.dll
0x00007ff9c43e0000 - 0x00007ff9c440e000 	C:\windows\SYSTEM32\Wldp.dll
0x00007ff9c5700000 - 0x00007ff9c57ad000 	C:\windows\System32\SHCORE.dll
0x00007ff9c5fc0000 - 0x00007ff9c6015000 	C:\windows\System32\shlwapi.dll
0x00007ff9c49a0000 - 0x00007ff9c49c5000 	C:\windows\SYSTEM32\profapi.dll
0x00007ff9ae1e0000 - 0x00007ff9ae1f9000 	C:\Program Files\Java\jdk-17\bin\net.dll
0x00007ff9b97b0000 - 0x00007ff9b98ba000 	C:\windows\SYSTEM32\WINHTTP.dll
0x00007ff9c4140000 - 0x00007ff9c41aa000 	C:\windows\system32\mswsock.dll
0x00007ff9aca30000 - 0x00007ff9aca46000 	C:\Program Files\Java\jdk-17\bin\nio.dll
0x00007ff9ac730000 - 0x00007ff9ac748000 	C:\Program Files\Java\jdk-17\bin\zip.dll
0x0000000069ac0000 - 0x0000000069ae4000 	C:\Users\carin\AppData\Local\Temp\jansi-2.4.0-c6d8ab0bf0040df-jansi.dll
0x00007ff9b5e50000 - 0x00007ff9b5e60000 	C:\Program Files\Java\jdk-17\bin\verify.dll
0x00007ff9c4330000 - 0x00007ff9c4348000 	C:\windows\SYSTEM32\CRYPTSP.dll
0x00007ff9c3a60000 - 0x00007ff9c3a94000 	C:\windows\system32\rsaenh.dll
0x00007ff9c4bf0000 - 0x00007ff9c4c17000 	C:\windows\System32\bcrypt.dll
0x00007ff9c4920000 - 0x00007ff9c494e000 	C:\windows\SYSTEM32\USERENV.dll
0x00007ff9c4350000 - 0x00007ff9c435c000 	C:\windows\SYSTEM32\CRYPTBASE.dll
0x00007ff9c3e30000 - 0x00007ff9c3e6c000 	C:\windows\SYSTEM32\IPHLPAPI.DLL
0x00007ff9c53f0000 - 0x00007ff9c53f8000 	C:\windows\System32\NSI.dll
0x00007ff9bb3c0000 - 0x00007ff9bb3d7000 	C:\windows\SYSTEM32\dhcpcsvc6.DLL
0x00007ff9b99f0000 - 0x00007ff9b9a0d000 	C:\windows\SYSTEM32\dhcpcsvc.DLL
0x00007ff9c3e70000 - 0x00007ff9c3f3a000 	C:\windows\SYSTEM32\DNSAPI.dll

dbghelp: loaded successfully - version: 4.0.5 - missing functions: none
symbol engine: initialized successfully - sym options: 0x614 - pdb path: .;C:\Program Files\Java\jdk-17\bin;C:\windows\SYSTEM32;C:\windows\WinSxS\amd64_microsoft.windows.common-controls_6595b64144ccf1df_6.0.19041.1110_none_60b5254171f9507e;C:\Program Files\Java\jdk-17\bin\server;C:\Users\carin\AppData\Local\Temp

VM Arguments:
jvm_args: -Dmaven.multiModuleProjectDirectory=C:\Users\carin\Desktop\springbootreact\gestion-clientes-backend 
java_command: org.apache.maven.wrapper.MavenWrapperMain -Dmaven.ext.class.path=C:\Program Files\NetBeans-17\netbeans\java\maven-nblib\netbeans-eventspy.jar --no-transfer-progress clean install
java_class_path (initial): C:\Users\carin\Desktop\springbootreact\gestion-clientes-backend\.mvn\wrapper\maven-wrapper.jar
Launcher Type: SUN_STANDARD

[Global flags]
     intx CICompilerCount                          = 2                                         {product} {ergonomic}
     uint ConcGCThreads                            = 1                                         {product} {ergonomic}
     uint G1ConcRefinementThreads                  = 2                                         {product} {ergonomic}
   size_t G1HeapRegionSize                         = 1048576                                   {product} {ergonomic}
    uintx GCDrainStackTargetSize                   = 64                                        {product} {ergonomic}
   size_t InitialHeapSize                          = 58720256                                  {product} {ergonomic}
   size_t MarkStackSize                            = 4194304                                   {product} {ergonomic}
   size_t MaxHeapSize                              = 918552576                                 {product} {ergonomic}
   size_t MaxNewSize                               = 550502400                                 {product} {ergonomic}
   size_t MinHeapDeltaBytes                        = 1048576                                   {product} {ergonomic}
   size_t MinHeapSize                              = 8388608                                   {product} {ergonomic}
    uintx NonNMethodCodeHeapSize                   = 5826188                                {pd product} {ergonomic}
    uintx NonProfiledCodeHeapSize                  = 122916026                              {pd product} {ergonomic}
    uintx ProfiledCodeHeapSize                     = 122916026                              {pd product} {ergonomic}
    uintx ReservedCodeCacheSize                    = 251658240                              {pd product} {ergonomic}
     bool SegmentedCodeCache                       = true                                      {product} {ergonomic}
   size_t SoftMaxHeapSize                          = 918552576                              {manageable} {ergonomic}
     bool UseCompressedClassPointers               = true                           {product lp64_product} {ergonomic}
     bool UseCompressedOops                        = true                           {product lp64_product} {ergonomic}
     bool UseG1GC                                  = true                                      {product} {ergonomic}
     bool UseLargePagesIndividualAllocation        = false                                  {pd product} {ergonomic}

Logging:
Log output configuration:
 #0: stdout all=warning uptime,level,tags
 #1: stderr all=off uptime,level,tags

Environment Variables:
JAVA_HOME=C:\Program Files\Java\jdk-17
PATH=C:\Program Files\Common Files\Oracle\Java\javapath;C:\windows\system32;C:\windows;C:\windows\System32\Wbem;C:\windows\System32\WindowsPowerShell\v1.0\;C:\windows\System32\OpenSSH\;C:\Program Files\Git\cmd;C:\Program Files\nodejs\;C:\gradle-8.1.1\bin;C:\Program Files\Java\jdk-20\bin;C:\Users\carin\AppData\Local\Microsoft\WindowsApps;C:\Users\carin\AppData\Local\Programs\Microsoft VS Code\bin;C:\Users\carin\AppData\Roaming\npm;C:\ProgramData\carin\GitHubDesktop\bin;C:\Users\carin\AppData\Local\GitHubDesktop\bin;C:\Users\carin\Downloads\mongodb-windows-x86_64-6.0.4.zip\mongodb-win32-x86_64-windows-6.0.4\bin;C:\Users\carin\Desktop\dataBase\data;C:\Program Files\MongoDB\Server\6.0\data;C:\Program Files\MongoDB\Server\6.0\bin;C:\Users\carin\Desktop\Backend\FastAPI;C:\Users\carin\Desktop\Backend;C:\Users\carin\Desktop\Backend\dataBase\data\log;C:\Program Files\MongoDB\Server\6.0\data;C:\Program Files\MongoDB\Server\6.0\bin;C:\Users\carin\AppData\Local\Packages\PythonSoftwareFoundation.Python.3.10_qbz5n2kfra8p0\LocalCache\local-packages\Python310\Scripts;C:\Users\carin\Documents\flutter\bin\;C:\Program Files\MySQL\MySQL Server 8.0\bin;C:\gradle-8.1.1\bin;C:\Program Files\Java\jdk-20\bin;
USERNAME=carin
OS=Windows_NT
PROCESSOR_IDENTIFIER=AMD64 Family 23 Model 24 Stepping 1, AuthenticAMD



---------------  S Y S T E M  ---------------

OS:
 Windows 10 , 64 bit Build 19041 (10.0.19041.3155)
OS uptime: 1 days 18:15 hours

CPU: total 2 (initial active 2) (2 cores per cpu, 1 threads per core) family 23 model 24 stepping 1 microcode 0x0, cx8, cmov, fxsr, mmx, 3dnowpref, sse, sse2, sse3, ssse3, sse4a, sse4.1, sse4.2, popcnt, lzcnt, tsc, tscinvbit, avx, avx2, aes, clmul, bmi1, bmi2, adx, sha, fma, vzeroupper, clflush, clflushopt

Memory: 4k page, system-wide physical 3500M (355M free)
TotalPageFile size 14252M (AvailPageFile size 385M)
current process WorkingSet (physical memory assigned to process): 225M, peak: 260M
current process commit charge ("private bytes"): 288M, peak: 317M

vm_info: Java HotSpot(TM) 64-Bit Server VM (17.0.7+8-LTS-224) for windows-amd64 JRE (17.0.7+8-LTS-224), built on Feb 28 2023 23:03:02 by "mach5one" with MS VC++ 17.1 (VS2022)

END.
