#
# There is insufficient memory for the Java Runtime Environment to continue.
# Native memory allocation (malloc) failed to allocate 32744 bytes for ChunkPool::allocate
# Possible reasons:
#   The system is out of physical RAM or swap space
#   The process is running with CompressedOops enabled, and the Java Heap may be blocking the growth of the native heap
# Possible solutions:
#   Reduce memory load on the system
#   Increase physical memory or swap space
#   Check if swap backing store is full
#   Decrease Java heap size (-Xmx/-Xms)
#   Decrease number of Java threads
#   Decrease Java thread stack sizes (-Xss)
#   Set larger code cache with -XX:ReservedCodeCacheSize=
#   JVM is running with Unscaled Compressed Oops mode in which the Java heap is
#     placed in the first 4GB address space. The Java Heap base address is the
#     maximum limit for the native heap growth. Please use -XX:HeapBaseMinAddress
#     to set the Java Heap base and to place the Java Heap above 4GB virtual address.
# This output file may be truncated or incomplete.
#
#  Out of Memory Error (arena.cpp:78), pid=1752, tid=404
#
# JRE version: Java(TM) SE Runtime Environment (17.0.7+8) (build 17.0.7+8-LTS-224)
# Java VM: Java HotSpot(TM) 64-Bit Server VM (17.0.7+8-LTS-224, mixed mode, sharing, tiered, compressed oops, compressed class ptrs, g1 gc, windows-amd64)
# No core dump will be written. Minidumps are not enabled by default on client versions of Windows
#

---------------  S U M M A R Y ------------

Command Line: -Dmaven.multiModuleProjectDirectory=C:\Users\carin\Desktop\springbootreact\gestion-clientes-backend org.apache.maven.wrapper.MavenWrapperMain -Dmaven.ext.class.path=C:\Program Files\NetBeans-17\netbeans\java\maven-nblib\netbeans-eventspy.jar --no-transfer-progress clean install

Host: AMD Athlon Silver 3050U with Radeon Graphics   , 2 cores, 3G,  Windows 10 , 64 bit Build 19041 (10.0.19041.3155)
Time: Tue Aug  1 23:32:02 2023 Hora estándar de Argentina elapsed time: 25.844392 seconds (0d 0h 0m 25s)

---------------  T H R E A D  ---------------

Current thread (0x0000019febb00d30):  JavaThread "C1 CompilerThread0" daemon [_thread_in_native, id=404, stack(0x000000350dd00000,0x000000350de00000)]


Current CompileTask:
C1:  25844 7279   !   3       org.apache.maven.surefire.stream.EventDecoder::decode (399 bytes)

Stack: [0x000000350dd00000,0x000000350de00000]
Native frames: (J=compiled Java code, j=interpreted, Vv=VM code, C=native code)
V  [jvm.dll+0x676a4a]
V  [jvm.dll+0x7d74f4]
V  [jvm.dll+0x7d8c9e]
V  [jvm.dll+0x7d9303]
V  [jvm.dll+0x2452c5]
V  [jvm.dll+0xaac80]
V  [jvm.dll+0xaafcc]
V  [jvm.dll+0x14de22]
V  [jvm.dll+0x16b098]
V  [jvm.dll+0x17178c]
V  [jvm.dll+0x15d47e]
V  [jvm.dll+0x14b6c0]
V  [jvm.dll+0x134817]
V  [jvm.dll+0x1341af]
V  [jvm.dll+0x1343e8]
V  [jvm.dll+0x133881]
V  [jvm.dll+0x13552d]
V  [jvm.dll+0x226a6e]
V  [jvm.dll+0x224e15]
V  [jvm.dll+0x78d05c]
V  [jvm.dll+0x78759a]
V  [jvm.dll+0x675875]
C  [ucrtbase.dll+0x21bb2]
C  [KERNEL32.DLL+0x17614]
C  [ntdll.dll+0x526b1]


---------------  P R O C E S S  ---------------

Threads class SMR info:
_java_thread_list=0x0000019fec70d690, length=18, elements={
0x0000019fd11cfa70, 0x0000019fd12aa560, 0x0000019fd12ab3d0, 0x0000019feba8f9a0,
0x0000019feba92360, 0x0000019feba92d10, 0x0000019feba936c0, 0x0000019feba94450,
0x0000019febb00d30, 0x0000019febb05af0, 0x0000019fec53cdc0, 0x0000019fec54b550,
0x0000019fedf76de0, 0x0000019fef951240, 0x0000019fef9520b0, 0x0000019fef94f560,
0x0000019fef94ff00, 0x0000019fef9508a0
}

Java Threads: ( => current thread )
  0x0000019fd11cfa70 JavaThread "main" [_thread_in_native, id=16844, stack(0x000000350cf00000,0x000000350d000000)]
  0x0000019fd12aa560 JavaThread "Reference Handler" daemon [_thread_blocked, id=15148, stack(0x000000350d600000,0x000000350d700000)]
  0x0000019fd12ab3d0 JavaThread "Finalizer" daemon [_thread_blocked, id=17320, stack(0x000000350d700000,0x000000350d800000)]
  0x0000019feba8f9a0 JavaThread "Signal Dispatcher" daemon [_thread_blocked, id=16540, stack(0x000000350d800000,0x000000350d900000)]
  0x0000019feba92360 JavaThread "Attach Listener" daemon [_thread_blocked, id=17108, stack(0x000000350d900000,0x000000350da00000)]
  0x0000019feba92d10 JavaThread "Service Thread" daemon [_thread_blocked, id=12268, stack(0x000000350da00000,0x000000350db00000)]
  0x0000019feba936c0 JavaThread "Monitor Deflation Thread" daemon [_thread_blocked, id=15440, stack(0x000000350db00000,0x000000350dc00000)]
  0x0000019feba94450 JavaThread "C2 CompilerThread0" daemon [_thread_blocked, id=2344, stack(0x000000350dc00000,0x000000350dd00000)]
=>0x0000019febb00d30 JavaThread "C1 CompilerThread0" daemon [_thread_in_native, id=404, stack(0x000000350dd00000,0x000000350de00000)]
  0x0000019febb05af0 JavaThread "Sweeper thread" daemon [_thread_blocked, id=15336, stack(0x000000350de00000,0x000000350df00000)]
  0x0000019fec53cdc0 JavaThread "Notification Thread" daemon [_thread_blocked, id=14120, stack(0x000000350df00000,0x000000350e000000)]
  0x0000019fec54b550 JavaThread "Common-Cleaner" daemon [_thread_blocked, id=10876, stack(0x000000350e100000,0x000000350e200000)]
  0x0000019fedf76de0 JavaThread "timeout-check-timer" daemon [_thread_blocked, id=5192, stack(0x000000350e300000,0x000000350e400000)]
  0x0000019fef951240 JavaThread "ping-timer-10s" daemon [_thread_blocked, id=13236, stack(0x000000350e400000,0x000000350e500000)]
  0x0000019fef9520b0 JavaThread "ThreadedStreamConsumer" daemon [_thread_blocked, id=3156, stack(0x000000350e500000,0x000000350e600000)]
  0x0000019fef94f560 JavaThread "fork-1-err-thread" daemon [_thread_in_native, id=4348, stack(0x000000350e600000,0x000000350e700000)]
  0x0000019fef94ff00 JavaThread "commands-fork-1" daemon [_thread_blocked, id=12712, stack(0x000000350e700000,0x000000350e800000)]
  0x0000019fef9508a0 JavaThread "fork-1-event-thread" daemon [_thread_in_native, id=15332, stack(0x000000350e800000,0x000000350e900000)]

Other Threads:
  0x0000019fd12a39c0 VMThread "VM Thread" [stack: 0x000000350d500000,0x000000350d600000] [id=2652]
  0x0000019fec54b2c0 WatcherThread [stack: 0x000000350e000000,0x000000350e100000] [id=12832]
  0x0000019fd1206f50 GCTaskThread "GC Thread#0" [stack: 0x000000350d000000,0x000000350d100000] [id=12040]
  0x0000019fec797d30 GCTaskThread "GC Thread#1" [stack: 0x000000350e200000,0x000000350e300000] [id=5724]
  0x0000019fd120ec10 ConcurrentGCThread "G1 Main Marker" [stack: 0x000000350d100000,0x000000350d200000] [id=6672]
  0x0000019fd120f620 ConcurrentGCThread "G1 Conc#0" [stack: 0x000000350d200000,0x000000350d300000] [id=2200]
  0x0000019fd1242010 ConcurrentGCThread "G1 Refine#0" [stack: 0x000000350d300000,0x000000350d400000] [id=10676]
  0x0000019fd1242a30 ConcurrentGCThread "G1 Service" [stack: 0x000000350d400000,0x000000350d500000] [id=6372]

Threads with active compile tasks:
C1 CompilerThread0    25864 7279   !   3       org.apache.maven.surefire.stream.EventDecoder::decode (399 bytes)

VM state: not at safepoint (normal execution)

VM Mutex/Monitor currently owned by a thread: None

Heap address: 0x00000000c9400000, size: 876 MB, Compressed Oops mode: 32-bit

CDS archive(s) mapped at: [0x0000000800000000-0x0000000800bd0000-0x0000000800bd0000), size 12386304, SharedBaseAddress: 0x0000000800000000, ArchiveRelocationMode: 0.
Compressed class space mapped at: 0x0000000800c00000-0x0000000840c00000, reserved size: 1073741824
Narrow klass base: 0x0000000800000000, Narrow klass shift: 0, Narrow klass range: 0x100000000

GC Precious Log:
 CPUs: 2 total, 2 available
 Memory: 3500M
 Large Page Support: Disabled
 NUMA Support: Disabled
 Compressed Oops: Enabled (32-bit)
 Heap Region Size: 1M
 Heap Min Capacity: 8M
 Heap Initial Capacity: 56M
 Heap Max Capacity: 876M
 Pre-touch: Disabled
 Parallel Workers: 2
 Concurrent Workers: 1
 Concurrent Refinement Workers: 2
 Periodic GC: Disabled

Heap:
 garbage-first heap   total 156672K, used 85432K [0x00000000c9400000, 0x0000000100000000)
  region size 1024K, 39 young (39936K), 1 survivors (1024K)
 Metaspace       used 32937K, committed 33344K, reserved 1081344K
  class space    used 3764K, committed 3968K, reserved 1048576K

Heap Regions: E=young(eden), S=young(survivor), O=old, HS=humongous(starts), HC=humongous(continues), CS=collection set, F=free, OA=open archive, CA=closed archive, TAMS=top-at-mark-start (previous, next)
|   0|0x00000000c9400000, 0x00000000c9500000, 0x00000000c9500000|100%| O|  |TAMS 0x00000000c9500000, 0x00000000c9400000| Untracked 
|   1|0x00000000c9500000, 0x00000000c9600000, 0x00000000c9600000|100%| O|  |TAMS 0x00000000c9600000, 0x00000000c9500000| Untracked 
|   2|0x00000000c9600000, 0x00000000c9700000, 0x00000000c9700000|100%| O|  |TAMS 0x00000000c9700000, 0x00000000c9600000| Untracked 
|   3|0x00000000c9700000, 0x00000000c9800000, 0x00000000c9800000|100%| O|  |TAMS 0x00000000c9800000, 0x00000000c9700000| Untracked 
|   4|0x00000000c9800000, 0x00000000c9900000, 0x00000000c9900000|100%| O|  |TAMS 0x00000000c9900000, 0x00000000c9800000| Untracked 
|   5|0x00000000c9900000, 0x00000000c9a00000, 0x00000000c9a00000|100%| O|  |TAMS 0x00000000c9a00000, 0x00000000c9900000| Untracked 
|   6|0x00000000c9a00000, 0x00000000c9b00000, 0x00000000c9b00000|100%| O|  |TAMS 0x00000000c9b00000, 0x00000000c9a00000| Untracked 
|   7|0x00000000c9b00000, 0x00000000c9c00000, 0x00000000c9c00000|100%| O|  |TAMS 0x00000000c9c00000, 0x00000000c9b00000| Untracked 
|   8|0x00000000c9c00000, 0x00000000c9d00000, 0x00000000c9d00000|100%| O|  |TAMS 0x00000000c9d00000, 0x00000000c9c00000| Untracked 
|   9|0x00000000c9d00000, 0x00000000c9e00000, 0x00000000c9e00000|100%| O|  |TAMS 0x00000000c9e00000, 0x00000000c9d00000| Untracked 
|  10|0x00000000c9e00000, 0x00000000c9f00000, 0x00000000c9f00000|100%| O|  |TAMS 0x00000000c9f00000, 0x00000000c9e00000| Untracked 
|  11|0x00000000c9f00000, 0x00000000c9f00000, 0x00000000ca000000|  0%| F|  |TAMS 0x00000000c9f00000, 0x00000000c9f00000| Untracked 
|  12|0x00000000ca000000, 0x00000000ca100000, 0x00000000ca100000|100%| O|  |TAMS 0x00000000ca000000, 0x00000000ca000000| Untracked 
|  13|0x00000000ca100000, 0x00000000ca200000, 0x00000000ca200000|100%| O|  |TAMS 0x00000000ca200000, 0x00000000ca100000| Untracked 
|  14|0x00000000ca200000, 0x00000000ca300000, 0x00000000ca300000|100%| O|  |TAMS 0x00000000ca200000, 0x00000000ca200000| Untracked 
|  15|0x00000000ca300000, 0x00000000ca400000, 0x00000000ca400000|100%| O|  |TAMS 0x00000000ca300000, 0x00000000ca300000| Untracked 
|  16|0x00000000ca400000, 0x00000000ca500000, 0x00000000ca500000|100%| O|  |TAMS 0x00000000ca500000, 0x00000000ca400000| Untracked 
|  17|0x00000000ca500000, 0x00000000ca600000, 0x00000000ca600000|100%| O|  |TAMS 0x00000000ca600000, 0x00000000ca500000| Untracked 
|  18|0x00000000ca600000, 0x00000000ca700000, 0x00000000ca700000|100%| O|  |TAMS 0x00000000ca600000, 0x00000000ca600000| Untracked 
|  19|0x00000000ca700000, 0x00000000ca800000, 0x00000000ca800000|100%| O|  |TAMS 0x00000000ca800000, 0x00000000ca700000| Untracked 
|  20|0x00000000ca800000, 0x00000000ca900000, 0x00000000ca900000|100%|HS|  |TAMS 0x00000000ca900000, 0x00000000ca800000| Complete 
|  21|0x00000000ca900000, 0x00000000caa00000, 0x00000000caa00000|100%| O|  |TAMS 0x00000000ca9c2600, 0x00000000ca900000| Untracked 
|  22|0x00000000caa00000, 0x00000000cab00000, 0x00000000cab00000|100%| O|  |TAMS 0x00000000caa00000, 0x00000000caa00000| Untracked 
|  23|0x00000000cab00000, 0x00000000cac00000, 0x00000000cac00000|100%| O|  |TAMS 0x00000000cac00000, 0x00000000cab00000| Untracked 
|  24|0x00000000cac00000, 0x00000000cac00000, 0x00000000cad00000|  0%| F|  |TAMS 0x00000000cac00000, 0x00000000cac00000| Untracked 
|  25|0x00000000cad00000, 0x00000000cae00000, 0x00000000cae00000|100%| O|  |TAMS 0x00000000cad00000, 0x00000000cad00000| Untracked 
|  26|0x00000000cae00000, 0x00000000caee6000, 0x00000000caf00000| 89%| O|  |TAMS 0x00000000cae00000, 0x00000000cae00000| Untracked 
|  27|0x00000000caf00000, 0x00000000caf00000, 0x00000000cb000000|  0%| F|  |TAMS 0x00000000caf00000, 0x00000000caf00000| Untracked 
|  28|0x00000000cb000000, 0x00000000cb100000, 0x00000000cb100000|100%| O|  |TAMS 0x00000000cb100000, 0x00000000cb000000| Untracked 
|  29|0x00000000cb100000, 0x00000000cb200000, 0x00000000cb200000|100%| O|  |TAMS 0x00000000cb200000, 0x00000000cb100000| Untracked 
|  30|0x00000000cb200000, 0x00000000cb200000, 0x00000000cb300000|  0%| F|  |TAMS 0x00000000cb200000, 0x00000000cb200000| Untracked 
|  31|0x00000000cb300000, 0x00000000cb300000, 0x00000000cb400000|  0%| F|  |TAMS 0x00000000cb300000, 0x00000000cb300000| Untracked 
|  32|0x00000000cb400000, 0x00000000cb400000, 0x00000000cb500000|  0%| F|  |TAMS 0x00000000cb400000, 0x00000000cb400000| Untracked 
|  33|0x00000000cb500000, 0x00000000cb600000, 0x00000000cb600000|100%| O|  |TAMS 0x00000000cb600000, 0x00000000cb500000| Untracked 
|  34|0x00000000cb600000, 0x00000000cb600000, 0x00000000cb700000|  0%| F|  |TAMS 0x00000000cb600000, 0x00000000cb600000| Untracked 
|  35|0x00000000cb700000, 0x00000000cb800000, 0x00000000cb800000|100%| O|  |TAMS 0x00000000cb800000, 0x00000000cb700000| Untracked 
|  36|0x00000000cb800000, 0x00000000cb900000, 0x00000000cb900000|100%| O|  |TAMS 0x00000000cb900000, 0x00000000cb800000| Untracked 
|  37|0x00000000cb900000, 0x00000000cba00000, 0x00000000cba00000|100%| O|  |TAMS 0x00000000cba00000, 0x00000000cb900000| Untracked 
|  38|0x00000000cba00000, 0x00000000cbb00000, 0x00000000cbb00000|100%|HS|  |TAMS 0x00000000cbb00000, 0x00000000cba00000| Complete 
|  39|0x00000000cbb00000, 0x00000000cbc00000, 0x00000000cbc00000|100%|HS|  |TAMS 0x00000000cbc00000, 0x00000000cbb00000| Complete 
|  40|0x00000000cbc00000, 0x00000000cbd00000, 0x00000000cbd00000|100%|HC|  |TAMS 0x00000000cbd00000, 0x00000000cbc00000| Complete 
|  41|0x00000000cbd00000, 0x00000000cbe00000, 0x00000000cbe00000|100%| O|  |TAMS 0x00000000cbe00000, 0x00000000cbd00000| Untracked 
|  42|0x00000000cbe00000, 0x00000000cbf00000, 0x00000000cbf00000|100%| O|  |TAMS 0x00000000cbf00000, 0x00000000cbe00000| Untracked 
|  43|0x00000000cbf00000, 0x00000000cc000000, 0x00000000cc000000|100%| O|  |TAMS 0x00000000cc000000, 0x00000000cbf00000| Untracked 
|  44|0x00000000cc000000, 0x00000000cc100000, 0x00000000cc100000|100%| O|  |TAMS 0x00000000cc100000, 0x00000000cc000000| Untracked 
|  45|0x00000000cc100000, 0x00000000cc200000, 0x00000000cc200000|100%| O|  |TAMS 0x00000000cc200000, 0x00000000cc100000| Untracked 
|  46|0x00000000cc200000, 0x00000000cc300000, 0x00000000cc300000|100%| O|  |TAMS 0x00000000cc300000, 0x00000000cc200000| Untracked 
|  47|0x00000000cc300000, 0x00000000cc400000, 0x00000000cc400000|100%| O|  |TAMS 0x00000000cc400000, 0x00000000cc300000| Untracked 
|  48|0x00000000cc400000, 0x00000000cc500000, 0x00000000cc500000|100%| O|  |TAMS 0x00000000cc500000, 0x00000000cc400000| Untracked 
|  49|0x00000000cc500000, 0x00000000cc600000, 0x00000000cc600000|100%| O|  |TAMS 0x00000000cc600000, 0x00000000cc500000| Untracked 
|  50|0x00000000cc600000, 0x00000000cc700000, 0x00000000cc700000|100%| O|  |TAMS 0x00000000cc700000, 0x00000000cc600000| Untracked 
|  51|0x00000000cc700000, 0x00000000cc800000, 0x00000000cc800000|100%| O|  |TAMS 0x00000000cc800000, 0x00000000cc700000| Untracked 
|  52|0x00000000cc800000, 0x00000000cc900000, 0x00000000cc900000|100%| O|  |TAMS 0x00000000cc900000, 0x00000000cc800000| Untracked 
|  53|0x00000000cc900000, 0x00000000cc900000, 0x00000000cca00000|  0%| F|  |TAMS 0x00000000cc900000, 0x00000000cc900000| Untracked 
|  54|0x00000000cca00000, 0x00000000cca00000, 0x00000000ccb00000|  0%| F|  |TAMS 0x00000000cca00000, 0x00000000cca00000| Untracked 
|  55|0x00000000ccb00000, 0x00000000ccb00000, 0x00000000ccc00000|  0%| F|  |TAMS 0x00000000ccb00000, 0x00000000ccb00000| Untracked 
|  56|0x00000000ccc00000, 0x00000000ccc00000, 0x00000000ccd00000|  0%| F|  |TAMS 0x00000000ccc00000, 0x00000000ccc00000| Untracked 
|  57|0x00000000ccd00000, 0x00000000ccd00000, 0x00000000cce00000|  0%| F|  |TAMS 0x00000000ccd00000, 0x00000000ccd00000| Untracked 
|  58|0x00000000cce00000, 0x00000000cce00000, 0x00000000ccf00000|  0%| F|  |TAMS 0x00000000cce00000, 0x00000000cce00000| Untracked 
|  59|0x00000000ccf00000, 0x00000000ccf00000, 0x00000000cd000000|  0%| F|  |TAMS 0x00000000ccf00000, 0x00000000ccf00000| Untracked 
|  60|0x00000000cd000000, 0x00000000cd000000, 0x00000000cd100000|  0%| F|  |TAMS 0x00000000cd000000, 0x00000000cd000000| Untracked 
|  61|0x00000000cd100000, 0x00000000cd100000, 0x00000000cd200000|  0%| F|  |TAMS 0x00000000cd100000, 0x00000000cd100000| Untracked 
|  62|0x00000000cd200000, 0x00000000cd200000, 0x00000000cd300000|  0%| F|  |TAMS 0x00000000cd200000, 0x00000000cd200000| Untracked 
|  63|0x00000000cd300000, 0x00000000cd300000, 0x00000000cd400000|  0%| F|  |TAMS 0x00000000cd300000, 0x00000000cd300000| Untracked 
|  64|0x00000000cd400000, 0x00000000cd400000, 0x00000000cd500000|  0%| F|  |TAMS 0x00000000cd400000, 0x00000000cd400000| Untracked 
|  65|0x00000000cd500000, 0x00000000cd500000, 0x00000000cd600000|  0%| F|  |TAMS 0x00000000cd500000, 0x00000000cd500000| Untracked 
|  66|0x00000000cd600000, 0x00000000cd600000, 0x00000000cd700000|  0%| F|  |TAMS 0x00000000cd600000, 0x00000000cd600000| Untracked 
|  67|0x00000000cd700000, 0x00000000cd700000, 0x00000000cd800000|  0%| F|  |TAMS 0x00000000cd700000, 0x00000000cd700000| Untracked 
|  68|0x00000000cd800000, 0x00000000cd800000, 0x00000000cd900000|  0%| F|  |TAMS 0x00000000cd800000, 0x00000000cd800000| Untracked 
|  69|0x00000000cd900000, 0x00000000cd900000, 0x00000000cda00000|  0%| F|  |TAMS 0x00000000cd900000, 0x00000000cd900000| Untracked 
|  70|0x00000000cda00000, 0x00000000cda00000, 0x00000000cdb00000|  0%| F|  |TAMS 0x00000000cda00000, 0x00000000cda00000| Untracked 
|  71|0x00000000cdb00000, 0x00000000cdb00000, 0x00000000cdc00000|  0%| F|  |TAMS 0x00000000cdb00000, 0x00000000cdb00000| Untracked 
|  72|0x00000000cdc00000, 0x00000000cdc00000, 0x00000000cdd00000|  0%| F|  |TAMS 0x00000000cdc00000, 0x00000000cdc00000| Untracked 
|  73|0x00000000cdd00000, 0x00000000cdd00000, 0x00000000cde00000|  0%| F|  |TAMS 0x00000000cdd00000, 0x00000000cdd00000| Untracked 
|  74|0x00000000cde00000, 0x00000000cde00000, 0x00000000cdf00000|  0%| F|  |TAMS 0x00000000cde00000, 0x00000000cde00000| Untracked 
|  75|0x00000000cdf00000, 0x00000000cdf00000, 0x00000000ce000000|  0%| F|  |TAMS 0x00000000cdf00000, 0x00000000cdf00000| Untracked 
|  76|0x00000000ce000000, 0x00000000ce000000, 0x00000000ce100000|  0%| F|  |TAMS 0x00000000ce000000, 0x00000000ce000000| Untracked 
|  77|0x00000000ce100000, 0x00000000ce100000, 0x00000000ce200000|  0%| F|  |TAMS 0x00000000ce100000, 0x00000000ce100000| Untracked 
|  78|0x00000000ce200000, 0x00000000ce200000, 0x00000000ce300000|  0%| F|  |TAMS 0x00000000ce200000, 0x00000000ce200000| Untracked 
|  79|0x00000000ce300000, 0x00000000ce300000, 0x00000000ce400000|  0%| F|  |TAMS 0x00000000ce300000, 0x00000000ce300000| Untracked 
|  80|0x00000000ce400000, 0x00000000ce400000, 0x00000000ce500000|  0%| F|  |TAMS 0x00000000ce400000, 0x00000000ce400000| Untracked 
|  81|0x00000000ce500000, 0x00000000ce500000, 0x00000000ce600000|  0%| F|  |TAMS 0x00000000ce500000, 0x00000000ce500000| Untracked 
|  82|0x00000000ce600000, 0x00000000ce600000, 0x00000000ce700000|  0%| F|  |TAMS 0x00000000ce600000, 0x00000000ce600000| Untracked 
|  83|0x00000000ce700000, 0x00000000ce700000, 0x00000000ce800000|  0%| F|  |TAMS 0x00000000ce700000, 0x00000000ce700000| Untracked 
|  84|0x00000000ce800000, 0x00000000ce800000, 0x00000000ce900000|  0%| F|  |TAMS 0x00000000ce800000, 0x00000000ce800000| Untracked 
|  85|0x00000000ce900000, 0x00000000ce900000, 0x00000000cea00000|  0%| F|  |TAMS 0x00000000ce900000, 0x00000000ce900000| Untracked 
|  86|0x00000000cea00000, 0x00000000cea00000, 0x00000000ceb00000|  0%| F|  |TAMS 0x00000000cea00000, 0x00000000cea00000| Untracked 
|  87|0x00000000ceb00000, 0x00000000ceb00000, 0x00000000cec00000|  0%| F|  |TAMS 0x00000000ceb00000, 0x00000000ceb00000| Untracked 
|  88|0x00000000cec00000, 0x00000000cec00000, 0x00000000ced00000|  0%| F|  |TAMS 0x00000000cec00000, 0x00000000cec00000| Untracked 
|  89|0x00000000ced00000, 0x00000000ced00000, 0x00000000cee00000|  0%| F|  |TAMS 0x00000000ced00000, 0x00000000ced00000| Untracked 
|  90|0x00000000cee00000, 0x00000000cee00000, 0x00000000cef00000|  0%| F|  |TAMS 0x00000000cee00000, 0x00000000cee00000| Untracked 
|  91|0x00000000cef00000, 0x00000000cef00000, 0x00000000cf000000|  0%| F|  |TAMS 0x00000000cef00000, 0x00000000cef00000| Untracked 
|  92|0x00000000cf000000, 0x00000000cf000000, 0x00000000cf100000|  0%| F|  |TAMS 0x00000000cf000000, 0x00000000cf000000| Untracked 
|  93|0x00000000cf100000, 0x00000000cf100000, 0x00000000cf200000|  0%| F|  |TAMS 0x00000000cf100000, 0x00000000cf100000| Untracked 
|  94|0x00000000cf200000, 0x00000000cf200000, 0x00000000cf300000|  0%| F|  |TAMS 0x00000000cf200000, 0x00000000cf200000| Untracked 
|  95|0x00000000cf300000, 0x00000000cf300000, 0x00000000cf400000|  0%| F|  |TAMS 0x00000000cf300000, 0x00000000cf300000| Untracked 
|  96|0x00000000cf400000, 0x00000000cf400000, 0x00000000cf500000|  0%| F|  |TAMS 0x00000000cf400000, 0x00000000cf400000| Untracked 
|  97|0x00000000cf500000, 0x00000000cf500000, 0x00000000cf600000|  0%| F|  |TAMS 0x00000000cf500000, 0x00000000cf500000| Untracked 
|  98|0x00000000cf600000, 0x00000000cf600000, 0x00000000cf700000|  0%| F|  |TAMS 0x00000000cf600000, 0x00000000cf600000| Untracked 
|  99|0x00000000cf700000, 0x00000000cf700000, 0x00000000cf800000|  0%| F|  |TAMS 0x00000000cf700000, 0x00000000cf700000| Untracked 
| 100|0x00000000cf800000, 0x00000000cf800000, 0x00000000cf900000|  0%| F|  |TAMS 0x00000000cf800000, 0x00000000cf800000| Untracked 
| 101|0x00000000cf900000, 0x00000000cf900000, 0x00000000cfa00000|  0%| F|  |TAMS 0x00000000cf900000, 0x00000000cf900000| Untracked 
| 102|0x00000000cfa00000, 0x00000000cfa00000, 0x00000000cfb00000|  0%| F|  |TAMS 0x00000000cfa00000, 0x00000000cfa00000| Untracked 
| 103|0x00000000cfb00000, 0x00000000cfb00000, 0x00000000cfc00000|  0%| F|  |TAMS 0x00000000cfb00000, 0x00000000cfb00000| Untracked 
| 104|0x00000000cfc00000, 0x00000000cfc00000, 0x00000000cfd00000|  0%| F|  |TAMS 0x00000000cfc00000, 0x00000000cfc00000| Untracked 
| 105|0x00000000cfd00000, 0x00000000cfd00000, 0x00000000cfe00000|  0%| F|  |TAMS 0x00000000cfd00000, 0x00000000cfd00000| Untracked 
| 106|0x00000000cfe00000, 0x00000000cfe00000, 0x00000000cff00000|  0%| F|  |TAMS 0x00000000cfe00000, 0x00000000cfe00000| Untracked 
| 107|0x00000000cff00000, 0x00000000cff00000, 0x00000000d0000000|  0%| F|  |TAMS 0x00000000cff00000, 0x00000000cff00000| Untracked 
| 108|0x00000000d0000000, 0x00000000d0000000, 0x00000000d0100000|  0%| F|  |TAMS 0x00000000d0000000, 0x00000000d0000000| Untracked 
| 109|0x00000000d0100000, 0x00000000d0100000, 0x00000000d0200000|  0%| F|  |TAMS 0x00000000d0100000, 0x00000000d0100000| Untracked 
| 110|0x00000000d0200000, 0x00000000d0200000, 0x00000000d0300000|  0%| F|  |TAMS 0x00000000d0200000, 0x00000000d0200000| Untracked 
| 111|0x00000000d0300000, 0x00000000d0300000, 0x00000000d0400000|  0%| F|  |TAMS 0x00000000d0300000, 0x00000000d0300000| Untracked 
| 112|0x00000000d0400000, 0x00000000d0400000, 0x00000000d0500000|  0%| F|  |TAMS 0x00000000d0400000, 0x00000000d0400000| Untracked 
| 113|0x00000000d0500000, 0x00000000d0500000, 0x00000000d0600000|  0%| F|  |TAMS 0x00000000d0500000, 0x00000000d0500000| Untracked 
| 114|0x00000000d0600000, 0x00000000d0680800, 0x00000000d0700000| 50%| E|  |TAMS 0x00000000d0600000, 0x00000000d0600000| Complete 
| 115|0x00000000d0700000, 0x00000000d0800000, 0x00000000d0800000|100%| E|CS|TAMS 0x00000000d0700000, 0x00000000d0700000| Complete 
| 116|0x00000000d0800000, 0x00000000d0900000, 0x00000000d0900000|100%| E|CS|TAMS 0x00000000d0800000, 0x00000000d0800000| Complete 
| 117|0x00000000d0900000, 0x00000000d0a00000, 0x00000000d0a00000|100%| E|CS|TAMS 0x00000000d0900000, 0x00000000d0900000| Complete 
| 118|0x00000000d0a00000, 0x00000000d0b00000, 0x00000000d0b00000|100%| E|CS|TAMS 0x00000000d0a00000, 0x00000000d0a00000| Complete 
| 119|0x00000000d0b00000, 0x00000000d0c00000, 0x00000000d0c00000|100%| E|CS|TAMS 0x00000000d0b00000, 0x00000000d0b00000| Complete 
| 120|0x00000000d0c00000, 0x00000000d0d00000, 0x00000000d0d00000|100%| E|CS|TAMS 0x00000000d0c00000, 0x00000000d0c00000| Complete 
| 121|0x00000000d0d00000, 0x00000000d0e00000, 0x00000000d0e00000|100%| E|CS|TAMS 0x00000000d0d00000, 0x00000000d0d00000| Complete 
| 122|0x00000000d0e00000, 0x00000000d0f00000, 0x00000000d0f00000|100%| E|CS|TAMS 0x00000000d0e00000, 0x00000000d0e00000| Complete 
| 123|0x00000000d0f00000, 0x00000000d1000000, 0x00000000d1000000|100%| E|CS|TAMS 0x00000000d0f00000, 0x00000000d0f00000| Complete 
| 124|0x00000000d1000000, 0x00000000d1100000, 0x00000000d1100000|100%| E|CS|TAMS 0x00000000d1000000, 0x00000000d1000000| Complete 
| 125|0x00000000d1100000, 0x00000000d1200000, 0x00000000d1200000|100%| E|CS|TAMS 0x00000000d1100000, 0x00000000d1100000| Complete 
| 126|0x00000000d1200000, 0x00000000d1300000, 0x00000000d1300000|100%| E|CS|TAMS 0x00000000d1200000, 0x00000000d1200000| Complete 
| 127|0x00000000d1300000, 0x00000000d1400000, 0x00000000d1400000|100%| E|CS|TAMS 0x00000000d1300000, 0x00000000d1300000| Complete 
| 128|0x00000000d1400000, 0x00000000d1500000, 0x00000000d1500000|100%| E|CS|TAMS 0x00000000d1400000, 0x00000000d1400000| Complete 
| 129|0x00000000d1500000, 0x00000000d1600000, 0x00000000d1600000|100%| E|CS|TAMS 0x00000000d1500000, 0x00000000d1500000| Complete 
| 130|0x00000000d1600000, 0x00000000d1700000, 0x00000000d1700000|100%| E|CS|TAMS 0x00000000d1600000, 0x00000000d1600000| Complete 
| 131|0x00000000d1700000, 0x00000000d1800000, 0x00000000d1800000|100%| E|CS|TAMS 0x00000000d1700000, 0x00000000d1700000| Complete 
| 132|0x00000000d1800000, 0x00000000d1900000, 0x00000000d1900000|100%| E|CS|TAMS 0x00000000d1800000, 0x00000000d1800000| Complete 
| 133|0x00000000d1900000, 0x00000000d1a00000, 0x00000000d1a00000|100%| E|CS|TAMS 0x00000000d1900000, 0x00000000d1900000| Complete 
| 134|0x00000000d1a00000, 0x00000000d1b00000, 0x00000000d1b00000|100%| E|CS|TAMS 0x00000000d1a00000, 0x00000000d1a00000| Complete 
| 135|0x00000000d1b00000, 0x00000000d1c00000, 0x00000000d1c00000|100%| E|CS|TAMS 0x00000000d1b00000, 0x00000000d1b00000| Complete 
| 136|0x00000000d1c00000, 0x00000000d1d00000, 0x00000000d1d00000|100%| E|CS|TAMS 0x00000000d1c00000, 0x00000000d1c00000| Complete 
| 137|0x00000000d1d00000, 0x00000000d1e00000, 0x00000000d1e00000|100%| E|CS|TAMS 0x00000000d1d00000, 0x00000000d1d00000| Complete 
| 138|0x00000000d1e00000, 0x00000000d1f00000, 0x00000000d1f00000|100%| E|CS|TAMS 0x00000000d1e00000, 0x00000000d1e00000| Complete 
| 139|0x00000000d1f00000, 0x00000000d2000000, 0x00000000d2000000|100%| E|CS|TAMS 0x00000000d1f00000, 0x00000000d1f00000| Complete 
| 140|0x00000000d2000000, 0x00000000d2100000, 0x00000000d2100000|100%| E|CS|TAMS 0x00000000d2000000, 0x00000000d2000000| Complete 
| 141|0x00000000d2100000, 0x00000000d2200000, 0x00000000d2200000|100%| E|CS|TAMS 0x00000000d2100000, 0x00000000d2100000| Complete 
| 142|0x00000000d2200000, 0x00000000d2300000, 0x00000000d2300000|100%| E|CS|TAMS 0x00000000d2200000, 0x00000000d2200000| Complete 
| 143|0x00000000d2300000, 0x00000000d2400000, 0x00000000d2400000|100%| E|CS|TAMS 0x00000000d2300000, 0x00000000d2300000| Complete 
| 144|0x00000000d2400000, 0x00000000d2500000, 0x00000000d2500000|100%| E|CS|TAMS 0x00000000d2400000, 0x00000000d2400000| Complete 
| 145|0x00000000d2500000, 0x00000000d2600000, 0x00000000d2600000|100%| E|CS|TAMS 0x00000000d2500000, 0x00000000d2500000| Complete 
| 146|0x00000000d2600000, 0x00000000d2700000, 0x00000000d2700000|100%| E|CS|TAMS 0x00000000d2600000, 0x00000000d2600000| Complete 
| 147|0x00000000d2700000, 0x00000000d2800000, 0x00000000d2800000|100%| E|CS|TAMS 0x00000000d2700000, 0x00000000d2700000| Complete 
| 148|0x00000000d2800000, 0x00000000d2900000, 0x00000000d2900000|100%| E|CS|TAMS 0x00000000d2800000, 0x00000000d2800000| Complete 
| 149|0x00000000d2900000, 0x00000000d29882c0, 0x00000000d2a00000| 53%| S|CS|TAMS 0x00000000d2900000, 0x00000000d2900000| Complete 
| 150|0x00000000d2a00000, 0x00000000d2b00000, 0x00000000d2b00000|100%| E|CS|TAMS 0x00000000d2a00000, 0x00000000d2a00000| Complete 
| 151|0x00000000d2b00000, 0x00000000d2c00000, 0x00000000d2c00000|100%| E|CS|TAMS 0x00000000d2b00000, 0x00000000d2b00000| Complete 
| 152|0x00000000d2c00000, 0x00000000d2d00000, 0x00000000d2d00000|100%| E|CS|TAMS 0x00000000d2c00000, 0x00000000d2c00000| Complete 

Card table byte_map: [0x0000019fd0fa0000,0x0000019fd1160000] _byte_map_base: 0x0000019fd0956000

Marking Bits (Prev, Next): (CMBitMap*) 0x0000019fd12075a0, (CMBitMap*) 0x0000019fd1207560
 Prev Bits: [0x0000019fe89d0000, 0x0000019fe9780000)
 Next Bits: [0x0000019fe7c20000, 0x0000019fe89d0000)

Polling page: 0x0000019fd09b0000

Metaspace:

Usage:
  Non-class:     28.49 MB used.
      Class:      3.68 MB used.
       Both:     32.17 MB used.

Virtual space:
  Non-class space:       32.00 MB reserved,      28.69 MB ( 90%) committed,  4 nodes.
      Class space:        1.00 GB reserved,       3.88 MB ( <1%) committed,  1 nodes.
             Both:        1.03 GB reserved,      32.56 MB (  3%) committed. 

Chunk freelists:
   Non-Class:  2.48 MB
       Class:  3.95 MB
        Both:  6.44 MB

MaxMetaspaceSize: unlimited
CompressedClassSpaceSize: 1.00 GB
Initial GC threshold: 21.00 MB
Current GC threshold: 49.62 MB
CDS: on
MetaspaceReclaimPolicy: balanced
 - commit_granule_bytes: 65536.
 - commit_granule_words: 8192.
 - virtual_space_node_default_size: 1048576.
 - enlarge_chunks_in_place: 1.
 - new_chunks_are_fully_committed: 0.
 - uncommit_free_chunks: 1.
 - use_allocation_guard: 0.
 - handle_deallocations: 1.


Internal statistics:

num_allocs_failed_limit: 3.
num_arena_births: 250.
num_arena_deaths: 6.
num_vsnodes_births: 5.
num_vsnodes_deaths: 0.
num_space_committed: 537.
num_space_uncommitted: 16.
num_chunks_returned_to_freelist: 90.
num_chunks_taken_from_freelist: 1552.
num_chunk_merges: 24.
num_chunk_splits: 1055.
num_chunks_enlarged: 815.
num_purges: 2.
num_inconsistent_stats: 0.

CodeHeap 'non-profiled nmethods': size=120064Kb used=3448Kb max_used=3448Kb free=116615Kb
 bounds [0x0000019fe0520000, 0x0000019fe0880000, 0x0000019fe7a60000]
CodeHeap 'profiled nmethods': size=120000Kb used=14072Kb max_used=14072Kb free=105927Kb
 bounds [0x0000019fd8a60000, 0x0000019fd9830000, 0x0000019fdff90000]
CodeHeap 'non-nmethods': size=5696Kb used=1242Kb max_used=1286Kb free=4453Kb
 bounds [0x0000019fdff90000, 0x0000019fe0200000, 0x0000019fe0520000]
 total_blobs=6948 nmethods=6391 adapters=469
 compilation: enabled
              stopped_count=0, restarted_count=0
 full_count=0

Compilation events (20 events):
Event: 25.836 Thread 0x0000019febb00d30 nmethod 7269 0x0000019fe087d390 code [0x0000019fe087d520, 0x0000019fe087d5f8]
Event: 25.836 Thread 0x0000019febb00d30 7270       1       org.apache.maven.surefire.api.stream.AbstractStreamDecoder$MalformedFrameException::readFrom (5 bytes)
Event: 25.836 Thread 0x0000019febb00d30 nmethod 7270 0x0000019fe087d690 code [0x0000019fe087d820, 0x0000019fe087d8f8]
Event: 25.837 Thread 0x0000019febb00d30 7271       1       org.apache.maven.surefire.api.stream.AbstractStreamDecoder$MalformedFrameException::readTo (5 bytes)
Event: 25.837 Thread 0x0000019febb00d30 nmethod 7271 0x0000019fe087d990 code [0x0000019fe087db20, 0x0000019fe087dbf8]
Event: 25.837 Thread 0x0000019feba94450 7272       4       java.lang.Integer::valueOf (32 bytes)
Event: 25.838 Thread 0x0000019febb00d30 7273  s    1       java.lang.StringBuffer::length (5 bytes)
Event: 25.838 Thread 0x0000019feba94450 nmethod 7272 0x0000019fe087dc90 code [0x0000019fe087de20, 0x0000019fe087def8]
Event: 25.838 Thread 0x0000019febb00d30 nmethod 7273 0x0000019fe087df90 code [0x0000019fe087e120, 0x0000019fe087e298]
Event: 25.838 Thread 0x0000019febb00d30 7274       3       org.apache.maven.surefire.stream.EventDecoder::getEncodedMagicNumber (4 bytes)
Event: 25.839 Thread 0x0000019febb00d30 nmethod 7274 0x0000019fd981ec90 code [0x0000019fd981ee20, 0x0000019fd981ef38]
Event: 25.839 Thread 0x0000019febb00d30 7275       3       java.lang.StringBuilder::toString (35 bytes)
Event: 25.839 Thread 0x0000019febb00d30 nmethod 7275 0x0000019fd981f010 code [0x0000019fd981f1e0, 0x0000019fd981f4b8]
Event: 25.839 Thread 0x0000019febb00d30 7276       3       java.lang.Character::isUpperCase (5 bytes)
Event: 25.839 Thread 0x0000019febb00d30 nmethod 7276 0x0000019fd981f590 code [0x0000019fd981f740, 0x0000019fd981f998]
Event: 25.839 Thread 0x0000019febb00d30 7277       3       java.lang.Character::isUpperCase (9 bytes)
Event: 25.839 Thread 0x0000019febb00d30 nmethod 7277 0x0000019fd981fa90 code [0x0000019fd981fc40, 0x0000019fd981fe38]
Event: 25.840 Thread 0x0000019febb00d30 7278       3       java.util.Calendar::internalGet (7 bytes)
Event: 25.840 Thread 0x0000019febb00d30 nmethod 7278 0x0000019fd981ff10 code [0x0000019fd98200a0, 0x0000019fd98201d8]
Event: 25.841 Thread 0x0000019febb00d30 7279   !   3       org.apache.maven.surefire.stream.EventDecoder::decode (399 bytes)

GC Heap History (20 events):
Event: 11.370 GC heap before
{Heap before GC invocations=17 (full 0):
 garbage-first heap   total 69632K, used 52101K [0x00000000c9400000, 0x0000000100000000)
  region size 1024K, 15 young (15360K), 1 survivors (1024K)
 Metaspace       used 28013K, committed 28352K, reserved 1081344K
  class space    used 3225K, committed 3392K, reserved 1048576K
}
Event: 11.373 GC heap after
{Heap after GC invocations=18 (full 0):
 garbage-first heap   total 69632K, used 39122K [0x00000000c9400000, 0x0000000100000000)
  region size 1024K, 2 young (2048K), 2 survivors (2048K)
 Metaspace       used 28013K, committed 28352K, reserved 1081344K
  class space    used 3225K, committed 3392K, reserved 1048576K
}
Event: 11.844 GC heap before
{Heap before GC invocations=18 (full 0):
 garbage-first heap   total 69632K, used 52434K [0x00000000c9400000, 0x0000000100000000)
  region size 1024K, 16 young (16384K), 2 survivors (2048K)
 Metaspace       used 29103K, committed 29440K, reserved 1081344K
  class space    used 3339K, committed 3520K, reserved 1048576K
}
Event: 11.851 GC heap after
{Heap after GC invocations=19 (full 0):
 garbage-first heap   total 69632K, used 39448K [0x00000000c9400000, 0x0000000100000000)
  region size 1024K, 1 young (1024K), 1 survivors (1024K)
 Metaspace       used 29103K, committed 29440K, reserved 1081344K
  class space    used 3339K, committed 3520K, reserved 1048576K
}
Event: 12.034 GC heap before
{Heap before GC invocations=20 (full 0):
 garbage-first heap   total 69632K, used 41496K [0x00000000c9400000, 0x0000000100000000)
  region size 1024K, 4 young (4096K), 1 survivors (1024K)
 Metaspace       used 29367K, committed 29696K, reserved 1081344K
  class space    used 3378K, committed 3520K, reserved 1048576K
}
Event: 12.039 GC heap after
{Heap after GC invocations=21 (full 0):
 garbage-first heap   total 69632K, used 39920K [0x00000000c9400000, 0x0000000100000000)
  region size 1024K, 2 young (2048K), 2 survivors (2048K)
 Metaspace       used 29367K, committed 29696K, reserved 1081344K
  class space    used 3378K, committed 3520K, reserved 1048576K
}
Event: 12.670 GC heap before
{Heap before GC invocations=22 (full 0):
 garbage-first heap   total 69632K, used 50160K [0x00000000c9400000, 0x0000000100000000)
  region size 1024K, 12 young (12288K), 2 survivors (2048K)
 Metaspace       used 30108K, committed 30464K, reserved 1081344K
  class space    used 3476K, committed 3648K, reserved 1048576K
}
Event: 12.675 GC heap after
{Heap after GC invocations=23 (full 0):
 garbage-first heap   total 69632K, used 40481K [0x00000000c9400000, 0x0000000100000000)
  region size 1024K, 2 young (2048K), 2 survivors (2048K)
 Metaspace       used 30108K, committed 30464K, reserved 1081344K
  class space    used 3476K, committed 3648K, reserved 1048576K
}
Event: 13.182 GC heap before
{Heap before GC invocations=24 (full 0):
 garbage-first heap   total 76800K, used 57889K [0x00000000c9400000, 0x0000000100000000)
  region size 1024K, 17 young (17408K), 2 survivors (2048K)
 Metaspace       used 30175K, committed 30528K, reserved 1081344K
  class space    used 3477K, committed 3648K, reserved 1048576K
}
Event: 13.193 GC heap after
{Heap after GC invocations=25 (full 0):
 garbage-first heap   total 76800K, used 52827K [0x00000000c9400000, 0x0000000100000000)
  region size 1024K, 3 young (3072K), 3 survivors (3072K)
 Metaspace       used 30175K, committed 30528K, reserved 1081344K
  class space    used 3477K, committed 3648K, reserved 1048576K
}
Event: 13.198 GC heap before
{Heap before GC invocations=25 (full 0):
 garbage-first heap   total 76800K, used 53851K [0x00000000c9400000, 0x0000000100000000)
  region size 1024K, 4 young (4096K), 3 survivors (3072K)
 Metaspace       used 30175K, committed 30528K, reserved 1081344K
  class space    used 3477K, committed 3648K, reserved 1048576K
}
Event: 13.203 GC heap after
{Heap after GC invocations=26 (full 0):
 garbage-first heap   total 76800K, used 45899K [0x00000000c9400000, 0x0000000100000000)
  region size 1024K, 1 young (1024K), 1 survivors (1024K)
 Metaspace       used 30175K, committed 30528K, reserved 1081344K
  class space    used 3477K, committed 3648K, reserved 1048576K
}
Event: 13.273 GC heap before
{Heap before GC invocations=26 (full 0):
 garbage-first heap   total 76800K, used 47947K [0x00000000c9400000, 0x0000000100000000)
  region size 1024K, 3 young (3072K), 1 survivors (1024K)
 Metaspace       used 30177K, committed 30528K, reserved 1081344K
  class space    used 3477K, committed 3648K, reserved 1048576K
}
Event: 13.274 GC heap after
{Heap after GC invocations=27 (full 0):
 garbage-first heap   total 76800K, used 46857K [0x00000000c9400000, 0x0000000100000000)
  region size 1024K, 1 young (1024K), 1 survivors (1024K)
 Metaspace       used 30177K, committed 30528K, reserved 1081344K
  class space    used 3477K, committed 3648K, reserved 1048576K
}
Event: 13.558 GC heap before
{Heap before GC invocations=27 (full 0):
 garbage-first heap   total 76800K, used 58121K [0x00000000c9400000, 0x0000000100000000)
  region size 1024K, 12 young (12288K), 1 survivors (1024K)
 Metaspace       used 30193K, committed 30528K, reserved 1081344K
  class space    used 3477K, committed 3648K, reserved 1048576K
}
Event: 13.563 GC heap after
{Heap after GC invocations=28 (full 0):
 garbage-first heap   total 156672K, used 50718K [0x00000000c9400000, 0x0000000100000000)
  region size 1024K, 2 young (2048K), 2 survivors (2048K)
 Metaspace       used 30193K, committed 30528K, reserved 1081344K
  class space    used 3477K, committed 3648K, reserved 1048576K
}
Event: 15.208 GC heap before
{Heap before GC invocations=29 (full 0):
 garbage-first heap   total 156672K, used 90654K [0x00000000c9400000, 0x0000000100000000)
  region size 1024K, 44 young (45056K), 2 survivors (2048K)
 Metaspace       used 29906K, committed 30208K, reserved 1081344K
  class space    used 3440K, committed 3584K, reserved 1048576K
}
Event: 15.213 GC heap after
{Heap after GC invocations=30 (full 0):
 garbage-first heap   total 156672K, used 49689K [0x00000000c9400000, 0x0000000100000000)
  region size 1024K, 4 young (4096K), 4 survivors (4096K)
 Metaspace       used 29906K, committed 30208K, reserved 1081344K
  class space    used 3440K, committed 3584K, reserved 1048576K
}
Event: 15.269 GC heap before
{Heap before GC invocations=30 (full 0):
 garbage-first heap   total 156672K, used 51737K [0x00000000c9400000, 0x0000000100000000)
  region size 1024K, 7 young (7168K), 4 survivors (4096K)
 Metaspace       used 29915K, committed 30208K, reserved 1081344K
  class space    used 3440K, committed 3584K, reserved 1048576K
}
Event: 15.277 GC heap after
{Heap after GC invocations=31 (full 0):
 garbage-first heap   total 156672K, used 47544K [0x00000000c9400000, 0x0000000100000000)
  region size 1024K, 1 young (1024K), 1 survivors (1024K)
 Metaspace       used 29915K, committed 30208K, reserved 1081344K
  class space    used 3440K, committed 3584K, reserved 1048576K
}

Deoptimization events (20 events):
Event: 18.736 Thread 0x0000019fef9520b0 Uncommon trap: trap_request=0xffffffc6 fr.pc=0x0000019fe0641650 relative=0x00000000000002f0
Event: 18.736 Thread 0x0000019fef9520b0 Uncommon trap: reason=bimorphic_or_optimized_type_check action=maybe_recompile pc=0x0000019fe0641650 method=java.util.regex.Pattern$BmpCharPredicate.lambda$union$2(Ljava/util/regex/Pattern$CharPredicate;I)Z @ 2 c2
Event: 18.736 Thread 0x0000019fef9520b0 DEOPT PACKING pc=0x0000019fe0641650 sp=0x000000350e5fe080
Event: 18.736 Thread 0x0000019fef9520b0 DEOPT UNPACKING pc=0x0000019fdffe23a3 sp=0x000000350e5fdec8 mode 2
Event: 18.736 Thread 0x0000019fef9520b0 Uncommon trap: trap_request=0xffffffde fr.pc=0x0000019fe07e30d4 relative=0x00000000000001b4
Event: 18.736 Thread 0x0000019fef9520b0 Uncommon trap: reason=class_check action=maybe_recompile pc=0x0000019fe07e30d4 method=java.util.regex.Pattern$BmpCharPredicate.lambda$union$2(Ljava/util/regex/Pattern$CharPredicate;I)Z @ 12 c2
Event: 18.736 Thread 0x0000019fef9520b0 DEOPT PACKING pc=0x0000019fe07e30d4 sp=0x000000350e5fde90
Event: 18.736 Thread 0x0000019fef9520b0 DEOPT UNPACKING pc=0x0000019fdffe23a3 sp=0x000000350e5fdda8 mode 2
Event: 18.738 Thread 0x0000019fef9520b0 Uncommon trap: trap_request=0xffffffde fr.pc=0x0000019fe07e2a60 relative=0x0000000000000140
Event: 18.738 Thread 0x0000019fef9520b0 Uncommon trap: reason=class_check action=maybe_recompile pc=0x0000019fe07e2a60 method=java.util.regex.Pattern$BmpCharPredicate.lambda$union$2(Ljava/util/regex/Pattern$CharPredicate;I)Z @ 12 c2
Event: 18.738 Thread 0x0000019fef9520b0 DEOPT PACKING pc=0x0000019fe07e2a60 sp=0x000000350e5fdda0
Event: 18.738 Thread 0x0000019fef9520b0 DEOPT UNPACKING pc=0x0000019fdffe23a3 sp=0x000000350e5fdd38 mode 2
Event: 19.077 Thread 0x0000019fef9508a0 Uncommon trap: trap_request=0xffffffde fr.pc=0x0000019fe0592d9c relative=0x000000000000017c
Event: 19.077 Thread 0x0000019fef9508a0 Uncommon trap: reason=class_check action=maybe_recompile pc=0x0000019fe0592d9c method=java.util.concurrent.locks.AbstractQueuedSynchronizer.acquireShared(I)V @ 2 c2
Event: 19.077 Thread 0x0000019fef9508a0 DEOPT PACKING pc=0x0000019fe0592d9c sp=0x000000350e8ff140
Event: 19.077 Thread 0x0000019fef9508a0 DEOPT UNPACKING pc=0x0000019fdffe23a3 sp=0x000000350e8ff118 mode 2
Event: 20.148 Thread 0x0000019fef9508a0 Uncommon trap: trap_request=0xffffffde fr.pc=0x0000019fe0592d9c relative=0x000000000000017c
Event: 20.148 Thread 0x0000019fef9508a0 Uncommon trap: reason=class_check action=maybe_recompile pc=0x0000019fe0592d9c method=java.util.concurrent.locks.AbstractQueuedSynchronizer.acquireShared(I)V @ 2 c2
Event: 20.148 Thread 0x0000019fef9508a0 DEOPT PACKING pc=0x0000019fe0592d9c sp=0x000000350e8ff140
Event: 20.148 Thread 0x0000019fef9508a0 DEOPT UNPACKING pc=0x0000019fdffe23a3 sp=0x000000350e8ff118 mode 2

Classes unloaded (20 events):
Event: 13.603 Thread 0x0000019fd12a39c0 Unloading class 0x0000000800f2ec00 'lombok/javac/apt/LombokFileObject'
Event: 13.603 Thread 0x0000019fd12a39c0 Unloading class 0x0000000800f2ea00 'lombok/javac/apt/LombokFileObjects'
Event: 13.603 Thread 0x0000019fd12a39c0 Unloading class 0x0000000800f2e7c8 'lombok/javac/apt/MessagerDiagnosticsReceiver'
Event: 13.603 Thread 0x0000019fd12a39c0 Unloading class 0x0000000800f2e420 'lombok/javac/apt/InterceptingJavaFileManager'
Event: 13.603 Thread 0x0000019fd12a39c0 Unloading class 0x0000000800f2e218 'lombok/permit/dummy/Parent'
Event: 13.603 Thread 0x0000019fd12a39c0 Unloading class 0x0000000800f2e000 'lombok/core/CleanupRegistry'
Event: 13.603 Thread 0x0000019fd12a39c0 Unloading class 0x0000000800f2dce8 'lombok/permit/Permit$Fake'
Event: 13.603 Thread 0x0000019fd12a39c0 Unloading class 0x0000000800f2dae8 'lombok/permit/Permit'
Event: 13.603 Thread 0x0000019fd12a39c0 Unloading class 0x0000000800f2cd88 'lombok/core/DiagnosticsReceiver'
Event: 13.603 Thread 0x0000019fd12a39c0 Unloading class 0x0000000800f2d800 'lombok/javac/apt/LombokProcessor$1'
Event: 13.603 Thread 0x0000019fd12a39c0 Unloading class 0x0000000800f2caf0 'lombok/javac/apt/LombokProcessor'
Event: 13.603 Thread 0x0000019fd12a39c0 Unloading class 0x0000000800f2c8c0 'lombok/core/AnnotationProcessor$EcjDescriptor'
Event: 13.603 Thread 0x0000019fd12a39c0 Unloading class 0x0000000800f2c688 'lombok/core/AnnotationProcessor$JavacDescriptor'
Event: 13.603 Thread 0x0000019fd12a39c0 Unloading class 0x0000000800f2c280 'lombok/core/AnnotationProcessor$ProcessorDescriptor'
Event: 13.603 Thread 0x0000019fd12a39c0 Unloading class 0x0000000800f2c000 'lombok/core/AnnotationProcessor'
Event: 13.603 Thread 0x0000019fd12a39c0 Unloading class 0x0000000800f2d200 'lombok/launch/AnnotationProcessorHider$ClaimingProcessor'
Event: 13.603 Thread 0x0000019fd12a39c0 Unloading class 0x0000000800f2d000 'lombok/launch/AnnotationProcessorHider$AstModificationNotifierData'
Event: 13.603 Thread 0x0000019fd12a39c0 Unloading class 0x0000000800f04480 'lombok/launch/ShadowClassLoader'
Event: 13.603 Thread 0x0000019fd12a39c0 Unloading class 0x0000000800f04280 'lombok/launch/Main'
Event: 13.603 Thread 0x0000019fd12a39c0 Unloading class 0x0000000800f04000 'lombok/launch/AnnotationProcessorHider$AnnotationProcessor'

Classes redefined (0 events):
No events

Internal exceptions (20 events):
Event: 15.059 Thread 0x0000019fd11cfa70 Exception <a 'sun/nio/fs/WindowsException'{0x00000000d08302f8}> (0x00000000d08302f8) 
thrown [s\open\src\hotspot\share\prims\jni.cpp, line 516]
Event: 15.059 Thread 0x0000019fd11cfa70 Exception <a 'sun/nio/fs/WindowsException'{0x00000000d0830728}> (0x00000000d0830728) 
thrown [s\open\src\hotspot\share\prims\jni.cpp, line 516]
Event: 15.059 Thread 0x0000019fd11cfa70 Exception <a 'sun/nio/fs/WindowsException'{0x00000000d08317b0}> (0x00000000d08317b0) 
thrown [s\open\src\hotspot\share\prims\jni.cpp, line 516]
Event: 15.059 Thread 0x0000019fd11cfa70 Exception <a 'sun/nio/fs/WindowsException'{0x00000000d0831b40}> (0x00000000d0831b40) 
thrown [s\open\src\hotspot\share\prims\jni.cpp, line 516]
Event: 15.067 Thread 0x0000019fd11cfa70 Exception <a 'sun/nio/fs/WindowsException'{0x00000000d0706878}> (0x00000000d0706878) 
thrown [s\open\src\hotspot\share\prims\jni.cpp, line 516]
Event: 15.069 Thread 0x0000019fd11cfa70 Exception <a 'sun/nio/fs/WindowsException'{0x00000000d071d378}> (0x00000000d071d378) 
thrown [s\open\src\hotspot\share\prims\jni.cpp, line 516]
Event: 15.073 Thread 0x0000019fd11cfa70 Exception <a 'sun/nio/fs/WindowsException'{0x00000000d0737630}> (0x00000000d0737630) 
thrown [s\open\src\hotspot\share\prims\jni.cpp, line 516]
Event: 15.073 Thread 0x0000019fd11cfa70 Exception <a 'sun/nio/fs/WindowsException'{0x00000000d0737da0}> (0x00000000d0737da0) 
thrown [s\open\src\hotspot\share\prims\jni.cpp, line 516]
Event: 15.073 Thread 0x0000019fd11cfa70 Exception <a 'sun/nio/fs/WindowsException'{0x00000000d0738360}> (0x00000000d0738360) 
thrown [s\open\src\hotspot\share\prims\jni.cpp, line 516]
Event: 15.074 Thread 0x0000019fd11cfa70 Exception <a 'sun/nio/fs/WindowsException'{0x00000000d0738ac0}> (0x00000000d0738ac0) 
thrown [s\open\src\hotspot\share\prims\jni.cpp, line 516]
Event: 15.074 Thread 0x0000019fd11cfa70 Exception <a 'sun/nio/fs/WindowsException'{0x00000000d0738e30}> (0x00000000d0738e30) 
thrown [s\open\src\hotspot\share\prims\jni.cpp, line 516]
Event: 15.074 Thread 0x0000019fd11cfa70 Exception <a 'sun/nio/fs/WindowsException'{0x00000000d0739af8}> (0x00000000d0739af8) 
thrown [s\open\src\hotspot\share\prims\jni.cpp, line 516]
Event: 15.074 Thread 0x0000019fd11cfa70 Exception <a 'sun/nio/fs/WindowsException'{0x00000000d0739e38}> (0x00000000d0739e38) 
thrown [s\open\src\hotspot\share\prims\jni.cpp, line 516]
Event: 15.074 Thread 0x0000019fd11cfa70 Exception <a 'sun/nio/fs/WindowsException'{0x00000000d073aaf8}> (0x00000000d073aaf8) 
thrown [s\open\src\hotspot\share\prims\jni.cpp, line 516]
Event: 15.695 Thread 0x0000019fef17cef0 Exception <a 'java/lang/NoSuchMethodError'{0x00000000d1797ce0}: 'java.lang.Object java.lang.invoke.DirectMethodHandle$Holder.invokeStaticInit(java.lang.Object, java.lang.Object, long, java.lang.Object)'> (0x00000000d1797ce0) 
thrown [s\open\src\hotspot\share\interpreter\linkResolver.cpp, line 759]
Event: 15.695 Thread 0x0000019fef17cef0 Exception <a 'java/lang/NoSuchMethodError'{0x00000000d179e420}: 'java.lang.Object java.lang.invoke.DirectMethodHandle$Holder.newInvokeSpecial(java.lang.Object, java.lang.Object, long)'> (0x00000000d179e420) 
thrown [s\open\src\hotspot\share\interpreter\linkResolver.cpp, line 759]
Event: 15.695 Thread 0x0000019fef17cef0 Exception <a 'java/lang/NoSuchMethodError'{0x00000000d17a1f90}: 'java.lang.Object java.lang.invoke.Invokers$Holder.linkToTargetMethod(java.lang.Object, long, java.lang.Object)'> (0x00000000d17a1f90) 
thrown [s\open\src\hotspot\share\interpreter\linkResolver.cpp, line 759]
Event: 16.016 Thread 0x0000019fd11cfa70 Exception <a 'java/lang/NoSuchMethodError'{0x00000000d1563590}: 'java.lang.Object java.lang.invoke.DirectMethodHandle$Holder.invokeStaticInit(java.lang.Object, java.lang.Object, int, int, int, int)'> (0x00000000d1563590) 
thrown [s\open\src\hotspot\share\interpreter\linkResolver.cpp, line 759]
Event: 16.726 Thread 0x0000019fd11cfa70 Exception <a 'java/lang/NoSuchMethodError'{0x00000000d0a7c790}: 'void java.lang.invoke.DirectMethodHandle$Holder.invokeStatic(java.lang.Object, long)'> (0x00000000d0a7c790) 
thrown [s\open\src\hotspot\share\interpreter\linkResolver.cpp, line 759]
Event: 16.727 Thread 0x0000019fd11cfa70 Exception <a 'java/lang/NoSuchMethodError'{0x00000000d0900e70}: 'java.lang.Object java.lang.invoke.DirectMethodHandle$Holder.newInvokeSpecial(java.lang.Object, long)'> (0x00000000d0900e70) 
thrown [s\open\src\hotspot\share\interpreter\linkResolver.cpp, line 759]

VM Operations (20 events):
Event: 16.322 Executing VM operation: HandshakeAllThreads
Event: 16.322 Executing VM operation: HandshakeAllThreads done
Event: 16.323 Executing VM operation: HandshakeAllThreads
Event: 16.323 Executing VM operation: HandshakeAllThreads done
Event: 16.728 Executing VM operation: HandshakeAllThreads
Event: 16.728 Executing VM operation: HandshakeAllThreads done
Event: 16.733 Executing VM operation: HandshakeAllThreads
Event: 16.733 Executing VM operation: HandshakeAllThreads done
Event: 17.733 Executing VM operation: Cleanup
Event: 17.733 Executing VM operation: Cleanup done
Event: 18.734 Executing VM operation: Cleanup
Event: 18.736 Executing VM operation: Cleanup done
Event: 19.748 Executing VM operation: Cleanup
Event: 19.748 Executing VM operation: Cleanup done
Event: 20.751 Executing VM operation: Cleanup
Event: 20.751 Executing VM operation: Cleanup done
Event: 23.780 Executing VM operation: Cleanup
Event: 23.780 Executing VM operation: Cleanup done
Event: 25.801 Executing VM operation: Cleanup
Event: 25.801 Executing VM operation: Cleanup done

Events (20 events):
Event: 16.727 loading class java/lang/Process$PipeInputStream done
Event: 16.728 loading class jdk/internal/event/ProcessStartEvent
Event: 16.728 loading class jdk/internal/event/Event
Event: 16.729 loading class jdk/internal/event/Event done
Event: 16.729 loading class jdk/internal/event/ProcessStartEvent done
Event: 16.730 loading class java/nio/channels/ClosedChannelException
Event: 16.730 loading class java/nio/channels/ClosedChannelException done
Event: 16.733 loading class java/nio/channels/NonReadableChannelException
Event: 16.733 loading class java/nio/channels/NonReadableChannelException done
Event: 16.734 loading class java/nio/channels/NonWritableChannelException
Event: 16.734 loading class java/nio/channels/NonWritableChannelException done
Event: 16.747 Thread 0x0000019fef94f560 Thread added: 0x0000019fef94f560
Event: 16.748 Thread 0x0000019fef94ff00 Thread added: 0x0000019fef94ff00
Event: 16.754 Thread 0x0000019fef9508a0 Thread added: 0x0000019fef9508a0
Event: 16.781 loading class java/util/Scanner
Event: 16.782 loading class java/util/Scanner done
Event: 16.784 loading class java/util/Scanner$PatternLRUCache
Event: 16.786 loading class java/util/Scanner$PatternLRUCache done
Event: 25.835 loading class java/util/concurrent/atomic/Striped64$1
Event: 25.835 loading class java/util/concurrent/atomic/Striped64$1 done


Dynamic libraries:
0x00007ff6bba50000 - 0x00007ff6bba60000 	C:\Program Files\Java\jdk-17\bin\java.exe
0x00007ff9c7390000 - 0x00007ff9c7588000 	C:\windows\SYSTEM32\ntdll.dll
0x00007ff9c64b0000 - 0x00007ff9c656f000 	C:\windows\System32\KERNEL32.DLL
0x00007ff9c4c50000 - 0x00007ff9c4f46000 	C:\windows\System32\KERNELBASE.dll
0x00007ff9c4f50000 - 0x00007ff9c5050000 	C:\windows\System32\ucrtbase.dll
0x00007ff9a7540000 - 0x00007ff9a7559000 	C:\Program Files\Java\jdk-17\bin\jli.dll
0x00007ff9c58a0000 - 0x00007ff9c594f000 	C:\windows\System32\ADVAPI32.dll
0x00007ff9c5970000 - 0x00007ff9c5a0e000 	C:\windows\System32\msvcrt.dll
0x00007ff9c6b50000 - 0x00007ff9c6bec000 	C:\windows\System32\sechost.dll
0x00007ff9c6650000 - 0x00007ff9c6776000 	C:\windows\System32\RPCRT4.dll
0x00007ff9c5480000 - 0x00007ff9c561d000 	C:\windows\System32\USER32.dll
0x00007ff9c4c20000 - 0x00007ff9c4c42000 	C:\windows\System32\win32u.dll
0x00007ff9c57b0000 - 0x00007ff9c57dc000 	C:\windows\System32\GDI32.dll
0x00007ff9c5220000 - 0x00007ff9c5335000 	C:\windows\System32\gdi32full.dll
0x00007ff9c4ac0000 - 0x00007ff9c4b5d000 	C:\windows\System32\msvcp_win.dll
0x00007ff9adc60000 - 0x00007ff9adefa000 	C:\windows\WinSxS\amd64_microsoft.windows.common-controls_6595b64144ccf1df_6.0.19041.1110_none_60b5254171f9507e\COMCTL32.dll
0x00007ff99e540000 - 0x00007ff99e55b000 	C:\Program Files\Java\jdk-17\bin\VCRUNTIME140.dll
0x00007ff9bc710000 - 0x00007ff9bc71a000 	C:\windows\SYSTEM32\VERSION.dll
0x00007ff9c6620000 - 0x00007ff9c6650000 	C:\windows\System32\IMM32.DLL
0x00007ff9ad960000 - 0x00007ff9ad96c000 	C:\Program Files\Java\jdk-17\bin\vcruntime140_1.dll
0x00007ff980ff0000 - 0x00007ff98107e000 	C:\Program Files\Java\jdk-17\bin\msvcp140.dll
0x00007ff956a30000 - 0x00007ff95760d000 	C:\Program Files\Java\jdk-17\bin\server\jvm.dll
0x00007ff9c7340000 - 0x00007ff9c7348000 	C:\windows\System32\PSAPI.DLL
0x00007ff999790000 - 0x00007ff999799000 	C:\windows\SYSTEM32\WSOCK32.dll
0x00007ff9c6a50000 - 0x00007ff9c6abb000 	C:\windows\System32\WS2_32.dll
0x00007ff9bc6e0000 - 0x00007ff9bc707000 	C:\windows\SYSTEM32\WINMM.dll
0x00007ff9c2920000 - 0x00007ff9c2932000 	C:\windows\SYSTEM32\kernel.appcore.dll
0x00007ff99e530000 - 0x00007ff99e53a000 	C:\Program Files\Java\jdk-17\bin\jimage.dll
0x00007ff9afaa0000 - 0x00007ff9afc84000 	C:\windows\SYSTEM32\DBGHELP.DLL
0x00007ff9a76e0000 - 0x00007ff9a7714000 	C:\windows\SYSTEM32\dbgcore.DLL
0x00007ff9c4b60000 - 0x00007ff9c4be2000 	C:\windows\System32\bcryptPrimitives.dll
0x00007ff996480000 - 0x00007ff9964a5000 	C:\Program Files\Java\jdk-17\bin\java.dll
0x00007ff975a70000 - 0x00007ff975b47000 	C:\Program Files\Java\jdk-17\bin\jsvml.dll
0x00007ff9c6bf0000 - 0x00007ff9c7334000 	C:\windows\System32\SHELL32.dll
0x00007ff9c2b20000 - 0x00007ff9c32b4000 	C:\windows\SYSTEM32\windows.storage.dll
0x00007ff9c6020000 - 0x00007ff9c6374000 	C:\windows\System32\combase.dll
0x00007ff9c43e0000 - 0x00007ff9c440e000 	C:\windows\SYSTEM32\Wldp.dll
0x00007ff9c5700000 - 0x00007ff9c57ad000 	C:\windows\System32\SHCORE.dll
0x00007ff9c5fc0000 - 0x00007ff9c6015000 	C:\windows\System32\shlwapi.dll
0x00007ff9c49a0000 - 0x00007ff9c49c5000 	C:\windows\SYSTEM32\profapi.dll
0x00007ff996460000 - 0x00007ff996479000 	C:\Program Files\Java\jdk-17\bin\net.dll
0x00007ff9b97b0000 - 0x00007ff9b98ba000 	C:\windows\SYSTEM32\WINHTTP.dll
0x00007ff9c4140000 - 0x00007ff9c41aa000 	C:\windows\system32\mswsock.dll
0x00007ff996440000 - 0x00007ff996456000 	C:\Program Files\Java\jdk-17\bin\nio.dll
0x00007ff9960c0000 - 0x00007ff9960d8000 	C:\Program Files\Java\jdk-17\bin\zip.dll
0x0000000069ac0000 - 0x0000000069ae4000 	C:\Users\carin\AppData\Local\Temp\jansi-2.4.0-30a7ac706da04626-jansi.dll
0x00007ff99e3f0000 - 0x00007ff99e400000 	C:\Program Files\Java\jdk-17\bin\verify.dll
0x00007ff9c4330000 - 0x00007ff9c4348000 	C:\windows\SYSTEM32\CRYPTSP.dll
0x00007ff9c3a60000 - 0x00007ff9c3a94000 	C:\windows\system32\rsaenh.dll
0x00007ff9c4bf0000 - 0x00007ff9c4c17000 	C:\windows\System32\bcrypt.dll
0x00007ff9c4920000 - 0x00007ff9c494e000 	C:\windows\SYSTEM32\USERENV.dll
0x00007ff9c4350000 - 0x00007ff9c435c000 	C:\windows\SYSTEM32\CRYPTBASE.dll
0x00007ff9c3e30000 - 0x00007ff9c3e6c000 	C:\windows\SYSTEM32\IPHLPAPI.DLL
0x00007ff9c53f0000 - 0x00007ff9c53f8000 	C:\windows\System32\NSI.dll
0x00007ff9bb3c0000 - 0x00007ff9bb3d7000 	C:\windows\SYSTEM32\dhcpcsvc6.DLL
0x00007ff9b99f0000 - 0x00007ff9b9a0d000 	C:\windows\SYSTEM32\dhcpcsvc.DLL
0x00007ff9c3e70000 - 0x00007ff9c3f3a000 	C:\windows\SYSTEM32\DNSAPI.dll

dbghelp: loaded successfully - version: 4.0.5 - missing functions: none
symbol engine: initialized successfully - sym options: 0x614 - pdb path: .;C:\Program Files\Java\jdk-17\bin;C:\windows\SYSTEM32;C:\windows\WinSxS\amd64_microsoft.windows.common-controls_6595b64144ccf1df_6.0.19041.1110_none_60b5254171f9507e;C:\Program Files\Java\jdk-17\bin\server;C:\Users\carin\AppData\Local\Temp

VM Arguments:
jvm_args: -Dmaven.multiModuleProjectDirectory=C:\Users\carin\Desktop\springbootreact\gestion-clientes-backend 
java_command: org.apache.maven.wrapper.MavenWrapperMain -Dmaven.ext.class.path=C:\Program Files\NetBeans-17\netbeans\java\maven-nblib\netbeans-eventspy.jar --no-transfer-progress clean install
java_class_path (initial): C:\Users\carin\Desktop\springbootreact\gestion-clientes-backend\.mvn\wrapper\maven-wrapper.jar
Launcher Type: SUN_STANDARD

[Global flags]
     intx CICompilerCount                          = 2                                         {product} {ergonomic}
     uint ConcGCThreads                            = 1                                         {product} {ergonomic}
     uint G1ConcRefinementThreads                  = 2                                         {product} {ergonomic}
   size_t G1HeapRegionSize                         = 1048576                                   {product} {ergonomic}
    uintx GCDrainStackTargetSize                   = 64                                        {product} {ergonomic}
   size_t InitialHeapSize                          = 58720256                                  {product} {ergonomic}
   size_t MarkStackSize                            = 4194304                                   {product} {ergonomic}
   size_t MaxHeapSize                              = 918552576                                 {product} {ergonomic}
   size_t MaxNewSize                               = 550502400                                 {product} {ergonomic}
   size_t MinHeapDeltaBytes                        = 1048576                                   {product} {ergonomic}
   size_t MinHeapSize                              = 8388608                                   {product} {ergonomic}
    uintx NonNMethodCodeHeapSize                   = 5826188                                {pd product} {ergonomic}
    uintx NonProfiledCodeHeapSize                  = 122916026                              {pd product} {ergonomic}
    uintx ProfiledCodeHeapSize                     = 122916026                              {pd product} {ergonomic}
    uintx ReservedCodeCacheSize                    = 251658240                              {pd product} {ergonomic}
     bool SegmentedCodeCache                       = true                                      {product} {ergonomic}
   size_t SoftMaxHeapSize                          = 918552576                              {manageable} {ergonomic}
     bool UseCompressedClassPointers               = true                           {product lp64_product} {ergonomic}
     bool UseCompressedOops                        = true                           {product lp64_product} {ergonomic}
     bool UseG1GC                                  = true                                      {product} {ergonomic}
     bool UseLargePagesIndividualAllocation        = false                                  {pd product} {ergonomic}

Logging:
Log output configuration:
 #0: stdout all=warning uptime,level,tags
 #1: stderr all=off uptime,level,tags

Environment Variables:
JAVA_HOME=C:\Program Files\Java\jdk-17
PATH=C:\Program Files\Common Files\Oracle\Java\javapath;C:\windows\system32;C:\windows;C:\windows\System32\Wbem;C:\windows\System32\WindowsPowerShell\v1.0\;C:\windows\System32\OpenSSH\;C:\Program Files\Git\cmd;C:\Program Files\nodejs\;C:\gradle-8.1.1\bin;C:\Program Files\Java\jdk-20\bin;C:\Users\carin\AppData\Local\Microsoft\WindowsApps;C:\Users\carin\AppData\Local\Programs\Microsoft VS Code\bin;C:\Users\carin\AppData\Roaming\npm;C:\ProgramData\carin\GitHubDesktop\bin;C:\Users\carin\AppData\Local\GitHubDesktop\bin;C:\Users\carin\Downloads\mongodb-windows-x86_64-6.0.4.zip\mongodb-win32-x86_64-windows-6.0.4\bin;C:\Users\carin\Desktop\dataBase\data;C:\Program Files\MongoDB\Server\6.0\data;C:\Program Files\MongoDB\Server\6.0\bin;C:\Users\carin\Desktop\Backend\FastAPI;C:\Users\carin\Desktop\Backend;C:\Users\carin\Desktop\Backend\dataBase\data\log;C:\Program Files\MongoDB\Server\6.0\data;C:\Program Files\MongoDB\Server\6.0\bin;C:\Users\carin\AppData\Local\Packages\PythonSoftwareFoundation.Python.3.10_qbz5n2kfra8p0\LocalCache\local-packages\Python310\Scripts;C:\Users\carin\Documents\flutter\bin\;C:\Program Files\MySQL\MySQL Server 8.0\bin;C:\gradle-8.1.1\bin;C:\Program Files\Java\jdk-20\bin;
USERNAME=carin
OS=Windows_NT
PROCESSOR_IDENTIFIER=AMD64 Family 23 Model 24 Stepping 1, AuthenticAMD



---------------  S Y S T E M  ---------------

OS:
 Windows 10 , 64 bit Build 19041 (10.0.19041.3155)
OS uptime: 2 days 16:40 hours

CPU: total 2 (initial active 2) (2 cores per cpu, 1 threads per core) family 23 model 24 stepping 1 microcode 0x0, cx8, cmov, fxsr, mmx, 3dnowpref, sse, sse2, sse3, ssse3, sse4a, sse4.1, sse4.2, popcnt, lzcnt, tsc, tscinvbit, avx, avx2, aes, clmul, bmi1, bmi2, adx, sha, fma, vzeroupper, clflush, clflushopt

Memory: 4k page, system-wide physical 3500M (254M free)
TotalPageFile size 14252M (AvailPageFile size 1M)
current process WorkingSet (physical memory assigned to process): 236M, peak: 260M
current process commit charge ("private bytes"): 294M, peak: 315M

vm_info: Java HotSpot(TM) 64-Bit Server VM (17.0.7+8-LTS-224) for windows-amd64 JRE (17.0.7+8-LTS-224), built on Feb 28 2023 23:03:02 by "mach5one" with MS VC++ 17.1 (VS2022)

END.
