#
# There is insufficient memory for the Java Runtime Environment to continue.
# Native memory allocation (malloc) failed to allocate 32744 bytes for ChunkPool::allocate
# Possible reasons:
#   The system is out of physical RAM or swap space
#   The process is running with CompressedOops enabled, and the Java Heap may be blocking the growth of the native heap
# Possible solutions:
#   Reduce memory load on the system
#   Increase physical memory or swap space
#   Check if swap backing store is full
#   Decrease Java heap size (-Xmx/-Xms)
#   Decrease number of Java threads
#   Decrease Java thread stack sizes (-Xss)
#   Set larger code cache with -XX:ReservedCodeCacheSize=
#   JVM is running with Unscaled Compressed Oops mode in which the Java heap is
#     placed in the first 4GB address space. The Java Heap base address is the
#     maximum limit for the native heap growth. Please use -XX:HeapBaseMinAddress
#     to set the Java Heap base and to place the Java Heap above 4GB virtual address.
# This output file may be truncated or incomplete.
#
#  Out of Memory Error (arena.cpp:78), pid=15320, tid=4792
#
# JRE version: Java(TM) SE Runtime Environment (17.0.7+8) (build 17.0.7+8-LTS-224)
# Java VM: Java HotSpot(TM) 64-Bit Server VM (17.0.7+8-LTS-224, mixed mode, sharing, tiered, compressed oops, compressed class ptrs, g1 gc, windows-amd64)
# No core dump will be written. Minidumps are not enabled by default on client versions of Windows
#

---------------  S U M M A R Y ------------

Command Line: -Dmaven.multiModuleProjectDirectory=C:\Users\carin\Desktop\springbootreact\gestion-clientes-backend org.apache.maven.wrapper.MavenWrapperMain -Dmaven.ext.class.path=C:\Program Files\NetBeans-17\netbeans\java\maven-nblib\netbeans-eventspy.jar --no-transfer-progress clean install

Host: AMD Athlon Silver 3050U with Radeon Graphics   , 2 cores, 3G,  Windows 10 , 64 bit Build 19041 (10.0.19041.3155)
Time: Thu Aug  3 03:56:08 2023 Hora estándar de Argentina elapsed time: 26.803613 seconds (0d 0h 0m 26s)

---------------  T H R E A D  ---------------

Current thread (0x000001af1a450e30):  JavaThread "C1 CompilerThread0" daemon [_thread_in_native, id=4792, stack(0x00000045d0200000,0x00000045d0300000)]


Current CompileTask:
C1:  26803 7284   !   3       org.apache.maven.surefire.stream.EventDecoder::decode (399 bytes)

Stack: [0x00000045d0200000,0x00000045d0300000]
Native frames: (J=compiled Java code, j=interpreted, Vv=VM code, C=native code)
V  [jvm.dll+0x676a4a]
V  [jvm.dll+0x7d74f4]
V  [jvm.dll+0x7d8c9e]
V  [jvm.dll+0x7d9303]
V  [jvm.dll+0x2452c5]
V  [jvm.dll+0xaac80]
V  [jvm.dll+0xaafcc]
V  [jvm.dll+0x15c860]
V  [jvm.dll+0x168e39]
V  [jvm.dll+0x168c02]
V  [jvm.dll+0x160383]
V  [jvm.dll+0x15d47e]
V  [jvm.dll+0x14b6c0]
V  [jvm.dll+0x134817]
V  [jvm.dll+0x1341af]
V  [jvm.dll+0x1343e8]
V  [jvm.dll+0x133881]
V  [jvm.dll+0x13552d]
V  [jvm.dll+0x226a6e]
V  [jvm.dll+0x224e15]
V  [jvm.dll+0x78d05c]
V  [jvm.dll+0x78759a]
V  [jvm.dll+0x675875]
C  [ucrtbase.dll+0x21bb2]
C  [KERNEL32.DLL+0x17614]
C  [ntdll.dll+0x526b1]


---------------  P R O C E S S  ---------------

Threads class SMR info:
_java_thread_list=0x000001af1ddb8b90, length=18, elements={
0x000001af7fb1ecd0, 0x000001af1a431fa0, 0x000001af1a432d20, 0x000001af1a440430,
0x000001af1a442ef0, 0x000001af1a4438a0, 0x000001af1a444250, 0x000001af1a444f30,
0x000001af1a450e30, 0x000001af1a4c2750, 0x000001af1b06d2d0, 0x000001af1b075d80,
0x000001af1c573950, 0x000001af1b9801d0, 0x000001af1b3e8680, 0x000001af1b3d56e0,
0x000001af1b3d6080, 0x000001af1b3d5bb0
}

Java Threads: ( => current thread )
  0x000001af7fb1ecd0 JavaThread "main" [_thread_in_native, id=13132, stack(0x00000045cf400000,0x00000045cf500000)]
  0x000001af1a431fa0 JavaThread "Reference Handler" daemon [_thread_blocked, id=13184, stack(0x00000045cfb00000,0x00000045cfc00000)]
  0x000001af1a432d20 JavaThread "Finalizer" daemon [_thread_blocked, id=13192, stack(0x00000045cfc00000,0x00000045cfd00000)]
  0x000001af1a440430 JavaThread "Signal Dispatcher" daemon [_thread_blocked, id=6244, stack(0x00000045cfd00000,0x00000045cfe00000)]
  0x000001af1a442ef0 JavaThread "Attach Listener" daemon [_thread_blocked, id=15304, stack(0x00000045cfe00000,0x00000045cff00000)]
  0x000001af1a4438a0 JavaThread "Service Thread" daemon [_thread_blocked, id=12992, stack(0x00000045cff00000,0x00000045d0000000)]
  0x000001af1a444250 JavaThread "Monitor Deflation Thread" daemon [_thread_blocked, id=10216, stack(0x00000045d0000000,0x00000045d0100000)]
  0x000001af1a444f30 JavaThread "C2 CompilerThread0" daemon [_thread_in_native, id=9732, stack(0x00000045d0100000,0x00000045d0200000)]
=>0x000001af1a450e30 JavaThread "C1 CompilerThread0" daemon [_thread_in_native, id=4792, stack(0x00000045d0200000,0x00000045d0300000)]
  0x000001af1a4c2750 JavaThread "Sweeper thread" daemon [_thread_blocked, id=12260, stack(0x00000045d0300000,0x00000045d0400000)]
  0x000001af1b06d2d0 JavaThread "Notification Thread" daemon [_thread_blocked, id=13952, stack(0x00000045d0400000,0x00000045d0500000)]
  0x000001af1b075d80 JavaThread "Common-Cleaner" daemon [_thread_blocked, id=8760, stack(0x00000045d0600000,0x00000045d0700000)]
  0x000001af1c573950 JavaThread "timeout-check-timer" daemon [_thread_blocked, id=13316, stack(0x00000045d0800000,0x00000045d0900000)]
  0x000001af1b9801d0 JavaThread "ping-timer-10s" daemon [_thread_blocked, id=12876, stack(0x00000045d0900000,0x00000045d0a00000)]
  0x000001af1b3e8680 JavaThread "ThreadedStreamConsumer" daemon [_thread_blocked, id=13608, stack(0x00000045d0a00000,0x00000045d0b00000)]
  0x000001af1b3d56e0 JavaThread "fork-1-err-thread" daemon [_thread_in_native, id=12488, stack(0x00000045d0b00000,0x00000045d0c00000)]
  0x000001af1b3d6080 JavaThread "commands-fork-1" daemon [_thread_blocked, id=5232, stack(0x00000045d0c00000,0x00000045d0d00000)]
  0x000001af1b3d5bb0 JavaThread "fork-1-event-thread" daemon [_thread_in_native, id=14612, stack(0x00000045d0d00000,0x00000045d0e00000)]

Other Threads:
  0x000001af7fbf5a00 VMThread "VM Thread" [stack: 0x00000045cfa00000,0x00000045cfb00000] [id=4444]
  0x000001af7fbf8c00 WatcherThread [stack: 0x00000045d0500000,0x00000045d0600000] [id=13352]
  0x000001af7fb55fd0 GCTaskThread "GC Thread#0" [stack: 0x00000045cf500000,0x00000045cf600000] [id=14072]
  0x000001af1b0ddef0 GCTaskThread "GC Thread#1" [stack: 0x00000045d0700000,0x00000045d0800000] [id=1620]
  0x000001af7fb5dc90 ConcurrentGCThread "G1 Main Marker" [stack: 0x00000045cf600000,0x00000045cf700000] [id=2888]
  0x000001af7fb5e6a0 ConcurrentGCThread "G1 Conc#0" [stack: 0x00000045cf700000,0x00000045cf800000] [id=2472]
  0x000001af7fbd8f70 ConcurrentGCThread "G1 Refine#0" [stack: 0x00000045cf800000,0x00000045cf900000] [id=10260]
  0x000001af7fbd9990 ConcurrentGCThread "G1 Service" [stack: 0x00000045cf900000,0x00000045cfa00000] [id=6568]

Threads with active compile tasks:
C2 CompilerThread0    26827 7287  s    4       java.lang.Throwable::fillInStackTrace (29 bytes)
C1 CompilerThread0    26827 7284   !   3       org.apache.maven.surefire.stream.EventDecoder::decode (399 bytes)

VM state: not at safepoint (normal execution)

VM Mutex/Monitor currently owned by a thread: None

Heap address: 0x00000000c9400000, size: 876 MB, Compressed Oops mode: 32-bit

CDS archive(s) mapped at: [0x0000000800000000-0x0000000800bd0000-0x0000000800bd0000), size 12386304, SharedBaseAddress: 0x0000000800000000, ArchiveRelocationMode: 0.
Compressed class space mapped at: 0x0000000800c00000-0x0000000840c00000, reserved size: 1073741824
Narrow klass base: 0x0000000800000000, Narrow klass shift: 0, Narrow klass range: 0x100000000

GC Precious Log:
 CPUs: 2 total, 2 available
 Memory: 3500M
 Large Page Support: Disabled
 NUMA Support: Disabled
 Compressed Oops: Enabled (32-bit)
 Heap Region Size: 1M
 Heap Min Capacity: 8M
 Heap Initial Capacity: 56M
 Heap Max Capacity: 876M
 Pre-touch: Disabled
 Parallel Workers: 2
 Concurrent Workers: 1
 Concurrent Refinement Workers: 2
 Periodic GC: Disabled

Heap:
 garbage-first heap   total 135168K, used 61538K [0x00000000c9400000, 0x0000000100000000)
  region size 1024K, 14 young (14336K), 2 survivors (2048K)
 Metaspace       used 32945K, committed 33344K, reserved 1081344K
  class space    used 3767K, committed 3968K, reserved 1048576K

Heap Regions: E=young(eden), S=young(survivor), O=old, HS=humongous(starts), HC=humongous(continues), CS=collection set, F=free, OA=open archive, CA=closed archive, TAMS=top-at-mark-start (previous, next)
|   0|0x00000000c9400000, 0x00000000c9500000, 0x00000000c9500000|100%| O|  |TAMS 0x00000000c9500000, 0x00000000c9400000| Untracked 
|   1|0x00000000c9500000, 0x00000000c9600000, 0x00000000c9600000|100%| O|  |TAMS 0x00000000c9600000, 0x00000000c9500000| Untracked 
|   2|0x00000000c9600000, 0x00000000c9700000, 0x00000000c9700000|100%| O|  |TAMS 0x00000000c9700000, 0x00000000c9600000| Untracked 
|   3|0x00000000c9700000, 0x00000000c9800000, 0x00000000c9800000|100%| O|  |TAMS 0x00000000c9800000, 0x00000000c9700000| Untracked 
|   4|0x00000000c9800000, 0x00000000c9900000, 0x00000000c9900000|100%| O|  |TAMS 0x00000000c9900000, 0x00000000c9800000| Untracked 
|   5|0x00000000c9900000, 0x00000000c9a00000, 0x00000000c9a00000|100%| O|  |TAMS 0x00000000c9a00000, 0x00000000c9900000| Untracked 
|   6|0x00000000c9a00000, 0x00000000c9b00000, 0x00000000c9b00000|100%| O|  |TAMS 0x00000000c9b00000, 0x00000000c9a00000| Untracked 
|   7|0x00000000c9b00000, 0x00000000c9c00000, 0x00000000c9c00000|100%| O|  |TAMS 0x00000000c9c00000, 0x00000000c9b00000| Untracked 
|   8|0x00000000c9c00000, 0x00000000c9d00000, 0x00000000c9d00000|100%| O|  |TAMS 0x00000000c9d00000, 0x00000000c9c00000| Untracked 
|   9|0x00000000c9d00000, 0x00000000c9e00000, 0x00000000c9e00000|100%| O|  |TAMS 0x00000000c9e00000, 0x00000000c9d00000| Untracked 
|  10|0x00000000c9e00000, 0x00000000c9f00000, 0x00000000c9f00000|100%| O|  |TAMS 0x00000000c9f00000, 0x00000000c9e00000| Untracked 
|  11|0x00000000c9f00000, 0x00000000ca000000, 0x00000000ca000000|100%|HS|  |TAMS 0x00000000ca000000, 0x00000000c9f00000| Complete 
|  12|0x00000000ca000000, 0x00000000ca100000, 0x00000000ca100000|100%| O|  |TAMS 0x00000000ca100000, 0x00000000ca000000| Untracked 
|  13|0x00000000ca100000, 0x00000000ca200000, 0x00000000ca200000|100%| O|  |TAMS 0x00000000ca200000, 0x00000000ca100000| Untracked 
|  14|0x00000000ca200000, 0x00000000ca300000, 0x00000000ca300000|100%| O|  |TAMS 0x00000000ca300000, 0x00000000ca200000| Untracked 
|  15|0x00000000ca300000, 0x00000000ca400000, 0x00000000ca400000|100%| O|  |TAMS 0x00000000ca300000, 0x00000000ca300000| Untracked 
|  16|0x00000000ca400000, 0x00000000ca500000, 0x00000000ca500000|100%| O|  |TAMS 0x00000000ca400000, 0x00000000ca400000| Untracked 
|  17|0x00000000ca500000, 0x00000000ca600000, 0x00000000ca600000|100%| O|  |TAMS 0x00000000ca500000, 0x00000000ca500000| Untracked 
|  18|0x00000000ca600000, 0x00000000ca700000, 0x00000000ca700000|100%|HS|  |TAMS 0x00000000ca700000, 0x00000000ca600000| Complete 
|  19|0x00000000ca700000, 0x00000000ca800000, 0x00000000ca800000|100%|HC|  |TAMS 0x00000000ca800000, 0x00000000ca700000| Complete 
|  20|0x00000000ca800000, 0x00000000ca900000, 0x00000000ca900000|100%| O|  |TAMS 0x00000000ca900000, 0x00000000ca800000| Untracked 
|  21|0x00000000ca900000, 0x00000000ca900000, 0x00000000caa00000|  0%| F|  |TAMS 0x00000000ca900000, 0x00000000ca900000| Untracked 
|  22|0x00000000caa00000, 0x00000000cab00000, 0x00000000cab00000|100%| O|  |TAMS 0x00000000caa00000, 0x00000000caa00000| Untracked 
|  23|0x00000000cab00000, 0x00000000cac00000, 0x00000000cac00000|100%| O|  |TAMS 0x00000000cab00000, 0x00000000cab00000| Untracked 
|  24|0x00000000cac00000, 0x00000000cad00000, 0x00000000cad00000|100%| O|  |TAMS 0x00000000cad00000, 0x00000000cac00000| Untracked 
|  25|0x00000000cad00000, 0x00000000cae00000, 0x00000000cae00000|100%| O|  |TAMS 0x00000000cad00000, 0x00000000cad00000| Untracked 
|  26|0x00000000cae00000, 0x00000000caf00000, 0x00000000caf00000|100%| O|  |TAMS 0x00000000cae00000, 0x00000000cae00000| Untracked 
|  27|0x00000000caf00000, 0x00000000cb000000, 0x00000000cb000000|100%| O|  |TAMS 0x00000000caf00000, 0x00000000caf00000| Untracked 
|  28|0x00000000cb000000, 0x00000000cb054600, 0x00000000cb100000| 32%| O|  |TAMS 0x00000000cb000000, 0x00000000cb000000| Untracked 
|  29|0x00000000cb100000, 0x00000000cb100000, 0x00000000cb200000|  0%| F|  |TAMS 0x00000000cb100000, 0x00000000cb100000| Untracked 
|  30|0x00000000cb200000, 0x00000000cb200000, 0x00000000cb300000|  0%| F|  |TAMS 0x00000000cb200000, 0x00000000cb200000| Untracked 
|  31|0x00000000cb300000, 0x00000000cb300000, 0x00000000cb400000|  0%| F|  |TAMS 0x00000000cb300000, 0x00000000cb300000| Untracked 
|  32|0x00000000cb400000, 0x00000000cb500000, 0x00000000cb500000|100%| O|  |TAMS 0x00000000cb500000, 0x00000000cb400000| Untracked 
|  33|0x00000000cb500000, 0x00000000cb600000, 0x00000000cb600000|100%| O|  |TAMS 0x00000000cb600000, 0x00000000cb500000| Untracked 
|  34|0x00000000cb600000, 0x00000000cb700000, 0x00000000cb700000|100%| O|  |TAMS 0x00000000cb700000, 0x00000000cb600000| Untracked 
|  35|0x00000000cb700000, 0x00000000cb800000, 0x00000000cb800000|100%| O|  |TAMS 0x00000000cb800000, 0x00000000cb700000| Untracked 
|  36|0x00000000cb800000, 0x00000000cb800000, 0x00000000cb900000|  0%| F|  |TAMS 0x00000000cb800000, 0x00000000cb800000| Untracked 
|  37|0x00000000cb900000, 0x00000000cba00000, 0x00000000cba00000|100%| O|  |TAMS 0x00000000cba00000, 0x00000000cb900000| Untracked 
|  38|0x00000000cba00000, 0x00000000cbb00000, 0x00000000cbb00000|100%| O|  |TAMS 0x00000000cbb00000, 0x00000000cba00000| Untracked 
|  39|0x00000000cbb00000, 0x00000000cbc00000, 0x00000000cbc00000|100%| O|  |TAMS 0x00000000cbc00000, 0x00000000cbb00000| Untracked 
|  40|0x00000000cbc00000, 0x00000000cbd00000, 0x00000000cbd00000|100%|HS|  |TAMS 0x00000000cbd00000, 0x00000000cbc00000| Complete 
|  41|0x00000000cbd00000, 0x00000000cbe00000, 0x00000000cbe00000|100%| O|  |TAMS 0x00000000cbe00000, 0x00000000cbd00000| Untracked 
|  42|0x00000000cbe00000, 0x00000000cbf00000, 0x00000000cbf00000|100%| O|  |TAMS 0x00000000cbf00000, 0x00000000cbe00000| Untracked 
|  43|0x00000000cbf00000, 0x00000000cc000000, 0x00000000cc000000|100%| O|  |TAMS 0x00000000cc000000, 0x00000000cbf00000| Untracked 
|  44|0x00000000cc000000, 0x00000000cc100000, 0x00000000cc100000|100%| O|  |TAMS 0x00000000cc100000, 0x00000000cc000000| Untracked 
|  45|0x00000000cc100000, 0x00000000cc200000, 0x00000000cc200000|100%| O|  |TAMS 0x00000000cc200000, 0x00000000cc100000| Untracked 
|  46|0x00000000cc200000, 0x00000000cc300000, 0x00000000cc300000|100%| O|  |TAMS 0x00000000cc300000, 0x00000000cc200000| Untracked 
|  47|0x00000000cc300000, 0x00000000cc400000, 0x00000000cc400000|100%| O|  |TAMS 0x00000000cc400000, 0x00000000cc300000| Untracked 
|  48|0x00000000cc400000, 0x00000000cc500000, 0x00000000cc500000|100%| O|  |TAMS 0x00000000cc500000, 0x00000000cc400000| Untracked 
|  49|0x00000000cc500000, 0x00000000cc600000, 0x00000000cc600000|100%| O|  |TAMS 0x00000000cc600000, 0x00000000cc500000| Untracked 
|  50|0x00000000cc600000, 0x00000000cc600000, 0x00000000cc700000|  0%| F|  |TAMS 0x00000000cc600000, 0x00000000cc600000| Untracked 
|  51|0x00000000cc700000, 0x00000000cc700000, 0x00000000cc800000|  0%| F|  |TAMS 0x00000000cc700000, 0x00000000cc700000| Untracked 
|  52|0x00000000cc800000, 0x00000000cc800000, 0x00000000cc900000|  0%| F|  |TAMS 0x00000000cc800000, 0x00000000cc800000| Untracked 
|  53|0x00000000cc900000, 0x00000000cca00000, 0x00000000cca00000|100%| O|  |TAMS 0x00000000cca00000, 0x00000000cc900000| Untracked 
|  54|0x00000000cca00000, 0x00000000ccb00000, 0x00000000ccb00000|100%| O|  |TAMS 0x00000000ccb00000, 0x00000000cca00000| Untracked 
|  55|0x00000000ccb00000, 0x00000000ccc00000, 0x00000000ccc00000|100%| O|  |TAMS 0x00000000ccc00000, 0x00000000ccb00000| Untracked 
|  56|0x00000000ccc00000, 0x00000000ccc00000, 0x00000000ccd00000|  0%| F|  |TAMS 0x00000000ccc00000, 0x00000000ccc00000| Untracked 
|  57|0x00000000ccd00000, 0x00000000ccd00000, 0x00000000cce00000|  0%| F|  |TAMS 0x00000000ccd00000, 0x00000000ccd00000| Untracked 
|  58|0x00000000cce00000, 0x00000000cce00000, 0x00000000ccf00000|  0%| F|  |TAMS 0x00000000cce00000, 0x00000000cce00000| Untracked 
|  59|0x00000000ccf00000, 0x00000000ccf00000, 0x00000000cd000000|  0%| F|  |TAMS 0x00000000ccf00000, 0x00000000ccf00000| Untracked 
|  60|0x00000000cd000000, 0x00000000cd000000, 0x00000000cd100000|  0%| F|  |TAMS 0x00000000cd000000, 0x00000000cd000000| Untracked 
|  61|0x00000000cd100000, 0x00000000cd100000, 0x00000000cd200000|  0%| F|  |TAMS 0x00000000cd100000, 0x00000000cd100000| Untracked 
|  62|0x00000000cd200000, 0x00000000cd200000, 0x00000000cd300000|  0%| F|  |TAMS 0x00000000cd200000, 0x00000000cd200000| Untracked 
|  63|0x00000000cd300000, 0x00000000cd300000, 0x00000000cd400000|  0%| F|  |TAMS 0x00000000cd300000, 0x00000000cd300000| Untracked 
|  64|0x00000000cd400000, 0x00000000cd400000, 0x00000000cd500000|  0%| F|  |TAMS 0x00000000cd400000, 0x00000000cd400000| Untracked 
|  65|0x00000000cd500000, 0x00000000cd500000, 0x00000000cd600000|  0%| F|  |TAMS 0x00000000cd500000, 0x00000000cd500000| Untracked 
|  66|0x00000000cd600000, 0x00000000cd600000, 0x00000000cd700000|  0%| F|  |TAMS 0x00000000cd600000, 0x00000000cd600000| Untracked 
|  67|0x00000000cd700000, 0x00000000cd700000, 0x00000000cd800000|  0%| F|  |TAMS 0x00000000cd700000, 0x00000000cd700000| Untracked 
|  68|0x00000000cd800000, 0x00000000cd800000, 0x00000000cd900000|  0%| F|  |TAMS 0x00000000cd800000, 0x00000000cd800000| Untracked 
|  69|0x00000000cd900000, 0x00000000cd900000, 0x00000000cda00000|  0%| F|  |TAMS 0x00000000cd900000, 0x00000000cd900000| Untracked 
|  70|0x00000000cda00000, 0x00000000cda00000, 0x00000000cdb00000|  0%| F|  |TAMS 0x00000000cda00000, 0x00000000cda00000| Untracked 
|  71|0x00000000cdb00000, 0x00000000cdb00000, 0x00000000cdc00000|  0%| F|  |TAMS 0x00000000cdb00000, 0x00000000cdb00000| Untracked 
|  72|0x00000000cdc00000, 0x00000000cdc00000, 0x00000000cdd00000|  0%| F|  |TAMS 0x00000000cdc00000, 0x00000000cdc00000| Untracked 
|  73|0x00000000cdd00000, 0x00000000cdd00000, 0x00000000cde00000|  0%| F|  |TAMS 0x00000000cdd00000, 0x00000000cdd00000| Untracked 
|  74|0x00000000cde00000, 0x00000000cde00000, 0x00000000cdf00000|  0%| F|  |TAMS 0x00000000cde00000, 0x00000000cde00000| Untracked 
|  75|0x00000000cdf00000, 0x00000000cdf00000, 0x00000000ce000000|  0%| F|  |TAMS 0x00000000cdf00000, 0x00000000cdf00000| Untracked 
|  76|0x00000000ce000000, 0x00000000ce000000, 0x00000000ce100000|  0%| F|  |TAMS 0x00000000ce000000, 0x00000000ce000000| Untracked 
|  77|0x00000000ce100000, 0x00000000ce100000, 0x00000000ce200000|  0%| F|  |TAMS 0x00000000ce100000, 0x00000000ce100000| Untracked 
|  78|0x00000000ce200000, 0x00000000ce200000, 0x00000000ce300000|  0%| F|  |TAMS 0x00000000ce200000, 0x00000000ce200000| Untracked 
|  79|0x00000000ce300000, 0x00000000ce300000, 0x00000000ce400000|  0%| F|  |TAMS 0x00000000ce300000, 0x00000000ce300000| Untracked 
|  80|0x00000000ce400000, 0x00000000ce400000, 0x00000000ce500000|  0%| F|  |TAMS 0x00000000ce400000, 0x00000000ce400000| Untracked 
|  81|0x00000000ce500000, 0x00000000ce500000, 0x00000000ce600000|  0%| F|  |TAMS 0x00000000ce500000, 0x00000000ce500000| Untracked 
|  82|0x00000000ce600000, 0x00000000ce600000, 0x00000000ce700000|  0%| F|  |TAMS 0x00000000ce600000, 0x00000000ce600000| Untracked 
|  83|0x00000000ce700000, 0x00000000ce700000, 0x00000000ce800000|  0%| F|  |TAMS 0x00000000ce700000, 0x00000000ce700000| Untracked 
|  84|0x00000000ce800000, 0x00000000ce800000, 0x00000000ce900000|  0%| F|  |TAMS 0x00000000ce800000, 0x00000000ce800000| Untracked 
|  85|0x00000000ce900000, 0x00000000ce900000, 0x00000000cea00000|  0%| F|  |TAMS 0x00000000ce900000, 0x00000000ce900000| Untracked 
|  86|0x00000000cea00000, 0x00000000cea00000, 0x00000000ceb00000|  0%| F|  |TAMS 0x00000000cea00000, 0x00000000cea00000| Untracked 
|  87|0x00000000ceb00000, 0x00000000ceb00000, 0x00000000cec00000|  0%| F|  |TAMS 0x00000000ceb00000, 0x00000000ceb00000| Untracked 
|  88|0x00000000cec00000, 0x00000000cec00000, 0x00000000ced00000|  0%| F|  |TAMS 0x00000000cec00000, 0x00000000cec00000| Untracked 
|  89|0x00000000ced00000, 0x00000000ced00000, 0x00000000cee00000|  0%| F|  |TAMS 0x00000000ced00000, 0x00000000ced00000| Untracked 
|  90|0x00000000cee00000, 0x00000000cee00000, 0x00000000cef00000|  0%| F|  |TAMS 0x00000000cee00000, 0x00000000cee00000| Untracked 
|  91|0x00000000cef00000, 0x00000000cef00000, 0x00000000cf000000|  0%| F|  |TAMS 0x00000000cef00000, 0x00000000cef00000| Untracked 
|  92|0x00000000cf000000, 0x00000000cf000000, 0x00000000cf100000|  0%| F|  |TAMS 0x00000000cf000000, 0x00000000cf000000| Untracked 
|  93|0x00000000cf100000, 0x00000000cf100000, 0x00000000cf200000|  0%| F|  |TAMS 0x00000000cf100000, 0x00000000cf100000| Untracked 
|  94|0x00000000cf200000, 0x00000000cf2c4470, 0x00000000cf300000| 76%| S|CS|TAMS 0x00000000cf200000, 0x00000000cf200000| Complete 
|  95|0x00000000cf300000, 0x00000000cf400000, 0x00000000cf400000|100%| S|CS|TAMS 0x00000000cf300000, 0x00000000cf300000| Complete 
|  96|0x00000000cf400000, 0x00000000cf400000, 0x00000000cf500000|  0%| F|  |TAMS 0x00000000cf400000, 0x00000000cf400000| Untracked 
|  97|0x00000000cf500000, 0x00000000cf500000, 0x00000000cf600000|  0%| F|  |TAMS 0x00000000cf500000, 0x00000000cf500000| Untracked 
|  98|0x00000000cf600000, 0x00000000cf600000, 0x00000000cf700000|  0%| F|  |TAMS 0x00000000cf600000, 0x00000000cf600000| Untracked 
|  99|0x00000000cf700000, 0x00000000cf700000, 0x00000000cf800000|  0%| F|  |TAMS 0x00000000cf700000, 0x00000000cf700000| Untracked 
| 100|0x00000000cf800000, 0x00000000cf800000, 0x00000000cf900000|  0%| F|  |TAMS 0x00000000cf800000, 0x00000000cf800000| Untracked 
| 101|0x00000000cf900000, 0x00000000cf900000, 0x00000000cfa00000|  0%| F|  |TAMS 0x00000000cf900000, 0x00000000cf900000| Untracked 
| 102|0x00000000cfa00000, 0x00000000cfa00000, 0x00000000cfb00000|  0%| F|  |TAMS 0x00000000cfa00000, 0x00000000cfa00000| Untracked 
| 103|0x00000000cfb00000, 0x00000000cfb00000, 0x00000000cfc00000|  0%| F|  |TAMS 0x00000000cfb00000, 0x00000000cfb00000| Untracked 
| 104|0x00000000cfc00000, 0x00000000cfc00000, 0x00000000cfd00000|  0%| F|  |TAMS 0x00000000cfc00000, 0x00000000cfc00000| Untracked 
| 105|0x00000000cfd00000, 0x00000000cfd00000, 0x00000000cfe00000|  0%| F|  |TAMS 0x00000000cfd00000, 0x00000000cfd00000| Untracked 
| 106|0x00000000cfe00000, 0x00000000cfe00000, 0x00000000cff00000|  0%| F|  |TAMS 0x00000000cfe00000, 0x00000000cfe00000| Untracked 
| 107|0x00000000cff00000, 0x00000000cff00000, 0x00000000d0000000|  0%| F|  |TAMS 0x00000000cff00000, 0x00000000cff00000| Untracked 
| 108|0x00000000d0000000, 0x00000000d0000000, 0x00000000d0100000|  0%| F|  |TAMS 0x00000000d0000000, 0x00000000d0000000| Untracked 
| 109|0x00000000d0100000, 0x00000000d0100000, 0x00000000d0200000|  0%| F|  |TAMS 0x00000000d0100000, 0x00000000d0100000| Untracked 
| 110|0x00000000d0200000, 0x00000000d0200000, 0x00000000d0300000|  0%| F|  |TAMS 0x00000000d0200000, 0x00000000d0200000| Untracked 
| 111|0x00000000d0300000, 0x00000000d0300000, 0x00000000d0400000|  0%| F|  |TAMS 0x00000000d0300000, 0x00000000d0300000| Untracked 
| 112|0x00000000d0400000, 0x00000000d0400000, 0x00000000d0500000|  0%| F|  |TAMS 0x00000000d0400000, 0x00000000d0400000| Untracked 
| 113|0x00000000d0500000, 0x00000000d0500000, 0x00000000d0600000|  0%| F|  |TAMS 0x00000000d0500000, 0x00000000d0500000| Untracked 
| 114|0x00000000d0600000, 0x00000000d0600000, 0x00000000d0700000|  0%| F|  |TAMS 0x00000000d0600000, 0x00000000d0600000| Untracked 
| 115|0x00000000d0700000, 0x00000000d0700000, 0x00000000d0800000|  0%| F|  |TAMS 0x00000000d0700000, 0x00000000d0700000| Untracked 
| 116|0x00000000d0800000, 0x00000000d0800000, 0x00000000d0900000|  0%| F|  |TAMS 0x00000000d0800000, 0x00000000d0800000| Untracked 
| 117|0x00000000d0900000, 0x00000000d0900000, 0x00000000d0a00000|  0%| F|  |TAMS 0x00000000d0900000, 0x00000000d0900000| Untracked 
| 118|0x00000000d0a00000, 0x00000000d0a00000, 0x00000000d0b00000|  0%| F|  |TAMS 0x00000000d0a00000, 0x00000000d0a00000| Untracked 
| 119|0x00000000d0b00000, 0x00000000d0b00000, 0x00000000d0c00000|  0%| F|  |TAMS 0x00000000d0b00000, 0x00000000d0b00000| Untracked 
| 120|0x00000000d0c00000, 0x00000000d0c75d90, 0x00000000d0d00000| 46%| E|  |TAMS 0x00000000d0c00000, 0x00000000d0c00000| Complete 
| 121|0x00000000d0d00000, 0x00000000d0e00000, 0x00000000d0e00000|100%| E|CS|TAMS 0x00000000d0d00000, 0x00000000d0d00000| Complete 
| 122|0x00000000d0e00000, 0x00000000d0f00000, 0x00000000d0f00000|100%| E|CS|TAMS 0x00000000d0e00000, 0x00000000d0e00000| Complete 
| 123|0x00000000d0f00000, 0x00000000d1000000, 0x00000000d1000000|100%| E|CS|TAMS 0x00000000d0f00000, 0x00000000d0f00000| Complete 
| 124|0x00000000d1000000, 0x00000000d1100000, 0x00000000d1100000|100%| E|CS|TAMS 0x00000000d1000000, 0x00000000d1000000| Complete 
| 125|0x00000000d1100000, 0x00000000d1200000, 0x00000000d1200000|100%| E|CS|TAMS 0x00000000d1100000, 0x00000000d1100000| Complete 
| 126|0x00000000d1200000, 0x00000000d1300000, 0x00000000d1300000|100%| E|CS|TAMS 0x00000000d1200000, 0x00000000d1200000| Complete 
| 127|0x00000000d1300000, 0x00000000d1400000, 0x00000000d1400000|100%| E|CS|TAMS 0x00000000d1300000, 0x00000000d1300000| Complete 
| 128|0x00000000d1400000, 0x00000000d1500000, 0x00000000d1500000|100%| E|CS|TAMS 0x00000000d1400000, 0x00000000d1400000| Complete 
| 129|0x00000000d1500000, 0x00000000d1600000, 0x00000000d1600000|100%| E|CS|TAMS 0x00000000d1500000, 0x00000000d1500000| Complete 
| 130|0x00000000d1600000, 0x00000000d1700000, 0x00000000d1700000|100%| E|CS|TAMS 0x00000000d1600000, 0x00000000d1600000| Complete 
| 131|0x00000000d1700000, 0x00000000d1800000, 0x00000000d1800000|100%| E|CS|TAMS 0x00000000d1700000, 0x00000000d1700000| Complete 

Card table byte_map: [0x000001af7f8c0000,0x000001af7fa80000] _byte_map_base: 0x000001af7f276000

Marking Bits (Prev, Next): (CMBitMap*) 0x000001af7fb56620, (CMBitMap*) 0x000001af7fb565e0
 Prev Bits: [0x000001af17560000, 0x000001af18310000)
 Next Bits: [0x000001af167b0000, 0x000001af17560000)

Polling page: 0x000001af7da10000

Metaspace:

Usage:
  Non-class:     28.49 MB used.
      Class:      3.68 MB used.
       Both:     32.17 MB used.

Virtual space:
  Non-class space:       32.00 MB reserved,      28.69 MB ( 90%) committed,  4 nodes.
      Class space:        1.00 GB reserved,       3.88 MB ( <1%) committed,  1 nodes.
             Both:        1.03 GB reserved,      32.56 MB (  3%) committed. 

Chunk freelists:
   Non-Class:  2.52 MB
       Class:  3.95 MB
        Both:  6.47 MB

MaxMetaspaceSize: unlimited
CompressedClassSpaceSize: 1.00 GB
Initial GC threshold: 21.00 MB
Current GC threshold: 49.62 MB
CDS: on
MetaspaceReclaimPolicy: balanced
 - commit_granule_bytes: 65536.
 - commit_granule_words: 8192.
 - virtual_space_node_default_size: 1048576.
 - enlarge_chunks_in_place: 1.
 - new_chunks_are_fully_committed: 0.
 - uncommit_free_chunks: 1.
 - use_allocation_guard: 0.
 - handle_deallocations: 1.


Internal statistics:

num_allocs_failed_limit: 6.
num_arena_births: 250.
num_arena_deaths: 6.
num_vsnodes_births: 5.
num_vsnodes_deaths: 0.
num_space_committed: 538.
num_space_uncommitted: 17.
num_chunks_returned_to_freelist: 92.
num_chunks_taken_from_freelist: 1549.
num_chunk_merges: 26.
num_chunk_splits: 1046.
num_chunks_enlarged: 817.
num_purges: 2.
num_inconsistent_stats: 0.

CodeHeap 'non-profiled nmethods': size=120064Kb used=3430Kb max_used=3430Kb free=116634Kb
 bounds [0x000001af0f270000, 0x000001af0f5d0000, 0x000001af167b0000]
CodeHeap 'profiled nmethods': size=120000Kb used=14373Kb max_used=14373Kb free=105626Kb
 bounds [0x000001af077b0000, 0x000001af085c0000, 0x000001af0ece0000]
CodeHeap 'non-nmethods': size=5696Kb used=1244Kb max_used=1284Kb free=4451Kb
 bounds [0x000001af0ece0000, 0x000001af0ef50000, 0x000001af0f270000]
 total_blobs=6956 nmethods=6397 adapters=469
 compilation: enabled
              stopped_count=0, restarted_count=0
 full_count=0

Compilation events (20 events):
Event: 26.759 Thread 0x000001af1a450e30 7275       1       org.apache.maven.surefire.api.stream.AbstractStreamDecoder$MalformedFrameException::readFrom (5 bytes)
Event: 26.759 Thread 0x000001af1a450e30 nmethod 7275 0x000001af0f5c8690 code [0x000001af0f5c8820, 0x000001af0f5c88f8]
Event: 26.760 Thread 0x000001af1a450e30 7276       3       java.lang.Exception::<init> (5 bytes)
Event: 26.760 Thread 0x000001af1a450e30 nmethod 7276 0x000001af085b9d90 code [0x000001af085b9f60, 0x000001af085ba328]
Event: 26.760 Thread 0x000001af1a450e30 7277       1       org.apache.maven.surefire.api.stream.AbstractStreamDecoder$MalformedFrameException::readTo (5 bytes)
Event: 26.760 Thread 0x000001af1a450e30 nmethod 7277 0x000001af0f5c8990 code [0x000001af0f5c8b20, 0x000001af0f5c8bf8]
Event: 26.772 Thread 0x000001af1a450e30 7278  s    1       java.lang.StringBuffer::length (5 bytes)
Event: 26.772 Thread 0x000001af1a444f30 7279       4       java.nio.CharBuffer::<init> (24 bytes)
Event: 26.772 Thread 0x000001af1a450e30 nmethod 7278 0x000001af0f5c8c90 code [0x000001af0f5c8e20, 0x000001af0f5c8f98]
Event: 26.775 Thread 0x000001af1a444f30 nmethod 7279 0x000001af0f5c9010 code [0x000001af0f5c91a0, 0x000001af0f5c9558]
Event: 26.786 Thread 0x000001af1a450e30 7280       3       org.apache.maven.surefire.stream.EventDecoder::getEncodedMagicNumber (4 bytes)
Event: 26.786 Thread 0x000001af1a450e30 nmethod 7280 0x000001af085ba410 code [0x000001af085ba5a0, 0x000001af085ba6b8]
Event: 26.787 Thread 0x000001af1a450e30 7281       3       java.lang.Character::isUpperCase (5 bytes)
Event: 26.787 Thread 0x000001af1a450e30 nmethod 7281 0x000001af085ba790 code [0x000001af085ba940, 0x000001af085bab98]
Event: 26.787 Thread 0x000001af1a450e30 7282       3       java.lang.Character::isUpperCase (9 bytes)
Event: 26.787 Thread 0x000001af1a450e30 nmethod 7282 0x000001af085bac90 code [0x000001af085bae40, 0x000001af085bb038]
Event: 26.789 Thread 0x000001af1a450e30 7283       3       java.util.Calendar::internalGet (7 bytes)
Event: 26.789 Thread 0x000001af1a450e30 nmethod 7283 0x000001af085bb110 code [0x000001af085bb2a0, 0x000001af085bb3d8]
Event: 26.794 Thread 0x000001af1a450e30 7284   !   3       org.apache.maven.surefire.stream.EventDecoder::decode (399 bytes)
Event: 26.795 Thread 0x000001af1a444f30 7287  s    4       java.lang.Throwable::fillInStackTrace (29 bytes)

GC Heap History (20 events):
Event: 10.930 GC heap before
{Heap before GC invocations=18 (full 0):
 garbage-first heap   total 70656K, used 52030K [0x00000000c9400000, 0x0000000100000000)
  region size 1024K, 14 young (14336K), 1 survivors (1024K)
 Metaspace       used 28271K, committed 28544K, reserved 1081344K
  class space    used 3262K, committed 3392K, reserved 1048576K
}
Event: 10.933 GC heap after
{Heap after GC invocations=19 (full 0):
 garbage-first heap   total 70656K, used 39864K [0x00000000c9400000, 0x0000000100000000)
  region size 1024K, 1 young (1024K), 1 survivors (1024K)
 Metaspace       used 28271K, committed 28544K, reserved 1081344K
  class space    used 3262K, committed 3392K, reserved 1048576K
}
Event: 11.019 GC heap before
{Heap before GC invocations=19 (full 0):
 garbage-first heap   total 70656K, used 40888K [0x00000000c9400000, 0x0000000100000000)
  region size 1024K, 3 young (3072K), 1 survivors (1024K)
 Metaspace       used 28418K, committed 28672K, reserved 1081344K
  class space    used 3273K, committed 3392K, reserved 1048576K
}
Event: 11.021 GC heap after
{Heap after GC invocations=20 (full 0):
 garbage-first heap   total 70656K, used 39474K [0x00000000c9400000, 0x0000000100000000)
  region size 1024K, 1 young (1024K), 1 survivors (1024K)
 Metaspace       used 28418K, committed 28672K, reserved 1081344K
  class space    used 3273K, committed 3392K, reserved 1048576K
}
Event: 11.483 GC heap before
{Heap before GC invocations=20 (full 0):
 garbage-first heap   total 70656K, used 48690K [0x00000000c9400000, 0x0000000100000000)
  region size 1024K, 12 young (12288K), 1 survivors (1024K)
 Metaspace       used 29404K, committed 29696K, reserved 1081344K
  class space    used 3383K, committed 3520K, reserved 1048576K
}
Event: 11.487 GC heap after
{Heap after GC invocations=21 (full 0):
 garbage-first heap   total 70656K, used 40067K [0x00000000c9400000, 0x0000000100000000)
  region size 1024K, 2 young (2048K), 2 survivors (2048K)
 Metaspace       used 29404K, committed 29696K, reserved 1081344K
  class space    used 3383K, committed 3520K, reserved 1048576K
}
Event: 12.061 GC heap before
{Heap before GC invocations=22 (full 0):
 garbage-first heap   total 73728K, used 49283K [0x00000000c9400000, 0x0000000100000000)
  region size 1024K, 12 young (12288K), 2 survivors (2048K)
 Metaspace       used 30104K, committed 30464K, reserved 1081344K
  class space    used 3479K, committed 3648K, reserved 1048576K
}
Event: 12.070 GC heap after
{Heap after GC invocations=23 (full 0):
 garbage-first heap   total 73728K, used 40544K [0x00000000c9400000, 0x0000000100000000)
  region size 1024K, 2 young (2048K), 2 survivors (2048K)
 Metaspace       used 30104K, committed 30464K, reserved 1081344K
  class space    used 3479K, committed 3648K, reserved 1048576K
}
Event: 12.590 GC heap before
{Heap before GC invocations=24 (full 0):
 garbage-first heap   total 73728K, used 60000K [0x00000000c9400000, 0x0000000100000000)
  region size 1024K, 19 young (19456K), 2 survivors (2048K)
 Metaspace       used 30171K, committed 30464K, reserved 1081344K
  class space    used 3480K, committed 3648K, reserved 1048576K
}
Event: 12.625 GC heap after
{Heap after GC invocations=25 (full 0):
 garbage-first heap   total 73728K, used 52660K [0x00000000c9400000, 0x0000000100000000)
  region size 1024K, 3 young (3072K), 3 survivors (3072K)
 Metaspace       used 30171K, committed 30464K, reserved 1081344K
  class space    used 3480K, committed 3648K, reserved 1048576K
}
Event: 12.652 GC heap before
{Heap before GC invocations=25 (full 0):
 garbage-first heap   total 73728K, used 53684K [0x00000000c9400000, 0x0000000100000000)
  region size 1024K, 4 young (4096K), 3 survivors (3072K)
 Metaspace       used 30171K, committed 30464K, reserved 1081344K
  class space    used 3480K, committed 3648K, reserved 1048576K
}
Event: 12.659 GC heap after
{Heap after GC invocations=26 (full 0):
 garbage-first heap   total 73728K, used 45211K [0x00000000c9400000, 0x0000000100000000)
  region size 1024K, 1 young (1024K), 1 survivors (1024K)
 Metaspace       used 30171K, committed 30464K, reserved 1081344K
  class space    used 3480K, committed 3648K, reserved 1048576K
}
Event: 12.919 GC heap before
{Heap before GC invocations=26 (full 0):
 garbage-first heap   total 73728K, used 54427K [0x00000000c9400000, 0x0000000100000000)
  region size 1024K, 11 young (11264K), 1 survivors (1024K)
 Metaspace       used 30186K, committed 30528K, reserved 1081344K
  class space    used 3480K, committed 3648K, reserved 1048576K
}
Event: 12.922 GC heap after
{Heap after GC invocations=27 (full 0):
 garbage-first heap   total 135168K, used 48861K [0x00000000c9400000, 0x0000000100000000)
  region size 1024K, 2 young (2048K), 2 survivors (2048K)
 Metaspace       used 30186K, committed 30528K, reserved 1081344K
  class space    used 3480K, committed 3648K, reserved 1048576K
}
Event: 14.619 GC heap before
{Heap before GC invocations=28 (full 0):
 garbage-first heap   total 135168K, used 82653K [0x00000000c9400000, 0x0000000100000000)
  region size 1024K, 38 young (38912K), 2 survivors (2048K)
 Metaspace       used 29735K, committed 30080K, reserved 1081344K
  class space    used 3425K, committed 3584K, reserved 1048576K
}
Event: 14.627 GC heap after
{Heap after GC invocations=29 (full 0):
 garbage-first heap   total 135168K, used 51184K [0x00000000c9400000, 0x0000000100000000)
  region size 1024K, 5 young (5120K), 5 survivors (5120K)
 Metaspace       used 29735K, committed 30080K, reserved 1081344K
  class space    used 3425K, committed 3584K, reserved 1048576K
}
Event: 14.665 GC heap before
{Heap before GC invocations=29 (full 0):
 garbage-first heap   total 135168K, used 51184K [0x00000000c9400000, 0x0000000100000000)
  region size 1024K, 6 young (6144K), 5 survivors (5120K)
 Metaspace       used 29783K, committed 30144K, reserved 1081344K
  class space    used 3431K, committed 3584K, reserved 1048576K
}
Event: 14.670 GC heap after
{Heap after GC invocations=30 (full 0):
 garbage-first heap   total 135168K, used 50175K [0x00000000c9400000, 0x0000000100000000)
  region size 1024K, 1 young (1024K), 1 survivors (1024K)
 Metaspace       used 29783K, committed 30144K, reserved 1081344K
  class space    used 3431K, committed 3584K, reserved 1048576K
}
Event: 16.115 GC heap before
{Heap before GC invocations=30 (full 0):
 garbage-first heap   total 135168K, used 86015K [0x00000000c9400000, 0x0000000100000000)
  region size 1024K, 36 young (36864K), 1 survivors (1024K)
 Metaspace       used 31308K, committed 31680K, reserved 1081344K
  class space    used 3573K, committed 3776K, reserved 1048576K
}
Event: 16.119 GC heap after
{Heap after GC invocations=31 (full 0):
 garbage-first heap   total 135168K, used 50274K [0x00000000c9400000, 0x0000000100000000)
  region size 1024K, 2 young (2048K), 2 survivors (2048K)
 Metaspace       used 31308K, committed 31680K, reserved 1081344K
  class space    used 3573K, committed 3776K, reserved 1048576K
}

Deoptimization events (20 events):
Event: 18.733 Thread 0x000001af1b3e8680 Uncommon trap: trap_request=0xffffffc6 fr.pc=0x000001af0f36fbd0 relative=0x00000000000002f0
Event: 18.733 Thread 0x000001af1b3e8680 Uncommon trap: reason=bimorphic_or_optimized_type_check action=maybe_recompile pc=0x000001af0f36fbd0 method=java.util.regex.Pattern$BmpCharPredicate.lambda$union$2(Ljava/util/regex/Pattern$CharPredicate;I)Z @ 2 c2
Event: 18.733 Thread 0x000001af1b3e8680 DEOPT PACKING pc=0x000001af0f36fbd0 sp=0x00000045d0afdd10
Event: 18.733 Thread 0x000001af1b3e8680 DEOPT UNPACKING pc=0x000001af0ed323a3 sp=0x00000045d0afdb58 mode 2
Event: 18.733 Thread 0x000001af1b3e8680 Uncommon trap: trap_request=0xffffffde fr.pc=0x000001af0f51b354 relative=0x00000000000001b4
Event: 18.733 Thread 0x000001af1b3e8680 Uncommon trap: reason=class_check action=maybe_recompile pc=0x000001af0f51b354 method=java.util.regex.Pattern$BmpCharPredicate.lambda$union$2(Ljava/util/regex/Pattern$CharPredicate;I)Z @ 12 c2
Event: 18.733 Thread 0x000001af1b3e8680 DEOPT PACKING pc=0x000001af0f51b354 sp=0x00000045d0afdb20
Event: 18.733 Thread 0x000001af1b3e8680 DEOPT UNPACKING pc=0x000001af0ed323a3 sp=0x00000045d0afda38 mode 2
Event: 18.733 Thread 0x000001af1b3e8680 Uncommon trap: trap_request=0xffffffc6 fr.pc=0x000001af0f36fbd0 relative=0x00000000000002f0
Event: 18.733 Thread 0x000001af1b3e8680 Uncommon trap: reason=bimorphic_or_optimized_type_check action=maybe_recompile pc=0x000001af0f36fbd0 method=java.util.regex.Pattern$BmpCharPredicate.lambda$union$2(Ljava/util/regex/Pattern$CharPredicate;I)Z @ 2 c2
Event: 18.733 Thread 0x000001af1b3e8680 DEOPT PACKING pc=0x000001af0f36fbd0 sp=0x00000045d0afdd10
Event: 18.733 Thread 0x000001af1b3e8680 DEOPT UNPACKING pc=0x000001af0ed323a3 sp=0x00000045d0afdb58 mode 2
Event: 18.733 Thread 0x000001af1b3e8680 Uncommon trap: trap_request=0xffffffde fr.pc=0x000001af0f51b354 relative=0x00000000000001b4
Event: 18.733 Thread 0x000001af1b3e8680 Uncommon trap: reason=class_check action=maybe_recompile pc=0x000001af0f51b354 method=java.util.regex.Pattern$BmpCharPredicate.lambda$union$2(Ljava/util/regex/Pattern$CharPredicate;I)Z @ 12 c2
Event: 18.733 Thread 0x000001af1b3e8680 DEOPT PACKING pc=0x000001af0f51b354 sp=0x00000045d0afdb20
Event: 18.733 Thread 0x000001af1b3e8680 DEOPT UNPACKING pc=0x000001af0ed323a3 sp=0x00000045d0afda38 mode 2
Event: 18.733 Thread 0x000001af1b3e8680 Uncommon trap: trap_request=0xffffffc6 fr.pc=0x000001af0f3704d0 relative=0x0000000000000290
Event: 18.733 Thread 0x000001af1b3e8680 Uncommon trap: reason=bimorphic_or_optimized_type_check action=maybe_recompile pc=0x000001af0f3704d0 method=java.util.regex.Pattern$BmpCharPredicate.lambda$union$2(Ljava/util/regex/Pattern$CharPredicate;I)Z @ 2 c2
Event: 18.733 Thread 0x000001af1b3e8680 DEOPT PACKING pc=0x000001af0f3704d0 sp=0x00000045d0afdc80
Event: 18.733 Thread 0x000001af1b3e8680 DEOPT UNPACKING pc=0x000001af0ed323a3 sp=0x00000045d0afdb40 mode 2

Classes unloaded (20 events):
Event: 12.962 Thread 0x000001af7fbf5a00 Unloading class 0x0000000800f2ec00 'lombok/javac/apt/LombokFileObject'
Event: 12.962 Thread 0x000001af7fbf5a00 Unloading class 0x0000000800f2ea00 'lombok/javac/apt/LombokFileObjects'
Event: 12.962 Thread 0x000001af7fbf5a00 Unloading class 0x0000000800f2e7c8 'lombok/javac/apt/MessagerDiagnosticsReceiver'
Event: 12.962 Thread 0x000001af7fbf5a00 Unloading class 0x0000000800f2e420 'lombok/javac/apt/InterceptingJavaFileManager'
Event: 12.962 Thread 0x000001af7fbf5a00 Unloading class 0x0000000800f2e218 'lombok/permit/dummy/Parent'
Event: 12.962 Thread 0x000001af7fbf5a00 Unloading class 0x0000000800f2e000 'lombok/core/CleanupRegistry'
Event: 12.962 Thread 0x000001af7fbf5a00 Unloading class 0x0000000800f2dce8 'lombok/permit/Permit$Fake'
Event: 12.962 Thread 0x000001af7fbf5a00 Unloading class 0x0000000800f2dae8 'lombok/permit/Permit'
Event: 12.962 Thread 0x000001af7fbf5a00 Unloading class 0x0000000800f2d800 'lombok/javac/apt/LombokProcessor$1'
Event: 12.962 Thread 0x000001af7fbf5a00 Unloading class 0x0000000800f2cd88 'lombok/core/DiagnosticsReceiver'
Event: 12.962 Thread 0x000001af7fbf5a00 Unloading class 0x0000000800f2caf0 'lombok/javac/apt/LombokProcessor'
Event: 12.962 Thread 0x000001af7fbf5a00 Unloading class 0x0000000800f2c8c0 'lombok/core/AnnotationProcessor$EcjDescriptor'
Event: 12.962 Thread 0x000001af7fbf5a00 Unloading class 0x0000000800f2c688 'lombok/core/AnnotationProcessor$JavacDescriptor'
Event: 12.962 Thread 0x000001af7fbf5a00 Unloading class 0x0000000800f2c280 'lombok/core/AnnotationProcessor$ProcessorDescriptor'
Event: 12.962 Thread 0x000001af7fbf5a00 Unloading class 0x0000000800f2c000 'lombok/core/AnnotationProcessor'
Event: 12.962 Thread 0x000001af7fbf5a00 Unloading class 0x0000000800f2d200 'lombok/launch/AnnotationProcessorHider$ClaimingProcessor'
Event: 12.962 Thread 0x000001af7fbf5a00 Unloading class 0x0000000800f2d000 'lombok/launch/AnnotationProcessorHider$AstModificationNotifierData'
Event: 12.962 Thread 0x000001af7fbf5a00 Unloading class 0x0000000800f04480 'lombok/launch/ShadowClassLoader'
Event: 12.962 Thread 0x000001af7fbf5a00 Unloading class 0x0000000800f04280 'lombok/launch/Main'
Event: 12.962 Thread 0x000001af7fbf5a00 Unloading class 0x0000000800f04000 'lombok/launch/AnnotationProcessorHider$AnnotationProcessor'

Classes redefined (0 events):
No events

Internal exceptions (20 events):
Event: 14.691 Thread 0x000001af7fb1ecd0 Exception <a 'sun/nio/fs/WindowsException'{0x00000000d17fbfa8}> (0x00000000d17fbfa8) 
thrown [s\open\src\hotspot\share\prims\jni.cpp, line 516]
Event: 14.692 Thread 0x000001af7fb1ecd0 Exception <a 'sun/nio/fs/WindowsException'{0x00000000d17fc3d8}> (0x00000000d17fc3d8) 
thrown [s\open\src\hotspot\share\prims\jni.cpp, line 516]
Event: 14.692 Thread 0x000001af7fb1ecd0 Exception <a 'sun/nio/fs/WindowsException'{0x00000000d17fd460}> (0x00000000d17fd460) 
thrown [s\open\src\hotspot\share\prims\jni.cpp, line 516]
Event: 14.692 Thread 0x000001af7fb1ecd0 Exception <a 'sun/nio/fs/WindowsException'{0x00000000d17fd7f0}> (0x00000000d17fd7f0) 
thrown [s\open\src\hotspot\share\prims\jni.cpp, line 516]
Event: 14.700 Thread 0x000001af7fb1ecd0 Exception <a 'sun/nio/fs/WindowsException'{0x00000000d15d8d40}> (0x00000000d15d8d40) 
thrown [s\open\src\hotspot\share\prims\jni.cpp, line 516]
Event: 14.702 Thread 0x000001af7fb1ecd0 Exception <a 'sun/nio/fs/WindowsException'{0x00000000d15eedd0}> (0x00000000d15eedd0) 
thrown [s\open\src\hotspot\share\prims\jni.cpp, line 516]
Event: 14.706 Thread 0x000001af7fb1ecd0 Exception <a 'sun/nio/fs/WindowsException'{0x00000000d15f7b90}> (0x00000000d15f7b90) 
thrown [s\open\src\hotspot\share\prims\jni.cpp, line 516]
Event: 14.706 Thread 0x000001af7fb1ecd0 Exception <a 'sun/nio/fs/WindowsException'{0x00000000d15f8300}> (0x00000000d15f8300) 
thrown [s\open\src\hotspot\share\prims\jni.cpp, line 516]
Event: 14.706 Thread 0x000001af7fb1ecd0 Exception <a 'sun/nio/fs/WindowsException'{0x00000000d15f88c0}> (0x00000000d15f88c0) 
thrown [s\open\src\hotspot\share\prims\jni.cpp, line 516]
Event: 14.707 Thread 0x000001af7fb1ecd0 Exception <a 'sun/nio/fs/WindowsException'{0x00000000d15f9020}> (0x00000000d15f9020) 
thrown [s\open\src\hotspot\share\prims\jni.cpp, line 516]
Event: 14.707 Thread 0x000001af7fb1ecd0 Exception <a 'sun/nio/fs/WindowsException'{0x00000000d15f9390}> (0x00000000d15f9390) 
thrown [s\open\src\hotspot\share\prims\jni.cpp, line 516]
Event: 14.707 Thread 0x000001af7fb1ecd0 Exception <a 'sun/nio/fs/WindowsException'{0x00000000d15fa058}> (0x00000000d15fa058) 
thrown [s\open\src\hotspot\share\prims\jni.cpp, line 516]
Event: 14.707 Thread 0x000001af7fb1ecd0 Exception <a 'sun/nio/fs/WindowsException'{0x00000000d15fa398}> (0x00000000d15fa398) 
thrown [s\open\src\hotspot\share\prims\jni.cpp, line 516]
Event: 14.707 Thread 0x000001af7fb1ecd0 Exception <a 'sun/nio/fs/WindowsException'{0x00000000d15fb058}> (0x00000000d15fb058) 
thrown [s\open\src\hotspot\share\prims\jni.cpp, line 516]
Event: 15.888 Thread 0x000001af1cd375d0 Exception <a 'java/lang/NoSuchMethodError'{0x00000000cf814fa0}: 'java.lang.Object java.lang.invoke.DirectMethodHandle$Holder.invokeStaticInit(java.lang.Object, java.lang.Object, long, java.lang.Object)'> (0x00000000cf814fa0) 
thrown [s\open\src\hotspot\share\interpreter\linkResolver.cpp, line 759]
Event: 15.889 Thread 0x000001af1cd375d0 Exception <a 'java/lang/NoSuchMethodError'{0x00000000cf81b6e0}: 'java.lang.Object java.lang.invoke.DirectMethodHandle$Holder.newInvokeSpecial(java.lang.Object, java.lang.Object, long)'> (0x00000000cf81b6e0) 
thrown [s\open\src\hotspot\share\interpreter\linkResolver.cpp, line 759]
Event: 15.889 Thread 0x000001af1cd375d0 Exception <a 'java/lang/NoSuchMethodError'{0x00000000cf81f250}: 'java.lang.Object java.lang.invoke.Invokers$Holder.linkToTargetMethod(java.lang.Object, long, java.lang.Object)'> (0x00000000cf81f250) 
thrown [s\open\src\hotspot\share\interpreter\linkResolver.cpp, line 759]
Event: 16.055 Thread 0x000001af7fb1ecd0 Exception <a 'java/lang/NoSuchMethodError'{0x00000000cf607240}: 'java.lang.Object java.lang.invoke.DirectMethodHandle$Holder.invokeStaticInit(java.lang.Object, java.lang.Object, int, int, int, int)'> (0x00000000cf607240) 
thrown [s\open\src\hotspot\share\interpreter\linkResolver.cpp, line 759]
Event: 16.606 Thread 0x000001af7fb1ecd0 Exception <a 'java/lang/NoSuchMethodError'{0x00000000d108fc88}: 'void java.lang.invoke.DirectMethodHandle$Holder.invokeStatic(java.lang.Object, long)'> (0x00000000d108fc88) 
thrown [s\open\src\hotspot\share\interpreter\linkResolver.cpp, line 759]
Event: 16.606 Thread 0x000001af7fb1ecd0 Exception <a 'java/lang/NoSuchMethodError'{0x00000000d10952d8}: 'java.lang.Object java.lang.invoke.DirectMethodHandle$Holder.newInvokeSpecial(java.lang.Object, long)'> (0x00000000d10952d8) 
thrown [s\open\src\hotspot\share\interpreter\linkResolver.cpp, line 759]

VM Operations (20 events):
Event: 16.359 Executing VM operation: HandshakeAllThreads
Event: 16.359 Executing VM operation: HandshakeAllThreads done
Event: 16.360 Executing VM operation: HandshakeAllThreads
Event: 16.360 Executing VM operation: HandshakeAllThreads done
Event: 16.608 Executing VM operation: HandshakeAllThreads
Event: 16.608 Executing VM operation: HandshakeAllThreads done
Event: 16.613 Executing VM operation: HandshakeAllThreads
Event: 16.613 Executing VM operation: HandshakeAllThreads done
Event: 17.620 Executing VM operation: Cleanup
Event: 17.620 Executing VM operation: Cleanup done
Event: 18.632 Executing VM operation: Cleanup
Event: 18.632 Executing VM operation: Cleanup done
Event: 19.637 Executing VM operation: Cleanup
Event: 19.637 Executing VM operation: Cleanup done
Event: 20.643 Executing VM operation: Cleanup
Event: 20.643 Executing VM operation: Cleanup done
Event: 24.658 Executing VM operation: Cleanup
Event: 24.658 Executing VM operation: Cleanup done
Event: 25.668 Executing VM operation: Cleanup
Event: 25.669 Executing VM operation: Cleanup done

Events (20 events):
Event: 16.607 loading class java/lang/Process$PipeInputStream done
Event: 16.608 loading class jdk/internal/event/ProcessStartEvent
Event: 16.608 loading class jdk/internal/event/Event
Event: 16.609 loading class jdk/internal/event/Event done
Event: 16.609 loading class jdk/internal/event/ProcessStartEvent done
Event: 16.610 loading class java/nio/channels/ClosedChannelException
Event: 16.610 loading class java/nio/channels/ClosedChannelException done
Event: 16.613 loading class java/nio/channels/NonReadableChannelException
Event: 16.614 loading class java/nio/channels/NonReadableChannelException done
Event: 16.614 loading class java/nio/channels/NonWritableChannelException
Event: 16.614 loading class java/nio/channels/NonWritableChannelException done
Event: 16.681 Thread 0x000001af1b3d56e0 Thread added: 0x000001af1b3d56e0
Event: 16.681 Thread 0x000001af1b3d6080 Thread added: 0x000001af1b3d6080
Event: 16.693 Thread 0x000001af1b3d5bb0 Thread added: 0x000001af1b3d5bb0
Event: 16.713 loading class java/util/Scanner
Event: 16.717 loading class java/util/Scanner done
Event: 16.718 loading class java/util/Scanner$PatternLRUCache
Event: 16.718 loading class java/util/Scanner$PatternLRUCache done
Event: 26.758 loading class java/util/concurrent/atomic/Striped64$1
Event: 26.758 loading class java/util/concurrent/atomic/Striped64$1 done


Dynamic libraries:
0x00007ff623250000 - 0x00007ff623260000 	C:\Program Files\Java\jdk-17\bin\java.exe
0x00007fff702f0000 - 0x00007fff704e8000 	C:\windows\SYSTEM32\ntdll.dll
0x00007fff6f530000 - 0x00007fff6f5ef000 	C:\windows\System32\KERNEL32.DLL
0x00007fff6def0000 - 0x00007fff6e1e6000 	C:\windows\System32\KERNELBASE.dll
0x00007fff6ddf0000 - 0x00007fff6def0000 	C:\windows\System32\ucrtbase.dll
0x00007fff44d50000 - 0x00007fff44d6b000 	C:\Program Files\Java\jdk-17\bin\VCRUNTIME140.dll
0x00007fff401e0000 - 0x00007fff401f9000 	C:\Program Files\Java\jdk-17\bin\jli.dll
0x00007fff700b0000 - 0x00007fff7015f000 	C:\windows\System32\ADVAPI32.dll
0x00007fff6e350000 - 0x00007fff6e3ee000 	C:\windows\System32\msvcrt.dll
0x00007fff6fc00000 - 0x00007fff6fc9c000 	C:\windows\System32\sechost.dll
0x00007fff6fad0000 - 0x00007fff6fbf6000 	C:\windows\System32\RPCRT4.dll
0x00007fff6f6c0000 - 0x00007fff6f85d000 	C:\windows\System32\USER32.dll
0x00007fff6dd20000 - 0x00007fff6dd42000 	C:\windows\System32\win32u.dll
0x00007fff6f3c0000 - 0x00007fff6f3ec000 	C:\windows\System32\GDI32.dll
0x00007fff6d9d0000 - 0x00007fff6dae5000 	C:\windows\System32\gdi32full.dll
0x00007fff597a0000 - 0x00007fff59a3a000 	C:\windows\WinSxS\amd64_microsoft.windows.common-controls_6595b64144ccf1df_6.0.19041.1110_none_60b5254171f9507e\COMCTL32.dll
0x00007fff6db80000 - 0x00007fff6dc1d000 	C:\windows\System32\msvcp_win.dll
0x00007fff65850000 - 0x00007fff6585a000 	C:\windows\SYSTEM32\VERSION.dll
0x00007fff6f390000 - 0x00007fff6f3c0000 	C:\windows\System32\IMM32.DLL
0x00007fff46110000 - 0x00007fff4611c000 	C:\Program Files\Java\jdk-17\bin\vcruntime140_1.dll
0x00007fff1de50000 - 0x00007fff1dede000 	C:\Program Files\Java\jdk-17\bin\msvcp140.dll
0x00007fff04220000 - 0x00007fff04dfd000 	C:\Program Files\Java\jdk-17\bin\server\jvm.dll
0x00007fff6f5f0000 - 0x00007fff6f5f8000 	C:\windows\System32\PSAPI.DLL
0x00007fff684a0000 - 0x00007fff684a9000 	C:\windows\SYSTEM32\WSOCK32.dll
0x00007fff645c0000 - 0x00007fff645e7000 	C:\windows\SYSTEM32\WINMM.dll
0x00007fff70240000 - 0x00007fff702ab000 	C:\windows\System32\WS2_32.dll
0x00007fff6b770000 - 0x00007fff6b782000 	C:\windows\SYSTEM32\kernel.appcore.dll
0x00007fff44dc0000 - 0x00007fff44dca000 	C:\Program Files\Java\jdk-17\bin\jimage.dll
0x00007fff5b100000 - 0x00007fff5b2e4000 	C:\windows\SYSTEM32\DBGHELP.DLL
0x00007fff59b00000 - 0x00007fff59b34000 	C:\windows\SYSTEM32\dbgcore.DLL
0x00007fff6daf0000 - 0x00007fff6db72000 	C:\windows\System32\bcryptPrimitives.dll
0x00007fff401b0000 - 0x00007fff401d5000 	C:\Program Files\Java\jdk-17\bin\java.dll
0x00007fff1a290000 - 0x00007fff1a367000 	C:\Program Files\Java\jdk-17\bin\jsvml.dll
0x00007fff6e8e0000 - 0x00007fff6f024000 	C:\windows\System32\SHELL32.dll
0x00007fff6ba80000 - 0x00007fff6c214000 	C:\windows\SYSTEM32\windows.storage.dll
0x00007fff6f030000 - 0x00007fff6f384000 	C:\windows\System32\combase.dll
0x00007fff6d340000 - 0x00007fff6d36e000 	C:\windows\SYSTEM32\Wldp.dll
0x00007fff6f610000 - 0x00007fff6f6bd000 	C:\windows\System32\SHCORE.dll
0x00007fff6f8c0000 - 0x00007fff6f915000 	C:\windows\System32\shlwapi.dll
0x00007fff6d900000 - 0x00007fff6d925000 	C:\windows\SYSTEM32\profapi.dll
0x00007fff40080000 - 0x00007fff40099000 	C:\Program Files\Java\jdk-17\bin\net.dll
0x00007fff63720000 - 0x00007fff6382a000 	C:\windows\SYSTEM32\WINHTTP.dll
0x00007fff6d0a0000 - 0x00007fff6d10a000 	C:\windows\system32\mswsock.dll
0x00007fff3ff70000 - 0x00007fff3ff86000 	C:\Program Files\Java\jdk-17\bin\nio.dll
0x00007fff3ff50000 - 0x00007fff3ff68000 	C:\Program Files\Java\jdk-17\bin\zip.dll
0x0000000069ac0000 - 0x0000000069ae4000 	C:\Users\carin\AppData\Local\Temp\jansi-2.4.0-2df77db3ef001ab3-jansi.dll
0x00007fff44d40000 - 0x00007fff44d50000 	C:\Program Files\Java\jdk-17\bin\verify.dll
0x00007fff6d290000 - 0x00007fff6d2a8000 	C:\windows\SYSTEM32\CRYPTSP.dll
0x00007fff6c9c0000 - 0x00007fff6c9f4000 	C:\windows\system32\rsaenh.dll
0x00007fff6ddc0000 - 0x00007fff6dde7000 	C:\windows\System32\bcrypt.dll
0x00007fff6d880000 - 0x00007fff6d8ae000 	C:\windows\SYSTEM32\USERENV.dll
0x00007fff6d2b0000 - 0x00007fff6d2bc000 	C:\windows\SYSTEM32\CRYPTBASE.dll
0x00007fff6cd90000 - 0x00007fff6cdcc000 	C:\windows\SYSTEM32\IPHLPAPI.DLL
0x00007fff6f600000 - 0x00007fff6f608000 	C:\windows\System32\NSI.dll
0x00007fff60cc0000 - 0x00007fff60cd7000 	C:\windows\SYSTEM32\dhcpcsvc6.DLL
0x00007fff653f0000 - 0x00007fff6540d000 	C:\windows\SYSTEM32\dhcpcsvc.DLL
0x00007fff6cdd0000 - 0x00007fff6ce9a000 	C:\windows\SYSTEM32\DNSAPI.dll

dbghelp: loaded successfully - version: 4.0.5 - missing functions: none
symbol engine: initialized successfully - sym options: 0x614 - pdb path: .;C:\Program Files\Java\jdk-17\bin;C:\windows\SYSTEM32;C:\windows\WinSxS\amd64_microsoft.windows.common-controls_6595b64144ccf1df_6.0.19041.1110_none_60b5254171f9507e;C:\Program Files\Java\jdk-17\bin\server;C:\Users\carin\AppData\Local\Temp

VM Arguments:
jvm_args: -Dmaven.multiModuleProjectDirectory=C:\Users\carin\Desktop\springbootreact\gestion-clientes-backend 
java_command: org.apache.maven.wrapper.MavenWrapperMain -Dmaven.ext.class.path=C:\Program Files\NetBeans-17\netbeans\java\maven-nblib\netbeans-eventspy.jar --no-transfer-progress clean install
java_class_path (initial): C:\Users\carin\Desktop\springbootreact\gestion-clientes-backend\.mvn\wrapper\maven-wrapper.jar
Launcher Type: SUN_STANDARD

[Global flags]
     intx CICompilerCount                          = 2                                         {product} {ergonomic}
     uint ConcGCThreads                            = 1                                         {product} {ergonomic}
     uint G1ConcRefinementThreads                  = 2                                         {product} {ergonomic}
   size_t G1HeapRegionSize                         = 1048576                                   {product} {ergonomic}
    uintx GCDrainStackTargetSize                   = 64                                        {product} {ergonomic}
   size_t InitialHeapSize                          = 58720256                                  {product} {ergonomic}
   size_t MarkStackSize                            = 4194304                                   {product} {ergonomic}
   size_t MaxHeapSize                              = 918552576                                 {product} {ergonomic}
   size_t MaxNewSize                               = 550502400                                 {product} {ergonomic}
   size_t MinHeapDeltaBytes                        = 1048576                                   {product} {ergonomic}
   size_t MinHeapSize                              = 8388608                                   {product} {ergonomic}
    uintx NonNMethodCodeHeapSize                   = 5826188                                {pd product} {ergonomic}
    uintx NonProfiledCodeHeapSize                  = 122916026                              {pd product} {ergonomic}
    uintx ProfiledCodeHeapSize                     = 122916026                              {pd product} {ergonomic}
    uintx ReservedCodeCacheSize                    = 251658240                              {pd product} {ergonomic}
     bool SegmentedCodeCache                       = true                                      {product} {ergonomic}
   size_t SoftMaxHeapSize                          = 918552576                              {manageable} {ergonomic}
     bool UseCompressedClassPointers               = true                           {product lp64_product} {ergonomic}
     bool UseCompressedOops                        = true                           {product lp64_product} {ergonomic}
     bool UseG1GC                                  = true                                      {product} {ergonomic}
     bool UseLargePagesIndividualAllocation        = false                                  {pd product} {ergonomic}

Logging:
Log output configuration:
 #0: stdout all=warning uptime,level,tags
 #1: stderr all=off uptime,level,tags

Environment Variables:
JAVA_HOME=C:\Program Files\Java\jdk-17
PATH=C:\Program Files\Common Files\Oracle\Java\javapath;C:\windows\system32;C:\windows;C:\windows\System32\Wbem;C:\windows\System32\WindowsPowerShell\v1.0\;C:\windows\System32\OpenSSH\;C:\Program Files\Git\cmd;C:\Program Files\nodejs\;C:\gradle-8.1.1\bin;C:\Program Files\Java\jdk-20\bin;C:\Users\carin\AppData\Local\Microsoft\WindowsApps;C:\Users\carin\AppData\Local\Programs\Microsoft VS Code\bin;C:\Users\carin\AppData\Roaming\npm;C:\ProgramData\carin\GitHubDesktop\bin;C:\Users\carin\AppData\Local\GitHubDesktop\bin;C:\Users\carin\Downloads\mongodb-windows-x86_64-6.0.4.zip\mongodb-win32-x86_64-windows-6.0.4\bin;C:\Users\carin\Desktop\dataBase\data;C:\Program Files\MongoDB\Server\6.0\data;C:\Program Files\MongoDB\Server\6.0\bin;C:\Users\carin\Desktop\Backend\FastAPI;C:\Users\carin\Desktop\Backend;C:\Users\carin\Desktop\Backend\dataBase\data\log;C:\Program Files\MongoDB\Server\6.0\data;C:\Program Files\MongoDB\Server\6.0\bin;C:\Users\carin\AppData\Local\Packages\PythonSoftwareFoundation.Python.3.10_qbz5n2kfra8p0\LocalCache\local-packages\Python310\Scripts;C:\Users\carin\Documents\flutter\bin\;C:\Program Files\MySQL\MySQL Server 8.0\bin;C:\gradle-8.1.1\bin;C:\Program Files\Java\jdk-20\bin;
USERNAME=carin
OS=Windows_NT
PROCESSOR_IDENTIFIER=AMD64 Family 23 Model 24 Stepping 1, AuthenticAMD



---------------  S Y S T E M  ---------------

OS:
 Windows 10 , 64 bit Build 19041 (10.0.19041.3155)
OS uptime: 0 days 2:10 hours

CPU: total 2 (initial active 2) (2 cores per cpu, 1 threads per core) family 23 model 24 stepping 1 microcode 0x0, cx8, cmov, fxsr, mmx, 3dnowpref, sse, sse2, sse3, ssse3, sse4a, sse4.1, sse4.2, popcnt, lzcnt, tsc, tscinvbit, avx, avx2, aes, clmul, bmi1, bmi2, adx, sha, fma, vzeroupper, clflush, clflushopt

Memory: 4k page, system-wide physical 3500M (254M free)
TotalPageFile size 14252M (AvailPageFile size 0M)
current process WorkingSet (physical memory assigned to process): 224M, peak: 254M
current process commit charge ("private bytes"): 269M, peak: 294M

vm_info: Java HotSpot(TM) 64-Bit Server VM (17.0.7+8-LTS-224) for windows-amd64 JRE (17.0.7+8-LTS-224), built on Feb 28 2023 23:03:02 by "mach5one" with MS VC++ 17.1 (VS2022)

END.
