#
# There is insufficient memory for the Java Runtime Environment to continue.
# Native memory allocation (malloc) failed to allocate 923664 bytes for Chunk::new
# Possible reasons:
#   The system is out of physical RAM or swap space
#   The process is running with CompressedOops enabled, and the Java Heap may be blocking the growth of the native heap
# Possible solutions:
#   Reduce memory load on the system
#   Increase physical memory or swap space
#   Check if swap backing store is full
#   Decrease Java heap size (-Xmx/-Xms)
#   Decrease number of Java threads
#   Decrease Java thread stack sizes (-Xss)
#   Set larger code cache with -XX:ReservedCodeCacheSize=
#   JVM is running with Unscaled Compressed Oops mode in which the Java heap is
#     placed in the first 4GB address space. The Java Heap base address is the
#     maximum limit for the native heap growth. Please use -XX:HeapBaseMinAddress
#     to set the Java Heap base and to place the Java Heap above 4GB virtual address.
# This output file may be truncated or incomplete.
#
#  Out of Memory Error (arena.cpp:189), pid=16984, tid=2320
#
# JRE version: Java(TM) SE Runtime Environment (17.0.7+8) (build 17.0.7+8-LTS-224)
# Java VM: Java HotSpot(TM) 64-Bit Server VM (17.0.7+8-LTS-224, mixed mode, sharing, tiered, compressed oops, compressed class ptrs, g1 gc, windows-amd64)
# No core dump will be written. Minidumps are not enabled by default on client versions of Windows
#

---------------  S U M M A R Y ------------

Command Line: C:\Users\carin\AppData\Local\Temp\surefire112030474582886257\surefirebooter-20230801010715616_3.jar C:\Users\carin\AppData\Local\Temp\surefire112030474582886257 2023-08-01T01-07-15_209-jvmRun1 surefire-20230801010715616_1tmp surefire_0-20230801010715616_2tmp

Host: AMD Athlon Silver 3050U with Radeon Graphics   , 2 cores, 3G,  Windows 10 , 64 bit Build 19041 (10.0.19041.3155)
Time: Tue Aug  1 01:07:30 2023 Hora estándar de Argentina elapsed time: 13.875511 seconds (0d 0h 0m 13s)

---------------  T H R E A D  ---------------

Current thread (0x000002d8662f6070):  JavaThread "C2 CompilerThread0" daemon [_thread_in_native, id=2320, stack(0x000000e5b1600000,0x000000e5b1700000)]


Current CompileTask:
C2:  13875 4692       4       java.util.concurrent.ConcurrentMap::computeIfAbsent (51 bytes)

Stack: [0x000000e5b1600000,0x000000e5b1700000]
Native frames: (J=compiled Java code, j=interpreted, Vv=VM code, C=native code)
V  [jvm.dll+0x676a4a]
V  [jvm.dll+0x7d74f4]
V  [jvm.dll+0x7d8c9e]
V  [jvm.dll+0x7d9303]
V  [jvm.dll+0x2452c5]
V  [jvm.dll+0xaaa2b]
V  [jvm.dll+0xaafcc]
V  [jvm.dll+0x36141e]
V  [jvm.dll+0x32bba1]
V  [jvm.dll+0x32b03a]
V  [jvm.dll+0x217acf]
V  [jvm.dll+0x216f01]
V  [jvm.dll+0x1a35e0]
V  [jvm.dll+0x226a6e]
V  [jvm.dll+0x224e15]
V  [jvm.dll+0x78d05c]
V  [jvm.dll+0x78759a]
V  [jvm.dll+0x675875]
C  [ucrtbase.dll+0x21bb2]
C  [KERNEL32.DLL+0x17614]
C  [ntdll.dll+0x526b1]


---------------  P R O C E S S  ---------------

Threads class SMR info:
_java_thread_list=0x000002d86bcec0d0, length=17, elements={
0x000002d84ba30000, 0x000002d8662e13a0, 0x000002d8662e28c0, 0x000002d8662f10e0,
0x000002d8662f3ab0, 0x000002d8662f4b10, 0x000002d8662f53d0, 0x000002d8662f6070,
0x000002d8662fb6d0, 0x000002d8662ff6c0, 0x000002d866d52b00, 0x000002d866d595a0,
0x000002d866dac340, 0x000002d8672b7b50, 0x000002d868047b90, 0x000002d868048ed0,
0x000002d868048530
}

Java Threads: ( => current thread )
  0x000002d84ba30000 JavaThread "main" [_thread_in_native, id=15424, stack(0x000000e5b0900000,0x000000e5b0a00000)]
  0x000002d8662e13a0 JavaThread "Reference Handler" daemon [_thread_blocked, id=12428, stack(0x000000e5b1000000,0x000000e5b1100000)]
  0x000002d8662e28c0 JavaThread "Finalizer" daemon [_thread_blocked, id=5116, stack(0x000000e5b1100000,0x000000e5b1200000)]
  0x000002d8662f10e0 JavaThread "Signal Dispatcher" daemon [_thread_blocked, id=10616, stack(0x000000e5b1200000,0x000000e5b1300000)]
  0x000002d8662f3ab0 JavaThread "Attach Listener" daemon [_thread_blocked, id=16928, stack(0x000000e5b1300000,0x000000e5b1400000)]
  0x000002d8662f4b10 JavaThread "Service Thread" daemon [_thread_blocked, id=16880, stack(0x000000e5b1400000,0x000000e5b1500000)]
  0x000002d8662f53d0 JavaThread "Monitor Deflation Thread" daemon [_thread_blocked, id=8176, stack(0x000000e5b1500000,0x000000e5b1600000)]
=>0x000002d8662f6070 JavaThread "C2 CompilerThread0" daemon [_thread_in_native, id=2320, stack(0x000000e5b1600000,0x000000e5b1700000)]
  0x000002d8662fb6d0 JavaThread "C1 CompilerThread0" daemon [_thread_blocked, id=4804, stack(0x000000e5b1700000,0x000000e5b1800000)]
  0x000002d8662ff6c0 JavaThread "Sweeper thread" daemon [_thread_blocked, id=11020, stack(0x000000e5b1800000,0x000000e5b1900000)]
  0x000002d866d52b00 JavaThread "Notification Thread" daemon [_thread_blocked, id=7768, stack(0x000000e5b1900000,0x000000e5b1a00000)]
  0x000002d866d595a0 JavaThread "Common-Cleaner" daemon [_thread_blocked, id=14372, stack(0x000000e5b1b00000,0x000000e5b1c00000)]
  0x000002d866dac340 JavaThread "surefire-forkedjvm-stream-flusher" daemon [_thread_blocked, id=2852, stack(0x000000e5b1d00000,0x000000e5b1e00000)]
  0x000002d8672b7b50 JavaThread "surefire-forkedjvm-command-thread" daemon [_thread_in_native, id=12576, stack(0x000000e5b1e00000,0x000000e5b1f00000)]
  0x000002d868047b90 JavaThread "mysql-cj-abandoned-connection-cleanup" daemon [_thread_blocked, id=15748, stack(0x000000e5b1f00000,0x000000e5b2000000)]
  0x000002d868048ed0 JavaThread "HikariPool-1 housekeeper" daemon [_thread_blocked, id=12556, stack(0x000000e5b2100000,0x000000e5b2200000)]
  0x000002d868048530 JavaThread "HikariPool-1 connection adder" daemon [_thread_blocked, id=17296, stack(0x000000e5b2200000,0x000000e5b2300000)]

Other Threads:
  0x000002d84bb060f0 VMThread "VM Thread" [stack: 0x000000e5b0f00000,0x000000e5b1000000] [id=16132]
  0x000002d84ba76640 WatcherThread [stack: 0x000000e5b1a00000,0x000000e5b1b00000] [id=8228]
  0x000002d84ba677c0 GCTaskThread "GC Thread#0" [stack: 0x000000e5b0a00000,0x000000e5b0b00000] [id=17360]
  0x000002d866e6bc70 GCTaskThread "GC Thread#1" [stack: 0x000000e5b1c00000,0x000000e5b1d00000] [id=16684]
  0x000002d84ba6f390 ConcurrentGCThread "G1 Main Marker" [stack: 0x000000e5b0b00000,0x000000e5b0c00000] [id=12092]
  0x000002d84ba70450 ConcurrentGCThread "G1 Conc#0" [stack: 0x000000e5b0c00000,0x000000e5b0d00000] [id=16012]
  0x000002d84baa7540 ConcurrentGCThread "G1 Refine#0" [stack: 0x000000e5b0d00000,0x000000e5b0e00000] [id=14928]
  0x000002d84baa7e70 ConcurrentGCThread "G1 Service" [stack: 0x000000e5b0e00000,0x000000e5b0f00000] [id=13924]

Threads with active compile tasks:
C2 CompilerThread0    13922 4692       4       java.util.concurrent.ConcurrentMap::computeIfAbsent (51 bytes)

VM state: not at safepoint (normal execution)

VM Mutex/Monitor currently owned by a thread: None

Heap address: 0x00000000c9400000, size: 876 MB, Compressed Oops mode: 32-bit

CDS archive(s) mapped at: [0x0000000800000000-0x0000000800bd0000-0x0000000800bd0000), size 12386304, SharedBaseAddress: 0x0000000800000000, ArchiveRelocationMode: 0.
Compressed class space mapped at: 0x0000000800c00000-0x0000000840c00000, reserved size: 1073741824
Narrow klass base: 0x0000000800000000, Narrow klass shift: 0, Narrow klass range: 0x100000000

GC Precious Log:
 CPUs: 2 total, 2 available
 Memory: 3500M
 Large Page Support: Disabled
 NUMA Support: Disabled
 Compressed Oops: Enabled (32-bit)
 Heap Region Size: 1M
 Heap Min Capacity: 8M
 Heap Initial Capacity: 56M
 Heap Max Capacity: 876M
 Pre-touch: Disabled
 Parallel Workers: 2
 Concurrent Workers: 1
 Concurrent Refinement Workers: 2
 Periodic GC: Disabled

Heap:
 garbage-first heap   total 61440K, used 27765K [0x00000000c9400000, 0x0000000100000000)
  region size 1024K, 6 young (6144K), 3 survivors (3072K)
 Metaspace       used 60258K, committed 60672K, reserved 1105920K
  class space    used 8301K, committed 8512K, reserved 1048576K

Heap Regions: E=young(eden), S=young(survivor), O=old, HS=humongous(starts), HC=humongous(continues), CS=collection set, F=free, OA=open archive, CA=closed archive, TAMS=top-at-mark-start (previous, next)
|   0|0x00000000c9400000, 0x00000000c9500000, 0x00000000c9500000|100%|HS|  |TAMS 0x00000000c9500000, 0x00000000c9400000| Complete 
|   1|0x00000000c9500000, 0x00000000c9600000, 0x00000000c9600000|100%| O|  |TAMS 0x00000000c9600000, 0x00000000c9500000| Untracked 
|   2|0x00000000c9600000, 0x00000000c9700000, 0x00000000c9700000|100%| O|  |TAMS 0x00000000c9700000, 0x00000000c9600000| Untracked 
|   3|0x00000000c9700000, 0x00000000c9800000, 0x00000000c9800000|100%| O|  |TAMS 0x00000000c9800000, 0x00000000c9700000| Untracked 
|   4|0x00000000c9800000, 0x00000000c9900000, 0x00000000c9900000|100%| O|  |TAMS 0x00000000c9900000, 0x00000000c9800000| Untracked 
|   5|0x00000000c9900000, 0x00000000c9a00000, 0x00000000c9a00000|100%| O|  |TAMS 0x00000000c9a00000, 0x00000000c9900000| Untracked 
|   6|0x00000000c9a00000, 0x00000000c9b00000, 0x00000000c9b00000|100%| O|  |TAMS 0x00000000c9b00000, 0x00000000c9a00000| Untracked 
|   7|0x00000000c9b00000, 0x00000000c9c00000, 0x00000000c9c00000|100%| O|  |TAMS 0x00000000c9c00000, 0x00000000c9b00000| Untracked 
|   8|0x00000000c9c00000, 0x00000000c9d00000, 0x00000000c9d00000|100%| O|  |TAMS 0x00000000c9d00000, 0x00000000c9c00000| Untracked 
|   9|0x00000000c9d00000, 0x00000000c9e00000, 0x00000000c9e00000|100%| O|  |TAMS 0x00000000c9e00000, 0x00000000c9d00000| Untracked 
|  10|0x00000000c9e00000, 0x00000000c9f00000, 0x00000000c9f00000|100%| O|  |TAMS 0x00000000c9f00000, 0x00000000c9e00000| Untracked 
|  11|0x00000000c9f00000, 0x00000000ca000000, 0x00000000ca000000|100%| O|  |TAMS 0x00000000ca000000, 0x00000000c9f00000| Untracked 
|  12|0x00000000ca000000, 0x00000000ca100000, 0x00000000ca100000|100%| O|  |TAMS 0x00000000ca000000, 0x00000000ca000000| Untracked 
|  13|0x00000000ca100000, 0x00000000ca200000, 0x00000000ca200000|100%| O|  |TAMS 0x00000000ca200000, 0x00000000ca100000| Untracked 
|  14|0x00000000ca200000, 0x00000000ca300000, 0x00000000ca300000|100%| O|  |TAMS 0x00000000ca300000, 0x00000000ca200000| Untracked 
|  15|0x00000000ca300000, 0x00000000ca400000, 0x00000000ca400000|100%| O|  |TAMS 0x00000000ca400000, 0x00000000ca300000| Untracked 
|  16|0x00000000ca400000, 0x00000000ca500000, 0x00000000ca500000|100%| O|  |TAMS 0x00000000ca500000, 0x00000000ca400000| Untracked 
|  17|0x00000000ca500000, 0x00000000ca600000, 0x00000000ca600000|100%| O|  |TAMS 0x00000000ca600000, 0x00000000ca500000| Untracked 
|  18|0x00000000ca600000, 0x00000000ca700000, 0x00000000ca700000|100%| O|  |TAMS 0x00000000ca700000, 0x00000000ca600000| Untracked 
|  19|0x00000000ca700000, 0x00000000ca800000, 0x00000000ca800000|100%| O|  |TAMS 0x00000000ca800000, 0x00000000ca700000| Untracked 
|  20|0x00000000ca800000, 0x00000000ca900000, 0x00000000ca900000|100%| O|  |TAMS 0x00000000ca8e5600, 0x00000000ca800000| Untracked 
|  21|0x00000000ca900000, 0x00000000caa00000, 0x00000000caa00000|100%| O|  |TAMS 0x00000000ca900000, 0x00000000ca900000| Untracked 
|  22|0x00000000caa00000, 0x00000000caadd600, 0x00000000cab00000| 86%| O|  |TAMS 0x00000000caa00000, 0x00000000caa00000| Untracked 
|  23|0x00000000cab00000, 0x00000000cab00000, 0x00000000cac00000|  0%| F|  |TAMS 0x00000000cab00000, 0x00000000cab00000| Untracked 
|  24|0x00000000cac00000, 0x00000000cac00000, 0x00000000cad00000|  0%| F|  |TAMS 0x00000000cac00000, 0x00000000cac00000| Untracked 
|  25|0x00000000cad00000, 0x00000000cad00000, 0x00000000cae00000|  0%| F|  |TAMS 0x00000000cad00000, 0x00000000cad00000| Untracked 
|  26|0x00000000cae00000, 0x00000000cae00000, 0x00000000caf00000|  0%| F|  |TAMS 0x00000000cae00000, 0x00000000cae00000| Untracked 
|  27|0x00000000caf00000, 0x00000000caf00000, 0x00000000cb000000|  0%| F|  |TAMS 0x00000000caf00000, 0x00000000caf00000| Untracked 
|  28|0x00000000cb000000, 0x00000000cb000000, 0x00000000cb100000|  0%| F|  |TAMS 0x00000000cb000000, 0x00000000cb000000| Untracked 
|  29|0x00000000cb100000, 0x00000000cb100000, 0x00000000cb200000|  0%| F|  |TAMS 0x00000000cb100000, 0x00000000cb100000| Untracked 
|  30|0x00000000cb200000, 0x00000000cb200000, 0x00000000cb300000|  0%| F|  |TAMS 0x00000000cb200000, 0x00000000cb200000| Untracked 
|  31|0x00000000cb300000, 0x00000000cb33ff90, 0x00000000cb400000| 24%| S|CS|TAMS 0x00000000cb300000, 0x00000000cb300000| Complete 
|  32|0x00000000cb400000, 0x00000000cb400000, 0x00000000cb500000|  0%| F|  |TAMS 0x00000000cb400000, 0x00000000cb400000| Untracked 
|  33|0x00000000cb500000, 0x00000000cb500000, 0x00000000cb600000|  0%| F|  |TAMS 0x00000000cb500000, 0x00000000cb500000| Untracked 
|  34|0x00000000cb600000, 0x00000000cb700000, 0x00000000cb700000|100%| S|CS|TAMS 0x00000000cb600000, 0x00000000cb600000| Complete 
|  35|0x00000000cb700000, 0x00000000cb800000, 0x00000000cb800000|100%| S|CS|TAMS 0x00000000cb700000, 0x00000000cb700000| Complete 
|  36|0x00000000cb800000, 0x00000000cb800000, 0x00000000cb900000|  0%| F|  |TAMS 0x00000000cb800000, 0x00000000cb800000| Untracked 
|  37|0x00000000cb900000, 0x00000000cb900000, 0x00000000cba00000|  0%| F|  |TAMS 0x00000000cb900000, 0x00000000cb900000| Untracked 
|  38|0x00000000cba00000, 0x00000000cba00000, 0x00000000cbb00000|  0%| F|  |TAMS 0x00000000cba00000, 0x00000000cba00000| Untracked 
|  39|0x00000000cbb00000, 0x00000000cbb00000, 0x00000000cbc00000|  0%| F|  |TAMS 0x00000000cbb00000, 0x00000000cbb00000| Untracked 
|  40|0x00000000cbc00000, 0x00000000cbc00000, 0x00000000cbd00000|  0%| F|  |TAMS 0x00000000cbc00000, 0x00000000cbc00000| Untracked 
|  41|0x00000000cbd00000, 0x00000000cbd00000, 0x00000000cbe00000|  0%| F|  |TAMS 0x00000000cbd00000, 0x00000000cbd00000| Untracked 
|  42|0x00000000cbe00000, 0x00000000cbe00000, 0x00000000cbf00000|  0%| F|  |TAMS 0x00000000cbe00000, 0x00000000cbe00000| Untracked 
|  43|0x00000000cbf00000, 0x00000000cbf00000, 0x00000000cc000000|  0%| F|  |TAMS 0x00000000cbf00000, 0x00000000cbf00000| Untracked 
|  44|0x00000000cc000000, 0x00000000cc000000, 0x00000000cc100000|  0%| F|  |TAMS 0x00000000cc000000, 0x00000000cc000000| Untracked 
|  45|0x00000000cc100000, 0x00000000cc100000, 0x00000000cc200000|  0%| F|  |TAMS 0x00000000cc100000, 0x00000000cc100000| Untracked 
|  46|0x00000000cc200000, 0x00000000cc200000, 0x00000000cc300000|  0%| F|  |TAMS 0x00000000cc200000, 0x00000000cc200000| Untracked 
|  47|0x00000000cc300000, 0x00000000cc300000, 0x00000000cc400000|  0%| F|  |TAMS 0x00000000cc300000, 0x00000000cc300000| Untracked 
|  48|0x00000000cc400000, 0x00000000cc400000, 0x00000000cc500000|  0%| F|  |TAMS 0x00000000cc400000, 0x00000000cc400000| Untracked 
|  49|0x00000000cc500000, 0x00000000cc500000, 0x00000000cc600000|  0%| F|  |TAMS 0x00000000cc500000, 0x00000000cc500000| Untracked 
|  50|0x00000000cc600000, 0x00000000cc600000, 0x00000000cc700000|  0%| F|  |TAMS 0x00000000cc600000, 0x00000000cc600000| Untracked 
|  51|0x00000000cc700000, 0x00000000cc700000, 0x00000000cc800000|  0%| F|  |TAMS 0x00000000cc700000, 0x00000000cc700000| Untracked 
|  52|0x00000000cc800000, 0x00000000cc800000, 0x00000000cc900000|  0%| F|  |TAMS 0x00000000cc800000, 0x00000000cc800000| Untracked 
|  53|0x00000000cc900000, 0x00000000cc900000, 0x00000000cca00000|  0%| F|  |TAMS 0x00000000cc900000, 0x00000000cc900000| Untracked 
|  54|0x00000000cca00000, 0x00000000cca00000, 0x00000000ccb00000|  0%| F|  |TAMS 0x00000000cca00000, 0x00000000cca00000| Untracked 
|  55|0x00000000ccb00000, 0x00000000ccb00000, 0x00000000ccc00000|  0%| F|  |TAMS 0x00000000ccb00000, 0x00000000ccb00000| Untracked 
|  56|0x00000000ccc00000, 0x00000000ccc00000, 0x00000000ccd00000|  0%| F|  |TAMS 0x00000000ccc00000, 0x00000000ccc00000| Untracked 
|  57|0x00000000ccd00000, 0x00000000ccde6fb0, 0x00000000cce00000| 90%| E|  |TAMS 0x00000000ccd00000, 0x00000000ccd00000| Complete 
|  58|0x00000000cce00000, 0x00000000ccf00000, 0x00000000ccf00000|100%| E|CS|TAMS 0x00000000cce00000, 0x00000000cce00000| Complete 
|  59|0x00000000ccf00000, 0x00000000cd000000, 0x00000000cd000000|100%| E|CS|TAMS 0x00000000ccf00000, 0x00000000ccf00000| Complete 

Card table byte_map: [0x000002d84b7d0000,0x000002d84b990000] _byte_map_base: 0x000002d84b186000

Marking Bits (Prev, Next): (CMBitMap*) 0x000002d84ba67d20, (CMBitMap*) 0x000002d84ba67ce0
 Prev Bits: [0x000002d863230000, 0x000002d863fe0000)
 Next Bits: [0x000002d862480000, 0x000002d863230000)

Polling page: 0x000002d8497f0000

Metaspace:

Usage:
  Non-class:     50.74 MB used.
      Class:      8.11 MB used.
       Both:     58.85 MB used.

Virtual space:
  Non-class space:       56.00 MB reserved,      50.94 MB ( 91%) committed,  7 nodes.
      Class space:        1.00 GB reserved,       8.31 MB ( <1%) committed,  1 nodes.
             Both:        1.05 GB reserved,      59.25 MB (  5%) committed. 

Chunk freelists:
   Non-Class:  652.00 KB
       Class:  3.73 MB
        Both:  4.37 MB

MaxMetaspaceSize: unlimited
CompressedClassSpaceSize: 1.00 GB
Initial GC threshold: 21.00 MB
Current GC threshold: 98.25 MB
CDS: on
MetaspaceReclaimPolicy: balanced
 - commit_granule_bytes: 65536.
 - commit_granule_words: 8192.
 - virtual_space_node_default_size: 1048576.
 - enlarge_chunks_in_place: 1.
 - new_chunks_are_fully_committed: 0.
 - uncommit_free_chunks: 1.
 - use_allocation_guard: 0.
 - handle_deallocations: 1.


Internal statistics:

num_allocs_failed_limit: 9.
num_arena_births: 556.
num_arena_deaths: 0.
num_vsnodes_births: 8.
num_vsnodes_deaths: 0.
num_space_committed: 948.
num_space_uncommitted: 0.
num_chunks_returned_to_freelist: 9.
num_chunks_taken_from_freelist: 2633.
num_chunk_merges: 6.
num_chunk_splits: 1918.
num_chunks_enlarged: 1542.
num_purges: 0.
num_inconsistent_stats: 0.

CodeHeap 'non-profiled nmethods': size=120064Kb used=3108Kb max_used=3108Kb free=116955Kb
 bounds [0x000002d85ad80000, 0x000002d85b090000, 0x000002d8622c0000]
CodeHeap 'profiled nmethods': size=120000Kb used=10502Kb max_used=10502Kb free=109497Kb
 bounds [0x000002d8532c0000, 0x000002d853d10000, 0x000002d85a7f0000]
CodeHeap 'non-nmethods': size=5696Kb used=1328Kb max_used=1375Kb free=4368Kb
 bounds [0x000002d85a7f0000, 0x000002d85aa60000, 0x000002d85ad80000]
 total_blobs=5703 nmethods=5052 adapters=562
 compilation: enabled
              stopped_count=0, restarted_count=0
 full_count=0

Compilation events (20 events):
Event: 13.173 Thread 0x000002d8662f6070 nmethod 4792 0x000002d85b06f110 code [0x000002d85b06f280, 0x000002d85b06f2d8]
Event: 13.173 Thread 0x000002d8662f6070 4837       4       org.springframework.core.annotation.TypeMappedAnnotations$MergedAnnotationFinder::doWithAnnotations (10 bytes)
Event: 13.174 Thread 0x000002d8662f6070 nmethod 4837 0x000002d85b06f410 code [0x000002d85b06f5a0, 0x000002d85b06f648]
Event: 13.174 Thread 0x000002d8662f6070 4865       4       org.springframework.core.annotation.AnnotationsScanner::isWithoutHierarchy (119 bytes)
Event: 13.189 Thread 0x000002d8662f6070 nmethod 4865 0x000002d85b06f710 code [0x000002d85b06f940, 0x000002d85b070838]
Event: 13.189 Thread 0x000002d8662f6070 4898       4       java.lang.Class::annotationData (44 bytes)
Event: 13.198 Thread 0x000002d8662f6070 nmethod 4898 0x000002d85b071010 code [0x000002d85b071260, 0x000002d85b071aa0]
Event: 13.198 Thread 0x000002d8662f6070 4920       4       java.lang.Class::getDeclaredAnnotations (11 bytes)
Event: 13.214 Thread 0x000002d8662f6070 nmethod 4920 0x000002d85b072310 code [0x000002d85b072580, 0x000002d85b073260]
Event: 13.214 Thread 0x000002d8662f6070 4951       4       org.springframework.core.annotation.TypeMappedAnnotations::get (52 bytes)
Event: 13.424 Thread 0x000002d8662f6070 nmethod 4951 0x000002d85b073d10 code [0x000002d85b074360, 0x000002d85b078d90]
Event: 13.425 Thread 0x000002d8662f6070 4998       4       org.springframework.core.annotation.TypeMappedAnnotations::from (27 bytes)
Event: 13.521 Thread 0x000002d8662f6070 nmethod 4998 0x000002d85b07ca10 code [0x000002d85b07cbe0, 0x000002d85b07d090]
Event: 13.522 Thread 0x000002d8662f6070 5020       4       org.springframework.core.annotation.MergedAnnotations::from (41 bytes)
Event: 13.549 Thread 0x000002d8662f6070 nmethod 5020 0x000002d85b07d590 code [0x000002d85b07d780, 0x000002d85b07dd30]
Event: 13.550 Thread 0x000002d8662f6070 4776       4       org.springframework.boot.context.properties.source.ConfigurationPropertyName::isAncestorOf (25 bytes)
Event: 13.584 Thread 0x000002d8662f6070 nmethod 4776 0x000002d85b07e390 code [0x000002d85b07e660, 0x000002d85b07f8c0]
Event: 13.584 Thread 0x000002d8662f6070 4688       4       org.springframework.core.annotation.AnnotationsScanner::process (55 bytes)
Event: 13.806 Thread 0x000002d8662f6070 nmethod 4688 0x000002d85b080a10 code [0x000002d85b080fe0, 0x000002d85b085808]
Event: 13.807 Thread 0x000002d8662f6070 4692       4       java.util.concurrent.ConcurrentMap::computeIfAbsent (51 bytes)

GC Heap History (20 events):
Event: 4.183 GC heap before
{Heap before GC invocations=6 (full 0):
 garbage-first heap   total 57344K, used 26451K [0x00000000c9400000, 0x0000000100000000)
  region size 1024K, 19 young (19456K), 4 survivors (4096K)
 Metaspace       used 21223K, committed 21504K, reserved 1073152K
  class space    used 2726K, committed 2880K, reserved 1048576K
}
Event: 4.189 GC heap after
{Heap after GC invocations=7 (full 0):
 garbage-first heap   total 57344K, used 13155K [0x00000000c9400000, 0x0000000100000000)
  region size 1024K, 3 young (3072K), 3 survivors (3072K)
 Metaspace       used 21223K, committed 21504K, reserved 1073152K
  class space    used 2726K, committed 2880K, reserved 1048576K
}
Event: 5.254 GC heap before
{Heap before GC invocations=8 (full 0):
 garbage-first heap   total 51200K, used 40803K [0x00000000c9400000, 0x0000000100000000)
  region size 1024K, 30 young (30720K), 3 survivors (3072K)
 Metaspace       used 25534K, committed 25920K, reserved 1073152K
  class space    used 3376K, committed 3584K, reserved 1048576K
}
Event: 5.267 GC heap after
{Heap after GC invocations=9 (full 0):
 garbage-first heap   total 51200K, used 15404K [0x00000000c9400000, 0x0000000100000000)
  region size 1024K, 4 young (4096K), 4 survivors (4096K)
 Metaspace       used 25534K, committed 25920K, reserved 1073152K
  class space    used 3376K, committed 3584K, reserved 1048576K
}
Event: 5.320 GC heap before
{Heap before GC invocations=9 (full 0):
 garbage-first heap   total 51200K, used 16428K [0x00000000c9400000, 0x0000000100000000)
  region size 1024K, 5 young (5120K), 4 survivors (4096K)
 Metaspace       used 25732K, committed 26112K, reserved 1073152K
  class space    used 3406K, committed 3584K, reserved 1048576K
}
Event: 5.328 GC heap after
{Heap after GC invocations=10 (full 0):
 garbage-first heap   total 61440K, used 15756K [0x00000000c9400000, 0x0000000100000000)
  region size 1024K, 1 young (1024K), 1 survivors (1024K)
 Metaspace       used 25732K, committed 26112K, reserved 1073152K
  class space    used 3406K, committed 3584K, reserved 1048576K
}
Event: 6.863 GC heap before
{Heap before GC invocations=10 (full 0):
 garbage-first heap   total 61440K, used 46476K [0x00000000c9400000, 0x0000000100000000)
  region size 1024K, 31 young (31744K), 1 survivors (1024K)
 Metaspace       used 32355K, committed 32704K, reserved 1081344K
  class space    used 4393K, committed 4544K, reserved 1048576K
}
Event: 6.874 GC heap after
{Heap after GC invocations=11 (full 0):
 garbage-first heap   total 61440K, used 16806K [0x00000000c9400000, 0x0000000100000000)
  region size 1024K, 2 young (2048K), 2 survivors (2048K)
 Metaspace       used 32355K, committed 32704K, reserved 1081344K
  class space    used 4393K, committed 4544K, reserved 1048576K
}
Event: 8.060 GC heap before
{Heap before GC invocations=11 (full 0):
 garbage-first heap   total 61440K, used 26022K [0x00000000c9400000, 0x0000000100000000)
  region size 1024K, 12 young (12288K), 2 survivors (2048K)
 Metaspace       used 35653K, committed 35968K, reserved 1081344K
  class space    used 4767K, committed 4928K, reserved 1048576K
}
Event: 8.067 GC heap after
{Heap after GC invocations=12 (full 0):
 garbage-first heap   total 61440K, used 18198K [0x00000000c9400000, 0x0000000100000000)
  region size 1024K, 3 young (3072K), 3 survivors (3072K)
 Metaspace       used 35653K, committed 35968K, reserved 1081344K
  class space    used 4767K, committed 4928K, reserved 1048576K
}
Event: 10.351 GC heap before
{Heap before GC invocations=13 (full 0):
 garbage-first heap   total 61440K, used 47894K [0x00000000c9400000, 0x0000000100000000)
  region size 1024K, 32 young (32768K), 3 survivors (3072K)
 Metaspace       used 45238K, committed 45632K, reserved 1089536K
  class space    used 6014K, committed 6208K, reserved 1048576K
}
Event: 10.363 GC heap after
{Heap after GC invocations=14 (full 0):
 garbage-first heap   total 61440K, used 20861K [0x00000000c9400000, 0x0000000100000000)
  region size 1024K, 4 young (4096K), 4 survivors (4096K)
 Metaspace       used 45238K, committed 45632K, reserved 1089536K
  class space    used 6014K, committed 6208K, reserved 1048576K
}
Event: 10.393 GC heap before
{Heap before GC invocations=14 (full 0):
 garbage-first heap   total 61440K, used 21885K [0x00000000c9400000, 0x0000000100000000)
  region size 1024K, 5 young (5120K), 4 survivors (4096K)
 Metaspace       used 45834K, committed 46208K, reserved 1089536K
  class space    used 6056K, committed 6272K, reserved 1048576K
}
Event: 10.403 GC heap after
{Heap after GC invocations=15 (full 0):
 garbage-first heap   total 61440K, used 21060K [0x00000000c9400000, 0x0000000100000000)
  region size 1024K, 1 young (1024K), 1 survivors (1024K)
 Metaspace       used 45834K, committed 46208K, reserved 1089536K
  class space    used 6056K, committed 6272K, reserved 1048576K
}
Event: 11.414 GC heap before
{Heap before GC invocations=15 (full 0):
 garbage-first heap   total 61440K, used 48708K [0x00000000c9400000, 0x0000000100000000)
  region size 1024K, 28 young (28672K), 1 survivors (1024K)
 Metaspace       used 53246K, committed 53696K, reserved 1097728K
  class space    used 7335K, committed 7552K, reserved 1048576K
}
Event: 11.417 GC heap after
{Heap after GC invocations=16 (full 0):
 garbage-first heap   total 61440K, used 21521K [0x00000000c9400000, 0x0000000100000000)
  region size 1024K, 2 young (2048K), 2 survivors (2048K)
 Metaspace       used 53246K, committed 53696K, reserved 1097728K
  class space    used 7335K, committed 7552K, reserved 1048576K
}
Event: 12.187 GC heap before
{Heap before GC invocations=16 (full 0):
 garbage-first heap   total 61440K, used 47121K [0x00000000c9400000, 0x0000000100000000)
  region size 1024K, 28 young (28672K), 2 survivors (2048K)
 Metaspace       used 57112K, committed 57600K, reserved 1105920K
  class space    used 7831K, committed 8064K, reserved 1048576K
}
Event: 12.193 GC heap after
{Heap after GC invocations=17 (full 0):
 garbage-first heap   total 61440K, used 23543K [0x00000000c9400000, 0x0000000100000000)
  region size 1024K, 4 young (4096K), 4 survivors (4096K)
 Metaspace       used 57112K, committed 57600K, reserved 1105920K
  class space    used 7831K, committed 8064K, reserved 1048576K
}
Event: 12.973 GC heap before
{Heap before GC invocations=17 (full 0):
 garbage-first heap   total 61440K, used 47095K [0x00000000c9400000, 0x0000000100000000)
  region size 1024K, 28 young (28672K), 4 survivors (4096K)
 Metaspace       used 59894K, committed 60288K, reserved 1105920K
  class space    used 8216K, committed 8384K, reserved 1048576K
}
Event: 12.985 GC heap after
{Heap after GC invocations=18 (full 0):
 garbage-first heap   total 61440K, used 25717K [0x00000000c9400000, 0x0000000100000000)
  region size 1024K, 3 young (3072K), 3 survivors (3072K)
 Metaspace       used 59894K, committed 60288K, reserved 1105920K
  class space    used 8216K, committed 8384K, reserved 1048576K
}

Deoptimization events (20 events):
Event: 13.051 Thread 0x000002d84ba30000 Uncommon trap: trap_request=0xffffffde fr.pc=0x000002d85b0587a8 relative=0x0000000000000588
Event: 13.051 Thread 0x000002d84ba30000 Uncommon trap: reason=class_check action=maybe_recompile pc=0x000002d85b0587a8 method=org.springframework.core.annotation.AnnotationsScanner.processClassHierarchy(Ljava/lang/Object;[ILjava/lang/Class;Lorg/springframework/core/annotation/AnnotationsProcess
Event: 13.051 Thread 0x000002d84ba30000 DEOPT PACKING pc=0x000002d85b0587a8 sp=0x000000e5b09fc9b0
Event: 13.051 Thread 0x000002d84ba30000 DEOPT UNPACKING pc=0x000002d85a8423a3 sp=0x000000e5b09fc9a0 mode 2
Event: 13.076 Thread 0x000002d84ba30000 Uncommon trap: trap_request=0xffffffde fr.pc=0x000002d85b0587a8 relative=0x0000000000000588
Event: 13.076 Thread 0x000002d84ba30000 Uncommon trap: reason=class_check action=maybe_recompile pc=0x000002d85b0587a8 method=org.springframework.core.annotation.AnnotationsScanner.processClassHierarchy(Ljava/lang/Object;[ILjava/lang/Class;Lorg/springframework/core/annotation/AnnotationsProcess
Event: 13.076 Thread 0x000002d84ba30000 DEOPT PACKING pc=0x000002d85b0587a8 sp=0x000000e5b09fd1a0
Event: 13.076 Thread 0x000002d84ba30000 DEOPT UNPACKING pc=0x000002d85a8423a3 sp=0x000000e5b09fd190 mode 2
Event: 13.078 Thread 0x000002d84ba30000 Uncommon trap: trap_request=0xffffffde fr.pc=0x000002d85b0587a8 relative=0x0000000000000588
Event: 13.078 Thread 0x000002d84ba30000 Uncommon trap: reason=class_check action=maybe_recompile pc=0x000002d85b0587a8 method=org.springframework.core.annotation.AnnotationsScanner.processClassHierarchy(Ljava/lang/Object;[ILjava/lang/Class;Lorg/springframework/core/annotation/AnnotationsProcess
Event: 13.078 Thread 0x000002d84ba30000 DEOPT PACKING pc=0x000002d85b0587a8 sp=0x000000e5b09fd100
Event: 13.078 Thread 0x000002d84ba30000 DEOPT UNPACKING pc=0x000002d85a8423a3 sp=0x000000e5b09fd0f0 mode 2
Event: 13.125 Thread 0x000002d84ba30000 Uncommon trap: trap_request=0xffffffde fr.pc=0x000002d85ae75d54 relative=0x0000000000001434
Event: 13.125 Thread 0x000002d84ba30000 Uncommon trap: reason=class_check action=maybe_recompile pc=0x000002d85ae75d54 method=java.util.zip.InflaterInputStream.read([BII)I @ 100 c2
Event: 13.125 Thread 0x000002d84ba30000 DEOPT PACKING pc=0x000002d85ae75d54 sp=0x000000e5b09f9db0
Event: 13.125 Thread 0x000002d84ba30000 DEOPT UNPACKING pc=0x000002d85a8423a3 sp=0x000000e5b09f9e00 mode 2
Event: 13.125 Thread 0x000002d84ba30000 Uncommon trap: trap_request=0xffffffde fr.pc=0x000002d85ae75d54 relative=0x0000000000001434
Event: 13.125 Thread 0x000002d84ba30000 Uncommon trap: reason=class_check action=maybe_recompile pc=0x000002d85ae75d54 method=java.util.zip.InflaterInputStream.read([BII)I @ 100 c2
Event: 13.125 Thread 0x000002d84ba30000 DEOPT PACKING pc=0x000002d85ae75d54 sp=0x000000e5b09f9db0
Event: 13.125 Thread 0x000002d84ba30000 DEOPT UNPACKING pc=0x000002d85a8423a3 sp=0x000000e5b09f9e00 mode 2

Classes unloaded (0 events):
No events

Classes redefined (0 events):
No events

Internal exceptions (20 events):
Event: 11.873 Thread 0x000002d84ba30000 Exception <a 'java/lang/IncompatibleClassChangeError'{0x00000000cc253d20}: Found class java.lang.Object, but interface was expected> (0x00000000cc253d20) 
thrown [s\open\src\hotspot\share\interpreter\linkResolver.cpp, line 826]
Event: 12.099 Thread 0x000002d84ba30000 Exception <a 'java/lang/NoSuchMethodError'{0x00000000cb94a240}: 'void java.lang.invoke.DirectMethodHandle$Holder.invokeInterface(java.lang.Object, java.lang.Object, int)'> (0x00000000cb94a240) 
thrown [s\open\src\hotspot\share\interpreter\linkResolver.cpp, line 759]
Event: 12.104 Thread 0x000002d84ba30000 Exception <a 'java/lang/IncompatibleClassChangeError'{0x00000000cb99aa80}: Found class java.lang.Object, but interface was expected> (0x00000000cb99aa80) 
thrown [s\open\src\hotspot\share\interpreter\linkResolver.cpp, line 826]
Event: 12.105 Thread 0x000002d84ba30000 Exception <a 'java/lang/NoSuchMethodError'{0x00000000cb9abb20}: 'int java.lang.invoke.DirectMethodHandle$Holder.invokeSpecialIFC(java.lang.Object, java.lang.Object, java.lang.Object)'> (0x00000000cb9abb20) 
thrown [s\open\src\hotspot\share\interpreter\linkResolver.cpp, line 759]
Event: 12.106 Thread 0x000002d84ba30000 Exception <a 'java/lang/NoSuchMethodError'{0x00000000cb9b9d68}: 'void java.lang.invoke.DirectMethodHandle$Holder.invokeStatic(java.lang.Object, int, java.lang.Object)'> (0x00000000cb9b9d68) 
thrown [s\open\src\hotspot\share\interpreter\linkResolver.cpp, line 759]
Event: 12.584 Thread 0x000002d84ba30000 Exception <a 'java/lang/NoSuchMethodError'{0x00000000cc63d198}: 'void java.lang.invoke.DirectMethodHandle$Holder.invokeVirtual(java.lang.Object, java.lang.Object, int)'> (0x00000000cc63d198) 
thrown [s\open\src\hotspot\share\interpreter\linkResolver.cpp, line 759]
Event: 12.586 Thread 0x000002d84ba30000 Exception <a 'java/lang/NoSuchMethodError'{0x00000000cc6649d8}: 'void java.lang.invoke.DirectMethodHandle$Holder.invokeVirtual(java.lang.Object, java.lang.Object, long)'> (0x00000000cc6649d8) 
thrown [s\open\src\hotspot\share\interpreter\linkResolver.cpp, line 759]
Event: 12.774 Thread 0x000002d84ba30000 Exception <a 'java/lang/IncompatibleClassChangeError'{0x00000000cc0ec2f0}: Found class java.lang.Object, but interface was expected> (0x00000000cc0ec2f0) 
thrown [s\open\src\hotspot\share\interpreter\linkResolver.cpp, line 826]
Event: 12.869 Thread 0x000002d84ba30000 Implicit null exception at 0x000002d85aeeedba to 0x000002d85aeeefa8
Event: 12.939 Thread 0x000002d84ba30000 Exception <a 'java/lang/NoSuchMethodError'{0x00000000cb96b998}: 'java.lang.Object java.lang.invoke.DirectMethodHandle$Holder.newInvokeSpecial(java.lang.Object, java.lang.Object, int, java.lang.Object, java.lang.Object)'> (0x00000000cb96b998) 
thrown [s\open\src\hotspot\share\interpreter\linkResolver.cpp, line 759]
Event: 12.940 Thread 0x000002d84ba30000 Exception <a 'java/lang/NoSuchMethodError'{0x00000000cb977560}: 'java.lang.Object java.lang.invoke.DirectMethodHandle$Holder.invokeSpecial(java.lang.Object, java.lang.Object, int, java.lang.Object, int, java.lang.Object)'> (0x00000000cb977560) 
thrown [s\open\src\hotspot\share\interpreter\linkResolver.cpp, line 759]
Event: 12.940 Thread 0x000002d84ba30000 Exception <a 'java/lang/NoSuchMethodError'{0x00000000cb97fdf8}: 'java.lang.Object java.lang.invoke.DirectMethodHandle$Holder.newInvokeSpecial(java.lang.Object, java.lang.Object, int, java.lang.Object, int)'> (0x00000000cb97fdf8) 
thrown [s\open\src\hotspot\share\interpreter\linkResolver.cpp, line 759]
Event: 12.941 Thread 0x000002d84ba30000 Exception <a 'java/lang/NoSuchMethodError'{0x00000000cb984448}: 'java.lang.Object java.lang.invoke.DirectMethodHandle$Holder.invokeSpecial(java.lang.Object, java.lang.Object, java.lang.Object, int, java.lang.Object, int)'> (0x00000000cb984448) 
thrown [s\open\src\hotspot\share\interpreter\linkResolver.cpp, line 759]
Event: 13.067 Thread 0x000002d84ba30000 Exception <a 'java/lang/NoSuchMethodError'{0x00000000ccfa6dc0}: 'int java.lang.invoke.DirectMethodHandle$Holder.invokeStatic(java.lang.Object, java.lang.Object, int)'> (0x00000000ccfa6dc0) 
thrown [s\open\src\hotspot\share\interpreter\linkResolver.cpp, line 759]
Event: 13.079 Thread 0x000002d84ba30000 Exception <a 'java/lang/NoSuchMethodError'{0x00000000ccfe4c00}: 'java.lang.Object java.lang.invoke.DirectMethodHandle$Holder.newInvokeSpecial(java.lang.Object, java.lang.Object, java.lang.Object, java.lang.Object, int)'> (0x00000000ccfe4c00) 
thrown [s\open\src\hotspot\share\interpreter\linkResolver.cpp, line 759]
Event: 13.079 Thread 0x000002d84ba30000 Exception <a 'java/lang/NoSuchMethodError'{0x00000000ccfe9058}: 'java.lang.Object java.lang.invoke.DirectMethodHandle$Holder.invokeSpecial(java.lang.Object, java.lang.Object, java.lang.Object, java.lang.Object, java.lang.Object, int)'> (0x00000000ccfe9058) 
thrown [s\open\src\hotspot\share\interpreter\linkResolver.cpp, line 759]
Event: 13.080 Thread 0x000002d84ba30000 Exception <a 'java/lang/NoSuchMethodError'{0x00000000ccfecde8}: 'java.lang.Object java.lang.invoke.Invokers$Holder.linkToTargetMethod(java.lang.Object, java.lang.Object, java.lang.Object, int, java.lang.Object)'> (0x00000000ccfecde8) 
thrown [s\open\src\hotspot\share\interpreter\linkResolver.cpp, line 759]
Event: 13.119 Thread 0x000002d84ba30000 Exception <a 'java/lang/reflect/InvocationTargetException'{0x00000000ccd2ba30}> (0x00000000ccd2ba30) 
thrown [s\open\src\hotspot\share\runtime\reflection.cpp, line 1121]
Event: 13.171 Thread 0x000002d84ba30000 Exception <a 'java/lang/NoSuchMethodError'{0x00000000ccd4bf00}: 'void java.lang.invoke.DirectMethodHandle$Holder.invokeStatic(java.lang.Object, long)'> (0x00000000ccd4bf00) 
thrown [s\open\src\hotspot\share\interpreter\linkResolver.cpp, line 759]
Event: 13.171 Thread 0x000002d84ba30000 Exception <a 'java/lang/NoSuchMethodError'{0x00000000ccd518c0}: 'java.lang.Object java.lang.invoke.DirectMethodHandle$Holder.newInvokeSpecial(java.lang.Object, long)'> (0x00000000ccd518c0) 
thrown [s\open\src\hotspot\share\interpreter\linkResolver.cpp, line 759]

VM Operations (20 events):
Event: 11.796 Executing VM operation: HandshakeAllThreads
Event: 11.796 Executing VM operation: HandshakeAllThreads done
Event: 11.927 Executing VM operation: HandshakeAllThreads
Event: 11.927 Executing VM operation: HandshakeAllThreads done
Event: 12.114 Executing VM operation: ICBufferFull
Event: 12.115 Executing VM operation: ICBufferFull done
Event: 12.187 Executing VM operation: G1CollectForAllocation
Event: 12.193 Executing VM operation: G1CollectForAllocation done
Event: 12.407 Executing VM operation: HandshakeAllThreads
Event: 12.407 Executing VM operation: HandshakeAllThreads done
Event: 12.612 Executing VM operation: HandshakeAllThreads
Event: 12.612 Executing VM operation: HandshakeAllThreads done
Event: 12.738 Executing VM operation: HandshakeAllThreads
Event: 12.738 Executing VM operation: HandshakeAllThreads done
Event: 12.973 Executing VM operation: CollectForMetadataAllocation
Event: 12.994 Executing VM operation: CollectForMetadataAllocation done
Event: 13.022 Executing VM operation: G1Concurrent
Event: 13.030 Executing VM operation: G1Concurrent done
Event: 13.044 Executing VM operation: G1Concurrent
Event: 13.047 Executing VM operation: G1Concurrent done

Events (20 events):
Event: 13.118 loading class java/lang/instrument/Instrumentation done
Event: 13.123 loading class java/util/jar/JarInputStream
Event: 13.123 loading class java/util/zip/ZipInputStream
Event: 13.124 loading class java/util/zip/ZipInputStream done
Event: 13.124 loading class java/util/jar/JarInputStream done
Event: 13.124 loading class java/io/PushbackInputStream
Event: 13.124 loading class java/io/PushbackInputStream done
Event: 13.125 loading class sun/security/util/ManifestEntryVerifier
Event: 13.125 loading class sun/security/util/ManifestEntryVerifier done
Event: 13.127 loading class java/lang/ProcessBuilder
Event: 13.127 loading class java/lang/ProcessBuilder done
Event: 13.127 loading class java/lang/ProcessImpl
Event: 13.128 loading class java/lang/ProcessImpl done
Event: 13.171 loading class java/lang/ProcessImpl$2
Event: 13.172 loading class java/lang/ProcessImpl$2 done
Event: 13.172 loading class java/lang/Process$PipeInputStream
Event: 13.172 loading class java/lang/Process$PipeInputStream done
Event: 13.172 loading class jdk/internal/event/ProcessStartEvent
Event: 13.172 loading class jdk/internal/event/ProcessStartEvent done
Event: 13.857 Loaded shared library C:\Program Files\Java\jdk-17\bin\instrument.dll


Dynamic libraries:
0x00007ff78af10000 - 0x00007ff78af20000 	C:\Program Files\Java\jdk-17\bin\java.exe
0x00007ff9c7390000 - 0x00007ff9c7588000 	C:\windows\SYSTEM32\ntdll.dll
0x00007ff9c64b0000 - 0x00007ff9c656f000 	C:\windows\System32\KERNEL32.DLL
0x00007ff9c4c50000 - 0x00007ff9c4f46000 	C:\windows\System32\KERNELBASE.dll
0x00007ff9c4f50000 - 0x00007ff9c5050000 	C:\windows\System32\ucrtbase.dll
0x00007ff9bc290000 - 0x00007ff9bc2a9000 	C:\Program Files\Java\jdk-17\bin\jli.dll
0x00007ff9c58a0000 - 0x00007ff9c594f000 	C:\windows\System32\ADVAPI32.dll
0x00007ff9c5970000 - 0x00007ff9c5a0e000 	C:\windows\System32\msvcrt.dll
0x00007ff9c6b50000 - 0x00007ff9c6bec000 	C:\windows\System32\sechost.dll
0x00007ff9c6650000 - 0x00007ff9c6776000 	C:\windows\System32\RPCRT4.dll
0x00007ff9ba380000 - 0x00007ff9ba39b000 	C:\Program Files\Java\jdk-17\bin\VCRUNTIME140.dll
0x00007ff9c5480000 - 0x00007ff9c561d000 	C:\windows\System32\USER32.dll
0x00007ff9adc60000 - 0x00007ff9adefa000 	C:\windows\WinSxS\amd64_microsoft.windows.common-controls_6595b64144ccf1df_6.0.19041.1110_none_60b5254171f9507e\COMCTL32.dll
0x00007ff9c4c20000 - 0x00007ff9c4c42000 	C:\windows\System32\win32u.dll
0x00007ff9c57b0000 - 0x00007ff9c57dc000 	C:\windows\System32\GDI32.dll
0x00007ff9c5220000 - 0x00007ff9c5335000 	C:\windows\System32\gdi32full.dll
0x00007ff9c4ac0000 - 0x00007ff9c4b5d000 	C:\windows\System32\msvcp_win.dll
0x00007ff9bc710000 - 0x00007ff9bc71a000 	C:\windows\SYSTEM32\VERSION.dll
0x00007ff9c6620000 - 0x00007ff9c6650000 	C:\windows\System32\IMM32.DLL
0x00007ff9be4d0000 - 0x00007ff9be4dc000 	C:\Program Files\Java\jdk-17\bin\vcruntime140_1.dll
0x00007ff996480000 - 0x00007ff99650e000 	C:\Program Files\Java\jdk-17\bin\msvcp140.dll
0x00007ff96fc60000 - 0x00007ff97083d000 	C:\Program Files\Java\jdk-17\bin\server\jvm.dll
0x00007ff9c7340000 - 0x00007ff9c7348000 	C:\windows\System32\PSAPI.DLL
0x00007ff999790000 - 0x00007ff999799000 	C:\windows\SYSTEM32\WSOCK32.dll
0x00007ff9bc6e0000 - 0x00007ff9bc707000 	C:\windows\SYSTEM32\WINMM.dll
0x00007ff9c6a50000 - 0x00007ff9c6abb000 	C:\windows\System32\WS2_32.dll
0x00007ff9c2920000 - 0x00007ff9c2932000 	C:\windows\SYSTEM32\kernel.appcore.dll
0x00007ff9b5e60000 - 0x00007ff9b5e6a000 	C:\Program Files\Java\jdk-17\bin\jimage.dll
0x00007ff9afaa0000 - 0x00007ff9afc84000 	C:\windows\SYSTEM32\DBGHELP.DLL
0x00007ff9a76e0000 - 0x00007ff9a7714000 	C:\windows\SYSTEM32\dbgcore.DLL
0x00007ff9c4b60000 - 0x00007ff9c4be2000 	C:\windows\System32\bcryptPrimitives.dll
0x00007ff9ad490000 - 0x00007ff9ad4b5000 	C:\Program Files\Java\jdk-17\bin\java.dll
0x00007ff980520000 - 0x00007ff9805f7000 	C:\Program Files\Java\jdk-17\bin\jsvml.dll
0x00007ff9c6bf0000 - 0x00007ff9c7334000 	C:\windows\System32\SHELL32.dll
0x00007ff9c2b20000 - 0x00007ff9c32b4000 	C:\windows\SYSTEM32\windows.storage.dll
0x00007ff9c6020000 - 0x00007ff9c6374000 	C:\windows\System32\combase.dll
0x00007ff9c43e0000 - 0x00007ff9c440e000 	C:\windows\SYSTEM32\Wldp.dll
0x00007ff9c5700000 - 0x00007ff9c57ad000 	C:\windows\System32\SHCORE.dll
0x00007ff9c5fc0000 - 0x00007ff9c6015000 	C:\windows\System32\shlwapi.dll
0x00007ff9c49a0000 - 0x00007ff9c49c5000 	C:\windows\SYSTEM32\profapi.dll
0x00007ff9ae1e0000 - 0x00007ff9ae1f9000 	C:\Program Files\Java\jdk-17\bin\net.dll
0x00007ff9b97b0000 - 0x00007ff9b98ba000 	C:\windows\SYSTEM32\WINHTTP.dll
0x00007ff9c4140000 - 0x00007ff9c41aa000 	C:\windows\system32\mswsock.dll
0x00007ff9aca30000 - 0x00007ff9aca46000 	C:\Program Files\Java\jdk-17\bin\nio.dll
0x00007ff9ac730000 - 0x00007ff9ac748000 	C:\Program Files\Java\jdk-17\bin\zip.dll
0x00007ff9aca90000 - 0x00007ff9aca9a000 	C:\Program Files\Java\jdk-17\bin\management.dll
0x00007ff9ac990000 - 0x00007ff9ac99b000 	C:\Program Files\Java\jdk-17\bin\management_ext.dll
0x00007ff9c4330000 - 0x00007ff9c4348000 	C:\windows\SYSTEM32\CRYPTSP.dll
0x00007ff9c3a60000 - 0x00007ff9c3a94000 	C:\windows\system32\rsaenh.dll
0x00007ff9c4bf0000 - 0x00007ff9c4c17000 	C:\windows\System32\bcrypt.dll
0x00007ff9c4920000 - 0x00007ff9c494e000 	C:\windows\SYSTEM32\USERENV.dll
0x00007ff9c4350000 - 0x00007ff9c435c000 	C:\windows\SYSTEM32\CRYPTBASE.dll
0x00007ff9c3e30000 - 0x00007ff9c3e6c000 	C:\windows\SYSTEM32\IPHLPAPI.DLL
0x00007ff9c53f0000 - 0x00007ff9c53f8000 	C:\windows\System32\NSI.dll
0x00007ff9bb3c0000 - 0x00007ff9bb3d7000 	C:\windows\SYSTEM32\dhcpcsvc6.DLL
0x00007ff9b99f0000 - 0x00007ff9b9a0d000 	C:\windows\SYSTEM32\dhcpcsvc.DLL
0x00007ff9c3e70000 - 0x00007ff9c3f3a000 	C:\windows\SYSTEM32\DNSAPI.dll
0x00007ff9b5e50000 - 0x00007ff9b5e60000 	C:\Program Files\Java\jdk-17\bin\verify.dll
0x00007ff9aabb0000 - 0x00007ff9aabba000 	C:\Windows\System32\rasadhlp.dll
0x00007ff9ab000000 - 0x00007ff9ab082000 	C:\windows\System32\fwpuclnt.dll
0x00007ff9ae1b0000 - 0x00007ff9ae1bd000 	C:\Program Files\Java\jdk-17\bin\sunmscapi.dll
0x00007ff9c50c0000 - 0x00007ff9c521e000 	C:\windows\System32\CRYPT32.dll
0x00007ff9c4450000 - 0x00007ff9c4478000 	C:\windows\SYSTEM32\ncrypt.dll
0x00007ff9c4410000 - 0x00007ff9c444b000 	C:\windows\SYSTEM32\NTASN1.dll
0x00007ff9be510000 - 0x00007ff9be51e000 	C:\Program Files\Java\jdk-17\bin\instrument.dll

dbghelp: loaded successfully - version: 4.0.5 - missing functions: none
symbol engine: initialized successfully - sym options: 0x614 - pdb path: .;C:\Program Files\Java\jdk-17\bin;C:\windows\SYSTEM32;C:\windows\WinSxS\amd64_microsoft.windows.common-controls_6595b64144ccf1df_6.0.19041.1110_none_60b5254171f9507e;C:\Program Files\Java\jdk-17\bin\server

VM Arguments:
java_command: C:\Users\carin\AppData\Local\Temp\surefire112030474582886257\surefirebooter-20230801010715616_3.jar C:\Users\carin\AppData\Local\Temp\surefire112030474582886257 2023-08-01T01-07-15_209-jvmRun1 surefire-20230801010715616_1tmp surefire_0-20230801010715616_2tmp
java_class_path (initial): C:\Users\carin\AppData\Local\Temp\surefire112030474582886257\surefirebooter-20230801010715616_3.jar
Launcher Type: SUN_STANDARD

[Global flags]
     intx CICompilerCount                          = 2                                         {product} {ergonomic}
     uint ConcGCThreads                            = 1                                         {product} {ergonomic}
     uint G1ConcRefinementThreads                  = 2                                         {product} {ergonomic}
   size_t G1HeapRegionSize                         = 1048576                                   {product} {ergonomic}
    uintx GCDrainStackTargetSize                   = 64                                        {product} {ergonomic}
   size_t InitialHeapSize                          = 58720256                                  {product} {ergonomic}
   size_t MarkStackSize                            = 4194304                                   {product} {ergonomic}
   size_t MaxHeapSize                              = 918552576                                 {product} {ergonomic}
   size_t MaxNewSize                               = 550502400                                 {product} {ergonomic}
   size_t MinHeapDeltaBytes                        = 1048576                                   {product} {ergonomic}
   size_t MinHeapSize                              = 8388608                                   {product} {ergonomic}
    uintx NonNMethodCodeHeapSize                   = 5826188                                {pd product} {ergonomic}
    uintx NonProfiledCodeHeapSize                  = 122916026                              {pd product} {ergonomic}
    uintx ProfiledCodeHeapSize                     = 122916026                              {pd product} {ergonomic}
    uintx ReservedCodeCacheSize                    = 251658240                              {pd product} {ergonomic}
     bool SegmentedCodeCache                       = true                                      {product} {ergonomic}
   size_t SoftMaxHeapSize                          = 918552576                              {manageable} {ergonomic}
     bool UseCompressedClassPointers               = true                           {product lp64_product} {ergonomic}
     bool UseCompressedOops                        = true                           {product lp64_product} {ergonomic}
     bool UseG1GC                                  = true                                      {product} {ergonomic}
     bool UseLargePagesIndividualAllocation        = false                                  {pd product} {ergonomic}

Logging:
Log output configuration:
 #0: stdout all=warning uptime,level,tags
 #1: stderr all=off uptime,level,tags

Environment Variables:
JAVA_HOME=C:\Program Files\Java\jdk-17
PATH=C:\Program Files\Common Files\Oracle\Java\javapath;C:\windows\system32;C:\windows;C:\windows\System32\Wbem;C:\windows\System32\WindowsPowerShell\v1.0\;C:\windows\System32\OpenSSH\;C:\Program Files\Git\cmd;C:\Program Files\nodejs\;C:\gradle-8.1.1\bin;C:\Program Files\Java\jdk-20\bin;C:\Users\carin\AppData\Local\Microsoft\WindowsApps;C:\Users\carin\AppData\Local\Programs\Microsoft VS Code\bin;C:\Users\carin\AppData\Roaming\npm;C:\ProgramData\carin\GitHubDesktop\bin;C:\Users\carin\AppData\Local\GitHubDesktop\bin;C:\Users\carin\Downloads\mongodb-windows-x86_64-6.0.4.zip\mongodb-win32-x86_64-windows-6.0.4\bin;C:\Users\carin\Desktop\dataBase\data;C:\Program Files\MongoDB\Server\6.0\data;C:\Program Files\MongoDB\Server\6.0\bin;C:\Users\carin\Desktop\Backend\FastAPI;C:\Users\carin\Desktop\Backend;C:\Users\carin\Desktop\Backend\dataBase\data\log;C:\Program Files\MongoDB\Server\6.0\data;C:\Program Files\MongoDB\Server\6.0\bin;C:\Users\carin\AppData\Local\Packages\PythonSoftwareFoundation.Python.3.10_qbz5n2kfra8p0\LocalCache\local-packages\Python310\Scripts;C:\Users\carin\Documents\flutter\bin\;C:\Program Files\MySQL\MySQL Server 8.0\bin;C:\gradle-8.1.1\bin;C:\Program Files\Java\jdk-20\bin;
USERNAME=carin
OS=Windows_NT
PROCESSOR_IDENTIFIER=AMD64 Family 23 Model 24 Stepping 1, AuthenticAMD



---------------  S Y S T E M  ---------------

OS:
 Windows 10 , 64 bit Build 19041 (10.0.19041.3155)
OS uptime: 1 days 18:15 hours

CPU: total 2 (initial active 2) (2 cores per cpu, 1 threads per core) family 23 model 24 stepping 1 microcode 0x0, cx8, cmov, fxsr, mmx, 3dnowpref, sse, sse2, sse3, ssse3, sse4a, sse4.1, sse4.2, popcnt, lzcnt, tsc, tscinvbit, avx, avx2, aes, clmul, bmi1, bmi2, adx, sha, fma, vzeroupper, clflush, clflushopt

Memory: 4k page, system-wide physical 3500M (143M free)
TotalPageFile size 14252M (AvailPageFile size 6M)
current process WorkingSet (physical memory assigned to process): 173M, peak: 212M
current process commit charge ("private bytes"): 246M, peak: 252M

vm_info: Java HotSpot(TM) 64-Bit Server VM (17.0.7+8-LTS-224) for windows-amd64 JRE (17.0.7+8-LTS-224), built on Feb 28 2023 23:03:02 by "mach5one" with MS VC++ 17.1 (VS2022)

END.
